<?xml version="1.0" encoding="UTF-8"?>
<testsuites name="Login" time="226.618" tests="5" failures="0" errors="0">
   <testsuite name="Login" tests="5" failures="0" errors="0" time="226.618" skipped="0" timestamp="2023-04-05 17:04:23" hostname="Ahadian Rifky - NKC-23" id="Test Suites/Staging/Auth/Login">
      <properties>
         <property name="deviceName" value="OPPO CPH1801 (Android 7.1.1)"/>
         <property name="devicePlatform" value=""/>
         <property name="logFolder" value="C:\\Users\\Ahadian Rifky\\Downloads\\Katalon_Studio_Windows_64-8.5.5\\Katalon_Studio_Windows_64-8.5.5\\git.github.com\\maycheljecsan\\kfckuapps_katalon.git\\kfcku_android\\Reports\\20230405_170410\\Staging\\Auth\\Login\\20230405_170410"/>
         <property name="logFiles" value="C:\\Users\\Ahadian Rifky\\Downloads\\Katalon_Studio_Windows_64-8.5.5\\Katalon_Studio_Windows_64-8.5.5\\git.github.com\\maycheljecsan\\kfckuapps_katalon.git\\kfcku_android\\Reports\\20230405_170410\\Staging\\Auth\\Login\\20230405_170410\\appium.log, C:\\Users\\Ahadian Rifky\\Downloads\\Katalon_Studio_Windows_64-8.5.5\\Katalon_Studio_Windows_64-8.5.5\\git.github.com\\maycheljecsan\\kfckuapps_katalon.git\\kfcku_android\\Reports\\20230405_170410\\Staging\\Auth\\Login\\20230405_170410\\execution0.log"/>
         <property name="attachments" value=""/>
         <property name="hostName" value="Ahadian Rifky - NKC-23"/>
         <property name="os" value="Windows 10 64bit"/>
         <property name="appiumServerStatus" value="{&quot;value&quot;:{&quot;build&quot;:{&quot;version&quot;:&quot;1.22.3&quot;}},&quot;sessionId&quot;:null,&quot;status&quot;:0}"/>
         <property name="katalonVersion" value="8.5.5.208"/>
         <property name="deviceOS" value="Android"/>
         <property name="appiumVersion" value="1.22.3"/>
         <property name="deviceModel" value="CPH1801"/>
         <property name="hostAddress" value="172.10.13.174"/>
         <property name="deviceManufacturer" value="OPPO"/>
         <property name="deviceId" value="aa14e06a"/>
         <property name="deviceName" value="OPPO CPH1801 (Android 7.1.1)"/>
         <property name="deviceOSVersion" value="7.1.1"/>
      </properties>
      <testcase name="Test Cases/Staging/Login KFCKU Apps/Login Failed - Empty Phone Number and Password" time="47.466" classname="Test Cases/Staging/Login KFCKU Apps/Login Failed - Empty Phone Number and Password" status="PASSED">
         <system-out><![CDATA[2023-04-05 17:04:23 - [TEST_CASE][PASSED] - Test Cases/Staging/Login KFCKU Apps/Login Failed - Empty Phone Number and Password: Test Cases/Staging/Login KFCKU Apps/Login Failed - Empty Phone Number and Password

2023-04-05 17:04:23 - [TEST_STEP][PASSED] - startExistingApplication("com.kfc.mobile.hkStaging", STOP_ON_FAILURE): Starting app with application ID: 'com.kfc.mobile.hkStaging'

2023-04-05 17:04:24 - [MESSAGE][INFO] - User set preference: ['appPackage', 'com.kfc.mobile.hkStaging']

2023-04-05 17:04:24 - [MESSAGE][INFO] - User set preference: ['appActivity', 'com.kfc.mobile.presentation.splash.SplashActivity']

2023-04-05 17:04:24 - [MESSAGE][INFO] - User set preference: ['noReset', 'true']

2023-04-05 17:04:24 - [MESSAGE][INFO] - User set preference: ['deviceId', '']

2023-04-05 17:04:24 - [MESSAGE][INFO] - Detected NodeJS location: "C:\Program Files\nodejs\node.exe"

2023-04-05 17:04:26 - [MESSAGE][INFO] - Appium server started on port 54,510

2023-04-05 17:04:42 - [MESSAGE][INFO] - Failed to get OS statusbar's information using default method.

2023-04-05 17:04:44 - [MESSAGE][PASSED] - Starting app with application ID: 'com.kfc.mobile.hkStaging'

2023-04-05 17:04:44 - [TEST_STEP][PASSED] - delay(5, STOP_ON_FAILURE): Delayed 5 second(s)

2023-04-05 17:04:49 - [MESSAGE][PASSED] - Delayed 5 second(s)

2023-04-05 17:04:49 - [TEST_STEP][PASSED] - tap(findTestObject("Profile/android.widget.TextView - Profil"), 5): Tapped on element 'Object Repository/Profile/android.widget.TextView - Profil'

2023-04-05 17:04:50 - [MESSAGE][PASSED] - Tapped on element 'Object Repository/Profile/android.widget.TextView - Profil'

2023-04-05 17:04:50 - [TEST_STEP][PASSED] - setText(findTestObject("Login/android.widget.EditText - Masukkan nomor handphone Anda"), "", 0): Text '' has been set to element 'Object Repository/Login/android.widget.EditText - Masukkan nomor handphone Anda'

2023-04-05 17:04:50 - [MESSAGE][WARNING] - Timeout '0' is invalid. Using default page load timeout: '30'

2023-04-05 17:04:54 - [MESSAGE][PASSED] - Text '' has been set to element 'Object Repository/Login/android.widget.EditText - Masukkan nomor handphone Anda'

2023-04-05 17:04:54 - [TEST_STEP][PASSED] - hideKeyboard(): Keyboard is hidden

2023-04-05 17:04:55 - [MESSAGE][PASSED] - Keyboard is hidden

2023-04-05 17:04:55 - [TEST_STEP][PASSED] - setText(findTestObject("Login/android.widget.EditText - Ketik kata sandi Anda"), "", 0): Text '' has been set to element 'Object Repository/Login/android.widget.EditText - Ketik kata sandi Anda'

2023-04-05 17:04:55 - [MESSAGE][WARNING] - Timeout '0' is invalid. Using default page load timeout: '30'

2023-04-05 17:04:57 - [MESSAGE][PASSED] - Text '' has been set to element 'Object Repository/Login/android.widget.EditText - Ketik kata sandi Anda'

2023-04-05 17:04:57 - [TEST_STEP][PASSED] - hideKeyboard(): Keyboard is hidden

2023-04-05 17:04:59 - [MESSAGE][PASSED] - Keyboard is hidden

2023-04-05 17:04:59 - [TEST_STEP][PASSED] - tap(findTestObject("Login/android.widget.Button - Masuk"), 0): Tapped on element 'Object Repository/Login/android.widget.Button - Masuk'

2023-04-05 17:04:59 - [MESSAGE][WARNING] - Timeout '0' is invalid. Using default page load timeout: '30'

2023-04-05 17:04:59 - [MESSAGE][PASSED] - Tapped on element 'Object Repository/Login/android.widget.Button - Masuk'

2023-04-05 17:04:59 - [TEST_STEP][PASSED] - delay(5, STOP_ON_FAILURE): Delayed 5 second(s)

2023-04-05 17:05:04 - [MESSAGE][PASSED] - Delayed 5 second(s)

2023-04-05 17:05:04 - [TEST_STEP][PASSED] - verifyElementVisible(findTestObject("Login/Login Failed/android.widget.TextView - nullPhone"), 3): Element 'Object Repository/Login/Login Failed/android.widget.TextView - nullPhone' is visible

2023-04-05 17:05:05 - [MESSAGE][PASSED] - Element 'Object Repository/Login/Login Failed/android.widget.TextView - nullPhone' is visible

2023-04-05 17:05:05 - [TEST_STEP][PASSED] - verifyElementText(findTestObject("Login/Login Failed/android.widget.TextView - nullPhone"), "Mohon masukkan nomor handphone Anda"): Actual text and expected text of test object 'Object Repository/Login/Login Failed/android.widget.TextView - nullPhone' are matched.

2023-04-05 17:05:06 - [MESSAGE][PASSED] - Actual text and expected text of test object 'Object Repository/Login/Login Failed/android.widget.TextView - nullPhone' are matched.

2023-04-05 17:05:06 - [TEST_STEP][PASSED] - verifyElementVisible(findTestObject("Login/Login Failed/android.widget.TextView - nullPass"), 3): Element 'Object Repository/Login/Login Failed/android.widget.TextView - nullPass' is visible

2023-04-05 17:05:06 - [MESSAGE][PASSED] - Element 'Object Repository/Login/Login Failed/android.widget.TextView - nullPass' is visible

2023-04-05 17:05:06 - [TEST_STEP][PASSED] - verifyElementText(findTestObject("Login/Login Failed/android.widget.TextView - nullPass"), "Masukkan kata sandi Anda yang benar"): Actual text and expected text of test object 'Object Repository/Login/Login Failed/android.widget.TextView - nullPass' are matched.

2023-04-05 17:05:06 - [MESSAGE][PASSED] - Actual text and expected text of test object 'Object Repository/Login/Login Failed/android.widget.TextView - nullPass' are matched.

2023-04-05 17:05:06 - [TEST_STEP][PASSED] - delay(3, STOP_ON_FAILURE): Delayed 3 second(s)

2023-04-05 17:05:09 - [MESSAGE][PASSED] - Delayed 3 second(s)

2023-04-05 17:05:09 - [TEST_STEP][PASSED] - closeApplication(): Close app successfully

2023-04-05 17:05:10 - [MESSAGE][PASSED] - Close app successfully

2023-04-05 17:05:10 - [TEST_STEP][PASSED] - Start listener action : sampleAfterTestCase: null

2023-04-05 17:05:10 - [TEST_STEP][PASSED] - println(testCaseContext.getTestCaseId()): null

2023-04-05 17:05:10 - [TEST_STEP][PASSED] - println(testCaseContext.getTestCaseStatus()): null]]></system-out>
         <system-err><![CDATA[]]></system-err>
      </testcase>
      <testcase name="Test Cases/Staging/Login KFCKU Apps/Login Failed - Wrong Password" time="39.633" classname="Test Cases/Staging/Login KFCKU Apps/Login Failed - Wrong Password" status="PASSED">
         <system-out><![CDATA[2023-04-05 17:05:11 - [TEST_CASE][PASSED] - Test Cases/Staging/Login KFCKU Apps/Login Failed - Wrong Password: Test Cases/Staging/Login KFCKU Apps/Login Failed - Wrong Password

2023-04-05 17:05:11 - [TEST_STEP][PASSED] - startExistingApplication("com.kfc.mobile.hkStaging", STOP_ON_FAILURE): Starting app with application ID: 'com.kfc.mobile.hkStaging'

2023-04-05 17:05:11 - [MESSAGE][INFO] - User set preference: ['appPackage', 'com.kfc.mobile.hkStaging']

2023-04-05 17:05:11 - [MESSAGE][INFO] - User set preference: ['appActivity', 'com.kfc.mobile.presentation.splash.SplashActivity']

2023-04-05 17:05:11 - [MESSAGE][INFO] - User set preference: ['noReset', 'true']

2023-04-05 17:05:11 - [MESSAGE][INFO] - User set preference: ['deviceId', '']

2023-04-05 17:05:11 - [MESSAGE][INFO] - Detected NodeJS location: "C:\Program Files\nodejs\node.exe"

2023-04-05 17:05:13 - [MESSAGE][INFO] - Appium server started on port 54,750

2023-04-05 17:05:26 - [MESSAGE][INFO] - Failed to get OS statusbar's information using default method.

2023-04-05 17:05:27 - [MESSAGE][PASSED] - Starting app with application ID: 'com.kfc.mobile.hkStaging'

2023-04-05 17:05:27 - [TEST_STEP][PASSED] - delay(5, STOP_ON_FAILURE): Delayed 5 second(s)

2023-04-05 17:05:32 - [MESSAGE][PASSED] - Delayed 5 second(s)

2023-04-05 17:05:32 - [TEST_STEP][PASSED] - tap(findTestObject("Profile/android.widget.TextView - Profil"), 5): Tapped on element 'Object Repository/Profile/android.widget.TextView - Profil'

2023-04-05 17:05:34 - [MESSAGE][PASSED] - Tapped on element 'Object Repository/Profile/android.widget.TextView - Profil'

2023-04-05 17:05:34 - [TEST_STEP][PASSED] - setText(findTestObject("Login/android.widget.EditText - Masukkan nomor handphone Anda"), "081211287377", 0): Text '081211287377' has been set to element 'Object Repository/Login/android.widget.EditText - Masukkan nomor handphone Anda'

2023-04-05 17:05:34 - [MESSAGE][WARNING] - Timeout '0' is invalid. Using default page load timeout: '30'

2023-04-05 17:05:37 - [MESSAGE][PASSED] - Text '081211287377' has been set to element 'Object Repository/Login/android.widget.EditText - Masukkan nomor handphone Anda'

2023-04-05 17:05:37 - [TEST_STEP][PASSED] - hideKeyboard(): Keyboard is hidden

2023-04-05 17:05:39 - [MESSAGE][PASSED] - Keyboard is hidden

2023-04-05 17:05:39 - [TEST_STEP][PASSED] - setText(findTestObject("Login/android.widget.EditText - Ketik kata sandi Anda"), "qwerty123", 0): Text 'qwerty123' has been set to element 'Object Repository/Login/android.widget.EditText - Ketik kata sandi Anda'

2023-04-05 17:05:39 - [MESSAGE][WARNING] - Timeout '0' is invalid. Using default page load timeout: '30'

2023-04-05 17:05:40 - [MESSAGE][PASSED] - Text 'qwerty123' has been set to element 'Object Repository/Login/android.widget.EditText - Ketik kata sandi Anda'

2023-04-05 17:05:40 - [TEST_STEP][PASSED] - hideKeyboard(): Keyboard is hidden

2023-04-05 17:05:42 - [MESSAGE][PASSED] - Keyboard is hidden

2023-04-05 17:05:42 - [TEST_STEP][PASSED] - tap(findTestObject("Login/android.widget.Button - Masuk"), 0): Tapped on element 'Object Repository/Login/android.widget.Button - Masuk'

2023-04-05 17:05:42 - [MESSAGE][WARNING] - Timeout '0' is invalid. Using default page load timeout: '30'

2023-04-05 17:05:42 - [MESSAGE][PASSED] - Tapped on element 'Object Repository/Login/android.widget.Button - Masuk'

2023-04-05 17:05:42 - [TEST_STEP][PASSED] - delay(3, STOP_ON_FAILURE): Delayed 3 second(s)

2023-04-05 17:05:45 - [MESSAGE][PASSED] - Delayed 3 second(s)

2023-04-05 17:05:45 - [TEST_STEP][PASSED] - waitForElementPresent(findTestObject("Login/android.widget.TextView - Kata sandi yang Anda masukkan salah"), 3): Element 'Object Repository/Login/android.widget.TextView - Kata sandi yang Anda masukkan salah' is present

2023-04-05 17:05:45 - [MESSAGE][PASSED] - Element 'Object Repository/Login/android.widget.TextView - Kata sandi yang Anda masukkan salah' is present

2023-04-05 17:05:45 - [TEST_STEP][PASSED] - waitForElementPresent(findTestObject("Login/android.widget.TextView - Kata sandi yang Anda masukkan salah"), 0): Element 'Object Repository/Login/android.widget.TextView - Kata sandi yang Anda masukkan salah' is present

2023-04-05 17:05:46 - [MESSAGE][WARNING] - Timeout '0' is invalid. Using default page load timeout: '30'

2023-04-05 17:05:46 - [MESSAGE][PASSED] - Element 'Object Repository/Login/android.widget.TextView - Kata sandi yang Anda masukkan salah' is present

2023-04-05 17:05:46 - [TEST_STEP][PASSED] - delay(3, STOP_ON_FAILURE): Delayed 3 second(s)

2023-04-05 17:05:49 - [MESSAGE][PASSED] - Delayed 3 second(s)

2023-04-05 17:05:49 - [TEST_STEP][PASSED] - closeApplication(): Close app successfully

2023-04-05 17:05:50 - [MESSAGE][PASSED] - Close app successfully

2023-04-05 17:05:50 - [TEST_STEP][PASSED] - Start listener action : sampleAfterTestCase: null

2023-04-05 17:05:50 - [TEST_STEP][PASSED] - println(testCaseContext.getTestCaseId()): null

2023-04-05 17:05:50 - [TEST_STEP][PASSED] - println(testCaseContext.getTestCaseStatus()): null]]></system-out>
         <system-err><![CDATA[]]></system-err>
      </testcase>
      <testcase name="Test Cases/Staging/Login KFCKU Apps/Login Failed - Phone Number Not Registered" time="38.471" classname="Test Cases/Staging/Login KFCKU Apps/Login Failed - Phone Number Not Registered" status="PASSED">
         <system-out><![CDATA[2023-04-05 17:05:50 - [TEST_CASE][PASSED] - Test Cases/Staging/Login KFCKU Apps/Login Failed - Phone Number Not Registered: Test Cases/Staging/Login KFCKU Apps/Login Failed - Phone Number Not Registered

2023-04-05 17:05:50 - [TEST_STEP][PASSED] - startExistingApplication("com.kfc.mobile.hkStaging", STOP_ON_FAILURE): Starting app with application ID: 'com.kfc.mobile.hkStaging'

2023-04-05 17:05:50 - [MESSAGE][INFO] - User set preference: ['appPackage', 'com.kfc.mobile.hkStaging']

2023-04-05 17:05:50 - [MESSAGE][INFO] - User set preference: ['appActivity', 'com.kfc.mobile.presentation.splash.SplashActivity']

2023-04-05 17:05:50 - [MESSAGE][INFO] - User set preference: ['noReset', 'true']

2023-04-05 17:05:50 - [MESSAGE][INFO] - User set preference: ['deviceId', '']

2023-04-05 17:05:51 - [MESSAGE][INFO] - Detected NodeJS location: "C:\Program Files\nodejs\node.exe"

2023-04-05 17:05:52 - [MESSAGE][INFO] - Appium server started on port 54,969

2023-04-05 17:06:06 - [MESSAGE][INFO] - Failed to get OS statusbar's information using default method.

2023-04-05 17:06:07 - [MESSAGE][PASSED] - Starting app with application ID: 'com.kfc.mobile.hkStaging'

2023-04-05 17:06:07 - [TEST_STEP][PASSED] - delay(5, STOP_ON_FAILURE): Delayed 5 second(s)

2023-04-05 17:06:12 - [MESSAGE][PASSED] - Delayed 5 second(s)

2023-04-05 17:06:12 - [TEST_STEP][PASSED] - tap(findTestObject("Profile/android.widget.TextView - Profil"), 5): Tapped on element 'Object Repository/Profile/android.widget.TextView - Profil'

2023-04-05 17:06:13 - [MESSAGE][PASSED] - Tapped on element 'Object Repository/Profile/android.widget.TextView - Profil'

2023-04-05 17:06:13 - [TEST_STEP][PASSED] - setText(findTestObject("Login/android.widget.EditText - Masukkan nomor handphone Anda"), "081211287388", 0): Text '081211287388' has been set to element 'Object Repository/Login/android.widget.EditText - Masukkan nomor handphone Anda'

2023-04-05 17:06:13 - [MESSAGE][WARNING] - Timeout '0' is invalid. Using default page load timeout: '30'

2023-04-05 17:06:17 - [MESSAGE][PASSED] - Text '081211287388' has been set to element 'Object Repository/Login/android.widget.EditText - Masukkan nomor handphone Anda'

2023-04-05 17:06:17 - [TEST_STEP][PASSED] - hideKeyboard(): Keyboard is hidden

2023-04-05 17:06:18 - [MESSAGE][PASSED] - Keyboard is hidden

2023-04-05 17:06:18 - [TEST_STEP][PASSED] - setText(findTestObject("Login/android.widget.EditText - Ketik kata sandi Anda"), "pass123", 0): Text 'pass123' has been set to element 'Object Repository/Login/android.widget.EditText - Ketik kata sandi Anda'

2023-04-05 17:06:18 - [MESSAGE][WARNING] - Timeout '0' is invalid. Using default page load timeout: '30'

2023-04-05 17:06:20 - [MESSAGE][PASSED] - Text 'pass123' has been set to element 'Object Repository/Login/android.widget.EditText - Ketik kata sandi Anda'

2023-04-05 17:06:20 - [TEST_STEP][PASSED] - hideKeyboard(): Keyboard is hidden

2023-04-05 17:06:21 - [MESSAGE][PASSED] - Keyboard is hidden

2023-04-05 17:06:21 - [TEST_STEP][PASSED] - tap(findTestObject("Login/android.widget.Button - Masuk"), 0): Tapped on element 'Object Repository/Login/android.widget.Button - Masuk'

2023-04-05 17:06:21 - [MESSAGE][WARNING] - Timeout '0' is invalid. Using default page load timeout: '30'

2023-04-05 17:06:22 - [MESSAGE][PASSED] - Tapped on element 'Object Repository/Login/android.widget.Button - Masuk'

2023-04-05 17:06:22 - [TEST_STEP][PASSED] - delay(5, STOP_ON_FAILURE): Delayed 5 second(s)

2023-04-05 17:06:27 - [MESSAGE][PASSED] - Delayed 5 second(s)

2023-04-05 17:06:27 - [TEST_STEP][PASSED] - waitForElementPresent(findTestObject("Login/android.widget.TextView - Nomor handphone Anda belum terdaftar"), 3): Element 'Object Repository/Login/android.widget.TextView - Nomor handphone Anda belum terdaftar' is present

2023-04-05 17:06:28 - [MESSAGE][PASSED] - Element 'Object Repository/Login/android.widget.TextView - Nomor handphone Anda belum terdaftar' is present

2023-04-05 17:06:28 - [TEST_STEP][PASSED] - closeApplication(): Close app successfully

2023-04-05 17:06:29 - [MESSAGE][PASSED] - Close app successfully

2023-04-05 17:06:29 - [TEST_STEP][PASSED] - Start listener action : sampleAfterTestCase: null

2023-04-05 17:06:29 - [TEST_STEP][PASSED] - println(testCaseContext.getTestCaseId()): null

2023-04-05 17:06:29 - [TEST_STEP][PASSED] - println(testCaseContext.getTestCaseStatus()): null]]></system-out>
         <system-err><![CDATA[]]></system-err>
      </testcase>
      <testcase name="Test Cases/Staging/Login KFCKU Apps/Login Social Media" time="56.971" classname="Test Cases/Staging/Login KFCKU Apps/Login Social Media" status="PASSED">
         <system-out><![CDATA[2023-04-05 17:06:29 - [TEST_CASE][PASSED] - Test Cases/Staging/Login KFCKU Apps/Login Social Media: Test Cases/Staging/Login KFCKU Apps/Login Social Media

2023-04-05 17:06:29 - [TEST_STEP][PASSED] - startExistingApplication("com.kfc.mobile.hkStaging", STOP_ON_FAILURE): Starting app with application ID: 'com.kfc.mobile.hkStaging'

2023-04-05 17:06:29 - [MESSAGE][INFO] - User set preference: ['appPackage', 'com.kfc.mobile.hkStaging']

2023-04-05 17:06:29 - [MESSAGE][INFO] - User set preference: ['appActivity', 'com.kfc.mobile.presentation.splash.SplashActivity']

2023-04-05 17:06:29 - [MESSAGE][INFO] - User set preference: ['noReset', 'true']

2023-04-05 17:06:29 - [MESSAGE][INFO] - User set preference: ['deviceId', '']

2023-04-05 17:06:29 - [MESSAGE][INFO] - Detected NodeJS location: "C:\Program Files\nodejs\node.exe"

2023-04-05 17:06:31 - [MESSAGE][INFO] - Appium server started on port 55,188

2023-04-05 17:06:44 - [MESSAGE][INFO] - Failed to get OS statusbar's information using default method.

2023-04-05 17:06:45 - [MESSAGE][PASSED] - Starting app with application ID: 'com.kfc.mobile.hkStaging'

2023-04-05 17:06:45 - [TEST_STEP][PASSED] - delay(10): Delayed 10 second(s)

2023-04-05 17:06:55 - [MESSAGE][PASSED] - Delayed 10 second(s)

2023-04-05 17:06:55 - [TEST_STEP][PASSED] - tap(findTestObject("Login/android.widget.TextView - Profil"), 0): Tapped on element 'Object Repository/Login/android.widget.TextView - Profil'

2023-04-05 17:06:55 - [MESSAGE][WARNING] - Timeout '0' is invalid. Using default page load timeout: '30'

2023-04-05 17:06:56 - [MESSAGE][PASSED] - Tapped on element 'Object Repository/Login/android.widget.TextView - Profil'

2023-04-05 17:06:56 - [TEST_STEP][PASSED] - tap(findTestObject("Login Social Media/android.widget.Button - Masuk dengan Google"), 0): Tapped on element 'Object Repository/Login Social Media/android.widget.Button - Masuk dengan Google'

2023-04-05 17:06:56 - [MESSAGE][WARNING] - Timeout '0' is invalid. Using default page load timeout: '30'

2023-04-05 17:06:59 - [MESSAGE][PASSED] - Tapped on element 'Object Repository/Login Social Media/android.widget.Button - Masuk dengan Google'

2023-04-05 17:06:59 - [TEST_STEP][PASSED] - delay(3, STOP_ON_FAILURE): Delayed 3 second(s)

2023-04-05 17:07:02 - [MESSAGE][PASSED] - Delayed 3 second(s)

2023-04-05 17:07:02 - [TEST_STEP][PASSED] - tap(findTestObject("Login Social Media/android.widget.TextView - jecsanmaychelgmail.com"), 0): Tapped on element 'Object Repository/Login Social Media/android.widget.TextView - jecsanmaychelgmail.com'

2023-04-05 17:07:02 - [MESSAGE][WARNING] - Timeout '0' is invalid. Using default page load timeout: '30'

2023-04-05 17:07:02 - [MESSAGE][PASSED] - Tapped on element 'Object Repository/Login Social Media/android.widget.TextView - jecsanmaychelgmail.com'

2023-04-05 17:07:02 - [TEST_STEP][PASSED] - delay(5, STOP_ON_FAILURE): Delayed 5 second(s)

2023-04-05 17:07:07 - [MESSAGE][PASSED] - Delayed 5 second(s)

2023-04-05 17:07:07 - [TEST_STEP][PASSED] - delay(5, STOP_ON_FAILURE): Delayed 5 second(s)

2023-04-05 17:07:12 - [MESSAGE][PASSED] - Delayed 5 second(s)

2023-04-05 17:07:12 - [TEST_STEP][PASSED] - tap(findTestObject("Profile/android.widget.TextView - Profil"), 5): Tapped on element 'Object Repository/Profile/android.widget.TextView - Profil'

2023-04-05 17:07:14 - [MESSAGE][PASSED] - Tapped on element 'Object Repository/Profile/android.widget.TextView - Profil'

2023-04-05 17:07:14 - [TEST_STEP][PASSED] - delay(3, STOP_ON_FAILURE): Delayed 3 second(s)

2023-04-05 17:07:17 - [MESSAGE][PASSED] - Delayed 3 second(s)

2023-04-05 17:07:17 - [TEST_STEP][PASSED] - swipe(281, 500, 434, 161): Swiped from 281,500 to 434,161

2023-04-05 17:07:18 - [MESSAGE][PASSED] - Swiped from 281,500 to 434,161

2023-04-05 17:07:18 - [TEST_STEP][PASSED] - delay(3, STOP_ON_FAILURE): Delayed 3 second(s)

2023-04-05 17:07:21 - [MESSAGE][PASSED] - Delayed 3 second(s)

2023-04-05 17:07:21 - [TEST_STEP][PASSED] - tap(findTestObject("Profile/Perangkat/android.widget.TextView - Keluar"), 5): Tapped on element 'Object Repository/Profile/Perangkat/android.widget.TextView - Keluar'

2023-04-05 17:07:21 - [MESSAGE][PASSED] - Tapped on element 'Object Repository/Profile/Perangkat/android.widget.TextView - Keluar'

2023-04-05 17:07:21 - [TEST_STEP][PASSED] - delay(3, STOP_ON_FAILURE): Delayed 3 second(s)

2023-04-05 17:07:24 - [MESSAGE][PASSED] - Delayed 3 second(s)

2023-04-05 17:07:24 - [TEST_STEP][PASSED] - tap(findTestObject("Profile/Perangkat/android.widget.TextView - Ya"), 5): Tapped on element 'Object Repository/Profile/Perangkat/android.widget.TextView - Ya'

2023-04-05 17:07:24 - [MESSAGE][PASSED] - Tapped on element 'Object Repository/Profile/Perangkat/android.widget.TextView - Ya'

2023-04-05 17:07:24 - [TEST_STEP][PASSED] - closeApplication(): Close app successfully

2023-04-05 17:07:26 - [MESSAGE][PASSED] - Close app successfully

2023-04-05 17:07:26 - [TEST_STEP][PASSED] - Start listener action : sampleAfterTestCase: null

2023-04-05 17:07:26 - [TEST_STEP][PASSED] - println(testCaseContext.getTestCaseId()): null

2023-04-05 17:07:26 - [TEST_STEP][PASSED] - println(testCaseContext.getTestCaseStatus()): null]]></system-out>
         <system-err><![CDATA[]]></system-err>
      </testcase>
      <testcase name="Test Cases/Staging/Login KFCKU Apps/Login Phone Number" time="43.781" classname="Test Cases/Staging/Login KFCKU Apps/Login Phone Number" status="PASSED">
         <system-out><![CDATA[2023-04-05 17:07:26 - [TEST_CASE][PASSED] - Test Cases/Staging/Login KFCKU Apps/Login Phone Number: Test Cases/Staging/Login KFCKU Apps/Login Phone Number

2023-04-05 17:07:26 - [TEST_STEP][PASSED] - startExistingApplication("com.kfc.mobile.hkStaging", STOP_ON_FAILURE): Starting app with application ID: 'com.kfc.mobile.hkStaging'

2023-04-05 17:07:26 - [MESSAGE][INFO] - User set preference: ['appPackage', 'com.kfc.mobile.hkStaging']

2023-04-05 17:07:26 - [MESSAGE][INFO] - User set preference: ['appActivity', 'com.kfc.mobile.presentation.splash.SplashActivity']

2023-04-05 17:07:26 - [MESSAGE][INFO] - User set preference: ['noReset', 'true']

2023-04-05 17:07:26 - [MESSAGE][INFO] - User set preference: ['deviceId', '']

2023-04-05 17:07:26 - [MESSAGE][INFO] - Detected NodeJS location: "C:\Program Files\nodejs\node.exe"

2023-04-05 17:07:28 - [MESSAGE][INFO] - Appium server started on port 55,426

2023-04-05 17:07:41 - [MESSAGE][INFO] - Failed to get OS statusbar's information using default method.

2023-04-05 17:07:43 - [MESSAGE][PASSED] - Starting app with application ID: 'com.kfc.mobile.hkStaging'

2023-04-05 17:07:43 - [TEST_STEP][PASSED] - delay(5, STOP_ON_FAILURE): Delayed 5 second(s)

2023-04-05 17:07:48 - [MESSAGE][PASSED] - Delayed 5 second(s)

2023-04-05 17:07:48 - [TEST_STEP][PASSED] - tap(findTestObject("Profile/android.widget.TextView - Profil"), 5): Tapped on element 'Object Repository/Profile/android.widget.TextView - Profil'

2023-04-05 17:07:50 - [MESSAGE][PASSED] - Tapped on element 'Object Repository/Profile/android.widget.TextView - Profil'

2023-04-05 17:07:50 - [TEST_STEP][PASSED] - setText(findTestObject("Login/android.widget.EditText - Masukkan nomor handphone Anda"), "081399674746", 0): Text '081399674746' has been set to element 'Object Repository/Login/android.widget.EditText - Masukkan nomor handphone Anda'

2023-04-05 17:07:50 - [MESSAGE][WARNING] - Timeout '0' is invalid. Using default page load timeout: '30'

2023-04-05 17:07:55 - [MESSAGE][PASSED] - Text '081399674746' has been set to element 'Object Repository/Login/android.widget.EditText - Masukkan nomor handphone Anda'

2023-04-05 17:07:55 - [TEST_STEP][PASSED] - hideKeyboard(): Keyboard is hidden

2023-04-05 17:07:56 - [MESSAGE][PASSED] - Keyboard is hidden

2023-04-05 17:07:56 - [TEST_STEP][PASSED] - setText(findTestObject("Login/android.widget.EditText - Ketik kata sandi Anda"), "pass111", 0): Text 'pass111' has been set to element 'Object Repository/Login/android.widget.EditText - Ketik kata sandi Anda'

2023-04-05 17:07:56 - [MESSAGE][WARNING] - Timeout '0' is invalid. Using default page load timeout: '30'

2023-04-05 17:07:57 - [MESSAGE][PASSED] - Text 'pass111' has been set to element 'Object Repository/Login/android.widget.EditText - Ketik kata sandi Anda'

2023-04-05 17:07:57 - [TEST_STEP][PASSED] - hideKeyboard(): Keyboard is hidden

2023-04-05 17:07:58 - [MESSAGE][PASSED] - Keyboard is hidden

2023-04-05 17:07:58 - [TEST_STEP][PASSED] - tap(findTestObject("Login/android.widget.Button - Masuk"), 0): Tapped on element 'Object Repository/Login/android.widget.Button - Masuk'

2023-04-05 17:07:58 - [MESSAGE][WARNING] - Timeout '0' is invalid. Using default page load timeout: '30'

2023-04-05 17:07:59 - [MESSAGE][PASSED] - Tapped on element 'Object Repository/Login/android.widget.Button - Masuk'

2023-04-05 17:07:59 - [TEST_STEP][PASSED] - delay(5, STOP_ON_FAILURE): Delayed 5 second(s)

2023-04-05 17:08:04 - [MESSAGE][PASSED] - Delayed 5 second(s)

2023-04-05 17:08:04 - [TEST_STEP][PASSED] - tap(findTestObject("Profile/android.widget.TextView - Profil"), 5): Tapped on element 'Object Repository/Profile/android.widget.TextView - Profil'

2023-04-05 17:08:05 - [MESSAGE][PASSED] - Tapped on element 'Object Repository/Profile/android.widget.TextView - Profil'

2023-04-05 17:08:05 - [TEST_STEP][PASSED] - delay(3, STOP_ON_FAILURE): Delayed 3 second(s)

2023-04-05 17:08:08 - [MESSAGE][PASSED] - Delayed 3 second(s)

2023-04-05 17:08:08 - [TEST_STEP][PASSED] - closeApplication(): Close app successfully

2023-04-05 17:08:09 - [MESSAGE][PASSED] - Close app successfully

2023-04-05 17:08:09 - [TEST_STEP][PASSED] - Start listener action : sampleAfterTestCase: null

2023-04-05 17:08:09 - [TEST_STEP][PASSED] - println(testCaseContext.getTestCaseId()): null

2023-04-05 17:08:09 - [TEST_STEP][PASSED] - println(testCaseContext.getTestCaseStatus()): null]]></system-out>
         <system-err><![CDATA[]]></system-err>
      </testcase>
      <system-out><![CDATA[2023-04-05 17:04:23 - [TEST_SUITE][PASSED] - Login: Test Cases/Staging/Login KFCKU Apps/Login Phone Number]]></system-out>
      <system-err><![CDATA[]]></system-err>
   </testsuite>
</testsuites>
