<?xml version="1.0" encoding="UTF-8"?>
<testsuites name="Login" time="239.719" tests="5" failures="0" errors="0">
   <testsuite name="Login" tests="5" failures="0" errors="0" time="239.719" skipped="0" timestamp="2023-02-01 17:16:44" hostname="Ahadian Rifky - NKC-23" id="Test Suites/Auth/Login">
      <properties>
         <property name="deviceName" value="OPPO CPH1801 (Android 7.1.1)"/>
         <property name="devicePlatform" value=""/>
         <property name="logFolder" value="C:\\Users\\Ahadian Rifky\\Downloads\\Katalon_Studio_Windows_64-8.5.5\\Katalon_Studio_Windows_64-8.5.5\\git.github.com\\maycheljecsan\\kfckuapps_katalon.git\\kfcku_android\\Reports\\20230201_171639\\Auth\\Login\\20230201_171639"/>
         <property name="logFiles" value="C:\\Users\\Ahadian Rifky\\Downloads\\Katalon_Studio_Windows_64-8.5.5\\Katalon_Studio_Windows_64-8.5.5\\git.github.com\\maycheljecsan\\kfckuapps_katalon.git\\kfcku_android\\Reports\\20230201_171639\\Auth\\Login\\20230201_171639\\appium.log, C:\\Users\\Ahadian Rifky\\Downloads\\Katalon_Studio_Windows_64-8.5.5\\Katalon_Studio_Windows_64-8.5.5\\git.github.com\\maycheljecsan\\kfckuapps_katalon.git\\kfcku_android\\Reports\\20230201_171639\\Auth\\Login\\20230201_171639\\execution0.log"/>
         <property name="attachments" value=""/>
         <property name="hostName" value="Ahadian Rifky - NKC-23"/>
         <property name="os" value="Windows 10 64bit"/>
         <property name="appiumServerStatus" value="{&quot;value&quot;:{&quot;build&quot;:{&quot;version&quot;:&quot;1.22.3&quot;}},&quot;sessionId&quot;:null,&quot;status&quot;:0}"/>
         <property name="katalonVersion" value="8.5.5.208"/>
         <property name="deviceOS" value="Android"/>
         <property name="appiumVersion" value="1.22.3"/>
         <property name="deviceModel" value="CPH1801"/>
         <property name="hostAddress" value="172.10.9.59"/>
         <property name="deviceManufacturer" value="OPPO"/>
         <property name="deviceId" value="aa14e06a"/>
         <property name="deviceName" value="OPPO CPH1801 (Android 7.1.1)"/>
         <property name="deviceOSVersion" value="7.1.1"/>
      </properties>
      <testcase name="Test Cases/Login KFCKU Apps/Failed Login - Empty Phone Number and Password" time="52.88" classname="Test Cases/Login KFCKU Apps/Failed Login - Empty Phone Number and Password" status="PASSED">
         <system-out><![CDATA[2023-02-01 17:16:44 - [TEST_CASE][PASSED] - Test Cases/Login KFCKU Apps/Failed Login - Empty Phone Number and Password: Test Cases/Login KFCKU Apps/Failed Login - Empty Phone Number and Password

2023-02-01 17:16:45 - [TEST_STEP][PASSED] - startExistingApplication("com.kfc.mobile.hkStaging", STOP_ON_FAILURE): Starting app with application ID: 'com.kfc.mobile.hkStaging'

2023-02-01 17:16:45 - [MESSAGE][INFO] - User set preference: ['appPackage', 'com.kfc.mobile.hkStaging']

2023-02-01 17:16:45 - [MESSAGE][INFO] - User set preference: ['appActivity', 'com.kfc.mobile.presentation.home.HomeActivity']

2023-02-01 17:16:45 - [MESSAGE][INFO] - User set preference: ['noReset', 'true']

2023-02-01 17:16:45 - [MESSAGE][INFO] - User set preference: ['deviceId', '']

2023-02-01 17:16:46 - [MESSAGE][INFO] - Detected NodeJS location: "C:\Program Files\nodejs\node.exe"

2023-02-01 17:16:48 - [MESSAGE][INFO] - Appium server started on port 51,368

2023-02-01 17:17:08 - [MESSAGE][INFO] - Failed to get OS statusbar's information using default method.

2023-02-01 17:17:09 - [MESSAGE][PASSED] - Starting app with application ID: 'com.kfc.mobile.hkStaging'

2023-02-01 17:17:09 - [TEST_STEP][PASSED] - delay(5, STOP_ON_FAILURE): Delayed 5 second(s)

2023-02-01 17:17:14 - [MESSAGE][PASSED] - Delayed 5 second(s)

2023-02-01 17:17:14 - [TEST_STEP][PASSED] - tap(findTestObject("Profile/android.widget.TextView - Profil"), 5): Tapped on element 'Object Repository/Profile/android.widget.TextView - Profil'

2023-02-01 17:17:15 - [MESSAGE][PASSED] - Tapped on element 'Object Repository/Profile/android.widget.TextView - Profil'

2023-02-01 17:17:15 - [TEST_STEP][PASSED] - setText(findTestObject("Login/android.widget.EditText - Masukkan nomor handphone Anda"), "", 0): Text '' has been set to element 'Object Repository/Login/android.widget.EditText - Masukkan nomor handphone Anda'

2023-02-01 17:17:15 - [MESSAGE][WARNING] - Timeout '0' is invalid. Using default page load timeout: '30'

2023-02-01 17:17:19 - [MESSAGE][PASSED] - Text '' has been set to element 'Object Repository/Login/android.widget.EditText - Masukkan nomor handphone Anda'

2023-02-01 17:17:19 - [TEST_STEP][PASSED] - hideKeyboard(): Keyboard is hidden

2023-02-01 17:17:20 - [MESSAGE][PASSED] - Keyboard is hidden

2023-02-01 17:17:20 - [TEST_STEP][PASSED] - setText(findTestObject("Login/android.widget.EditText - Ketik kata sandi Anda"), "", 0): Text '' has been set to element 'Object Repository/Login/android.widget.EditText - Ketik kata sandi Anda'

2023-02-01 17:17:21 - [MESSAGE][WARNING] - Timeout '0' is invalid. Using default page load timeout: '30'

2023-02-01 17:17:23 - [MESSAGE][PASSED] - Text '' has been set to element 'Object Repository/Login/android.widget.EditText - Ketik kata sandi Anda'

2023-02-01 17:17:23 - [TEST_STEP][PASSED] - hideKeyboard(): Keyboard is hidden

2023-02-01 17:17:24 - [MESSAGE][PASSED] - Keyboard is hidden

2023-02-01 17:17:24 - [TEST_STEP][PASSED] - tap(findTestObject("Login/android.widget.Button - Masuk"), 0): Tapped on element 'Object Repository/Login/android.widget.Button - Masuk'

2023-02-01 17:17:25 - [MESSAGE][WARNING] - Timeout '0' is invalid. Using default page load timeout: '30'

2023-02-01 17:17:25 - [MESSAGE][PASSED] - Tapped on element 'Object Repository/Login/android.widget.Button - Masuk'

2023-02-01 17:17:25 - [TEST_STEP][PASSED] - delay(5, STOP_ON_FAILURE): Delayed 5 second(s)

2023-02-01 17:17:30 - [MESSAGE][PASSED] - Delayed 5 second(s)

2023-02-01 17:17:30 - [TEST_STEP][PASSED] - verifyElementVisible(findTestObject("Login/Login Failed/android.widget.TextView - nullPhone"), 3): Element 'Object Repository/Login/Login Failed/android.widget.TextView - nullPhone' is visible

2023-02-01 17:17:30 - [MESSAGE][PASSED] - Element 'Object Repository/Login/Login Failed/android.widget.TextView - nullPhone' is visible

2023-02-01 17:17:30 - [TEST_STEP][PASSED] - verifyElementText(findTestObject("Login/Login Failed/android.widget.TextView - nullPhone"), "Mohon masukkan nomor handphone Anda"): Actual text and expected text of test object 'Object Repository/Login/Login Failed/android.widget.TextView - nullPhone' are matched.

2023-02-01 17:17:31 - [MESSAGE][PASSED] - Actual text and expected text of test object 'Object Repository/Login/Login Failed/android.widget.TextView - nullPhone' are matched.

2023-02-01 17:17:31 - [TEST_STEP][PASSED] - verifyElementVisible(findTestObject("Login/Login Failed/android.widget.TextView - nullPass"), 3): Element 'Object Repository/Login/Login Failed/android.widget.TextView - nullPass' is visible

2023-02-01 17:17:31 - [MESSAGE][PASSED] - Element 'Object Repository/Login/Login Failed/android.widget.TextView - nullPass' is visible

2023-02-01 17:17:31 - [TEST_STEP][PASSED] - verifyElementText(findTestObject("Login/Login Failed/android.widget.TextView - nullPass"), "Masukkan kata sandi Anda yang benar"): Actual text and expected text of test object 'Object Repository/Login/Login Failed/android.widget.TextView - nullPass' are matched.

2023-02-01 17:17:33 - [MESSAGE][PASSED] - Actual text and expected text of test object 'Object Repository/Login/Login Failed/android.widget.TextView - nullPass' are matched.

2023-02-01 17:17:33 - [TEST_STEP][PASSED] - delay(3, STOP_ON_FAILURE): Delayed 3 second(s)

2023-02-01 17:17:36 - [MESSAGE][PASSED] - Delayed 3 second(s)

2023-02-01 17:17:36 - [TEST_STEP][PASSED] - closeApplication(): Close app successfully

2023-02-01 17:17:37 - [MESSAGE][PASSED] - Close app successfully]]></system-out>
         <system-err><![CDATA[]]></system-err>
      </testcase>
      <testcase name="Test Cases/Login KFCKU Apps/Login Failed - Phone Number Not Registered" time="39.812" classname="Test Cases/Login KFCKU Apps/Login Failed - Phone Number Not Registered" status="PASSED">
         <system-out><![CDATA[2023-02-01 17:17:37 - [TEST_CASE][PASSED] - Test Cases/Login KFCKU Apps/Login Failed - Phone Number Not Registered: Test Cases/Login KFCKU Apps/Login Failed - Phone Number Not Registered

2023-02-01 17:17:37 - [TEST_STEP][PASSED] - startExistingApplication("com.kfc.mobile.hkStaging", STOP_ON_FAILURE): Starting app with application ID: 'com.kfc.mobile.hkStaging'

2023-02-01 17:17:37 - [MESSAGE][INFO] - User set preference: ['appPackage', 'com.kfc.mobile.hkStaging']

2023-02-01 17:17:37 - [MESSAGE][INFO] - User set preference: ['appActivity', 'com.kfc.mobile.presentation.home.HomeActivity']

2023-02-01 17:17:37 - [MESSAGE][INFO] - User set preference: ['noReset', 'true']

2023-02-01 17:17:37 - [MESSAGE][INFO] - User set preference: ['deviceId', '']

2023-02-01 17:17:38 - [MESSAGE][INFO] - Detected NodeJS location: "C:\Program Files\nodejs\node.exe"

2023-02-01 17:17:39 - [MESSAGE][INFO] - Appium server started on port 51,556

2023-02-01 17:17:53 - [MESSAGE][INFO] - Failed to get OS statusbar's information using default method.

2023-02-01 17:17:54 - [MESSAGE][PASSED] - Starting app with application ID: 'com.kfc.mobile.hkStaging'

2023-02-01 17:17:54 - [TEST_STEP][PASSED] - delay(5, STOP_ON_FAILURE): Delayed 5 second(s)

2023-02-01 17:17:59 - [MESSAGE][PASSED] - Delayed 5 second(s)

2023-02-01 17:17:59 - [TEST_STEP][PASSED] - tap(findTestObject("Profile/android.widget.TextView - Profil"), 5): Tapped on element 'Object Repository/Profile/android.widget.TextView - Profil'

2023-02-01 17:18:01 - [MESSAGE][PASSED] - Tapped on element 'Object Repository/Profile/android.widget.TextView - Profil'

2023-02-01 17:18:01 - [TEST_STEP][PASSED] - setText(findTestObject("Login/android.widget.EditText - Masukkan nomor handphone Anda"), "081211287388", 0): Text '081211287388' has been set to element 'Object Repository/Login/android.widget.EditText - Masukkan nomor handphone Anda'

2023-02-01 17:18:01 - [MESSAGE][WARNING] - Timeout '0' is invalid. Using default page load timeout: '30'

2023-02-01 17:18:05 - [MESSAGE][PASSED] - Text '081211287388' has been set to element 'Object Repository/Login/android.widget.EditText - Masukkan nomor handphone Anda'

2023-02-01 17:18:05 - [TEST_STEP][PASSED] - hideKeyboard(): Keyboard is hidden

2023-02-01 17:18:06 - [MESSAGE][PASSED] - Keyboard is hidden

2023-02-01 17:18:06 - [TEST_STEP][PASSED] - setText(findTestObject("Login/android.widget.EditText - Ketik kata sandi Anda"), "pass123", 0): Text 'pass123' has been set to element 'Object Repository/Login/android.widget.EditText - Ketik kata sandi Anda'

2023-02-01 17:18:06 - [MESSAGE][WARNING] - Timeout '0' is invalid. Using default page load timeout: '30'

2023-02-01 17:18:08 - [MESSAGE][PASSED] - Text 'pass123' has been set to element 'Object Repository/Login/android.widget.EditText - Ketik kata sandi Anda'

2023-02-01 17:18:08 - [TEST_STEP][PASSED] - hideKeyboard(): Keyboard is hidden

2023-02-01 17:18:09 - [MESSAGE][PASSED] - Keyboard is hidden

2023-02-01 17:18:09 - [TEST_STEP][PASSED] - tap(findTestObject("Login/android.widget.Button - Masuk"), 0): Tapped on element 'Object Repository/Login/android.widget.Button - Masuk'

2023-02-01 17:18:09 - [MESSAGE][WARNING] - Timeout '0' is invalid. Using default page load timeout: '30'

2023-02-01 17:18:10 - [MESSAGE][PASSED] - Tapped on element 'Object Repository/Login/android.widget.Button - Masuk'

2023-02-01 17:18:10 - [TEST_STEP][PASSED] - delay(5, STOP_ON_FAILURE): Delayed 5 second(s)

2023-02-01 17:18:15 - [MESSAGE][PASSED] - Delayed 5 second(s)

2023-02-01 17:18:15 - [TEST_STEP][PASSED] - verifyElementVisible(findTestObject("Login/android.widget.TextView - Nomor handphone Anda belum terdaftar"), 3): Element 'Object Repository/Login/android.widget.TextView - Nomor handphone Anda belum terdaftar' is visible

2023-02-01 17:18:16 - [MESSAGE][PASSED] - Element 'Object Repository/Login/android.widget.TextView - Nomor handphone Anda belum terdaftar' is visible

2023-02-01 17:18:16 - [TEST_STEP][PASSED] - closeApplication(): Close app successfully

2023-02-01 17:18:17 - [MESSAGE][PASSED] - Close app successfully]]></system-out>
         <system-err><![CDATA[]]></system-err>
      </testcase>
      <testcase name="Test Cases/Login KFCKU Apps/Failed Login - Empty Phone Number and Password" time="45.702" classname="Test Cases/Login KFCKU Apps/Failed Login - Empty Phone Number and Password" status="PASSED">
         <system-out><![CDATA[2023-02-01 17:18:17 - [TEST_CASE][PASSED] - Test Cases/Login KFCKU Apps/Failed Login - Empty Phone Number and Password: Test Cases/Login KFCKU Apps/Failed Login - Empty Phone Number and Password

2023-02-01 17:18:17 - [TEST_STEP][PASSED] - startExistingApplication("com.kfc.mobile.hkStaging", STOP_ON_FAILURE): Starting app with application ID: 'com.kfc.mobile.hkStaging'

2023-02-01 17:18:17 - [MESSAGE][INFO] - User set preference: ['appPackage', 'com.kfc.mobile.hkStaging']

2023-02-01 17:18:17 - [MESSAGE][INFO] - User set preference: ['appActivity', 'com.kfc.mobile.presentation.home.HomeActivity']

2023-02-01 17:18:17 - [MESSAGE][INFO] - User set preference: ['noReset', 'true']

2023-02-01 17:18:17 - [MESSAGE][INFO] - User set preference: ['deviceId', '']

2023-02-01 17:18:17 - [MESSAGE][INFO] - Detected NodeJS location: "C:\Program Files\nodejs\node.exe"

2023-02-01 17:18:19 - [MESSAGE][INFO] - Appium server started on port 51,725

2023-02-01 17:18:34 - [MESSAGE][INFO] - Failed to get OS statusbar's information using default method.

2023-02-01 17:18:35 - [MESSAGE][PASSED] - Starting app with application ID: 'com.kfc.mobile.hkStaging'

2023-02-01 17:18:35 - [TEST_STEP][PASSED] - delay(5, STOP_ON_FAILURE): Delayed 5 second(s)

2023-02-01 17:18:40 - [MESSAGE][PASSED] - Delayed 5 second(s)

2023-02-01 17:18:40 - [TEST_STEP][PASSED] - tap(findTestObject("Profile/android.widget.TextView - Profil"), 5): Tapped on element 'Object Repository/Profile/android.widget.TextView - Profil'

2023-02-01 17:18:41 - [MESSAGE][PASSED] - Tapped on element 'Object Repository/Profile/android.widget.TextView - Profil'

2023-02-01 17:18:41 - [TEST_STEP][PASSED] - setText(findTestObject("Login/android.widget.EditText - Masukkan nomor handphone Anda"), "", 0): Text '' has been set to element 'Object Repository/Login/android.widget.EditText - Masukkan nomor handphone Anda'

2023-02-01 17:18:41 - [MESSAGE][WARNING] - Timeout '0' is invalid. Using default page load timeout: '30'

2023-02-01 17:18:45 - [MESSAGE][PASSED] - Text '' has been set to element 'Object Repository/Login/android.widget.EditText - Masukkan nomor handphone Anda'

2023-02-01 17:18:45 - [TEST_STEP][PASSED] - hideKeyboard(): Keyboard is hidden

2023-02-01 17:18:46 - [MESSAGE][PASSED] - Keyboard is hidden

2023-02-01 17:18:46 - [TEST_STEP][PASSED] - setText(findTestObject("Login/android.widget.EditText - Ketik kata sandi Anda"), "", 0): Text '' has been set to element 'Object Repository/Login/android.widget.EditText - Ketik kata sandi Anda'

2023-02-01 17:18:46 - [MESSAGE][WARNING] - Timeout '0' is invalid. Using default page load timeout: '30'

2023-02-01 17:18:49 - [MESSAGE][PASSED] - Text '' has been set to element 'Object Repository/Login/android.widget.EditText - Ketik kata sandi Anda'

2023-02-01 17:18:49 - [TEST_STEP][PASSED] - hideKeyboard(): Keyboard is hidden

2023-02-01 17:18:50 - [MESSAGE][PASSED] - Keyboard is hidden

2023-02-01 17:18:50 - [TEST_STEP][PASSED] - tap(findTestObject("Login/android.widget.Button - Masuk"), 0): Tapped on element 'Object Repository/Login/android.widget.Button - Masuk'

2023-02-01 17:18:50 - [MESSAGE][WARNING] - Timeout '0' is invalid. Using default page load timeout: '30'

2023-02-01 17:18:51 - [MESSAGE][PASSED] - Tapped on element 'Object Repository/Login/android.widget.Button - Masuk'

2023-02-01 17:18:51 - [TEST_STEP][PASSED] - delay(5, STOP_ON_FAILURE): Delayed 5 second(s)

2023-02-01 17:18:56 - [MESSAGE][PASSED] - Delayed 5 second(s)

2023-02-01 17:18:56 - [TEST_STEP][PASSED] - verifyElementVisible(findTestObject("Login/Login Failed/android.widget.TextView - nullPhone"), 3): Element 'Object Repository/Login/Login Failed/android.widget.TextView - nullPhone' is visible

2023-02-01 17:18:56 - [MESSAGE][PASSED] - Element 'Object Repository/Login/Login Failed/android.widget.TextView - nullPhone' is visible

2023-02-01 17:18:56 - [TEST_STEP][PASSED] - verifyElementText(findTestObject("Login/Login Failed/android.widget.TextView - nullPhone"), "Mohon masukkan nomor handphone Anda"): Actual text and expected text of test object 'Object Repository/Login/Login Failed/android.widget.TextView - nullPhone' are matched.

2023-02-01 17:18:57 - [MESSAGE][PASSED] - Actual text and expected text of test object 'Object Repository/Login/Login Failed/android.widget.TextView - nullPhone' are matched.

2023-02-01 17:18:57 - [TEST_STEP][PASSED] - verifyElementVisible(findTestObject("Login/Login Failed/android.widget.TextView - nullPass"), 3): Element 'Object Repository/Login/Login Failed/android.widget.TextView - nullPass' is visible

2023-02-01 17:18:58 - [MESSAGE][PASSED] - Element 'Object Repository/Login/Login Failed/android.widget.TextView - nullPass' is visible

2023-02-01 17:18:58 - [TEST_STEP][PASSED] - verifyElementText(findTestObject("Login/Login Failed/android.widget.TextView - nullPass"), "Masukkan kata sandi Anda yang benar"): Actual text and expected text of test object 'Object Repository/Login/Login Failed/android.widget.TextView - nullPass' are matched.

2023-02-01 17:18:58 - [MESSAGE][PASSED] - Actual text and expected text of test object 'Object Repository/Login/Login Failed/android.widget.TextView - nullPass' are matched.

2023-02-01 17:18:58 - [TEST_STEP][PASSED] - delay(3, STOP_ON_FAILURE): Delayed 3 second(s)

2023-02-01 17:19:01 - [MESSAGE][PASSED] - Delayed 3 second(s)

2023-02-01 17:19:01 - [TEST_STEP][PASSED] - closeApplication(): Close app successfully

2023-02-01 17:19:02 - [MESSAGE][PASSED] - Close app successfully]]></system-out>
         <system-err><![CDATA[]]></system-err>
      </testcase>
      <testcase name="Test Cases/Login KFCKU Apps/Login Social Media" time="58.459" classname="Test Cases/Login KFCKU Apps/Login Social Media" status="PASSED">
         <system-out><![CDATA[2023-02-01 17:19:02 - [TEST_CASE][PASSED] - Test Cases/Login KFCKU Apps/Login Social Media: Test Cases/Login KFCKU Apps/Login Social Media

2023-02-01 17:19:03 - [TEST_STEP][PASSED] - startExistingApplication("com.kfc.mobile.hkStaging", STOP_ON_FAILURE): Starting app with application ID: 'com.kfc.mobile.hkStaging'

2023-02-01 17:19:03 - [MESSAGE][INFO] - User set preference: ['appPackage', 'com.kfc.mobile.hkStaging']

2023-02-01 17:19:03 - [MESSAGE][INFO] - User set preference: ['appActivity', 'com.kfc.mobile.presentation.home.HomeActivity']

2023-02-01 17:19:03 - [MESSAGE][INFO] - User set preference: ['noReset', 'true']

2023-02-01 17:19:03 - [MESSAGE][INFO] - User set preference: ['deviceId', '']

2023-02-01 17:19:03 - [MESSAGE][INFO] - Detected NodeJS location: "C:\Program Files\nodejs\node.exe"

2023-02-01 17:19:05 - [MESSAGE][INFO] - Appium server started on port 51,904

2023-02-01 17:19:20 - [MESSAGE][INFO] - Failed to get OS statusbar's information using default method.

2023-02-01 17:19:21 - [MESSAGE][PASSED] - Starting app with application ID: 'com.kfc.mobile.hkStaging'

2023-02-01 17:19:21 - [TEST_STEP][PASSED] - delay(10): Delayed 10 second(s)

2023-02-01 17:19:31 - [MESSAGE][PASSED] - Delayed 10 second(s)

2023-02-01 17:19:31 - [TEST_STEP][PASSED] - tap(findTestObject("Login/android.widget.TextView - Profil"), 0): Tapped on element 'Object Repository/Login/android.widget.TextView - Profil'

2023-02-01 17:19:31 - [MESSAGE][WARNING] - Timeout '0' is invalid. Using default page load timeout: '30'

2023-02-01 17:19:32 - [MESSAGE][PASSED] - Tapped on element 'Object Repository/Login/android.widget.TextView - Profil'

2023-02-01 17:19:32 - [TEST_STEP][PASSED] - tap(findTestObject("Login Social Media/android.widget.Button - Masuk dengan Google"), 0): Tapped on element 'Object Repository/Login Social Media/android.widget.Button - Masuk dengan Google'

2023-02-01 17:19:32 - [MESSAGE][WARNING] - Timeout '0' is invalid. Using default page load timeout: '30'

2023-02-01 17:19:34 - [MESSAGE][PASSED] - Tapped on element 'Object Repository/Login Social Media/android.widget.Button - Masuk dengan Google'

2023-02-01 17:19:34 - [TEST_STEP][PASSED] - delay(3, STOP_ON_FAILURE): Delayed 3 second(s)

2023-02-01 17:19:37 - [MESSAGE][PASSED] - Delayed 3 second(s)

2023-02-01 17:19:37 - [TEST_STEP][PASSED] - tap(findTestObject("Login Social Media/android.widget.TextView - jecsanmaychelgmail.com"), 0): Tapped on element 'Object Repository/Login Social Media/android.widget.TextView - jecsanmaychelgmail.com'

2023-02-01 17:19:37 - [MESSAGE][WARNING] - Timeout '0' is invalid. Using default page load timeout: '30'

2023-02-01 17:19:38 - [MESSAGE][PASSED] - Tapped on element 'Object Repository/Login Social Media/android.widget.TextView - jecsanmaychelgmail.com'

2023-02-01 17:19:38 - [TEST_STEP][PASSED] - delay(5, STOP_ON_FAILURE): Delayed 5 second(s)

2023-02-01 17:19:43 - [MESSAGE][PASSED] - Delayed 5 second(s)

2023-02-01 17:19:43 - [TEST_STEP][PASSED] - delay(5, STOP_ON_FAILURE): Delayed 5 second(s)

2023-02-01 17:19:48 - [MESSAGE][PASSED] - Delayed 5 second(s)

2023-02-01 17:19:48 - [TEST_STEP][PASSED] - tap(findTestObject("Profile/android.widget.TextView - Profil"), 5): Tapped on element 'Object Repository/Profile/android.widget.TextView - Profil'

2023-02-01 17:19:48 - [MESSAGE][PASSED] - Tapped on element 'Object Repository/Profile/android.widget.TextView - Profil'

2023-02-01 17:19:48 - [TEST_STEP][PASSED] - delay(3, STOP_ON_FAILURE): Delayed 3 second(s)

2023-02-01 17:19:51 - [MESSAGE][PASSED] - Delayed 3 second(s)

2023-02-01 17:19:51 - [TEST_STEP][PASSED] - swipe(281, 500, 434, 161): Swiped from 281,500 to 434,161

2023-02-01 17:19:52 - [MESSAGE][PASSED] - Swiped from 281,500 to 434,161

2023-02-01 17:19:52 - [TEST_STEP][PASSED] - delay(3, STOP_ON_FAILURE): Delayed 3 second(s)

2023-02-01 17:19:55 - [MESSAGE][PASSED] - Delayed 3 second(s)

2023-02-01 17:19:55 - [TEST_STEP][PASSED] - tap(findTestObject("Profile/Perangkat/android.widget.TextView - Keluar"), 5): Tapped on element 'Object Repository/Profile/Perangkat/android.widget.TextView - Keluar'

2023-02-01 17:19:56 - [MESSAGE][PASSED] - Tapped on element 'Object Repository/Profile/Perangkat/android.widget.TextView - Keluar'

2023-02-01 17:19:56 - [TEST_STEP][PASSED] - delay(3, STOP_ON_FAILURE): Delayed 3 second(s)

2023-02-01 17:19:59 - [MESSAGE][PASSED] - Delayed 3 second(s)

2023-02-01 17:19:59 - [TEST_STEP][PASSED] - tap(findTestObject("Profile/Perangkat/android.widget.TextView - Ya"), 5): Tapped on element 'Object Repository/Profile/Perangkat/android.widget.TextView - Ya'

2023-02-01 17:19:59 - [MESSAGE][PASSED] - Tapped on element 'Object Repository/Profile/Perangkat/android.widget.TextView - Ya'

2023-02-01 17:19:59 - [TEST_STEP][PASSED] - closeApplication(): Close app successfully

2023-02-01 17:20:01 - [MESSAGE][PASSED] - Close app successfully]]></system-out>
         <system-err><![CDATA[]]></system-err>
      </testcase>
      <testcase name="Test Cases/Login KFCKU Apps/Login Failed - Wrong Password" time="42.435" classname="Test Cases/Login KFCKU Apps/Login Failed - Wrong Password" status="PASSED">
         <system-out><![CDATA[2023-02-01 17:20:01 - [TEST_CASE][PASSED] - Test Cases/Login KFCKU Apps/Login Failed - Wrong Password: Test Cases/Login KFCKU Apps/Login Failed - Wrong Password

2023-02-01 17:20:01 - [TEST_STEP][PASSED] - startExistingApplication("com.kfc.mobile.hkStaging", STOP_ON_FAILURE): Starting app with application ID: 'com.kfc.mobile.hkStaging'

2023-02-01 17:20:01 - [MESSAGE][INFO] - User set preference: ['appPackage', 'com.kfc.mobile.hkStaging']

2023-02-01 17:20:01 - [MESSAGE][INFO] - User set preference: ['appActivity', 'com.kfc.mobile.presentation.home.HomeActivity']

2023-02-01 17:20:01 - [MESSAGE][INFO] - User set preference: ['noReset', 'true']

2023-02-01 17:20:01 - [MESSAGE][INFO] - User set preference: ['deviceId', '']

2023-02-01 17:20:02 - [MESSAGE][INFO] - Detected NodeJS location: "C:\Program Files\nodejs\node.exe"

2023-02-01 17:20:03 - [MESSAGE][INFO] - Appium server started on port 52,062

2023-02-01 17:20:18 - [MESSAGE][INFO] - Failed to get OS statusbar's information using default method.

2023-02-01 17:20:19 - [MESSAGE][PASSED] - Starting app with application ID: 'com.kfc.mobile.hkStaging'

2023-02-01 17:20:19 - [TEST_STEP][PASSED] - delay(5, STOP_ON_FAILURE): Delayed 5 second(s)

2023-02-01 17:20:24 - [MESSAGE][PASSED] - Delayed 5 second(s)

2023-02-01 17:20:24 - [TEST_STEP][PASSED] - tap(findTestObject("Profile/android.widget.TextView - Profil"), 5): Tapped on element 'Object Repository/Profile/android.widget.TextView - Profil'

2023-02-01 17:20:25 - [MESSAGE][PASSED] - Tapped on element 'Object Repository/Profile/android.widget.TextView - Profil'

2023-02-01 17:20:25 - [TEST_STEP][PASSED] - setText(findTestObject("Login/android.widget.EditText - Masukkan nomor handphone Anda"), "081211287377", 0): Text '081211287377' has been set to element 'Object Repository/Login/android.widget.EditText - Masukkan nomor handphone Anda'

2023-02-01 17:20:25 - [MESSAGE][WARNING] - Timeout '0' is invalid. Using default page load timeout: '30'

2023-02-01 17:20:29 - [MESSAGE][PASSED] - Text '081211287377' has been set to element 'Object Repository/Login/android.widget.EditText - Masukkan nomor handphone Anda'

2023-02-01 17:20:29 - [TEST_STEP][PASSED] - hideKeyboard(): Keyboard is hidden

2023-02-01 17:20:31 - [MESSAGE][PASSED] - Keyboard is hidden

2023-02-01 17:20:31 - [TEST_STEP][PASSED] - setText(findTestObject("Login/android.widget.EditText - Ketik kata sandi Anda"), "qwerty123", 0): Text 'qwerty123' has been set to element 'Object Repository/Login/android.widget.EditText - Ketik kata sandi Anda'

2023-02-01 17:20:31 - [MESSAGE][WARNING] - Timeout '0' is invalid. Using default page load timeout: '30'

2023-02-01 17:20:33 - [MESSAGE][PASSED] - Text 'qwerty123' has been set to element 'Object Repository/Login/android.widget.EditText - Ketik kata sandi Anda'

2023-02-01 17:20:33 - [TEST_STEP][PASSED] - hideKeyboard(): Keyboard is hidden

2023-02-01 17:20:34 - [MESSAGE][PASSED] - Keyboard is hidden

2023-02-01 17:20:34 - [TEST_STEP][PASSED] - tap(findTestObject("Login/android.widget.Button - Masuk"), 0): Tapped on element 'Object Repository/Login/android.widget.Button - Masuk'

2023-02-01 17:20:34 - [MESSAGE][WARNING] - Timeout '0' is invalid. Using default page load timeout: '30'

2023-02-01 17:20:36 - [MESSAGE][PASSED] - Tapped on element 'Object Repository/Login/android.widget.Button - Masuk'

2023-02-01 17:20:36 - [TEST_STEP][PASSED] - delay(3, STOP_ON_FAILURE): Delayed 3 second(s)

2023-02-01 17:20:39 - [MESSAGE][PASSED] - Delayed 3 second(s)

2023-02-01 17:20:39 - [TEST_STEP][PASSED] - verifyElementVisible(findTestObject("Login/android.widget.TextView - Kata sandi yang Anda masukkan salah"), 3): Element 'Object Repository/Login/android.widget.TextView - Kata sandi yang Anda masukkan salah' is visible

2023-02-01 17:20:39 - [MESSAGE][PASSED] - Element 'Object Repository/Login/android.widget.TextView - Kata sandi yang Anda masukkan salah' is visible

2023-02-01 17:20:39 - [TEST_STEP][PASSED] - verifyElementText(findTestObject("Login/android.widget.TextView - Kata sandi yang Anda masukkan salah"), "Kata sandi yang Anda masukkan salah"): Actual text and expected text of test object 'Object Repository/Login/android.widget.TextView - Kata sandi yang Anda masukkan salah' are matched.

2023-02-01 17:20:39 - [MESSAGE][PASSED] - Actual text and expected text of test object 'Object Repository/Login/android.widget.TextView - Kata sandi yang Anda masukkan salah' are matched.

2023-02-01 17:20:39 - [TEST_STEP][PASSED] - delay(3, STOP_ON_FAILURE): Delayed 3 second(s)

2023-02-01 17:20:42 - [MESSAGE][PASSED] - Delayed 3 second(s)

2023-02-01 17:20:42 - [TEST_STEP][PASSED] - closeApplication(): Close app successfully

2023-02-01 17:20:43 - [MESSAGE][PASSED] - Close app successfully]]></system-out>
         <system-err><![CDATA[]]></system-err>
      </testcase>
      <system-out><![CDATA[2023-02-01 17:16:44 - [TEST_SUITE][PASSED] - Login: Test Cases/Login KFCKU Apps/Login Failed - Wrong Password]]></system-out>
      <system-err><![CDATA[]]></system-err>
   </testsuite>
</testsuites>
