<?xml version="1.0" encoding="UTF-8"?>
<testsuites name="KFCKU Apps" time="1347.478" tests="23" failures="7" errors="0">
   <testsuite name="KFCKU Apps" tests="23" failures="7" errors="0" time="1347.478" skipped="0" timestamp="2023-06-13 11:51:27" hostname="Ahadian Rifky - NKC-23" id="Test Suites/Production/KFCKU Apps">
      <properties>
         <property name="deviceName" value="OPPO CPH1803 (Android 8.1.0)"/>
         <property name="devicePlatform" value=""/>
         <property name="logFolder" value="C:\\Users\\Ahadian Rifky\\Downloads\\Katalon_Studio_Windows_64-8.5.5\\Katalon_Studio_Windows_64-8.5.5\\git.github.com\\maycheljecsan\\kfckuapps_katalon.git\\kfcku_android\\Reports\\20230613_115112\\Production\\KFCKU Apps\\20230613_115112"/>
         <property name="logFiles" value="C:\\Users\\Ahadian Rifky\\Downloads\\Katalon_Studio_Windows_64-8.5.5\\Katalon_Studio_Windows_64-8.5.5\\git.github.com\\maycheljecsan\\kfckuapps_katalon.git\\kfcku_android\\Reports\\20230613_115112\\Production\\KFCKU Apps\\20230613_115112\\appium.log, C:\\Users\\Ahadian Rifky\\Downloads\\Katalon_Studio_Windows_64-8.5.5\\Katalon_Studio_Windows_64-8.5.5\\git.github.com\\maycheljecsan\\kfckuapps_katalon.git\\kfcku_android\\Reports\\20230613_115112\\Production\\KFCKU Apps\\20230613_115112\\execution0.log"/>
         <property name="attachments" value="C:\\Users\\Ahadian Rifky\\Downloads\\Katalon_Studio_Windows_64-8.5.5\\Katalon_Studio_Windows_64-8.5.5\\git.github.com\\maycheljecsan\\kfckuapps_katalon.git\\kfcku_android\\Reports\\20230613_115112\\Production\\KFCKU Apps\\20230613_115112\\1686632256531.png, C:\\Users\\Ahadian Rifky\\Downloads\\Katalon_Studio_Windows_64-8.5.5\\Katalon_Studio_Windows_64-8.5.5\\git.github.com\\maycheljecsan\\kfckuapps_katalon.git\\kfcku_android\\Reports\\20230613_115112\\Production\\KFCKU Apps\\20230613_115112\\1686632456114.png, C:\\Users\\Ahadian Rifky\\Downloads\\Katalon_Studio_Windows_64-8.5.5\\Katalon_Studio_Windows_64-8.5.5\\git.github.com\\maycheljecsan\\kfckuapps_katalon.git\\kfcku_android\\Reports\\20230613_115112\\Production\\KFCKU Apps\\20230613_115112\\1686632551189.png, C:\\Users\\Ahadian Rifky\\Downloads\\Katalon_Studio_Windows_64-8.5.5\\Katalon_Studio_Windows_64-8.5.5\\git.github.com\\maycheljecsan\\kfckuapps_katalon.git\\kfcku_android\\Reports\\20230613_115112\\Production\\KFCKU Apps\\20230613_115112\\1686632794216.png, C:\\Users\\Ahadian Rifky\\Downloads\\Katalon_Studio_Windows_64-8.5.5\\Katalon_Studio_Windows_64-8.5.5\\git.github.com\\maycheljecsan\\kfckuapps_katalon.git\\kfcku_android\\Reports\\20230613_115112\\Production\\KFCKU Apps\\20230613_115112\\1686632913868.png, C:\\Users\\Ahadian Rifky\\Downloads\\Katalon_Studio_Windows_64-8.5.5\\Katalon_Studio_Windows_64-8.5.5\\git.github.com\\maycheljecsan\\kfckuapps_katalon.git\\kfcku_android\\Reports\\20230613_115112\\Production\\KFCKU Apps\\20230613_115112\\1686632972383.png, C:\\Users\\Ahadian Rifky\\Downloads\\Katalon_Studio_Windows_64-8.5.5\\Katalon_Studio_Windows_64-8.5.5\\git.github.com\\maycheljecsan\\kfckuapps_katalon.git\\kfcku_android\\Reports\\20230613_115112\\Production\\KFCKU Apps\\20230613_115112\\1686633167435.png"/>
         <property name="hostName" value="Ahadian Rifky - NKC-23"/>
         <property name="os" value="Windows 10 64bit"/>
         <property name="appiumServerStatus" value="{&quot;value&quot;:{&quot;build&quot;:{&quot;version&quot;:&quot;1.22.3&quot;}},&quot;sessionId&quot;:null,&quot;status&quot;:0}"/>
         <property name="katalonVersion" value="8.5.5.208"/>
         <property name="deviceOS" value="Android"/>
         <property name="appiumVersion" value="1.22.3"/>
         <property name="deviceModel" value="CPH1803"/>
         <property name="hostAddress" value="172.10.13.174"/>
         <property name="deviceManufacturer" value="OPPO"/>
         <property name="deviceId" value="cefdc881"/>
         <property name="deviceName" value="OPPO CPH1803 (Android 8.1.0)"/>
         <property name="deviceOSVersion" value="8.1.0"/>
      </properties>
      <testcase name="Test Cases/Production/Login KFCKU Apps/Login Failed - Empty Phone Number and Password" time="50.868" classname="Test Cases/Production/Login KFCKU Apps/Login Failed - Empty Phone Number and Password" status="PASSED">
         <system-out><![CDATA[2023-06-13 11:51:27 - [TEST_CASE][PASSED] - Test Cases/Production/Login KFCKU Apps/Login Failed - Empty Phone Number and Password: Test Cases/Production/Login KFCKU Apps/Login Failed - Empty Phone Number and Password

2023-06-13 11:51:28 - [TEST_STEP][PASSED] - startExistingApplication("com.kfc.mobile", STOP_ON_FAILURE): Starting app with application ID: 'com.kfc.mobile'

2023-06-13 11:51:28 - [MESSAGE][INFO] - User set preference: ['appPackage', 'com.kfc.mobile']

2023-06-13 11:51:28 - [MESSAGE][INFO] - User set preference: ['appActivity', 'com.kfc.mobile.presentation.splash.SplashActivity']

2023-06-13 11:51:28 - [MESSAGE][INFO] - User set preference: ['noReset', 'true']

2023-06-13 11:51:28 - [MESSAGE][INFO] - User set preference: ['deviceId', 'cefdc881']

2023-06-13 11:51:28 - [MESSAGE][INFO] - Detected NodeJS location: "C:\Program Files\nodejs\node.exe"

2023-06-13 11:51:31 - [MESSAGE][INFO] - Appium server started on port 54,301

2023-06-13 11:51:57 - [MESSAGE][PASSED] - Starting app with application ID: 'com.kfc.mobile'

2023-06-13 11:51:57 - [TEST_STEP][PASSED] - delay(5, STOP_ON_FAILURE): Delayed 5 second(s)

2023-06-13 11:52:02 - [MESSAGE][PASSED] - Delayed 5 second(s)

2023-06-13 11:52:02 - [TEST_STEP][PASSED] - tap(findTestObject("Productions/Menu/Profile"), 5): Tapped on element 'Object Repository/Productions/Menu/Profile'

2023-06-13 11:52:05 - [MESSAGE][PASSED] - Tapped on element 'Object Repository/Productions/Menu/Profile'

2023-06-13 11:52:05 - [TEST_STEP][PASSED] - tap(findTestObject("Productions/Login/Button - Sign In"), 0): Tapped on element 'Object Repository/Productions/Login/Button - Sign In'

2023-06-13 11:52:05 - [MESSAGE][WARNING] - Timeout '0' is invalid. Using default page load timeout: '30'

2023-06-13 11:52:07 - [MESSAGE][PASSED] - Tapped on element 'Object Repository/Productions/Login/Button - Sign In'

2023-06-13 11:52:07 - [TEST_STEP][PASSED] - delay(5, STOP_ON_FAILURE): Delayed 5 second(s)

2023-06-13 11:52:12 - [MESSAGE][PASSED] - Delayed 5 second(s)

2023-06-13 11:52:12 - [TEST_STEP][PASSED] - waitForElementPresent(findTestObject("Productions/Login/Please enter your phone number"), 0, STOP_ON_FAILURE): Element 'Object Repository/Productions/Login/Please enter your phone number' is present

2023-06-13 11:52:13 - [MESSAGE][WARNING] - Timeout '0' is invalid. Using default page load timeout: '30'

2023-06-13 11:52:13 - [MESSAGE][PASSED] - Element 'Object Repository/Productions/Login/Please enter your phone number' is present

2023-06-13 11:52:13 - [TEST_STEP][PASSED] - waitForElementPresent(findTestObject("Productions/Login/Please type your correct password"), 0): Element 'Object Repository/Productions/Login/Please type your correct password' is present

2023-06-13 11:52:13 - [MESSAGE][WARNING] - Timeout '0' is invalid. Using default page load timeout: '30'

2023-06-13 11:52:14 - [MESSAGE][PASSED] - Element 'Object Repository/Productions/Login/Please type your correct password' is present

2023-06-13 11:52:14 - [TEST_STEP][PASSED] - delay(3, STOP_ON_FAILURE): Delayed 3 second(s)

2023-06-13 11:52:17 - [MESSAGE][PASSED] - Delayed 3 second(s)

2023-06-13 11:52:17 - [TEST_STEP][PASSED] - closeApplication(): Close app successfully

2023-06-13 11:52:18 - [MESSAGE][PASSED] - Close app successfully

2023-06-13 11:52:18 - [TEST_STEP][PASSED] - Start listener action : sampleAfterTestCase: null

2023-06-13 11:52:18 - [TEST_STEP][PASSED] - println(testCaseContext.getTestCaseId()): null

2023-06-13 11:52:18 - [TEST_STEP][PASSED] - println(testCaseContext.getTestCaseStatus()): null]]></system-out>
         <system-err><![CDATA[]]></system-err>
      </testcase>
      <testcase name="Test Cases/Production/Login KFCKU Apps/Login Failed - Phone Number Not Registered" time="47.788" classname="Test Cases/Production/Login KFCKU Apps/Login Failed - Phone Number Not Registered" status="PASSED">
         <system-out><![CDATA[2023-06-13 11:52:18 - [TEST_CASE][PASSED] - Test Cases/Production/Login KFCKU Apps/Login Failed - Phone Number Not Registered: Test Cases/Production/Login KFCKU Apps/Login Failed - Phone Number Not Registered

2023-06-13 11:52:19 - [TEST_STEP][PASSED] - startExistingApplication("com.kfc.mobile", STOP_ON_FAILURE): Starting app with application ID: 'com.kfc.mobile'

2023-06-13 11:52:19 - [MESSAGE][INFO] - User set preference: ['appPackage', 'com.kfc.mobile']

2023-06-13 11:52:19 - [MESSAGE][INFO] - User set preference: ['appActivity', 'com.kfc.mobile.presentation.splash.SplashActivity']

2023-06-13 11:52:19 - [MESSAGE][INFO] - User set preference: ['noReset', 'true']

2023-06-13 11:52:19 - [MESSAGE][INFO] - User set preference: ['deviceId', 'cefdc881']

2023-06-13 11:52:19 - [MESSAGE][INFO] - Detected NodeJS location: "C:\Program Files\nodejs\node.exe"

2023-06-13 11:52:21 - [MESSAGE][INFO] - Appium server started on port 54,516

2023-06-13 11:52:40 - [MESSAGE][PASSED] - Starting app with application ID: 'com.kfc.mobile'

2023-06-13 11:52:40 - [TEST_STEP][PASSED] - delay(5, STOP_ON_FAILURE): Delayed 5 second(s)

2023-06-13 11:52:45 - [MESSAGE][PASSED] - Delayed 5 second(s)

2023-06-13 11:52:45 - [TEST_STEP][PASSED] - tap(findTestObject("Productions/Menu/Profile"), 5): Tapped on element 'Object Repository/Productions/Menu/Profile'

2023-06-13 11:52:48 - [MESSAGE][PASSED] - Tapped on element 'Object Repository/Productions/Menu/Profile'

2023-06-13 11:52:48 - [TEST_STEP][PASSED] - tap(findTestObject("Productions/Login/Enter your phone number"), 0): Tapped on element 'Object Repository/Productions/Login/Enter your phone number'

2023-06-13 11:52:48 - [MESSAGE][WARNING] - Timeout '0' is invalid. Using default page load timeout: '30'

2023-06-13 11:52:51 - [MESSAGE][PASSED] - Tapped on element 'Object Repository/Productions/Login/Enter your phone number'

2023-06-13 11:52:51 - [TEST_STEP][PASSED] - setText(findTestObject("Productions/Login/Enter your phone number"), "081211287366", 0): Text '081211287366' has been set to element 'Object Repository/Productions/Login/Enter your phone number'

2023-06-13 11:52:51 - [MESSAGE][WARNING] - Timeout '0' is invalid. Using default page load timeout: '30'

2023-06-13 11:52:53 - [MESSAGE][PASSED] - Text '081211287366' has been set to element 'Object Repository/Productions/Login/Enter your phone number'

2023-06-13 11:52:53 - [TEST_STEP][PASSED] - pressBack(): Press back button successfully

2023-06-13 11:52:54 - [MESSAGE][PASSED] - Press back button successfully

2023-06-13 11:52:54 - [TEST_STEP][PASSED] - setText(findTestObject("Productions/Login/Type your password"), "Pass123", 0): Text 'Pass123' has been set to element 'Object Repository/Productions/Login/Type your password'

2023-06-13 11:52:54 - [MESSAGE][WARNING] - Timeout '0' is invalid. Using default page load timeout: '30'

2023-06-13 11:52:55 - [MESSAGE][PASSED] - Text 'Pass123' has been set to element 'Object Repository/Productions/Login/Type your password'

2023-06-13 11:52:55 - [TEST_STEP][PASSED] - tap(findTestObject("Productions/Login/Button - Sign In"), 0): Tapped on element 'Object Repository/Productions/Login/Button - Sign In'

2023-06-13 11:52:55 - [MESSAGE][WARNING] - Timeout '0' is invalid. Using default page load timeout: '30'

2023-06-13 11:52:56 - [MESSAGE][PASSED] - Tapped on element 'Object Repository/Productions/Login/Button - Sign In'

2023-06-13 11:52:56 - [TEST_STEP][PASSED] - delay(5, STOP_ON_FAILURE): Delayed 5 second(s)

2023-06-13 11:53:01 - [MESSAGE][PASSED] - Delayed 5 second(s)

2023-06-13 11:53:01 - [TEST_STEP][PASSED] - waitForElementPresent(findTestObject("Productions/Login/Your phone number has not been registered"), 0, STOP_ON_FAILURE): Element 'Object Repository/Productions/Login/Your phone number has not been registered' is present

2023-06-13 11:53:02 - [MESSAGE][WARNING] - Timeout '0' is invalid. Using default page load timeout: '30'

2023-06-13 11:53:02 - [MESSAGE][PASSED] - Element 'Object Repository/Productions/Login/Your phone number has not been registered' is present

2023-06-13 11:53:02 - [TEST_STEP][PASSED] - delay(3, STOP_ON_FAILURE): Delayed 3 second(s)

2023-06-13 11:53:05 - [MESSAGE][PASSED] - Delayed 3 second(s)

2023-06-13 11:53:05 - [TEST_STEP][PASSED] - closeApplication(): Close app successfully

2023-06-13 11:53:06 - [MESSAGE][PASSED] - Close app successfully

2023-06-13 11:53:06 - [TEST_STEP][PASSED] - Start listener action : sampleAfterTestCase: null

2023-06-13 11:53:06 - [TEST_STEP][PASSED] - println(testCaseContext.getTestCaseId()): null

2023-06-13 11:53:06 - [TEST_STEP][PASSED] - println(testCaseContext.getTestCaseStatus()): null]]></system-out>
         <system-err><![CDATA[]]></system-err>
      </testcase>
      <testcase name="Test Cases/Production/Login KFCKU Apps/Login Failed - Wrong Password" time="49.28" classname="Test Cases/Production/Login KFCKU Apps/Login Failed - Wrong Password" status="PASSED">
         <system-out><![CDATA[2023-06-13 11:53:06 - [TEST_CASE][PASSED] - Test Cases/Production/Login KFCKU Apps/Login Failed - Wrong Password: Test Cases/Production/Login KFCKU Apps/Login Failed - Wrong Password

2023-06-13 11:53:06 - [TEST_STEP][PASSED] - startExistingApplication("com.kfc.mobile", STOP_ON_FAILURE): Starting app with application ID: 'com.kfc.mobile'

2023-06-13 11:53:06 - [MESSAGE][INFO] - User set preference: ['appPackage', 'com.kfc.mobile']

2023-06-13 11:53:06 - [MESSAGE][INFO] - User set preference: ['appActivity', 'com.kfc.mobile.presentation.splash.SplashActivity']

2023-06-13 11:53:06 - [MESSAGE][INFO] - User set preference: ['noReset', 'true']

2023-06-13 11:53:06 - [MESSAGE][INFO] - User set preference: ['deviceId', 'cefdc881']

2023-06-13 11:53:07 - [MESSAGE][INFO] - Detected NodeJS location: "C:\Program Files\nodejs\node.exe"

2023-06-13 11:53:10 - [MESSAGE][INFO] - Appium server started on port 54,735

2023-06-13 11:53:29 - [MESSAGE][PASSED] - Starting app with application ID: 'com.kfc.mobile'

2023-06-13 11:53:29 - [TEST_STEP][PASSED] - delay(5, STOP_ON_FAILURE): Delayed 5 second(s)

2023-06-13 11:53:34 - [MESSAGE][PASSED] - Delayed 5 second(s)

2023-06-13 11:53:34 - [TEST_STEP][PASSED] - tap(findTestObject("Productions/Menu/Profile"), 5): Tapped on element 'Object Repository/Productions/Menu/Profile'

2023-06-13 11:53:38 - [MESSAGE][PASSED] - Tapped on element 'Object Repository/Productions/Menu/Profile'

2023-06-13 11:53:38 - [TEST_STEP][PASSED] - tap(findTestObject("Productions/Login/Enter your phone number"), 0): Tapped on element 'Object Repository/Productions/Login/Enter your phone number'

2023-06-13 11:53:38 - [MESSAGE][WARNING] - Timeout '0' is invalid. Using default page load timeout: '30'

2023-06-13 11:53:40 - [MESSAGE][PASSED] - Tapped on element 'Object Repository/Productions/Login/Enter your phone number'

2023-06-13 11:53:40 - [TEST_STEP][PASSED] - setText(findTestObject("Productions/Login/Enter your phone number"), "081211287377", 0): Text '081211287377' has been set to element 'Object Repository/Productions/Login/Enter your phone number'

2023-06-13 11:53:40 - [MESSAGE][WARNING] - Timeout '0' is invalid. Using default page load timeout: '30'

2023-06-13 11:53:42 - [MESSAGE][PASSED] - Text '081211287377' has been set to element 'Object Repository/Productions/Login/Enter your phone number'

2023-06-13 11:53:42 - [TEST_STEP][PASSED] - pressBack(): Press back button successfully

2023-06-13 11:53:43 - [MESSAGE][PASSED] - Press back button successfully

2023-06-13 11:53:43 - [TEST_STEP][PASSED] - setText(findTestObject("Productions/Login/Type your password"), "passk209", 0): Text 'passk209' has been set to element 'Object Repository/Productions/Login/Type your password'

2023-06-13 11:53:43 - [MESSAGE][WARNING] - Timeout '0' is invalid. Using default page load timeout: '30'

2023-06-13 11:53:45 - [MESSAGE][PASSED] - Text 'passk209' has been set to element 'Object Repository/Productions/Login/Type your password'

2023-06-13 11:53:45 - [TEST_STEP][PASSED] - tap(findTestObject("Productions/Login/Button - Sign In"), 0): Tapped on element 'Object Repository/Productions/Login/Button - Sign In'

2023-06-13 11:53:45 - [MESSAGE][WARNING] - Timeout '0' is invalid. Using default page load timeout: '30'

2023-06-13 11:53:46 - [MESSAGE][PASSED] - Tapped on element 'Object Repository/Productions/Login/Button - Sign In'

2023-06-13 11:53:46 - [TEST_STEP][PASSED] - delay(5, STOP_ON_FAILURE): Delayed 5 second(s)

2023-06-13 11:53:51 - [MESSAGE][PASSED] - Delayed 5 second(s)

2023-06-13 11:53:51 - [TEST_STEP][PASSED] - waitForElementPresent(findTestObject("Productions/Login/The password you entered is incorrect"), 0, STOP_ON_FAILURE): Element 'Object Repository/Productions/Login/The password you entered is incorrect' is present

2023-06-13 11:53:51 - [MESSAGE][WARNING] - Timeout '0' is invalid. Using default page load timeout: '30'

2023-06-13 11:53:52 - [MESSAGE][PASSED] - Element 'Object Repository/Productions/Login/The password you entered is incorrect' is present

2023-06-13 11:53:52 - [TEST_STEP][PASSED] - delay(3, STOP_ON_FAILURE): Delayed 3 second(s)

2023-06-13 11:53:55 - [MESSAGE][PASSED] - Delayed 3 second(s)

2023-06-13 11:53:55 - [TEST_STEP][PASSED] - closeApplication(): Close app successfully

2023-06-13 11:53:55 - [MESSAGE][PASSED] - Close app successfully

2023-06-13 11:53:55 - [TEST_STEP][PASSED] - Start listener action : sampleAfterTestCase: null

2023-06-13 11:53:55 - [TEST_STEP][PASSED] - println(testCaseContext.getTestCaseId()): null

2023-06-13 11:53:55 - [TEST_STEP][PASSED] - println(testCaseContext.getTestCaseStatus()): null]]></system-out>
         <system-err><![CDATA[]]></system-err>
      </testcase>
      <testcase name="Test Cases/Production/Login KFCKU Apps/Login Social Media" time="54.891" classname="Test Cases/Production/Login KFCKU Apps/Login Social Media" status="PASSED">
         <system-out><![CDATA[2023-06-13 11:53:55 - [TEST_CASE][PASSED] - Test Cases/Production/Login KFCKU Apps/Login Social Media: Test Cases/Production/Login KFCKU Apps/Login Social Media

2023-06-13 11:53:55 - [TEST_STEP][PASSED] - startExistingApplication("com.kfc.mobile", STOP_ON_FAILURE): Starting app with application ID: 'com.kfc.mobile'

2023-06-13 11:53:55 - [MESSAGE][INFO] - User set preference: ['appPackage', 'com.kfc.mobile']

2023-06-13 11:53:55 - [MESSAGE][INFO] - User set preference: ['appActivity', 'com.kfc.mobile.presentation.splash.SplashActivity']

2023-06-13 11:53:55 - [MESSAGE][INFO] - User set preference: ['noReset', 'true']

2023-06-13 11:53:55 - [MESSAGE][INFO] - User set preference: ['deviceId', 'cefdc881']

2023-06-13 11:53:56 - [MESSAGE][INFO] - Detected NodeJS location: "C:\Program Files\nodejs\node.exe"

2023-06-13 11:53:58 - [MESSAGE][INFO] - Appium server started on port 54,951

2023-06-13 11:54:17 - [MESSAGE][PASSED] - Starting app with application ID: 'com.kfc.mobile'

2023-06-13 11:54:17 - [TEST_STEP][PASSED] - delay(5, STOP_ON_FAILURE): Delayed 5 second(s)

2023-06-13 11:54:22 - [MESSAGE][PASSED] - Delayed 5 second(s)

2023-06-13 11:54:22 - [TEST_STEP][PASSED] - tap(findTestObject("Productions/Menu/Profile"), 5): Tapped on element 'Object Repository/Productions/Menu/Profile'

2023-06-13 11:54:25 - [MESSAGE][PASSED] - Tapped on element 'Object Repository/Productions/Menu/Profile'

2023-06-13 11:54:25 - [TEST_STEP][PASSED] - waitForElementPresent(findTestObject("Productions/Login/Button - Sign in with Google"), 0): Element 'Object Repository/Productions/Login/Button - Sign in with Google' is present

2023-06-13 11:54:25 - [MESSAGE][WARNING] - Timeout '0' is invalid. Using default page load timeout: '30'

2023-06-13 11:54:27 - [MESSAGE][PASSED] - Element 'Object Repository/Productions/Login/Button - Sign in with Google' is present

2023-06-13 11:54:27 - [TEST_STEP][PASSED] - tap(findTestObject("Productions/Login/Button - Sign in with Google"), 0): Tapped on element 'Object Repository/Productions/Login/Button - Sign in with Google'

2023-06-13 11:54:27 - [MESSAGE][WARNING] - Timeout '0' is invalid. Using default page load timeout: '30'

2023-06-13 11:54:28 - [MESSAGE][PASSED] - Tapped on element 'Object Repository/Productions/Login/Button - Sign in with Google'

2023-06-13 11:54:28 - [TEST_STEP][PASSED] - delay(5, STOP_ON_FAILURE): Delayed 5 second(s)

2023-06-13 11:54:33 - [MESSAGE][PASSED] - Delayed 5 second(s)

2023-06-13 11:54:33 - [TEST_STEP][PASSED] - tap(findTestObject("Productions/Login/jecsanmaychelgmail.com"), 0, STOP_ON_FAILURE): Tapped on element 'Object Repository/Productions/Login/jecsanmaychelgmail.com'

2023-06-13 11:54:34 - [MESSAGE][WARNING] - Timeout '0' is invalid. Using default page load timeout: '30'

2023-06-13 11:54:34 - [MESSAGE][PASSED] - Tapped on element 'Object Repository/Productions/Login/jecsanmaychelgmail.com'

2023-06-13 11:54:34 - [TEST_STEP][PASSED] - delay(5, STOP_ON_FAILURE): Delayed 5 second(s)

2023-06-13 11:54:39 - [MESSAGE][PASSED] - Delayed 5 second(s)

2023-06-13 11:54:39 - [TEST_STEP][PASSED] - waitForElementPresent(findTestObject("Productions/Login/Profile Info"), 0): Element 'Object Repository/Productions/Login/Profile Info' is present

2023-06-13 11:54:39 - [MESSAGE][WARNING] - Timeout '0' is invalid. Using default page load timeout: '30'

2023-06-13 11:54:41 - [MESSAGE][PASSED] - Element 'Object Repository/Productions/Login/Profile Info' is present

2023-06-13 11:54:41 - [TEST_STEP][PASSED] - delay(3, STOP_ON_FAILURE): Delayed 3 second(s)

2023-06-13 11:54:44 - [MESSAGE][PASSED] - Delayed 3 second(s)

2023-06-13 11:54:44 - [TEST_STEP][PASSED] - tap(findTestObject("Productions/Login/Log Out"), 0): Tapped on element 'Object Repository/Productions/Login/Log Out'

2023-06-13 11:54:44 - [MESSAGE][WARNING] - Timeout '0' is invalid. Using default page load timeout: '30'

2023-06-13 11:54:45 - [MESSAGE][PASSED] - Tapped on element 'Object Repository/Productions/Login/Log Out'

2023-06-13 11:54:45 - [TEST_STEP][PASSED] - tap(findTestObject("Productions/Login/Logout - Yes"), 0): Tapped on element 'Object Repository/Productions/Login/Logout - Yes'

2023-06-13 11:54:45 - [MESSAGE][WARNING] - Timeout '0' is invalid. Using default page load timeout: '30'

2023-06-13 11:54:46 - [MESSAGE][PASSED] - Tapped on element 'Object Repository/Productions/Login/Logout - Yes'

2023-06-13 11:54:46 - [TEST_STEP][PASSED] - delay(3, STOP_ON_FAILURE): Delayed 3 second(s)

2023-06-13 11:54:49 - [MESSAGE][PASSED] - Delayed 3 second(s)

2023-06-13 11:54:49 - [TEST_STEP][PASSED] - closeApplication(): Close app successfully

2023-06-13 11:54:50 - [MESSAGE][PASSED] - Close app successfully

2023-06-13 11:54:50 - [TEST_STEP][PASSED] - Start listener action : sampleAfterTestCase: null

2023-06-13 11:54:50 - [TEST_STEP][PASSED] - println(testCaseContext.getTestCaseId()): null

2023-06-13 11:54:50 - [TEST_STEP][PASSED] - println(testCaseContext.getTestCaseStatus()): null]]></system-out>
         <system-err><![CDATA[]]></system-err>
      </testcase>
      <testcase name="Test Cases/Production/Login KFCKU Apps/Login Phone Number" time="48.99" classname="Test Cases/Production/Login KFCKU Apps/Login Phone Number" status="PASSED">
         <system-out><![CDATA[2023-06-13 11:54:50 - [TEST_CASE][PASSED] - Test Cases/Production/Login KFCKU Apps/Login Phone Number: Test Cases/Production/Login KFCKU Apps/Login Phone Number

2023-06-13 11:54:51 - [TEST_STEP][PASSED] - startExistingApplication("com.kfc.mobile", STOP_ON_FAILURE): Starting app with application ID: 'com.kfc.mobile'

2023-06-13 11:54:51 - [MESSAGE][INFO] - User set preference: ['appPackage', 'com.kfc.mobile']

2023-06-13 11:54:51 - [MESSAGE][INFO] - User set preference: ['appActivity', 'com.kfc.mobile.presentation.splash.SplashActivity']

2023-06-13 11:54:51 - [MESSAGE][INFO] - User set preference: ['noReset', 'true']

2023-06-13 11:54:51 - [MESSAGE][INFO] - User set preference: ['deviceId', 'cefdc881']

2023-06-13 11:54:51 - [MESSAGE][INFO] - Detected NodeJS location: "C:\Program Files\nodejs\node.exe"

2023-06-13 11:54:54 - [MESSAGE][INFO] - Appium server started on port 55,163

2023-06-13 11:55:13 - [MESSAGE][PASSED] - Starting app with application ID: 'com.kfc.mobile'

2023-06-13 11:55:13 - [TEST_STEP][PASSED] - delay(5, STOP_ON_FAILURE): Delayed 5 second(s)

2023-06-13 11:55:18 - [MESSAGE][PASSED] - Delayed 5 second(s)

2023-06-13 11:55:18 - [TEST_STEP][PASSED] - tap(findTestObject("Productions/Menu/Profile"), 5): Tapped on element 'Object Repository/Productions/Menu/Profile'

2023-06-13 11:55:21 - [MESSAGE][PASSED] - Tapped on element 'Object Repository/Productions/Menu/Profile'

2023-06-13 11:55:21 - [TEST_STEP][PASSED] - tap(findTestObject("Productions/Login/Enter your phone number"), 0): Tapped on element 'Object Repository/Productions/Login/Enter your phone number'

2023-06-13 11:55:22 - [MESSAGE][WARNING] - Timeout '0' is invalid. Using default page load timeout: '30'

2023-06-13 11:55:24 - [MESSAGE][PASSED] - Tapped on element 'Object Repository/Productions/Login/Enter your phone number'

2023-06-13 11:55:24 - [TEST_STEP][PASSED] - setText(findTestObject("Productions/Login/Enter your phone number"), "081211287377", 0): Text '081211287377' has been set to element 'Object Repository/Productions/Login/Enter your phone number'

2023-06-13 11:55:24 - [MESSAGE][WARNING] - Timeout '0' is invalid. Using default page load timeout: '30'

2023-06-13 11:55:26 - [MESSAGE][PASSED] - Text '081211287377' has been set to element 'Object Repository/Productions/Login/Enter your phone number'

2023-06-13 11:55:26 - [TEST_STEP][PASSED] - pressBack(): Press back button successfully

2023-06-13 11:55:27 - [MESSAGE][PASSED] - Press back button successfully

2023-06-13 11:55:27 - [TEST_STEP][PASSED] - setText(findTestObject("Productions/Login/Type your password"), "pass123", 0): Text 'pass123' has been set to element 'Object Repository/Productions/Login/Type your password'

2023-06-13 11:55:27 - [MESSAGE][WARNING] - Timeout '0' is invalid. Using default page load timeout: '30'

2023-06-13 11:55:28 - [MESSAGE][PASSED] - Text 'pass123' has been set to element 'Object Repository/Productions/Login/Type your password'

2023-06-13 11:55:28 - [TEST_STEP][PASSED] - tap(findTestObject("Productions/Login/Button - Sign In"), 0): Tapped on element 'Object Repository/Productions/Login/Button - Sign In'

2023-06-13 11:55:29 - [MESSAGE][WARNING] - Timeout '0' is invalid. Using default page load timeout: '30'

2023-06-13 11:55:30 - [MESSAGE][PASSED] - Tapped on element 'Object Repository/Productions/Login/Button - Sign In'

2023-06-13 11:55:30 - [TEST_STEP][PASSED] - delay(5, STOP_ON_FAILURE): Delayed 5 second(s)

2023-06-13 11:55:35 - [MESSAGE][PASSED] - Delayed 5 second(s)

2023-06-13 11:55:35 - [TEST_STEP][PASSED] - waitForElementPresent(findTestObject("Productions/Login/Profile Info"), 0, STOP_ON_FAILURE): Element 'Object Repository/Productions/Login/Profile Info' is present

2023-06-13 11:55:35 - [MESSAGE][WARNING] - Timeout '0' is invalid. Using default page load timeout: '30'

2023-06-13 11:55:35 - [MESSAGE][PASSED] - Element 'Object Repository/Productions/Login/Profile Info' is present

2023-06-13 11:55:35 - [TEST_STEP][PASSED] - delay(3, STOP_ON_FAILURE): Delayed 3 second(s)

2023-06-13 11:55:38 - [MESSAGE][PASSED] - Delayed 3 second(s)

2023-06-13 11:55:38 - [TEST_STEP][PASSED] - closeApplication(): Close app successfully

2023-06-13 11:55:39 - [MESSAGE][PASSED] - Close app successfully

2023-06-13 11:55:39 - [TEST_STEP][PASSED] - Start listener action : sampleAfterTestCase: null

2023-06-13 11:55:39 - [TEST_STEP][PASSED] - println(testCaseContext.getTestCaseId()): null

2023-06-13 11:55:39 - [TEST_STEP][PASSED] - println(testCaseContext.getTestCaseStatus()): null]]></system-out>
         <system-err><![CDATA[]]></system-err>
      </testcase>
      <testcase name="Test Cases/Production/Home Page/Promotion" time="46.997" classname="Test Cases/Production/Home Page/Promotion" status="PASSED">
         <system-out><![CDATA[2023-06-13 11:55:39 - [TEST_CASE][PASSED] - Test Cases/Production/Home Page/Promotion: Test Cases/Production/Home Page/Promotion

2023-06-13 11:55:40 - [TEST_STEP][PASSED] - startExistingApplication("com.kfc.mobile", STOP_ON_FAILURE): Starting app with application ID: 'com.kfc.mobile'

2023-06-13 11:55:40 - [MESSAGE][INFO] - User set preference: ['appPackage', 'com.kfc.mobile']

2023-06-13 11:55:40 - [MESSAGE][INFO] - User set preference: ['appActivity', 'com.kfc.mobile.presentation.splash.SplashActivity']

2023-06-13 11:55:40 - [MESSAGE][INFO] - User set preference: ['noReset', 'true']

2023-06-13 11:55:40 - [MESSAGE][INFO] - User set preference: ['deviceId', 'cefdc881']

2023-06-13 11:55:40 - [MESSAGE][INFO] - Detected NodeJS location: "C:\Program Files\nodejs\node.exe"

2023-06-13 11:55:42 - [MESSAGE][INFO] - Appium server started on port 55,406

2023-06-13 11:56:02 - [MESSAGE][PASSED] - Starting app with application ID: 'com.kfc.mobile'

2023-06-13 11:56:02 - [TEST_STEP][PASSED] - delay(3, STOP_ON_FAILURE): Delayed 3 second(s)

2023-06-13 11:56:05 - [MESSAGE][PASSED] - Delayed 3 second(s)

2023-06-13 11:56:05 - [TEST_STEP][PASSED] - verifyElementVisible(findTestObject("Productions/Home Page/Promotion/Banner"), 0): Element 'Object Repository/Productions/Home Page/Promotion/Banner' is visible

2023-06-13 11:56:05 - [MESSAGE][WARNING] - Timeout '0' is invalid. Using default page load timeout: '30'

2023-06-13 11:56:08 - [MESSAGE][PASSED] - Element 'Object Repository/Productions/Home Page/Promotion/Banner' is visible

2023-06-13 11:56:08 - [TEST_STEP][PASSED] - swipe(281, 800, 434, 61): Swiped from 281,800 to 434,61

2023-06-13 11:56:09 - [MESSAGE][PASSED] - Swiped from 281,800 to 434,61

2023-06-13 11:56:09 - [TEST_STEP][PASSED] - verifyElementVisible(findTestObject("Productions/Home Page/Promotion/Title - PROMOS AND REWARDS"), 0): Element 'Object Repository/Productions/Home Page/Promotion/Title - PROMOS AND REWARDS' is visible

2023-06-13 11:56:09 - [MESSAGE][WARNING] - Timeout '0' is invalid. Using default page load timeout: '30'

2023-06-13 11:56:11 - [MESSAGE][PASSED] - Element 'Object Repository/Productions/Home Page/Promotion/Title - PROMOS AND REWARDS' is visible

2023-06-13 11:56:11 - [TEST_STEP][PASSED] - device_Height = getDeviceHeight(): Current device physical height is 1520

2023-06-13 11:56:11 - [MESSAGE][PASSED] - Current device physical height is 1520

2023-06-13 11:56:11 - [TEST_STEP][PASSED] - device_Width = getDeviceWidth(): Current device physical width is 720

2023-06-13 11:56:11 - [MESSAGE][PASSED] - Current device physical width is 720

2023-06-13 11:56:11 - [TEST_STEP][PASSED] - startY = device_Height / 2: null

2023-06-13 11:56:11 - [TEST_STEP][PASSED] - endY = startY: null

2023-06-13 11:56:11 - [TEST_STEP][PASSED] - startX = device_Width * 0.30: null

2023-06-13 11:56:11 - [TEST_STEP][PASSED] - endX = device_Width * 0.70: null

2023-06-13 11:56:11 - [TEST_STEP][PASSED] - swipe(endX, startY, startX, endY): Swiped from 504,760 to 216,760

2023-06-13 11:56:13 - [MESSAGE][PASSED] - Swiped from 504,760 to 216,760

2023-06-13 11:56:13 - [TEST_STEP][PASSED] - tap(findTestObject("Productions/Home Page/Promotion/View All"), 3): Tapped on element 'Object Repository/Productions/Home Page/Promotion/View All'

2023-06-13 11:56:14 - [MESSAGE][PASSED] - Tapped on element 'Object Repository/Productions/Home Page/Promotion/View All'

2023-06-13 11:56:14 - [TEST_STEP][PASSED] - verifyElementVisible(findTestObject("Productions/Home Page/Promotion/Title - ONGOING PROMO"), 0): Element 'Object Repository/Productions/Home Page/Promotion/Title - ONGOING PROMO' is visible

2023-06-13 11:56:14 - [MESSAGE][WARNING] - Timeout '0' is invalid. Using default page load timeout: '30'

2023-06-13 11:56:16 - [MESSAGE][PASSED] - Element 'Object Repository/Productions/Home Page/Promotion/Title - ONGOING PROMO' is visible

2023-06-13 11:56:16 - [TEST_STEP][PASSED] - verifyElementVisible(findTestObject("Productions/Home Page/Promotion/Promo List 1"), 0): Element 'Object Repository/Productions/Home Page/Promotion/Promo List 1' is visible

2023-06-13 11:56:16 - [MESSAGE][WARNING] - Timeout '0' is invalid. Using default page load timeout: '30'

2023-06-13 11:56:17 - [MESSAGE][PASSED] - Element 'Object Repository/Productions/Home Page/Promotion/Promo List 1' is visible

2023-06-13 11:56:17 - [TEST_STEP][PASSED] - verifyElementVisible(findTestObject("Productions/Home Page/Promotion/Promo List 2"), 0): Element 'Object Repository/Productions/Home Page/Promotion/Promo List 2' is visible

2023-06-13 11:56:17 - [MESSAGE][WARNING] - Timeout '0' is invalid. Using default page load timeout: '30'

2023-06-13 11:56:17 - [MESSAGE][PASSED] - Element 'Object Repository/Productions/Home Page/Promotion/Promo List 2' is visible

2023-06-13 11:56:17 - [TEST_STEP][PASSED] - verifyElementVisible(findTestObject("Productions/Home Page/Promotion/Promo List 3"), 0): Element 'Object Repository/Productions/Home Page/Promotion/Promo List 3' is visible

2023-06-13 11:56:17 - [MESSAGE][WARNING] - Timeout '0' is invalid. Using default page load timeout: '30'

2023-06-13 11:56:18 - [MESSAGE][PASSED] - Element 'Object Repository/Productions/Home Page/Promotion/Promo List 3' is visible

2023-06-13 11:56:18 - [TEST_STEP][PASSED] - tap(findTestObject("Productions/Home Page/Promotion/Promo List 1"), 3): Tapped on element 'Object Repository/Productions/Home Page/Promotion/Promo List 1'

2023-06-13 11:56:19 - [MESSAGE][PASSED] - Tapped on element 'Object Repository/Productions/Home Page/Promotion/Promo List 1'

2023-06-13 11:56:19 - [TEST_STEP][PASSED] - tap(findTestObject("Productions/Home Page/Promotion/Button Back Promo Detail"), 3): Tapped on element 'Object Repository/Productions/Home Page/Promotion/Button Back Promo Detail'

2023-06-13 11:56:22 - [MESSAGE][PASSED] - Tapped on element 'Object Repository/Productions/Home Page/Promotion/Button Back Promo Detail'

2023-06-13 11:56:22 - [TEST_STEP][PASSED] - tap(findTestObject("Productions/Home Page/Promotion/Button Back"), 3): Tapped on element 'Object Repository/Productions/Home Page/Promotion/Button Back'

2023-06-13 11:56:22 - [MESSAGE][PASSED] - Tapped on element 'Object Repository/Productions/Home Page/Promotion/Button Back'

2023-06-13 11:56:22 - [TEST_STEP][PASSED] - delay(3, STOP_ON_FAILURE): Delayed 3 second(s)

2023-06-13 11:56:25 - [MESSAGE][PASSED] - Delayed 3 second(s)

2023-06-13 11:56:25 - [TEST_STEP][PASSED] - closeApplication(): Close app successfully

2023-06-13 11:56:26 - [MESSAGE][PASSED] - Close app successfully

2023-06-13 11:56:26 - [TEST_STEP][PASSED] - Start listener action : sampleAfterTestCase: null

2023-06-13 11:56:26 - [TEST_STEP][PASSED] - println(testCaseContext.getTestCaseId()): null

2023-06-13 11:56:26 - [TEST_STEP][PASSED] - println(testCaseContext.getTestCaseStatus()): null]]></system-out>
         <system-err><![CDATA[]]></system-err>
      </testcase>
      <testcase name="Test Cases/Production/My Order/Order Detail HMD - My Order" time="71.297" classname="Test Cases/Production/My Order/Order Detail HMD - My Order" status="FAILED">
         <failure type="FAILED" message="Test Cases/Production/My Order/Order Detail HMD - My Order FAILED.
Reason:
com.kms.katalon.core.exception.StepFailedException: Element 'Object Repository/Productions/My Order/Order Detail - HMD/Delivery Detail' not found
	at com.kms.katalon.core.keyword.internal.KeywordMain.stepFailed(KeywordMain.groovy:50)
	at com.kms.katalon.core.mobile.keyword.internal.MobileKeywordMain.stepFailed(MobileKeywordMain.groovy:40)
	at com.kms.katalon.core.mobile.keyword.builtin.VerifyElementVisibleKeyword$_verifyElementVisible_closure1.doCall(VerifyElementVisibleKeyword.groovy:82)
	at com.kms.katalon.core.mobile.keyword.builtin.VerifyElementVisibleKeyword$_verifyElementVisible_closure1.call(VerifyElementVisibleKeyword.groovy)
	at com.kms.katalon.core.mobile.keyword.internal.MobileKeywordMain.runKeyword(MobileKeywordMain.groovy:21)
	at com.kms.katalon.core.mobile.keyword.builtin.VerifyElementVisibleKeyword.verifyElementVisible(VerifyElementVisibleKeyword.groovy:85)
	at com.kms.katalon.core.mobile.keyword.builtin.VerifyElementVisibleKeyword.execute(VerifyElementVisibleKeyword.groovy:64)
	at com.kms.katalon.core.keyword.internal.KeywordExecutor.executeKeywordForPlatform(KeywordExecutor.groovy:74)
	at com.kms.katalon.core.mobile.keyword.MobileBuiltInKeywords.verifyElementVisible(MobileBuiltInKeywords.groovy:2031)
	at com.kms.katalon.core.mobile.keyword.MobileBuiltInKeywords$verifyElementVisible$7.call(Unknown Source)
	at Order Detail HMD - My Order.run(Order Detail HMD - My Order:36)
	at com.kms.katalon.core.main.ScriptEngine.run(ScriptEngine.java:194)
	at com.kms.katalon.core.main.ScriptEngine.runScriptAsRawText(ScriptEngine.java:119)
	at com.kms.katalon.core.main.TestCaseExecutor.runScript(TestCaseExecutor.java:448)
	at com.kms.katalon.core.main.TestCaseExecutor.doExecute(TestCaseExecutor.java:439)
	at com.kms.katalon.core.main.TestCaseExecutor.processExecutionPhase(TestCaseExecutor.java:418)
	at com.kms.katalon.core.main.TestCaseExecutor.accessMainPhase(TestCaseExecutor.java:410)
	at com.kms.katalon.core.main.TestCaseExecutor.execute(TestCaseExecutor.java:285)
	at com.kms.katalon.core.common.CommonExecutor.accessTestCaseMainPhase(CommonExecutor.java:65)
	at com.kms.katalon.core.main.TestSuiteExecutor.accessTestSuiteMainPhase(TestSuiteExecutor.java:151)
	at com.kms.katalon.core.main.TestSuiteExecutor.execute(TestSuiteExecutor.java:106)
	at com.kms.katalon.core.main.TestCaseMain.startTestSuite(TestCaseMain.java:185)
	at com.kms.katalon.core.main.TestCaseMain$startTestSuite$0.call(Unknown Source)
	at TempTestSuite1686631872767.run(TempTestSuite1686631872767.groovy:36)
"/>
         <system-out><![CDATA[2023-06-13 11:56:26 - [TEST_CASE][FAILED] - Test Cases/Production/My Order/Order Detail HMD - My Order: Test Cases/Production/My Order/Order Detail HMD - My Order FAILED.
Reason:
com.kms.katalon.core.exception.StepFailedException: Element 'Object Repository/Productions/My Order/Order Detail - HMD/Delivery Detail' not found
	at com.kms.katalon.core.keyword.internal.KeywordMain.stepFailed(KeywordMain.groovy:50)
	at com.kms.katalon.core.mobile.keyword.internal.MobileKeywordMain.stepFailed(MobileKeywordMain.groovy:40)
	at com.kms.katalon.core.mobile.keyword.builtin.VerifyElementVisibleKeyword$_verifyElementVisible_closure1.doCall(VerifyElementVisibleKeyword.groovy:82)
	at com.kms.katalon.core.mobile.keyword.builtin.VerifyElementVisibleKeyword$_verifyElementVisible_closure1.call(VerifyElementVisibleKeyword.groovy)
	at com.kms.katalon.core.mobile.keyword.internal.MobileKeywordMain.runKeyword(MobileKeywordMain.groovy:21)
	at com.kms.katalon.core.mobile.keyword.builtin.VerifyElementVisibleKeyword.verifyElementVisible(VerifyElementVisibleKeyword.groovy:85)
	at com.kms.katalon.core.mobile.keyword.builtin.VerifyElementVisibleKeyword.execute(VerifyElementVisibleKeyword.groovy:64)
	at com.kms.katalon.core.keyword.internal.KeywordExecutor.executeKeywordForPlatform(KeywordExecutor.groovy:74)
	at com.kms.katalon.core.mobile.keyword.MobileBuiltInKeywords.verifyElementVisible(MobileBuiltInKeywords.groovy:2031)
	at com.kms.katalon.core.mobile.keyword.MobileBuiltInKeywords$verifyElementVisible$7.call(Unknown Source)
	at Order Detail HMD - My Order.run(Order Detail HMD - My Order:36)
	at com.kms.katalon.core.main.ScriptEngine.run(ScriptEngine.java:194)
	at com.kms.katalon.core.main.ScriptEngine.runScriptAsRawText(ScriptEngine.java:119)
	at com.kms.katalon.core.main.TestCaseExecutor.runScript(TestCaseExecutor.java:448)
	at com.kms.katalon.core.main.TestCaseExecutor.doExecute(TestCaseExecutor.java:439)
	at com.kms.katalon.core.main.TestCaseExecutor.processExecutionPhase(TestCaseExecutor.java:418)
	at com.kms.katalon.core.main.TestCaseExecutor.accessMainPhase(TestCaseExecutor.java:410)
	at com.kms.katalon.core.main.TestCaseExecutor.execute(TestCaseExecutor.java:285)
	at com.kms.katalon.core.common.CommonExecutor.accessTestCaseMainPhase(CommonExecutor.java:65)
	at com.kms.katalon.core.main.TestSuiteExecutor.accessTestSuiteMainPhase(TestSuiteExecutor.java:151)
	at com.kms.katalon.core.main.TestSuiteExecutor.execute(TestSuiteExecutor.java:106)
	at com.kms.katalon.core.main.TestCaseMain.startTestSuite(TestCaseMain.java:185)
	at com.kms.katalon.core.main.TestCaseMain$startTestSuite$0.call(Unknown Source)
	at TempTestSuite1686631872767.run(TempTestSuite1686631872767.groovy:36)


2023-06-13 11:56:27 - [TEST_STEP][PASSED] - startExistingApplication("com.kfc.mobile", STOP_ON_FAILURE): Starting app with application ID: 'com.kfc.mobile'

2023-06-13 11:56:27 - [MESSAGE][INFO] - User set preference: ['appPackage', 'com.kfc.mobile']

2023-06-13 11:56:27 - [MESSAGE][INFO] - User set preference: ['appActivity', 'com.kfc.mobile.presentation.splash.SplashActivity']

2023-06-13 11:56:27 - [MESSAGE][INFO] - User set preference: ['noReset', 'true']

2023-06-13 11:56:27 - [MESSAGE][INFO] - User set preference: ['deviceId', 'cefdc881']

2023-06-13 11:56:27 - [MESSAGE][INFO] - Detected NodeJS location: "C:\Program Files\nodejs\node.exe"

2023-06-13 11:56:30 - [MESSAGE][INFO] - Appium server started on port 55,647

2023-06-13 11:56:50 - [MESSAGE][PASSED] - Starting app with application ID: 'com.kfc.mobile'

2023-06-13 11:56:50 - [TEST_STEP][PASSED] - delay(3, STOP_ON_FAILURE): Delayed 3 second(s)

2023-06-13 11:56:53 - [MESSAGE][PASSED] - Delayed 3 second(s)

2023-06-13 11:56:53 - [TEST_STEP][PASSED] - tap(findTestObject("Productions/Menu/My Order"), 0): Tapped on element 'Object Repository/Productions/Menu/My Order'

2023-06-13 11:56:53 - [MESSAGE][WARNING] - Timeout '0' is invalid. Using default page load timeout: '30'

2023-06-13 11:56:56 - [MESSAGE][PASSED] - Tapped on element 'Object Repository/Productions/Menu/My Order'

2023-06-13 11:56:56 - [TEST_STEP][PASSED] - verifyElementVisible(findTestObject("Productions/My Order/Title - MY ORDER"), 0): Element 'Object Repository/Productions/My Order/Title - MY ORDER' is visible

2023-06-13 11:56:56 - [MESSAGE][WARNING] - Timeout '0' is invalid. Using default page load timeout: '30'

2023-06-13 11:56:58 - [MESSAGE][PASSED] - Element 'Object Repository/Productions/My Order/Title - MY ORDER' is visible

2023-06-13 11:56:58 - [TEST_STEP][PASSED] - tap(findTestObject("Productions/My Order/Order Detail - HMD/List Order 1"), 0): Tapped on element 'Object Repository/Productions/My Order/Order Detail - HMD/List Order 1'

2023-06-13 11:56:58 - [MESSAGE][WARNING] - Timeout '0' is invalid. Using default page load timeout: '30'

2023-06-13 11:57:00 - [MESSAGE][PASSED] - Tapped on element 'Object Repository/Productions/My Order/Order Detail - HMD/List Order 1'

2023-06-13 11:57:00 - [TEST_STEP][PASSED] - verifyElementVisible(findTestObject("Productions/My Order/Order Detail - HMD/Title - ORDER DETAIL"), 0): Element 'Object Repository/Productions/My Order/Order Detail - HMD/Title - ORDER DETAIL' is visible

2023-06-13 11:57:01 - [MESSAGE][WARNING] - Timeout '0' is invalid. Using default page load timeout: '30'

2023-06-13 11:57:02 - [MESSAGE][PASSED] - Element 'Object Repository/Productions/My Order/Order Detail - HMD/Title - ORDER DETAIL' is visible

2023-06-13 11:57:02 - [TEST_STEP][PASSED] - verifyElementVisible(findTestObject("Productions/My Order/Order Detail - HMD/Delivery Number"), 0): Element 'Object Repository/Productions/My Order/Order Detail - HMD/Delivery Number' is visible

2023-06-13 11:57:02 - [MESSAGE][WARNING] - Timeout '0' is invalid. Using default page load timeout: '30'

2023-06-13 11:57:05 - [MESSAGE][PASSED] - Element 'Object Repository/Productions/My Order/Order Detail - HMD/Delivery Number' is visible

2023-06-13 11:57:05 - [TEST_STEP][PASSED] - verifyElementVisible(findTestObject("Productions/My Order/Order Detail - HMD/Order Type"), 0): Element 'Object Repository/Productions/My Order/Order Detail - HMD/Order Type' is visible

2023-06-13 11:57:05 - [MESSAGE][WARNING] - Timeout '0' is invalid. Using default page load timeout: '30'

2023-06-13 11:57:06 - [MESSAGE][PASSED] - Element 'Object Repository/Productions/My Order/Order Detail - HMD/Order Type' is visible

2023-06-13 11:57:06 - [TEST_STEP][FAILED] - verifyElementVisible(findTestObject("Productions/My Order/Order Detail - HMD/Delivery Detail"), 0): Failed to check for element 'Object Repository/Productions/My Order/Order Detail - HMD/Delivery Detail' visible (Root cause: com.kms.katalon.core.exception.StepFailedException: Element 'Object Repository/Productions/My Order/Order Detail - HMD/Delivery Detail' not found
	at com.kms.katalon.core.keyword.internal.KeywordMain.stepFailed(KeywordMain.groovy:50)
	at com.kms.katalon.core.mobile.keyword.internal.MobileKeywordMain.stepFailed(MobileKeywordMain.groovy:40)
	at com.kms.katalon.core.mobile.keyword.builtin.VerifyElementVisibleKeyword$_verifyElementVisible_closure1.doCall(VerifyElementVisibleKeyword.groovy:82)
	at com.kms.katalon.core.mobile.keyword.builtin.VerifyElementVisibleKeyword$_verifyElementVisible_closure1.call(VerifyElementVisibleKeyword.groovy)
	at com.kms.katalon.core.mobile.keyword.internal.MobileKeywordMain.runKeyword(MobileKeywordMain.groovy:21)
	at com.kms.katalon.core.mobile.keyword.builtin.VerifyElementVisibleKeyword.verifyElementVisible(VerifyElementVisibleKeyword.groovy:85)
	at com.kms.katalon.core.mobile.keyword.builtin.VerifyElementVisibleKeyword.execute(VerifyElementVisibleKeyword.groovy:64)
	at com.kms.katalon.core.keyword.internal.KeywordExecutor.executeKeywordForPlatform(KeywordExecutor.groovy:74)
	at com.kms.katalon.core.mobile.keyword.MobileBuiltInKeywords.verifyElementVisible(MobileBuiltInKeywords.groovy:2031)
	at com.kms.katalon.core.mobile.keyword.MobileBuiltInKeywords$verifyElementVisible$7.call(Unknown Source)
	at Order Detail HMD - My Order.run(Order Detail HMD - My Order:36)
	at com.kms.katalon.core.main.ScriptEngine.run(ScriptEngine.java:194)
	at com.kms.katalon.core.main.ScriptEngine.runScriptAsRawText(ScriptEngine.java:119)
	at com.kms.katalon.core.main.TestCaseExecutor.runScript(TestCaseExecutor.java:448)
	at com.kms.katalon.core.main.TestCaseExecutor.doExecute(TestCaseExecutor.java:439)
	at com.kms.katalon.core.main.TestCaseExecutor.processExecutionPhase(TestCaseExecutor.java:418)
	at com.kms.katalon.core.main.TestCaseExecutor.accessMainPhase(TestCaseExecutor.java:410)
	at com.kms.katalon.core.main.TestCaseExecutor.execute(TestCaseExecutor.java:285)
	at com.kms.katalon.core.common.CommonExecutor.accessTestCaseMainPhase(CommonExecutor.java:65)
	at com.kms.katalon.core.main.TestSuiteExecutor.accessTestSuiteMainPhase(TestSuiteExecutor.java:151)
	at com.kms.katalon.core.main.TestSuiteExecutor.execute(TestSuiteExecutor.java:106)
	at com.kms.katalon.core.main.TestCaseMain.startTestSuite(TestCaseMain.java:185)
	at com.kms.katalon.core.main.TestCaseMain$startTestSuite$0.call(Unknown Source)
	at TempTestSuite1686631872767.run(TempTestSuite1686631872767.groovy:36)
)

2023-06-13 11:57:06 - [MESSAGE][WARNING] - Timeout '0' is invalid. Using default page load timeout: '30'

2023-06-13 11:57:36 - [MESSAGE][FAILED] - Element 'Object Repository/Productions/My Order/Order Detail - HMD/Delivery Detail' not found

2023-06-13 11:57:37 - [MESSAGE][FAILED] - Failed to check for element 'Object Repository/Productions/My Order/Order Detail - HMD/Delivery Detail' visible (Root cause: com.kms.katalon.core.exception.StepFailedException: Element 'Object Repository/Productions/My Order/Order Detail - HMD/Delivery Detail' not found
	at com.kms.katalon.core.keyword.internal.KeywordMain.stepFailed(KeywordMain.groovy:50)
	at com.kms.katalon.core.mobile.keyword.internal.MobileKeywordMain.stepFailed(MobileKeywordMain.groovy:40)
	at com.kms.katalon.core.mobile.keyword.builtin.VerifyElementVisibleKeyword$_verifyElementVisible_closure1.doCall(VerifyElementVisibleKeyword.groovy:82)
	at com.kms.katalon.core.mobile.keyword.builtin.VerifyElementVisibleKeyword$_verifyElementVisible_closure1.call(VerifyElementVisibleKeyword.groovy)
	at com.kms.katalon.core.mobile.keyword.internal.MobileKeywordMain.runKeyword(MobileKeywordMain.groovy:21)
	at com.kms.katalon.core.mobile.keyword.builtin.VerifyElementVisibleKeyword.verifyElementVisible(VerifyElementVisibleKeyword.groovy:85)
	at com.kms.katalon.core.mobile.keyword.builtin.VerifyElementVisibleKeyword.execute(VerifyElementVisibleKeyword.groovy:64)
	at com.kms.katalon.core.keyword.internal.KeywordExecutor.executeKeywordForPlatform(KeywordExecutor.groovy:74)
	at com.kms.katalon.core.mobile.keyword.MobileBuiltInKeywords.verifyElementVisible(MobileBuiltInKeywords.groovy:2031)
	at com.kms.katalon.core.mobile.keyword.MobileBuiltInKeywords$verifyElementVisible$7.call(Unknown Source)
	at Order Detail HMD - My Order.run(Order Detail HMD - My Order:36)
	at com.kms.katalon.core.main.ScriptEngine.run(ScriptEngine.java:194)
	at com.kms.katalon.core.main.ScriptEngine.runScriptAsRawText(ScriptEngine.java:119)
	at com.kms.katalon.core.main.TestCaseExecutor.runScript(TestCaseExecutor.java:448)
	at com.kms.katalon.core.main.TestCaseExecutor.doExecute(TestCaseExecutor.java:439)
	at com.kms.katalon.core.main.TestCaseExecutor.processExecutionPhase(TestCaseExecutor.java:418)
	at com.kms.katalon.core.main.TestCaseExecutor.accessMainPhase(TestCaseExecutor.java:410)
	at com.kms.katalon.core.main.TestCaseExecutor.execute(TestCaseExecutor.java:285)
	at com.kms.katalon.core.common.CommonExecutor.accessTestCaseMainPhase(CommonExecutor.java:65)
	at com.kms.katalon.core.main.TestSuiteExecutor.accessTestSuiteMainPhase(TestSuiteExecutor.java:151)
	at com.kms.katalon.core.main.TestSuiteExecutor.execute(TestSuiteExecutor.java:106)
	at com.kms.katalon.core.main.TestCaseMain.startTestSuite(TestCaseMain.java:185)
	at com.kms.katalon.core.main.TestCaseMain$startTestSuite$0.call(Unknown Source)
	at TempTestSuite1686631872767.run(TempTestSuite1686631872767.groovy:36)
)
[[ATTACHMENT|C:\\Users\\Ahadian Rifky\\Downloads\\Katalon_Studio_Windows_64-8.5.5\\Katalon_Studio_Windows_64-8.5.5\\git.github.com\\maycheljecsan\\kfckuapps_katalon.git\\kfcku_android\\Reports\\20230613_115112\\Production\\KFCKU Apps\\20230613_115112\\1686632256531.png]]

2023-06-13 11:57:37 - [TEST_STEP][PASSED] - Start listener action : sampleAfterTestCase: null

2023-06-13 11:57:37 - [TEST_STEP][PASSED] - println(testCaseContext.getTestCaseId()): null

2023-06-13 11:57:37 - [TEST_STEP][PASSED] - println(testCaseContext.getTestCaseStatus()): null]]></system-out>
         <system-err><![CDATA[2023-06-13 11:56:26 - [TEST_CASE][FAILED] - Test Cases/Production/My Order/Order Detail HMD - My Order: Test Cases/Production/My Order/Order Detail HMD - My Order FAILED.
Reason:
com.kms.katalon.core.exception.StepFailedException: Element 'Object Repository/Productions/My Order/Order Detail - HMD/Delivery Detail' not found
	at com.kms.katalon.core.keyword.internal.KeywordMain.stepFailed(KeywordMain.groovy:50)
	at com.kms.katalon.core.mobile.keyword.internal.MobileKeywordMain.stepFailed(MobileKeywordMain.groovy:40)
	at com.kms.katalon.core.mobile.keyword.builtin.VerifyElementVisibleKeyword$_verifyElementVisible_closure1.doCall(VerifyElementVisibleKeyword.groovy:82)
	at com.kms.katalon.core.mobile.keyword.builtin.VerifyElementVisibleKeyword$_verifyElementVisible_closure1.call(VerifyElementVisibleKeyword.groovy)
	at com.kms.katalon.core.mobile.keyword.internal.MobileKeywordMain.runKeyword(MobileKeywordMain.groovy:21)
	at com.kms.katalon.core.mobile.keyword.builtin.VerifyElementVisibleKeyword.verifyElementVisible(VerifyElementVisibleKeyword.groovy:85)
	at com.kms.katalon.core.mobile.keyword.builtin.VerifyElementVisibleKeyword.execute(VerifyElementVisibleKeyword.groovy:64)
	at com.kms.katalon.core.keyword.internal.KeywordExecutor.executeKeywordForPlatform(KeywordExecutor.groovy:74)
	at com.kms.katalon.core.mobile.keyword.MobileBuiltInKeywords.verifyElementVisible(MobileBuiltInKeywords.groovy:2031)
	at com.kms.katalon.core.mobile.keyword.MobileBuiltInKeywords$verifyElementVisible$7.call(Unknown Source)
	at Order Detail HMD - My Order.run(Order Detail HMD - My Order:36)
	at com.kms.katalon.core.main.ScriptEngine.run(ScriptEngine.java:194)
	at com.kms.katalon.core.main.ScriptEngine.runScriptAsRawText(ScriptEngine.java:119)
	at com.kms.katalon.core.main.TestCaseExecutor.runScript(TestCaseExecutor.java:448)
	at com.kms.katalon.core.main.TestCaseExecutor.doExecute(TestCaseExecutor.java:439)
	at com.kms.katalon.core.main.TestCaseExecutor.processExecutionPhase(TestCaseExecutor.java:418)
	at com.kms.katalon.core.main.TestCaseExecutor.accessMainPhase(TestCaseExecutor.java:410)
	at com.kms.katalon.core.main.TestCaseExecutor.execute(TestCaseExecutor.java:285)
	at com.kms.katalon.core.common.CommonExecutor.accessTestCaseMainPhase(CommonExecutor.java:65)
	at com.kms.katalon.core.main.TestSuiteExecutor.accessTestSuiteMainPhase(TestSuiteExecutor.java:151)
	at com.kms.katalon.core.main.TestSuiteExecutor.execute(TestSuiteExecutor.java:106)
	at com.kms.katalon.core.main.TestCaseMain.startTestSuite(TestCaseMain.java:185)
	at com.kms.katalon.core.main.TestCaseMain$startTestSuite$0.call(Unknown Source)
	at TempTestSuite1686631872767.run(TempTestSuite1686631872767.groovy:36)]]></system-err>
      </testcase>
      <testcase name="Test Cases/Production/My Order/Order Detail PNP - My Order" time="51.127" classname="Test Cases/Production/My Order/Order Detail PNP - My Order" status="PASSED">
         <system-out><![CDATA[2023-06-13 11:57:37 - [TEST_CASE][PASSED] - Test Cases/Production/My Order/Order Detail PNP - My Order: Test Cases/Production/My Order/Order Detail PNP - My Order

2023-06-13 11:57:38 - [TEST_STEP][PASSED] - startExistingApplication("com.kfc.mobile", STOP_ON_FAILURE): Starting app with application ID: 'com.kfc.mobile'

2023-06-13 11:57:38 - [MESSAGE][INFO] - User set preference: ['appPackage', 'com.kfc.mobile']

2023-06-13 11:57:38 - [MESSAGE][INFO] - User set preference: ['appActivity', 'com.kfc.mobile.presentation.splash.SplashActivity']

2023-06-13 11:57:38 - [MESSAGE][INFO] - User set preference: ['noReset', 'true']

2023-06-13 11:57:38 - [MESSAGE][INFO] - User set preference: ['deviceId', 'cefdc881']

2023-06-13 11:57:55 - [MESSAGE][PASSED] - Starting app with application ID: 'com.kfc.mobile'

2023-06-13 11:57:55 - [TEST_STEP][PASSED] - delay(3, STOP_ON_FAILURE): Delayed 3 second(s)

2023-06-13 11:57:58 - [MESSAGE][PASSED] - Delayed 3 second(s)

2023-06-13 11:57:58 - [TEST_STEP][PASSED] - tap(findTestObject("Productions/Menu/My Order"), 0): Tapped on element 'Object Repository/Productions/Menu/My Order'

2023-06-13 11:57:58 - [MESSAGE][WARNING] - Timeout '0' is invalid. Using default page load timeout: '30'

2023-06-13 11:58:01 - [MESSAGE][PASSED] - Tapped on element 'Object Repository/Productions/Menu/My Order'

2023-06-13 11:58:01 - [TEST_STEP][PASSED] - verifyElementVisible(findTestObject("Productions/My Order/Title - MY ORDER"), 0): Element 'Object Repository/Productions/My Order/Title - MY ORDER' is visible

2023-06-13 11:58:01 - [MESSAGE][WARNING] - Timeout '0' is invalid. Using default page load timeout: '30'

2023-06-13 11:58:04 - [MESSAGE][PASSED] - Element 'Object Repository/Productions/My Order/Title - MY ORDER' is visible

2023-06-13 11:58:04 - [TEST_STEP][PASSED] - tap(findTestObject("Productions/My Order/Order Detail - PNP/Dine In"), 0): Tapped on element 'Object Repository/Productions/My Order/Order Detail - PNP/Dine In'

2023-06-13 11:58:04 - [MESSAGE][WARNING] - Timeout '0' is invalid. Using default page load timeout: '30'

2023-06-13 11:58:05 - [MESSAGE][PASSED] - Tapped on element 'Object Repository/Productions/My Order/Order Detail - PNP/Dine In'

2023-06-13 11:58:05 - [TEST_STEP][PASSED] - verifyElementVisible(findTestObject("Productions/My Order/Order Detail - PNP/Pick Number"), 0): Element 'Object Repository/Productions/My Order/Order Detail - PNP/Pick Number' is visible

2023-06-13 11:58:05 - [MESSAGE][WARNING] - Timeout '0' is invalid. Using default page load timeout: '30'

2023-06-13 11:58:09 - [MESSAGE][PASSED] - Element 'Object Repository/Productions/My Order/Order Detail - PNP/Pick Number' is visible

2023-06-13 11:58:09 - [TEST_STEP][PASSED] - verifyElementVisible(findTestObject("Productions/My Order/Order Detail - PNP/Order Type"), 0): Element 'Object Repository/Productions/My Order/Order Detail - PNP/Order Type' is visible

2023-06-13 11:58:09 - [MESSAGE][WARNING] - Timeout '0' is invalid. Using default page load timeout: '30'

2023-06-13 11:58:10 - [MESSAGE][PASSED] - Element 'Object Repository/Productions/My Order/Order Detail - PNP/Order Type' is visible

2023-06-13 11:58:10 - [TEST_STEP][PASSED] - verifyElementVisible(findTestObject("Productions/My Order/Order Detail - PNP/Pick Up Outlet"), 0): Element 'Object Repository/Productions/My Order/Order Detail - PNP/Pick Up Outlet' is visible

2023-06-13 11:58:10 - [MESSAGE][WARNING] - Timeout '0' is invalid. Using default page load timeout: '30'

2023-06-13 11:58:23 - [MESSAGE][PASSED] - Element 'Object Repository/Productions/My Order/Order Detail - PNP/Pick Up Outlet' is visible

2023-06-13 11:58:23 - [TEST_STEP][PASSED] - verifyElementVisible(findTestObject("Productions/My Order/Order Detail - PNP/Order Items"), 0): Element 'Object Repository/Productions/My Order/Order Detail - PNP/Order Items' is visible

2023-06-13 11:58:23 - [MESSAGE][WARNING] - Timeout '0' is invalid. Using default page load timeout: '30'

2023-06-13 11:58:23 - [MESSAGE][PASSED] - Element 'Object Repository/Productions/My Order/Order Detail - PNP/Order Items' is visible

2023-06-13 11:58:23 - [TEST_STEP][PASSED] - scrollToText("Tax", STOP_ON_FAILURE): Scrolling to text 'Tax' successfully

2023-06-13 11:58:27 - [MESSAGE][PASSED] - Scrolling to text 'Tax' successfully

2023-06-13 11:58:27 - [TEST_STEP][PASSED] - verifyElementVisible(findTestObject("Productions/My Order/Order Detail - HMD/Instant Reward"), 0): Element 'Object Repository/Productions/My Order/Order Detail - HMD/Instant Reward' is visible

2023-06-13 11:58:27 - [MESSAGE][WARNING] - Timeout '0' is invalid. Using default page load timeout: '30'

2023-06-13 11:58:27 - [MESSAGE][PASSED] - Element 'Object Repository/Productions/My Order/Order Detail - HMD/Instant Reward' is visible

2023-06-13 11:58:27 - [TEST_STEP][PASSED] - verifyElementVisible(findTestObject("Productions/My Order/Order Detail - PNP/Order Summary"), 0): Element 'Object Repository/Productions/My Order/Order Detail - PNP/Order Summary' is visible

2023-06-13 11:58:27 - [MESSAGE][WARNING] - Timeout '0' is invalid. Using default page load timeout: '30'

2023-06-13 11:58:28 - [MESSAGE][PASSED] - Element 'Object Repository/Productions/My Order/Order Detail - PNP/Order Summary' is visible

2023-06-13 11:58:28 - [TEST_STEP][PASSED] - closeApplication(): Close app successfully

2023-06-13 11:58:28 - [MESSAGE][PASSED] - Close app successfully

2023-06-13 11:58:28 - [TEST_STEP][PASSED] - Start listener action : sampleAfterTestCase: null

2023-06-13 11:58:28 - [TEST_STEP][PASSED] - println(testCaseContext.getTestCaseId()): null

2023-06-13 11:58:28 - [TEST_STEP][PASSED] - println(testCaseContext.getTestCaseStatus()): null]]></system-out>
         <system-err><![CDATA[]]></system-err>
      </testcase>
      <testcase name="Test Cases/Production/My Order/View All Status Order - My Order" time="51.089" classname="Test Cases/Production/My Order/View All Status Order - My Order" status="PASSED">
         <system-out><![CDATA[2023-06-13 11:58:28 - [TEST_CASE][PASSED] - Test Cases/Production/My Order/View All Status Order - My Order: Test Cases/Production/My Order/View All Status Order - My Order

2023-06-13 11:58:29 - [TEST_STEP][PASSED] - startExistingApplication("com.kfc.mobile", STOP_ON_FAILURE): Starting app with application ID: 'com.kfc.mobile'

2023-06-13 11:58:29 - [MESSAGE][INFO] - User set preference: ['appPackage', 'com.kfc.mobile']

2023-06-13 11:58:29 - [MESSAGE][INFO] - User set preference: ['appActivity', 'com.kfc.mobile.presentation.splash.SplashActivity']

2023-06-13 11:58:29 - [MESSAGE][INFO] - User set preference: ['noReset', 'true']

2023-06-13 11:58:29 - [MESSAGE][INFO] - User set preference: ['deviceId', 'cefdc881']

2023-06-13 11:58:29 - [MESSAGE][INFO] - Detected NodeJS location: "C:\Program Files\nodejs\node.exe"

2023-06-13 11:58:32 - [MESSAGE][INFO] - Appium server started on port 56,130

2023-06-13 11:58:51 - [MESSAGE][PASSED] - Starting app with application ID: 'com.kfc.mobile'

2023-06-13 11:58:51 - [TEST_STEP][PASSED] - delay(3, STOP_ON_FAILURE): Delayed 3 second(s)

2023-06-13 11:58:54 - [MESSAGE][PASSED] - Delayed 3 second(s)

2023-06-13 11:58:54 - [TEST_STEP][PASSED] - tap(findTestObject("Productions/Menu/My Order"), 0): Tapped on element 'Object Repository/Productions/Menu/My Order'

2023-06-13 11:58:54 - [MESSAGE][WARNING] - Timeout '0' is invalid. Using default page load timeout: '30'

2023-06-13 11:58:57 - [MESSAGE][PASSED] - Tapped on element 'Object Repository/Productions/Menu/My Order'

2023-06-13 11:58:57 - [TEST_STEP][PASSED] - verifyElementVisible(findTestObject("Productions/My Order/Title - MY ORDER"), 0): Element 'Object Repository/Productions/My Order/Title - MY ORDER' is visible

2023-06-13 11:58:58 - [MESSAGE][WARNING] - Timeout '0' is invalid. Using default page load timeout: '30'

2023-06-13 11:59:00 - [MESSAGE][PASSED] - Element 'Object Repository/Productions/My Order/Title - MY ORDER' is visible

2023-06-13 11:59:00 - [TEST_STEP][PASSED] - tap(findTestObject("Productions/My Order/Get List Status"), 0): Tapped on element 'Object Repository/Productions/My Order/Get List Status'

2023-06-13 11:59:00 - [MESSAGE][WARNING] - Timeout '0' is invalid. Using default page load timeout: '30'

2023-06-13 11:59:01 - [MESSAGE][PASSED] - Tapped on element 'Object Repository/Productions/My Order/Get List Status'

2023-06-13 11:59:01 - [TEST_STEP][PASSED] - verifyElementVisible(findTestObject("Productions/My Order/Status Order List"), 0): Element 'Object Repository/Productions/My Order/Status Order List' is visible

2023-06-13 11:59:02 - [MESSAGE][WARNING] - Timeout '0' is invalid. Using default page load timeout: '30'

2023-06-13 11:59:03 - [MESSAGE][PASSED] - Element 'Object Repository/Productions/My Order/Status Order List' is visible

2023-06-13 11:59:03 - [TEST_STEP][PASSED] - tap(findTestObject("Productions/My Order/Awaiting Payment"), 0): Tapped on element 'Object Repository/Productions/My Order/Awaiting Payment'

2023-06-13 11:59:03 - [MESSAGE][WARNING] - Timeout '0' is invalid. Using default page load timeout: '30'

2023-06-13 11:59:04 - [MESSAGE][PASSED] - Tapped on element 'Object Repository/Productions/My Order/Awaiting Payment'

2023-06-13 11:59:04 - [TEST_STEP][PASSED] - tap(findTestObject("Productions/My Order/Get List Status"), 0): Tapped on element 'Object Repository/Productions/My Order/Get List Status'

2023-06-13 11:59:04 - [MESSAGE][WARNING] - Timeout '0' is invalid. Using default page load timeout: '30'

2023-06-13 11:59:05 - [MESSAGE][PASSED] - Tapped on element 'Object Repository/Productions/My Order/Get List Status'

2023-06-13 11:59:05 - [TEST_STEP][PASSED] - tap(findTestObject("Productions/My Order/Cancelled"), 0): Tapped on element 'Object Repository/Productions/My Order/Cancelled'

2023-06-13 11:59:05 - [MESSAGE][WARNING] - Timeout '0' is invalid. Using default page load timeout: '30'

2023-06-13 11:59:07 - [MESSAGE][PASSED] - Tapped on element 'Object Repository/Productions/My Order/Cancelled'

2023-06-13 11:59:07 - [TEST_STEP][PASSED] - tap(findTestObject("Productions/My Order/Get List Status"), 0): Tapped on element 'Object Repository/Productions/My Order/Get List Status'

2023-06-13 11:59:07 - [MESSAGE][WARNING] - Timeout '0' is invalid. Using default page load timeout: '30'

2023-06-13 11:59:09 - [MESSAGE][PASSED] - Tapped on element 'Object Repository/Productions/My Order/Get List Status'

2023-06-13 11:59:09 - [TEST_STEP][PASSED] - tap(findTestObject("Productions/My Order/Completed"), 0): Tapped on element 'Object Repository/Productions/My Order/Completed'

2023-06-13 11:59:09 - [MESSAGE][WARNING] - Timeout '0' is invalid. Using default page load timeout: '30'

2023-06-13 11:59:10 - [MESSAGE][PASSED] - Tapped on element 'Object Repository/Productions/My Order/Completed'

2023-06-13 11:59:10 - [TEST_STEP][PASSED] - tap(findTestObject("Productions/My Order/Get List Status"), 0): Tapped on element 'Object Repository/Productions/My Order/Get List Status'

2023-06-13 11:59:10 - [MESSAGE][WARNING] - Timeout '0' is invalid. Using default page load timeout: '30'

2023-06-13 11:59:12 - [MESSAGE][PASSED] - Tapped on element 'Object Repository/Productions/My Order/Get List Status'

2023-06-13 11:59:12 - [TEST_STEP][PASSED] - tap(findTestObject("Productions/My Order/In Progress"), 0): Tapped on element 'Object Repository/Productions/My Order/In Progress'

2023-06-13 11:59:12 - [MESSAGE][WARNING] - Timeout '0' is invalid. Using default page load timeout: '30'

2023-06-13 11:59:13 - [MESSAGE][PASSED] - Tapped on element 'Object Repository/Productions/My Order/In Progress'

2023-06-13 11:59:13 - [TEST_STEP][PASSED] - tap(findTestObject("Productions/My Order/Get List Status"), 0): Tapped on element 'Object Repository/Productions/My Order/Get List Status'

2023-06-13 11:59:13 - [MESSAGE][WARNING] - Timeout '0' is invalid. Using default page load timeout: '30'

2023-06-13 11:59:15 - [MESSAGE][PASSED] - Tapped on element 'Object Repository/Productions/My Order/Get List Status'

2023-06-13 11:59:15 - [TEST_STEP][PASSED] - tap(findTestObject("Productions/My Order/Rejected"), 0): Tapped on element 'Object Repository/Productions/My Order/Rejected'

2023-06-13 11:59:15 - [MESSAGE][WARNING] - Timeout '0' is invalid. Using default page load timeout: '30'

2023-06-13 11:59:16 - [MESSAGE][PASSED] - Tapped on element 'Object Repository/Productions/My Order/Rejected'

2023-06-13 11:59:16 - [TEST_STEP][PASSED] - tap(findTestObject("Productions/My Order/Get List Status"), 0): Tapped on element 'Object Repository/Productions/My Order/Get List Status'

2023-06-13 11:59:17 - [MESSAGE][WARNING] - Timeout '0' is invalid. Using default page load timeout: '30'

2023-06-13 11:59:18 - [MESSAGE][PASSED] - Tapped on element 'Object Repository/Productions/My Order/Get List Status'

2023-06-13 11:59:18 - [TEST_STEP][PASSED] - tap(findTestObject("Productions/My Order/All"), 0): Tapped on element 'Object Repository/Productions/My Order/All'

2023-06-13 11:59:18 - [MESSAGE][WARNING] - Timeout '0' is invalid. Using default page load timeout: '30'

2023-06-13 11:59:19 - [MESSAGE][PASSED] - Tapped on element 'Object Repository/Productions/My Order/All'

2023-06-13 11:59:19 - [TEST_STEP][PASSED] - closeApplication(): Close app successfully

2023-06-13 11:59:19 - [MESSAGE][PASSED] - Close app successfully

2023-06-13 11:59:19 - [TEST_STEP][PASSED] - Start listener action : sampleAfterTestCase: null

2023-06-13 11:59:19 - [TEST_STEP][PASSED] - println(testCaseContext.getTestCaseId()): null

2023-06-13 11:59:19 - [TEST_STEP][PASSED] - println(testCaseContext.getTestCaseStatus()): null]]></system-out>
         <system-err><![CDATA[]]></system-err>
      </testcase>
      <testcase name="Test Cases/Production/Create Order/PNP/Dine In/Dine In - Debit Card" time="97.322" classname="Test Cases/Production/Create Order/PNP/Dine In/Dine In - Debit Card" status="FAILED">
         <failure type="FAILED" message="Test Cases/Production/Create Order/PNP/Dine In/Dine In - Debit Card FAILED.
Reason:
com.kms.katalon.core.exception.StepFailedException: Failed to tap on element 'Object Repository/Productions/Create Order/PNP/Dine In/Select Payment Method' (Root cause: org.openqa.selenium.StaleElementReferenceException: Cached elements 'By.xpath: //*[@class = 'android.widget.TextView' and (@text = 'Select Payment Method' or . = 'Select Payment Method')]' do not exist in DOM anymore
For documentation on this error, please visit: https://www.seleniumhq.org/exceptions/stale_element_reference.html
Build info: version: '3.141.59', revision: 'e82be7d358', time: '2018-11-14T08:25:53'
System info: host: 'NKC-23', ip: '172.10.13.174', os.name: 'Windows 10', os.arch: 'amd64', os.version: '10.0', java.version: '1.8.0_282'
Driver info: com.kms.katalon.core.appium.driver.SwipeableAndroidDriver
Capabilities {appActivity: com.kfc.mobile.presentation..., appPackage: com.kfc.mobile, autoGrantPermissions: true, automationName: uiautomator2, chromedriverPort: 56348, databaseEnabled: false, desired: {appActivity: com.kfc.mobile.presentation..., appPackage: com.kfc.mobile, autoGrantPermissions: true, automationName: uiautomator2, chromedriverPort: 56348, deviceId: cefdc881, deviceName: OPPO CPH1803 (Android 8.1.0), newCommandTimeout: 1800, noReset: true, platform: ANDROID, platformName: android, platformVersion: 8.1.0, systemPort: 8253, udid: cefdc881}, deviceApiLevel: 27, deviceId: cefdc881, deviceManufacturer: OPPO, deviceModel: CPH1803, deviceName: cefdc881, deviceScreenDensity: 320, deviceScreenSize: 720x1520, deviceUDID: cefdc881, javascriptEnabled: true, locationContextEnabled: false, networkConnectionEnabled: true, newCommandTimeout: 1800, noReset: true, pixelRatio: 2, platform: ANDROID, platformName: Android, platformVersion: 8.1.0, statBarHeight: 53, systemPort: 8253, takesScreenshot: true, udid: cefdc881, viewportRect: {height: 1467, left: 0, top: 53, width: 720}, warnings: {}, webStorageEnabled: false}
Session ID: d1f83301-6b4f-4d7e-9242-dd489e16d35c
	at org.openqa.selenium.remote.http.W3CHttpResponseCodec.createException(W3CHttpResponseCodec.java:187)
	at org.openqa.selenium.remote.http.W3CHttpResponseCodec.decode(W3CHttpResponseCodec.java:122)
	at org.openqa.selenium.remote.http.W3CHttpResponseCodec.decode(W3CHttpResponseCodec.java:49)
	at org.openqa.selenium.remote.HttpCommandExecutor.execute(HttpCommandExecutor.java:158)
	at io.appium.java_client.remote.AppiumCommandExecutor.execute(AppiumCommandExecutor.java:239)
	at org.openqa.selenium.remote.RemoteWebDriver.execute(RemoteWebDriver.java:552)
	at io.appium.java_client.DefaultGenericMobileDriver.execute(DefaultGenericMobileDriver.java:42)
	at io.appium.java_client.AppiumDriver.execute(AppiumDriver.java:1)
	at io.appium.java_client.android.AndroidDriver.execute(AndroidDriver.java:1)
	at com.kms.katalon.core.appium.driver.SwipeableAndroidDriver.execute(SwipeableAndroidDriver.java:1)
	at org.openqa.selenium.remote.RemoteWebElement.execute(RemoteWebElement.java:285)
	at io.appium.java_client.DefaultGenericMobileElement.execute(DefaultGenericMobileElement.java:45)
	at io.appium.java_client.MobileElement.execute(MobileElement.java:1)
	at io.appium.java_client.android.AndroidElement.execute(AndroidElement.java:1)
	at org.openqa.selenium.remote.RemoteWebElement.click(RemoteWebElement.java:84)
	at com.kms.katalon.core.mobile.keyword.builtin.TapKeyword$_tap_closure1.doCall(TapKeyword.groovy:82)
	at com.kms.katalon.core.mobile.keyword.builtin.TapKeyword$_tap_closure1.call(TapKeyword.groovy)
	at com.kms.katalon.core.mobile.keyword.internal.MobileKeywordMain.runKeyword(MobileKeywordMain.groovy:21)
	at com.kms.katalon.core.mobile.keyword.builtin.TapKeyword.tap(TapKeyword.groovy:84)
	at com.kms.katalon.core.mobile.keyword.builtin.TapKeyword.execute(TapKeyword.groovy:68)
	at com.kms.katalon.core.keyword.internal.KeywordExecutor.executeKeywordForPlatform(KeywordExecutor.groovy:74)
	at com.kms.katalon.core.mobile.keyword.MobileBuiltInKeywords.tap(MobileBuiltInKeywords.groovy:1490)
	at com.kms.katalon.core.mobile.keyword.MobileBuiltInKeywords$tap$0.call(Unknown Source)
	at Dine In - Debit Card.run(Dine In - Debit Card:85)
	at com.kms.katalon.core.main.ScriptEngine.run(ScriptEngine.java:194)
	at com.kms.katalon.core.main.ScriptEngine.runScriptAsRawText(ScriptEngine.java:119)
	at com.kms.katalon.core.main.TestCaseExecutor.runScript(TestCaseExecutor.java:448)
	at com.kms.katalon.core.main.TestCaseExecutor.doExecute(TestCaseExecutor.java:439)
	at com.kms.katalon.core.main.TestCaseExecutor.processExecutionPhase(TestCaseExecutor.java:418)
	at com.kms.katalon.core.main.TestCaseExecutor.accessMainPhase(TestCaseExecutor.java:410)
	at com.kms.katalon.core.main.TestCaseExecutor.execute(TestCaseExecutor.java:285)
	at com.kms.katalon.core.common.CommonExecutor.accessTestCaseMainPhase(CommonExecutor.java:65)
	at com.kms.katalon.core.main.TestSuiteExecutor.accessTestSuiteMainPhase(TestSuiteExecutor.java:151)
	at com.kms.katalon.core.main.TestSuiteExecutor.execute(TestSuiteExecutor.java:106)
	at com.kms.katalon.core.main.TestCaseMain.startTestSuite(TestCaseMain.java:185)
	at com.kms.katalon.core.main.TestCaseMain$startTestSuite$0.call(Unknown Source)
	at TempTestSuite1686631872767.run(TempTestSuite1686631872767.groovy:36)
)
	at com.kms.katalon.core.keyword.internal.KeywordMain.stepFailed(KeywordMain.groovy:50)
	at com.kms.katalon.core.mobile.keyword.internal.MobileKeywordMain.stepFailed(MobileKeywordMain.groovy:40)
	at com.kms.katalon.core.mobile.keyword.internal.MobileKeywordMain.runKeyword(MobileKeywordMain.groovy:23)
	at com.kms.katalon.core.mobile.keyword.builtin.TapKeyword.tap(TapKeyword.groovy:84)
	at com.kms.katalon.core.mobile.keyword.builtin.TapKeyword.execute(TapKeyword.groovy:68)
	at com.kms.katalon.core.keyword.internal.KeywordExecutor.executeKeywordForPlatform(KeywordExecutor.groovy:74)
	at com.kms.katalon.core.mobile.keyword.MobileBuiltInKeywords.tap(MobileBuiltInKeywords.groovy:1490)
	at com.kms.katalon.core.mobile.keyword.MobileBuiltInKeywords$tap$0.call(Unknown Source)
	at Dine In - Debit Card.run(Dine In - Debit Card:85)
	at com.kms.katalon.core.main.ScriptEngine.run(ScriptEngine.java:194)
	at com.kms.katalon.core.main.ScriptEngine.runScriptAsRawText(ScriptEngine.java:119)
	at com.kms.katalon.core.main.TestCaseExecutor.runScript(TestCaseExecutor.java:448)
	at com.kms.katalon.core.main.TestCaseExecutor.doExecute(TestCaseExecutor.java:439)
	at com.kms.katalon.core.main.TestCaseExecutor.processExecutionPhase(TestCaseExecutor.java:418)
	at com.kms.katalon.core.main.TestCaseExecutor.accessMainPhase(TestCaseExecutor.java:410)
	at com.kms.katalon.core.main.TestCaseExecutor.execute(TestCaseExecutor.java:285)
	at com.kms.katalon.core.common.CommonExecutor.accessTestCaseMainPhase(CommonExecutor.java:65)
	at com.kms.katalon.core.main.TestSuiteExecutor.accessTestSuiteMainPhase(TestSuiteExecutor.java:151)
	at com.kms.katalon.core.main.TestSuiteExecutor.execute(TestSuiteExecutor.java:106)
	at com.kms.katalon.core.main.TestCaseMain.startTestSuite(TestCaseMain.java:185)
	at com.kms.katalon.core.main.TestCaseMain$startTestSuite$0.call(Unknown Source)
	at TempTestSuite1686631872767.run(TempTestSuite1686631872767.groovy:36)
Caused by: org.openqa.selenium.StaleElementReferenceException: Cached elements 'By.xpath: //*[@class = 'android.widget.TextView' and (@text = 'Select Payment Method' or . = 'Select Payment Method')]' do not exist in DOM anymore
For documentation on this error, please visit: https://www.seleniumhq.org/exceptions/stale_element_reference.html
Build info: version: '3.141.59', revision: 'e82be7d358', time: '2018-11-14T08:25:53'
System info: host: 'NKC-23', ip: '172.10.13.174', os.name: 'Windows 10', os.arch: 'amd64', os.version: '10.0', java.version: '1.8.0_282'
Driver info: com.kms.katalon.core.appium.driver.SwipeableAndroidDriver
Capabilities {appActivity: com.kfc.mobile.presentation..., appPackage: com.kfc.mobile, autoGrantPermissions: true, automationName: uiautomator2, chromedriverPort: 56348, databaseEnabled: false, desired: {appActivity: com.kfc.mobile.presentation..., appPackage: com.kfc.mobile, autoGrantPermissions: true, automationName: uiautomator2, chromedriverPort: 56348, deviceId: cefdc881, deviceName: OPPO CPH1803 (Android 8.1.0), newCommandTimeout: 1800, noReset: true, platform: ANDROID, platformName: android, platformVersion: 8.1.0, systemPort: 8253, udid: cefdc881}, deviceApiLevel: 27, deviceId: cefdc881, deviceManufacturer: OPPO, deviceModel: CPH1803, deviceName: cefdc881, deviceScreenDensity: 320, deviceScreenSize: 720x1520, deviceUDID: cefdc881, javascriptEnabled: true, locationContextEnabled: false, networkConnectionEnabled: true, newCommandTimeout: 1800, noReset: true, pixelRatio: 2, platform: ANDROID, platformName: Android, platformVersion: 8.1.0, statBarHeight: 53, systemPort: 8253, takesScreenshot: true, udid: cefdc881, viewportRect: {height: 1467, left: 0, top: 53, width: 720}, warnings: {}, webStorageEnabled: false}
Session ID: d1f83301-6b4f-4d7e-9242-dd489e16d35c
	at org.openqa.selenium.remote.http.W3CHttpResponseCodec.createException(W3CHttpResponseCodec.java:187)
	at org.openqa.selenium.remote.http.W3CHttpResponseCodec.decode(W3CHttpResponseCodec.java:122)
	at org.openqa.selenium.remote.http.W3CHttpResponseCodec.decode(W3CHttpResponseCodec.java:49)
	at org.openqa.selenium.remote.HttpCommandExecutor.execute(HttpCommandExecutor.java:158)
	at io.appium.java_client.remote.AppiumCommandExecutor.execute(AppiumCommandExecutor.java:239)
	at org.openqa.selenium.remote.RemoteWebDriver.execute(RemoteWebDriver.java:552)
	at io.appium.java_client.DefaultGenericMobileDriver.execute(DefaultGenericMobileDriver.java:42)
	at io.appium.java_client.AppiumDriver.execute(AppiumDriver.java:1)
	at io.appium.java_client.android.AndroidDriver.execute(AndroidDriver.java:1)
	at com.kms.katalon.core.appium.driver.SwipeableAndroidDriver.execute(SwipeableAndroidDriver.java:1)
	at org.openqa.selenium.remote.RemoteWebElement.execute(RemoteWebElement.java:285)
	at io.appium.java_client.DefaultGenericMobileElement.execute(DefaultGenericMobileElement.java:45)
	at io.appium.java_client.MobileElement.execute(MobileElement.java:1)
	at io.appium.java_client.android.AndroidElement.execute(AndroidElement.java:1)
	at org.openqa.selenium.remote.RemoteWebElement.click(RemoteWebElement.java:84)
	at com.kms.katalon.core.mobile.keyword.builtin.TapKeyword$_tap_closure1.doCall(TapKeyword.groovy:82)
	at com.kms.katalon.core.mobile.keyword.builtin.TapKeyword$_tap_closure1.call(TapKeyword.groovy)
	at com.kms.katalon.core.mobile.keyword.internal.MobileKeywordMain.runKeyword(MobileKeywordMain.groovy:21)
	... 19 more
"/>
         <system-out><![CDATA[2023-06-13 11:59:19 - [TEST_CASE][FAILED] - Test Cases/Production/Create Order/PNP/Dine In/Dine In - Debit Card: Test Cases/Production/Create Order/PNP/Dine In/Dine In - Debit Card FAILED.
Reason:
com.kms.katalon.core.exception.StepFailedException: Failed to tap on element 'Object Repository/Productions/Create Order/PNP/Dine In/Select Payment Method' (Root cause: org.openqa.selenium.StaleElementReferenceException: Cached elements 'By.xpath: //*[@class = 'android.widget.TextView' and (@text = 'Select Payment Method' or . = 'Select Payment Method')]' do not exist in DOM anymore
For documentation on this error, please visit: https://www.seleniumhq.org/exceptions/stale_element_reference.html
Build info: version: '3.141.59', revision: 'e82be7d358', time: '2018-11-14T08:25:53'
System info: host: 'NKC-23', ip: '172.10.13.174', os.name: 'Windows 10', os.arch: 'amd64', os.version: '10.0', java.version: '1.8.0_282'
Driver info: com.kms.katalon.core.appium.driver.SwipeableAndroidDriver
Capabilities {appActivity: com.kfc.mobile.presentation..., appPackage: com.kfc.mobile, autoGrantPermissions: true, automationName: uiautomator2, chromedriverPort: 56348, databaseEnabled: false, desired: {appActivity: com.kfc.mobile.presentation..., appPackage: com.kfc.mobile, autoGrantPermissions: true, automationName: uiautomator2, chromedriverPort: 56348, deviceId: cefdc881, deviceName: OPPO CPH1803 (Android 8.1.0), newCommandTimeout: 1800, noReset: true, platform: ANDROID, platformName: android, platformVersion: 8.1.0, systemPort: 8253, udid: cefdc881}, deviceApiLevel: 27, deviceId: cefdc881, deviceManufacturer: OPPO, deviceModel: CPH1803, deviceName: cefdc881, deviceScreenDensity: 320, deviceScreenSize: 720x1520, deviceUDID: cefdc881, javascriptEnabled: true, locationContextEnabled: false, networkConnectionEnabled: true, newCommandTimeout: 1800, noReset: true, pixelRatio: 2, platform: ANDROID, platformName: Android, platformVersion: 8.1.0, statBarHeight: 53, systemPort: 8253, takesScreenshot: true, udid: cefdc881, viewportRect: {height: 1467, left: 0, top: 53, width: 720}, warnings: {}, webStorageEnabled: false}
Session ID: d1f83301-6b4f-4d7e-9242-dd489e16d35c
	at org.openqa.selenium.remote.http.W3CHttpResponseCodec.createException(W3CHttpResponseCodec.java:187)
	at org.openqa.selenium.remote.http.W3CHttpResponseCodec.decode(W3CHttpResponseCodec.java:122)
	at org.openqa.selenium.remote.http.W3CHttpResponseCodec.decode(W3CHttpResponseCodec.java:49)
	at org.openqa.selenium.remote.HttpCommandExecutor.execute(HttpCommandExecutor.java:158)
	at io.appium.java_client.remote.AppiumCommandExecutor.execute(AppiumCommandExecutor.java:239)
	at org.openqa.selenium.remote.RemoteWebDriver.execute(RemoteWebDriver.java:552)
	at io.appium.java_client.DefaultGenericMobileDriver.execute(DefaultGenericMobileDriver.java:42)
	at io.appium.java_client.AppiumDriver.execute(AppiumDriver.java:1)
	at io.appium.java_client.android.AndroidDriver.execute(AndroidDriver.java:1)
	at com.kms.katalon.core.appium.driver.SwipeableAndroidDriver.execute(SwipeableAndroidDriver.java:1)
	at org.openqa.selenium.remote.RemoteWebElement.execute(RemoteWebElement.java:285)
	at io.appium.java_client.DefaultGenericMobileElement.execute(DefaultGenericMobileElement.java:45)
	at io.appium.java_client.MobileElement.execute(MobileElement.java:1)
	at io.appium.java_client.android.AndroidElement.execute(AndroidElement.java:1)
	at org.openqa.selenium.remote.RemoteWebElement.click(RemoteWebElement.java:84)
	at com.kms.katalon.core.mobile.keyword.builtin.TapKeyword$_tap_closure1.doCall(TapKeyword.groovy:82)
	at com.kms.katalon.core.mobile.keyword.builtin.TapKeyword$_tap_closure1.call(TapKeyword.groovy)
	at com.kms.katalon.core.mobile.keyword.internal.MobileKeywordMain.runKeyword(MobileKeywordMain.groovy:21)
	at com.kms.katalon.core.mobile.keyword.builtin.TapKeyword.tap(TapKeyword.groovy:84)
	at com.kms.katalon.core.mobile.keyword.builtin.TapKeyword.execute(TapKeyword.groovy:68)
	at com.kms.katalon.core.keyword.internal.KeywordExecutor.executeKeywordForPlatform(KeywordExecutor.groovy:74)
	at com.kms.katalon.core.mobile.keyword.MobileBuiltInKeywords.tap(MobileBuiltInKeywords.groovy:1490)
	at com.kms.katalon.core.mobile.keyword.MobileBuiltInKeywords$tap$0.call(Unknown Source)
	at Dine In - Debit Card.run(Dine In - Debit Card:85)
	at com.kms.katalon.core.main.ScriptEngine.run(ScriptEngine.java:194)
	at com.kms.katalon.core.main.ScriptEngine.runScriptAsRawText(ScriptEngine.java:119)
	at com.kms.katalon.core.main.TestCaseExecutor.runScript(TestCaseExecutor.java:448)
	at com.kms.katalon.core.main.TestCaseExecutor.doExecute(TestCaseExecutor.java:439)
	at com.kms.katalon.core.main.TestCaseExecutor.processExecutionPhase(TestCaseExecutor.java:418)
	at com.kms.katalon.core.main.TestCaseExecutor.accessMainPhase(TestCaseExecutor.java:410)
	at com.kms.katalon.core.main.TestCaseExecutor.execute(TestCaseExecutor.java:285)
	at com.kms.katalon.core.common.CommonExecutor.accessTestCaseMainPhase(CommonExecutor.java:65)
	at com.kms.katalon.core.main.TestSuiteExecutor.accessTestSuiteMainPhase(TestSuiteExecutor.java:151)
	at com.kms.katalon.core.main.TestSuiteExecutor.execute(TestSuiteExecutor.java:106)
	at com.kms.katalon.core.main.TestCaseMain.startTestSuite(TestCaseMain.java:185)
	at com.kms.katalon.core.main.TestCaseMain$startTestSuite$0.call(Unknown Source)
	at TempTestSuite1686631872767.run(TempTestSuite1686631872767.groovy:36)
)
	at com.kms.katalon.core.keyword.internal.KeywordMain.stepFailed(KeywordMain.groovy:50)
	at com.kms.katalon.core.mobile.keyword.internal.MobileKeywordMain.stepFailed(MobileKeywordMain.groovy:40)
	at com.kms.katalon.core.mobile.keyword.internal.MobileKeywordMain.runKeyword(MobileKeywordMain.groovy:23)
	at com.kms.katalon.core.mobile.keyword.builtin.TapKeyword.tap(TapKeyword.groovy:84)
	at com.kms.katalon.core.mobile.keyword.builtin.TapKeyword.execute(TapKeyword.groovy:68)
	at com.kms.katalon.core.keyword.internal.KeywordExecutor.executeKeywordForPlatform(KeywordExecutor.groovy:74)
	at com.kms.katalon.core.mobile.keyword.MobileBuiltInKeywords.tap(MobileBuiltInKeywords.groovy:1490)
	at com.kms.katalon.core.mobile.keyword.MobileBuiltInKeywords$tap$0.call(Unknown Source)
	at Dine In - Debit Card.run(Dine In - Debit Card:85)
	at com.kms.katalon.core.main.ScriptEngine.run(ScriptEngine.java:194)
	at com.kms.katalon.core.main.ScriptEngine.runScriptAsRawText(ScriptEngine.java:119)
	at com.kms.katalon.core.main.TestCaseExecutor.runScript(TestCaseExecutor.java:448)
	at com.kms.katalon.core.main.TestCaseExecutor.doExecute(TestCaseExecutor.java:439)
	at com.kms.katalon.core.main.TestCaseExecutor.processExecutionPhase(TestCaseExecutor.java:418)
	at com.kms.katalon.core.main.TestCaseExecutor.accessMainPhase(TestCaseExecutor.java:410)
	at com.kms.katalon.core.main.TestCaseExecutor.execute(TestCaseExecutor.java:285)
	at com.kms.katalon.core.common.CommonExecutor.accessTestCaseMainPhase(CommonExecutor.java:65)
	at com.kms.katalon.core.main.TestSuiteExecutor.accessTestSuiteMainPhase(TestSuiteExecutor.java:151)
	at com.kms.katalon.core.main.TestSuiteExecutor.execute(TestSuiteExecutor.java:106)
	at com.kms.katalon.core.main.TestCaseMain.startTestSuite(TestCaseMain.java:185)
	at com.kms.katalon.core.main.TestCaseMain$startTestSuite$0.call(Unknown Source)
	at TempTestSuite1686631872767.run(TempTestSuite1686631872767.groovy:36)
Caused by: org.openqa.selenium.StaleElementReferenceException: Cached elements 'By.xpath: //*[@class = 'android.widget.TextView' and (@text = 'Select Payment Method' or . = 'Select Payment Method')]' do not exist in DOM anymore
For documentation on this error, please visit: https://www.seleniumhq.org/exceptions/stale_element_reference.html
Build info: version: '3.141.59', revision: 'e82be7d358', time: '2018-11-14T08:25:53'
System info: host: 'NKC-23', ip: '172.10.13.174', os.name: 'Windows 10', os.arch: 'amd64', os.version: '10.0', java.version: '1.8.0_282'
Driver info: com.kms.katalon.core.appium.driver.SwipeableAndroidDriver
Capabilities {appActivity: com.kfc.mobile.presentation..., appPackage: com.kfc.mobile, autoGrantPermissions: true, automationName: uiautomator2, chromedriverPort: 56348, databaseEnabled: false, desired: {appActivity: com.kfc.mobile.presentation..., appPackage: com.kfc.mobile, autoGrantPermissions: true, automationName: uiautomator2, chromedriverPort: 56348, deviceId: cefdc881, deviceName: OPPO CPH1803 (Android 8.1.0), newCommandTimeout: 1800, noReset: true, platform: ANDROID, platformName: android, platformVersion: 8.1.0, systemPort: 8253, udid: cefdc881}, deviceApiLevel: 27, deviceId: cefdc881, deviceManufacturer: OPPO, deviceModel: CPH1803, deviceName: cefdc881, deviceScreenDensity: 320, deviceScreenSize: 720x1520, deviceUDID: cefdc881, javascriptEnabled: true, locationContextEnabled: false, networkConnectionEnabled: true, newCommandTimeout: 1800, noReset: true, pixelRatio: 2, platform: ANDROID, platformName: Android, platformVersion: 8.1.0, statBarHeight: 53, systemPort: 8253, takesScreenshot: true, udid: cefdc881, viewportRect: {height: 1467, left: 0, top: 53, width: 720}, warnings: {}, webStorageEnabled: false}
Session ID: d1f83301-6b4f-4d7e-9242-dd489e16d35c
	at org.openqa.selenium.remote.http.W3CHttpResponseCodec.createException(W3CHttpResponseCodec.java:187)
	at org.openqa.selenium.remote.http.W3CHttpResponseCodec.decode(W3CHttpResponseCodec.java:122)
	at org.openqa.selenium.remote.http.W3CHttpResponseCodec.decode(W3CHttpResponseCodec.java:49)
	at org.openqa.selenium.remote.HttpCommandExecutor.execute(HttpCommandExecutor.java:158)
	at io.appium.java_client.remote.AppiumCommandExecutor.execute(AppiumCommandExecutor.java:239)
	at org.openqa.selenium.remote.RemoteWebDriver.execute(RemoteWebDriver.java:552)
	at io.appium.java_client.DefaultGenericMobileDriver.execute(DefaultGenericMobileDriver.java:42)
	at io.appium.java_client.AppiumDriver.execute(AppiumDriver.java:1)
	at io.appium.java_client.android.AndroidDriver.execute(AndroidDriver.java:1)
	at com.kms.katalon.core.appium.driver.SwipeableAndroidDriver.execute(SwipeableAndroidDriver.java:1)
	at org.openqa.selenium.remote.RemoteWebElement.execute(RemoteWebElement.java:285)
	at io.appium.java_client.DefaultGenericMobileElement.execute(DefaultGenericMobileElement.java:45)
	at io.appium.java_client.MobileElement.execute(MobileElement.java:1)
	at io.appium.java_client.android.AndroidElement.execute(AndroidElement.java:1)
	at org.openqa.selenium.remote.RemoteWebElement.click(RemoteWebElement.java:84)
	at com.kms.katalon.core.mobile.keyword.builtin.TapKeyword$_tap_closure1.doCall(TapKeyword.groovy:82)
	at com.kms.katalon.core.mobile.keyword.builtin.TapKeyword$_tap_closure1.call(TapKeyword.groovy)
	at com.kms.katalon.core.mobile.keyword.internal.MobileKeywordMain.runKeyword(MobileKeywordMain.groovy:21)
	... 19 more


2023-06-13 11:59:20 - [TEST_STEP][PASSED] - startExistingApplication("com.kfc.mobile", STOP_ON_FAILURE): Starting app with application ID: 'com.kfc.mobile'

2023-06-13 11:59:20 - [MESSAGE][INFO] - User set preference: ['appPackage', 'com.kfc.mobile']

2023-06-13 11:59:20 - [MESSAGE][INFO] - User set preference: ['appActivity', 'com.kfc.mobile.presentation.splash.SplashActivity']

2023-06-13 11:59:20 - [MESSAGE][INFO] - User set preference: ['noReset', 'true']

2023-06-13 11:59:20 - [MESSAGE][INFO] - User set preference: ['deviceId', 'cefdc881']

2023-06-13 11:59:20 - [MESSAGE][INFO] - Detected NodeJS location: "C:\Program Files\nodejs\node.exe"

2023-06-13 11:59:23 - [MESSAGE][INFO] - Appium server started on port 56,347

2023-06-13 11:59:41 - [MESSAGE][PASSED] - Starting app with application ID: 'com.kfc.mobile'

2023-06-13 11:59:41 - [TEST_STEP][PASSED] - delay(5, STOP_ON_FAILURE): Delayed 5 second(s)

2023-06-13 11:59:47 - [MESSAGE][PASSED] - Delayed 5 second(s)

2023-06-13 11:59:47 - [TEST_STEP][PASSED] - swipe(281, 500, 434, 170): Swiped from 281,500 to 434,170

2023-06-13 11:59:48 - [MESSAGE][PASSED] - Swiped from 281,500 to 434,170

2023-06-13 11:59:48 - [TEST_STEP][PASSED] - tap(findTestObject("Productions/Create Order/PNP/Dine In/Menu - DINE-IN"), 5): Tapped on element 'Object Repository/Productions/Create Order/PNP/Dine In/Menu - DINE-IN'

2023-06-13 11:59:51 - [MESSAGE][PASSED] - Tapped on element 'Object Repository/Productions/Create Order/PNP/Dine In/Menu - DINE-IN'

2023-06-13 11:59:51 - [TEST_STEP][PASSED] - verifyElementVisible(findTestObject("Productions/Create Order/PNP/Dine In/Search KFC Outlet"), 5): Element 'Object Repository/Productions/Create Order/PNP/Dine In/Search KFC Outlet' is visible

2023-06-13 11:59:55 - [MESSAGE][PASSED] - Element 'Object Repository/Productions/Create Order/PNP/Dine In/Search KFC Outlet' is visible

2023-06-13 11:59:55 - [TEST_STEP][PASSED] - tap(findTestObject("Productions/Create Order/PNP/Dine In/Search KFC Outlet"), 0, STOP_ON_FAILURE): Tapped on element 'Object Repository/Productions/Create Order/PNP/Dine In/Search KFC Outlet'

2023-06-13 11:59:55 - [MESSAGE][WARNING] - Timeout '0' is invalid. Using default page load timeout: '30'

2023-06-13 11:59:56 - [MESSAGE][PASSED] - Tapped on element 'Object Repository/Productions/Create Order/PNP/Dine In/Search KFC Outlet'

2023-06-13 11:59:56 - [TEST_STEP][PASSED] - setText(findTestObject("Productions/Create Order/PNP/Dine In/EditText - Search KFC Outlet"), "Kemang", 5): Text 'Kemang' has been set to element 'Object Repository/Productions/Create Order/PNP/Dine In/EditText - Search KFC Outlet'

2023-06-13 12:00:00 - [MESSAGE][PASSED] - Text 'Kemang' has been set to element 'Object Repository/Productions/Create Order/PNP/Dine In/EditText - Search KFC Outlet'

2023-06-13 12:00:00 - [TEST_STEP][PASSED] - hideKeyboard(): Keyboard is hidden

2023-06-13 12:00:05 - [MESSAGE][PASSED] - Keyboard is hidden

2023-06-13 12:00:05 - [TEST_STEP][PASSED] - delay(5, STOP_ON_FAILURE): Delayed 5 second(s)

2023-06-13 12:00:10 - [MESSAGE][PASSED] - Delayed 5 second(s)

2023-06-13 12:00:10 - [TEST_STEP][PASSED] - waitForElementPresent(findTestObject("Productions/Create Order/PNP/Dine In/Button - Select Outlet"), 5): Element 'Object Repository/Productions/Create Order/PNP/Dine In/Button - Select Outlet' is present

2023-06-13 12:00:11 - [MESSAGE][PASSED] - Element 'Object Repository/Productions/Create Order/PNP/Dine In/Button - Select Outlet' is present

2023-06-13 12:00:11 - [TEST_STEP][PASSED] - tap(findTestObject("Productions/Create Order/PNP/Dine In/Button - Select Outlet"), 0): Tapped on element 'Object Repository/Productions/Create Order/PNP/Dine In/Button - Select Outlet'

2023-06-13 12:00:11 - [MESSAGE][WARNING] - Timeout '0' is invalid. Using default page load timeout: '30'

2023-06-13 12:00:12 - [MESSAGE][PASSED] - Tapped on element 'Object Repository/Productions/Create Order/PNP/Dine In/Button - Select Outlet'

2023-06-13 12:00:12 - [TEST_STEP][PASSED] - delay(5, STOP_ON_FAILURE): Delayed 5 second(s)

2023-06-13 12:00:17 - [MESSAGE][PASSED] - Delayed 5 second(s)

2023-06-13 12:00:17 - [TEST_STEP][PASSED] - verifyElementVisible(findTestObject("Productions/Create Order/PNP/Dine In/List Menu Group"), 5): Element 'Object Repository/Productions/Create Order/PNP/Dine In/List Menu Group' is visible

2023-06-13 12:00:17 - [MESSAGE][PASSED] - Element 'Object Repository/Productions/Create Order/PNP/Dine In/List Menu Group' is visible

2023-06-13 12:00:17 - [TEST_STEP][PASSED] - tap(findTestObject("Productions/Create Order/PNP/Dine In/List Menu Group"), 5): Tapped on element 'Object Repository/Productions/Create Order/PNP/Dine In/List Menu Group'

2023-06-13 12:00:19 - [MESSAGE][PASSED] - Tapped on element 'Object Repository/Productions/Create Order/PNP/Dine In/List Menu Group'

2023-06-13 12:00:19 - [TEST_STEP][PASSED] - delay(3, STOP_ON_FAILURE): Delayed 3 second(s)

2023-06-13 12:00:22 - [MESSAGE][PASSED] - Delayed 3 second(s)

2023-06-13 12:00:22 - [TEST_STEP][PASSED] - tap(findTestObject("Productions/Create Order/PNP/Dine In/Breakfast"), 3): Tapped on element 'Object Repository/Productions/Create Order/PNP/Dine In/Breakfast'

2023-06-13 12:00:22 - [MESSAGE][PASSED] - Tapped on element 'Object Repository/Productions/Create Order/PNP/Dine In/Breakfast'

2023-06-13 12:00:22 - [TEST_STEP][PASSED] - tap(findTestObject("Productions/Create Order/PNP/Dine In/List Menu Group"), 3): Tapped on element 'Object Repository/Productions/Create Order/PNP/Dine In/List Menu Group'

2023-06-13 12:00:26 - [MESSAGE][PASSED] - Tapped on element 'Object Repository/Productions/Create Order/PNP/Dine In/List Menu Group'

2023-06-13 12:00:26 - [TEST_STEP][PASSED] - delay(3, STOP_ON_FAILURE): Delayed 3 second(s)

2023-06-13 12:00:29 - [MESSAGE][PASSED] - Delayed 3 second(s)

2023-06-13 12:00:29 - [TEST_STEP][PASSED] - tap(findTestObject("Productions/Create Order/PNP/Dine In/Spesial"), 3): Tapped on element 'Object Repository/Productions/Create Order/PNP/Dine In/Spesial'

2023-06-13 12:00:30 - [MESSAGE][PASSED] - Tapped on element 'Object Repository/Productions/Create Order/PNP/Dine In/Spesial'

2023-06-13 12:00:30 - [TEST_STEP][PASSED] - tap(findTestObject("Productions/Create Order/PNP/Dine In/Button - Add"), 3): Tapped on element 'Object Repository/Productions/Create Order/PNP/Dine In/Button - Add'

2023-06-13 12:00:33 - [MESSAGE][PASSED] - Tapped on element 'Object Repository/Productions/Create Order/PNP/Dine In/Button - Add'

2023-06-13 12:00:33 - [TEST_STEP][PASSED] - delay(3, STOP_ON_FAILURE): Delayed 3 second(s)

2023-06-13 12:00:36 - [MESSAGE][PASSED] - Delayed 3 second(s)

2023-06-13 12:00:36 - [TEST_STEP][PASSED] - verifyElementVisible(findTestObject("Productions/Create Order/PNP/Dine In/List Item Costum"), 5): Element 'Object Repository/Productions/Create Order/PNP/Dine In/List Item Costum' is visible

2023-06-13 12:00:37 - [MESSAGE][PASSED] - Element 'Object Repository/Productions/Create Order/PNP/Dine In/List Item Costum' is visible

2023-06-13 12:00:37 - [TEST_STEP][PASSED] - tap(findTestObject("Productions/Create Order/PNP/Dine In/Button - Continue Custom"), 5): Tapped on element 'Object Repository/Productions/Create Order/PNP/Dine In/Button - Continue Custom'

2023-06-13 12:00:38 - [MESSAGE][PASSED] - Tapped on element 'Object Repository/Productions/Create Order/PNP/Dine In/Button - Continue Custom'

2023-06-13 12:00:38 - [TEST_STEP][PASSED] - tap(findTestObject("Productions/Create Order/PNP/Dine In/Next Button Order"), 5): Tapped on element 'Object Repository/Productions/Create Order/PNP/Dine In/Next Button Order'

2023-06-13 12:00:39 - [MESSAGE][PASSED] - Tapped on element 'Object Repository/Productions/Create Order/PNP/Dine In/Next Button Order'

2023-06-13 12:00:39 - [TEST_STEP][PASSED] - verifyElementVisible(findTestObject("Productions/Create Order/PNP/Dine In/You Got Free GOCENG"), 5): Element 'Object Repository/Productions/Create Order/PNP/Dine In/You Got Free GOCENG' is visible

2023-06-13 12:00:42 - [MESSAGE][PASSED] - Element 'Object Repository/Productions/Create Order/PNP/Dine In/You Got Free GOCENG' is visible

2023-06-13 12:00:42 - [TEST_STEP][PASSED] - verifyElementVisible(findTestObject("Productions/Create Order/PNP/Dine In/Continue Choose Reward"), 5): Element 'Object Repository/Productions/Create Order/PNP/Dine In/Continue Choose Reward' is visible

2023-06-13 12:00:42 - [MESSAGE][PASSED] - Element 'Object Repository/Productions/Create Order/PNP/Dine In/Continue Choose Reward' is visible

2023-06-13 12:00:42 - [TEST_STEP][PASSED] - tap(findTestObject("Productions/Create Order/PNP/Dine In/Continue Choose Reward"), 5): Tapped on element 'Object Repository/Productions/Create Order/PNP/Dine In/Continue Choose Reward'

2023-06-13 12:00:43 - [MESSAGE][PASSED] - Tapped on element 'Object Repository/Productions/Create Order/PNP/Dine In/Continue Choose Reward'

2023-06-13 12:00:43 - [TEST_STEP][PASSED] - delay(5, STOP_ON_FAILURE): Delayed 5 second(s)

2023-06-13 12:00:48 - [MESSAGE][PASSED] - Delayed 5 second(s)

2023-06-13 12:00:48 - [TEST_STEP][PASSED] - tap(findTestObject("Productions/Create Order/PNP/Dine In/Button - Choose Now Reward"), 5): Tapped on element 'Object Repository/Productions/Create Order/PNP/Dine In/Button - Choose Now Reward'

2023-06-13 12:00:49 - [MESSAGE][PASSED] - Tapped on element 'Object Repository/Productions/Create Order/PNP/Dine In/Button - Choose Now Reward'

2023-06-13 12:00:49 - [TEST_STEP][PASSED] - tap(findTestObject("Productions/Create Order/PNP/Dine In/Button - Add Reward"), 5): Tapped on element 'Object Repository/Productions/Create Order/PNP/Dine In/Button - Add Reward'

2023-06-13 12:00:52 - [MESSAGE][PASSED] - Tapped on element 'Object Repository/Productions/Create Order/PNP/Dine In/Button - Add Reward'

2023-06-13 12:00:52 - [TEST_STEP][PASSED] - tap(findTestObject("Productions/Create Order/PNP/Dine In/Button - Confirm Reward"), 5): Tapped on element 'Object Repository/Productions/Create Order/PNP/Dine In/Button - Confirm Reward'

2023-06-13 12:00:53 - [MESSAGE][PASSED] - Tapped on element 'Object Repository/Productions/Create Order/PNP/Dine In/Button - Confirm Reward'

2023-06-13 12:00:53 - [TEST_STEP][PASSED] - swipe(281, 500, 434, 161): Swiped from 281,500 to 434,161

2023-06-13 12:00:54 - [MESSAGE][PASSED] - Swiped from 281,500 to 434,161

2023-06-13 12:00:54 - [TEST_STEP][FAILED] - tap(findTestObject("Productions/Create Order/PNP/Dine In/Select Payment Method"), 5): Failed to tap on element 'Object Repository/Productions/Create Order/PNP/Dine In/Select Payment Method' (Root cause: org.openqa.selenium.StaleElementReferenceException: Cached elements 'By.xpath: //*[@class = 'android.widget.TextView' and (@text = 'Select Payment Method' or . = 'Select Payment Method')]' do not exist in DOM anymore
For documentation on this error, please visit: https://www.seleniumhq.org/exceptions/stale_element_reference.html
Build info: version: '3.141.59', revision: 'e82be7d358', time: '2018-11-14T08:25:53'
System info: host: 'NKC-23', ip: '172.10.13.174', os.name: 'Windows 10', os.arch: 'amd64', os.version: '10.0', java.version: '1.8.0_282'
Driver info: com.kms.katalon.core.appium.driver.SwipeableAndroidDriver
Capabilities {appActivity: com.kfc.mobile.presentation..., appPackage: com.kfc.mobile, autoGrantPermissions: true, automationName: uiautomator2, chromedriverPort: 56348, databaseEnabled: false, desired: {appActivity: com.kfc.mobile.presentation..., appPackage: com.kfc.mobile, autoGrantPermissions: true, automationName: uiautomator2, chromedriverPort: 56348, deviceId: cefdc881, deviceName: OPPO CPH1803 (Android 8.1.0), newCommandTimeout: 1800, noReset: true, platform: ANDROID, platformName: android, platformVersion: 8.1.0, systemPort: 8253, udid: cefdc881}, deviceApiLevel: 27, deviceId: cefdc881, deviceManufacturer: OPPO, deviceModel: CPH1803, deviceName: cefdc881, deviceScreenDensity: 320, deviceScreenSize: 720x1520, deviceUDID: cefdc881, javascriptEnabled: true, locationContextEnabled: false, networkConnectionEnabled: true, newCommandTimeout: 1800, noReset: true, pixelRatio: 2, platform: ANDROID, platformName: Android, platformVersion: 8.1.0, statBarHeight: 53, systemPort: 8253, takesScreenshot: true, udid: cefdc881, viewportRect: {height: 1467, left: 0, top: 53, width: 720}, warnings: {}, webStorageEnabled: false}
Session ID: d1f83301-6b4f-4d7e-9242-dd489e16d35c
	at org.openqa.selenium.remote.http.W3CHttpResponseCodec.createException(W3CHttpResponseCodec.java:187)
	at org.openqa.selenium.remote.http.W3CHttpResponseCodec.decode(W3CHttpResponseCodec.java:122)
	at org.openqa.selenium.remote.http.W3CHttpResponseCodec.decode(W3CHttpResponseCodec.java:49)
	at org.openqa.selenium.remote.HttpCommandExecutor.execute(HttpCommandExecutor.java:158)
	at io.appium.java_client.remote.AppiumCommandExecutor.execute(AppiumCommandExecutor.java:239)
	at org.openqa.selenium.remote.RemoteWebDriver.execute(RemoteWebDriver.java:552)
	at io.appium.java_client.DefaultGenericMobileDriver.execute(DefaultGenericMobileDriver.java:42)
	at io.appium.java_client.AppiumDriver.execute(AppiumDriver.java:1)
	at io.appium.java_client.android.AndroidDriver.execute(AndroidDriver.java:1)
	at com.kms.katalon.core.appium.driver.SwipeableAndroidDriver.execute(SwipeableAndroidDriver.java:1)
	at org.openqa.selenium.remote.RemoteWebElement.execute(RemoteWebElement.java:285)
	at io.appium.java_client.DefaultGenericMobileElement.execute(DefaultGenericMobileElement.java:45)
	at io.appium.java_client.MobileElement.execute(MobileElement.java:1)
	at io.appium.java_client.android.AndroidElement.execute(AndroidElement.java:1)
	at org.openqa.selenium.remote.RemoteWebElement.click(RemoteWebElement.java:84)
	at com.kms.katalon.core.mobile.keyword.builtin.TapKeyword$_tap_closure1.doCall(TapKeyword.groovy:82)
	at com.kms.katalon.core.mobile.keyword.builtin.TapKeyword$_tap_closure1.call(TapKeyword.groovy)
	at com.kms.katalon.core.mobile.keyword.internal.MobileKeywordMain.runKeyword(MobileKeywordMain.groovy:21)
	at com.kms.katalon.core.mobile.keyword.builtin.TapKeyword.tap(TapKeyword.groovy:84)
	at com.kms.katalon.core.mobile.keyword.builtin.TapKeyword.execute(TapKeyword.groovy:68)
	at com.kms.katalon.core.keyword.internal.KeywordExecutor.executeKeywordForPlatform(KeywordExecutor.groovy:74)
	at com.kms.katalon.core.mobile.keyword.MobileBuiltInKeywords.tap(MobileBuiltInKeywords.groovy:1490)
	at com.kms.katalon.core.mobile.keyword.MobileBuiltInKeywords$tap$0.call(Unknown Source)
	at Dine In - Debit Card.run(Dine In - Debit Card:85)
	at com.kms.katalon.core.main.ScriptEngine.run(ScriptEngine.java:194)
	at com.kms.katalon.core.main.ScriptEngine.runScriptAsRawText(ScriptEngine.java:119)
	at com.kms.katalon.core.main.TestCaseExecutor.runScript(TestCaseExecutor.java:448)
	at com.kms.katalon.core.main.TestCaseExecutor.doExecute(TestCaseExecutor.java:439)
	at com.kms.katalon.core.main.TestCaseExecutor.processExecutionPhase(TestCaseExecutor.java:418)
	at com.kms.katalon.core.main.TestCaseExecutor.accessMainPhase(TestCaseExecutor.java:410)
	at com.kms.katalon.core.main.TestCaseExecutor.execute(TestCaseExecutor.java:285)
	at com.kms.katalon.core.common.CommonExecutor.accessTestCaseMainPhase(CommonExecutor.java:65)
	at com.kms.katalon.core.main.TestSuiteExecutor.accessTestSuiteMainPhase(TestSuiteExecutor.java:151)
	at com.kms.katalon.core.main.TestSuiteExecutor.execute(TestSuiteExecutor.java:106)
	at com.kms.katalon.core.main.TestCaseMain.startTestSuite(TestCaseMain.java:185)
	at com.kms.katalon.core.main.TestCaseMain$startTestSuite$0.call(Unknown Source)
	at TempTestSuite1686631872767.run(TempTestSuite1686631872767.groovy:36)
)

2023-06-13 12:00:57 - [MESSAGE][FAILED] - Failed to tap on element 'Object Repository/Productions/Create Order/PNP/Dine In/Select Payment Method' (Root cause: org.openqa.selenium.StaleElementReferenceException: Cached elements 'By.xpath: //*[@class = 'android.widget.TextView' and (@text = 'Select Payment Method' or . = 'Select Payment Method')]' do not exist in DOM anymore
For documentation on this error, please visit: https://www.seleniumhq.org/exceptions/stale_element_reference.html
Build info: version: '3.141.59', revision: 'e82be7d358', time: '2018-11-14T08:25:53'
System info: host: 'NKC-23', ip: '172.10.13.174', os.name: 'Windows 10', os.arch: 'amd64', os.version: '10.0', java.version: '1.8.0_282'
Driver info: com.kms.katalon.core.appium.driver.SwipeableAndroidDriver
Capabilities {appActivity: com.kfc.mobile.presentation..., appPackage: com.kfc.mobile, autoGrantPermissions: true, automationName: uiautomator2, chromedriverPort: 56348, databaseEnabled: false, desired: {appActivity: com.kfc.mobile.presentation..., appPackage: com.kfc.mobile, autoGrantPermissions: true, automationName: uiautomator2, chromedriverPort: 56348, deviceId: cefdc881, deviceName: OPPO CPH1803 (Android 8.1.0), newCommandTimeout: 1800, noReset: true, platform: ANDROID, platformName: android, platformVersion: 8.1.0, systemPort: 8253, udid: cefdc881}, deviceApiLevel: 27, deviceId: cefdc881, deviceManufacturer: OPPO, deviceModel: CPH1803, deviceName: cefdc881, deviceScreenDensity: 320, deviceScreenSize: 720x1520, deviceUDID: cefdc881, javascriptEnabled: true, locationContextEnabled: false, networkConnectionEnabled: true, newCommandTimeout: 1800, noReset: true, pixelRatio: 2, platform: ANDROID, platformName: Android, platformVersion: 8.1.0, statBarHeight: 53, systemPort: 8253, takesScreenshot: true, udid: cefdc881, viewportRect: {height: 1467, left: 0, top: 53, width: 720}, warnings: {}, webStorageEnabled: false}
Session ID: d1f83301-6b4f-4d7e-9242-dd489e16d35c
	at org.openqa.selenium.remote.http.W3CHttpResponseCodec.createException(W3CHttpResponseCodec.java:187)
	at org.openqa.selenium.remote.http.W3CHttpResponseCodec.decode(W3CHttpResponseCodec.java:122)
	at org.openqa.selenium.remote.http.W3CHttpResponseCodec.decode(W3CHttpResponseCodec.java:49)
	at org.openqa.selenium.remote.HttpCommandExecutor.execute(HttpCommandExecutor.java:158)
	at io.appium.java_client.remote.AppiumCommandExecutor.execute(AppiumCommandExecutor.java:239)
	at org.openqa.selenium.remote.RemoteWebDriver.execute(RemoteWebDriver.java:552)
	at io.appium.java_client.DefaultGenericMobileDriver.execute(DefaultGenericMobileDriver.java:42)
	at io.appium.java_client.AppiumDriver.execute(AppiumDriver.java:1)
	at io.appium.java_client.android.AndroidDriver.execute(AndroidDriver.java:1)
	at com.kms.katalon.core.appium.driver.SwipeableAndroidDriver.execute(SwipeableAndroidDriver.java:1)
	at org.openqa.selenium.remote.RemoteWebElement.execute(RemoteWebElement.java:285)
	at io.appium.java_client.DefaultGenericMobileElement.execute(DefaultGenericMobileElement.java:45)
	at io.appium.java_client.MobileElement.execute(MobileElement.java:1)
	at io.appium.java_client.android.AndroidElement.execute(AndroidElement.java:1)
	at org.openqa.selenium.remote.RemoteWebElement.click(RemoteWebElement.java:84)
	at com.kms.katalon.core.mobile.keyword.builtin.TapKeyword$_tap_closure1.doCall(TapKeyword.groovy:82)
	at com.kms.katalon.core.mobile.keyword.builtin.TapKeyword$_tap_closure1.call(TapKeyword.groovy)
	at com.kms.katalon.core.mobile.keyword.internal.MobileKeywordMain.runKeyword(MobileKeywordMain.groovy:21)
	at com.kms.katalon.core.mobile.keyword.builtin.TapKeyword.tap(TapKeyword.groovy:84)
	at com.kms.katalon.core.mobile.keyword.builtin.TapKeyword.execute(TapKeyword.groovy:68)
	at com.kms.katalon.core.keyword.internal.KeywordExecutor.executeKeywordForPlatform(KeywordExecutor.groovy:74)
	at com.kms.katalon.core.mobile.keyword.MobileBuiltInKeywords.tap(MobileBuiltInKeywords.groovy:1490)
	at com.kms.katalon.core.mobile.keyword.MobileBuiltInKeywords$tap$0.call(Unknown Source)
	at Dine In - Debit Card.run(Dine In - Debit Card:85)
	at com.kms.katalon.core.main.ScriptEngine.run(ScriptEngine.java:194)
	at com.kms.katalon.core.main.ScriptEngine.runScriptAsRawText(ScriptEngine.java:119)
	at com.kms.katalon.core.main.TestCaseExecutor.runScript(TestCaseExecutor.java:448)
	at com.kms.katalon.core.main.TestCaseExecutor.doExecute(TestCaseExecutor.java:439)
	at com.kms.katalon.core.main.TestCaseExecutor.processExecutionPhase(TestCaseExecutor.java:418)
	at com.kms.katalon.core.main.TestCaseExecutor.accessMainPhase(TestCaseExecutor.java:410)
	at com.kms.katalon.core.main.TestCaseExecutor.execute(TestCaseExecutor.java:285)
	at com.kms.katalon.core.common.CommonExecutor.accessTestCaseMainPhase(CommonExecutor.java:65)
	at com.kms.katalon.core.main.TestSuiteExecutor.accessTestSuiteMainPhase(TestSuiteExecutor.java:151)
	at com.kms.katalon.core.main.TestSuiteExecutor.execute(TestSuiteExecutor.java:106)
	at com.kms.katalon.core.main.TestCaseMain.startTestSuite(TestCaseMain.java:185)
	at com.kms.katalon.core.main.TestCaseMain$startTestSuite$0.call(Unknown Source)
	at TempTestSuite1686631872767.run(TempTestSuite1686631872767.groovy:36)
)
[[ATTACHMENT|C:\\Users\\Ahadian Rifky\\Downloads\\Katalon_Studio_Windows_64-8.5.5\\Katalon_Studio_Windows_64-8.5.5\\git.github.com\\maycheljecsan\\kfckuapps_katalon.git\\kfcku_android\\Reports\\20230613_115112\\Production\\KFCKU Apps\\20230613_115112\\1686632456114.png]]

2023-06-13 12:00:57 - [TEST_STEP][PASSED] - Start listener action : sampleAfterTestCase: null

2023-06-13 12:00:57 - [TEST_STEP][PASSED] - println(testCaseContext.getTestCaseId()): null

2023-06-13 12:00:57 - [TEST_STEP][PASSED] - println(testCaseContext.getTestCaseStatus()): null]]></system-out>
         <system-err><![CDATA[2023-06-13 11:59:19 - [TEST_CASE][FAILED] - Test Cases/Production/Create Order/PNP/Dine In/Dine In - Debit Card: Test Cases/Production/Create Order/PNP/Dine In/Dine In - Debit Card FAILED.
Reason:
com.kms.katalon.core.exception.StepFailedException: Failed to tap on element 'Object Repository/Productions/Create Order/PNP/Dine In/Select Payment Method' (Root cause: org.openqa.selenium.StaleElementReferenceException: Cached elements 'By.xpath: //*[@class = 'android.widget.TextView' and (@text = 'Select Payment Method' or . = 'Select Payment Method')]' do not exist in DOM anymore
For documentation on this error, please visit: https://www.seleniumhq.org/exceptions/stale_element_reference.html
Build info: version: '3.141.59', revision: 'e82be7d358', time: '2018-11-14T08:25:53'
System info: host: 'NKC-23', ip: '172.10.13.174', os.name: 'Windows 10', os.arch: 'amd64', os.version: '10.0', java.version: '1.8.0_282'
Driver info: com.kms.katalon.core.appium.driver.SwipeableAndroidDriver
Capabilities {appActivity: com.kfc.mobile.presentation..., appPackage: com.kfc.mobile, autoGrantPermissions: true, automationName: uiautomator2, chromedriverPort: 56348, databaseEnabled: false, desired: {appActivity: com.kfc.mobile.presentation..., appPackage: com.kfc.mobile, autoGrantPermissions: true, automationName: uiautomator2, chromedriverPort: 56348, deviceId: cefdc881, deviceName: OPPO CPH1803 (Android 8.1.0), newCommandTimeout: 1800, noReset: true, platform: ANDROID, platformName: android, platformVersion: 8.1.0, systemPort: 8253, udid: cefdc881}, deviceApiLevel: 27, deviceId: cefdc881, deviceManufacturer: OPPO, deviceModel: CPH1803, deviceName: cefdc881, deviceScreenDensity: 320, deviceScreenSize: 720x1520, deviceUDID: cefdc881, javascriptEnabled: true, locationContextEnabled: false, networkConnectionEnabled: true, newCommandTimeout: 1800, noReset: true, pixelRatio: 2, platform: ANDROID, platformName: Android, platformVersion: 8.1.0, statBarHeight: 53, systemPort: 8253, takesScreenshot: true, udid: cefdc881, viewportRect: {height: 1467, left: 0, top: 53, width: 720}, warnings: {}, webStorageEnabled: false}
Session ID: d1f83301-6b4f-4d7e-9242-dd489e16d35c
	at org.openqa.selenium.remote.http.W3CHttpResponseCodec.createException(W3CHttpResponseCodec.java:187)
	at org.openqa.selenium.remote.http.W3CHttpResponseCodec.decode(W3CHttpResponseCodec.java:122)
	at org.openqa.selenium.remote.http.W3CHttpResponseCodec.decode(W3CHttpResponseCodec.java:49)
	at org.openqa.selenium.remote.HttpCommandExecutor.execute(HttpCommandExecutor.java:158)
	at io.appium.java_client.remote.AppiumCommandExecutor.execute(AppiumCommandExecutor.java:239)
	at org.openqa.selenium.remote.RemoteWebDriver.execute(RemoteWebDriver.java:552)
	at io.appium.java_client.DefaultGenericMobileDriver.execute(DefaultGenericMobileDriver.java:42)
	at io.appium.java_client.AppiumDriver.execute(AppiumDriver.java:1)
	at io.appium.java_client.android.AndroidDriver.execute(AndroidDriver.java:1)
	at com.kms.katalon.core.appium.driver.SwipeableAndroidDriver.execute(SwipeableAndroidDriver.java:1)
	at org.openqa.selenium.remote.RemoteWebElement.execute(RemoteWebElement.java:285)
	at io.appium.java_client.DefaultGenericMobileElement.execute(DefaultGenericMobileElement.java:45)
	at io.appium.java_client.MobileElement.execute(MobileElement.java:1)
	at io.appium.java_client.android.AndroidElement.execute(AndroidElement.java:1)
	at org.openqa.selenium.remote.RemoteWebElement.click(RemoteWebElement.java:84)
	at com.kms.katalon.core.mobile.keyword.builtin.TapKeyword$_tap_closure1.doCall(TapKeyword.groovy:82)
	at com.kms.katalon.core.mobile.keyword.builtin.TapKeyword$_tap_closure1.call(TapKeyword.groovy)
	at com.kms.katalon.core.mobile.keyword.internal.MobileKeywordMain.runKeyword(MobileKeywordMain.groovy:21)
	at com.kms.katalon.core.mobile.keyword.builtin.TapKeyword.tap(TapKeyword.groovy:84)
	at com.kms.katalon.core.mobile.keyword.builtin.TapKeyword.execute(TapKeyword.groovy:68)
	at com.kms.katalon.core.keyword.internal.KeywordExecutor.executeKeywordForPlatform(KeywordExecutor.groovy:74)
	at com.kms.katalon.core.mobile.keyword.MobileBuiltInKeywords.tap(MobileBuiltInKeywords.groovy:1490)
	at com.kms.katalon.core.mobile.keyword.MobileBuiltInKeywords$tap$0.call(Unknown Source)
	at Dine In - Debit Card.run(Dine In - Debit Card:85)
	at com.kms.katalon.core.main.ScriptEngine.run(ScriptEngine.java:194)
	at com.kms.katalon.core.main.ScriptEngine.runScriptAsRawText(ScriptEngine.java:119)
	at com.kms.katalon.core.main.TestCaseExecutor.runScript(TestCaseExecutor.java:448)
	at com.kms.katalon.core.main.TestCaseExecutor.doExecute(TestCaseExecutor.java:439)
	at com.kms.katalon.core.main.TestCaseExecutor.processExecutionPhase(TestCaseExecutor.java:418)
	at com.kms.katalon.core.main.TestCaseExecutor.accessMainPhase(TestCaseExecutor.java:410)
	at com.kms.katalon.core.main.TestCaseExecutor.execute(TestCaseExecutor.java:285)
	at com.kms.katalon.core.common.CommonExecutor.accessTestCaseMainPhase(CommonExecutor.java:65)
	at com.kms.katalon.core.main.TestSuiteExecutor.accessTestSuiteMainPhase(TestSuiteExecutor.java:151)
	at com.kms.katalon.core.main.TestSuiteExecutor.execute(TestSuiteExecutor.java:106)
	at com.kms.katalon.core.main.TestCaseMain.startTestSuite(TestCaseMain.java:185)
	at com.kms.katalon.core.main.TestCaseMain$startTestSuite$0.call(Unknown Source)
	at TempTestSuite1686631872767.run(TempTestSuite1686631872767.groovy:36)
)
	at com.kms.katalon.core.keyword.internal.KeywordMain.stepFailed(KeywordMain.groovy:50)
	at com.kms.katalon.core.mobile.keyword.internal.MobileKeywordMain.stepFailed(MobileKeywordMain.groovy:40)
	at com.kms.katalon.core.mobile.keyword.internal.MobileKeywordMain.runKeyword(MobileKeywordMain.groovy:23)
	at com.kms.katalon.core.mobile.keyword.builtin.TapKeyword.tap(TapKeyword.groovy:84)
	at com.kms.katalon.core.mobile.keyword.builtin.TapKeyword.execute(TapKeyword.groovy:68)
	at com.kms.katalon.core.keyword.internal.KeywordExecutor.executeKeywordForPlatform(KeywordExecutor.groovy:74)
	at com.kms.katalon.core.mobile.keyword.MobileBuiltInKeywords.tap(MobileBuiltInKeywords.groovy:1490)
	at com.kms.katalon.core.mobile.keyword.MobileBuiltInKeywords$tap$0.call(Unknown Source)
	at Dine In - Debit Card.run(Dine In - Debit Card:85)
	at com.kms.katalon.core.main.ScriptEngine.run(ScriptEngine.java:194)
	at com.kms.katalon.core.main.ScriptEngine.runScriptAsRawText(ScriptEngine.java:119)
	at com.kms.katalon.core.main.TestCaseExecutor.runScript(TestCaseExecutor.java:448)
	at com.kms.katalon.core.main.TestCaseExecutor.doExecute(TestCaseExecutor.java:439)
	at com.kms.katalon.core.main.TestCaseExecutor.processExecutionPhase(TestCaseExecutor.java:418)
	at com.kms.katalon.core.main.TestCaseExecutor.accessMainPhase(TestCaseExecutor.java:410)
	at com.kms.katalon.core.main.TestCaseExecutor.execute(TestCaseExecutor.java:285)
	at com.kms.katalon.core.common.CommonExecutor.accessTestCaseMainPhase(CommonExecutor.java:65)
	at com.kms.katalon.core.main.TestSuiteExecutor.accessTestSuiteMainPhase(TestSuiteExecutor.java:151)
	at com.kms.katalon.core.main.TestSuiteExecutor.execute(TestSuiteExecutor.java:106)
	at com.kms.katalon.core.main.TestCaseMain.startTestSuite(TestCaseMain.java:185)
	at com.kms.katalon.core.main.TestCaseMain$startTestSuite$0.call(Unknown Source)
	at TempTestSuite1686631872767.run(TempTestSuite1686631872767.groovy:36)
Caused by: org.openqa.selenium.StaleElementReferenceException: Cached elements 'By.xpath: //*[@class = 'android.widget.TextView' and (@text = 'Select Payment Method' or . = 'Select Payment Method')]' do not exist in DOM anymore
For documentation on this error, please visit: https://www.seleniumhq.org/exceptions/stale_element_reference.html
Build info: version: '3.141.59', revision: 'e82be7d358', time: '2018-11-14T08:25:53'
System info: host: 'NKC-23', ip: '172.10.13.174', os.name: 'Windows 10', os.arch: 'amd64', os.version: '10.0', java.version: '1.8.0_282'
Driver info: com.kms.katalon.core.appium.driver.SwipeableAndroidDriver
Capabilities {appActivity: com.kfc.mobile.presentation..., appPackage: com.kfc.mobile, autoGrantPermissions: true, automationName: uiautomator2, chromedriverPort: 56348, databaseEnabled: false, desired: {appActivity: com.kfc.mobile.presentation..., appPackage: com.kfc.mobile, autoGrantPermissions: true, automationName: uiautomator2, chromedriverPort: 56348, deviceId: cefdc881, deviceName: OPPO CPH1803 (Android 8.1.0), newCommandTimeout: 1800, noReset: true, platform: ANDROID, platformName: android, platformVersion: 8.1.0, systemPort: 8253, udid: cefdc881}, deviceApiLevel: 27, deviceId: cefdc881, deviceManufacturer: OPPO, deviceModel: CPH1803, deviceName: cefdc881, deviceScreenDensity: 320, deviceScreenSize: 720x1520, deviceUDID: cefdc881, javascriptEnabled: true, locationContextEnabled: false, networkConnectionEnabled: true, newCommandTimeout: 1800, noReset: true, pixelRatio: 2, platform: ANDROID, platformName: Android, platformVersion: 8.1.0, statBarHeight: 53, systemPort: 8253, takesScreenshot: true, udid: cefdc881, viewportRect: {height: 1467, left: 0, top: 53, width: 720}, warnings: {}, webStorageEnabled: false}
Session ID: d1f83301-6b4f-4d7e-9242-dd489e16d35c
	at org.openqa.selenium.remote.http.W3CHttpResponseCodec.createException(W3CHttpResponseCodec.java:187)
	at org.openqa.selenium.remote.http.W3CHttpResponseCodec.decode(W3CHttpResponseCodec.java:122)
	at org.openqa.selenium.remote.http.W3CHttpResponseCodec.decode(W3CHttpResponseCodec.java:49)
	at org.openqa.selenium.remote.HttpCommandExecutor.execute(HttpCommandExecutor.java:158)
	at io.appium.java_client.remote.AppiumCommandExecutor.execute(AppiumCommandExecutor.java:239)
	at org.openqa.selenium.remote.RemoteWebDriver.execute(RemoteWebDriver.java:552)
	at io.appium.java_client.DefaultGenericMobileDriver.execute(DefaultGenericMobileDriver.java:42)
	at io.appium.java_client.AppiumDriver.execute(AppiumDriver.java:1)
	at io.appium.java_client.android.AndroidDriver.execute(AndroidDriver.java:1)
	at com.kms.katalon.core.appium.driver.SwipeableAndroidDriver.execute(SwipeableAndroidDriver.java:1)
	at org.openqa.selenium.remote.RemoteWebElement.execute(RemoteWebElement.java:285)
	at io.appium.java_client.DefaultGenericMobileElement.execute(DefaultGenericMobileElement.java:45)
	at io.appium.java_client.MobileElement.execute(MobileElement.java:1)
	at io.appium.java_client.android.AndroidElement.execute(AndroidElement.java:1)
	at org.openqa.selenium.remote.RemoteWebElement.click(RemoteWebElement.java:84)
	at com.kms.katalon.core.mobile.keyword.builtin.TapKeyword$_tap_closure1.doCall(TapKeyword.groovy:82)
	at com.kms.katalon.core.mobile.keyword.builtin.TapKeyword$_tap_closure1.call(TapKeyword.groovy)
	at com.kms.katalon.core.mobile.keyword.internal.MobileKeywordMain.runKeyword(MobileKeywordMain.groovy:21)
	... 19 more]]></system-err>
      </testcase>
      <testcase name="Test Cases/Production/Create Order/PNP/Take Away/Take Away - Credit Card" time="95.032" classname="Test Cases/Production/Create Order/PNP/Take Away/Take Away - Credit Card" status="FAILED">
         <failure type="FAILED" message="Test Cases/Production/Create Order/PNP/Take Away/Take Away - Credit Card FAILED.
Reason:
com.kms.katalon.core.exception.StepFailedException: Object Object Repository/Productions/Create Order/Payment Method/Credit Card not found
	at com.kms.katalon.core.keyword.internal.KeywordMain.stepFailed(KeywordMain.groovy:50)
	at com.kms.katalon.core.mobile.keyword.internal.MobileKeywordMain.stepFailed(MobileKeywordMain.groovy:40)
	at com.kms.katalon.core.mobile.keyword.builtin.TapKeyword$_tap_closure1.doCall(TapKeyword.groovy:79)
	at com.kms.katalon.core.mobile.keyword.builtin.TapKeyword$_tap_closure1.call(TapKeyword.groovy)
	at com.kms.katalon.core.mobile.keyword.internal.MobileKeywordMain.runKeyword(MobileKeywordMain.groovy:21)
	at com.kms.katalon.core.mobile.keyword.builtin.TapKeyword.tap(TapKeyword.groovy:84)
	at com.kms.katalon.core.mobile.keyword.builtin.TapKeyword.execute(TapKeyword.groovy:68)
	at com.kms.katalon.core.keyword.internal.KeywordExecutor.executeKeywordForPlatform(KeywordExecutor.groovy:74)
	at com.kms.katalon.core.mobile.keyword.MobileBuiltInKeywords.tap(MobileBuiltInKeywords.groovy:1490)
	at com.kms.katalon.core.mobile.keyword.MobileBuiltInKeywords$tap$0.call(Unknown Source)
	at Take Away - Credit Card.run(Take Away - Credit Card:89)
	at com.kms.katalon.core.main.ScriptEngine.run(ScriptEngine.java:194)
	at com.kms.katalon.core.main.ScriptEngine.runScriptAsRawText(ScriptEngine.java:119)
	at com.kms.katalon.core.main.TestCaseExecutor.runScript(TestCaseExecutor.java:448)
	at com.kms.katalon.core.main.TestCaseExecutor.doExecute(TestCaseExecutor.java:439)
	at com.kms.katalon.core.main.TestCaseExecutor.processExecutionPhase(TestCaseExecutor.java:418)
	at com.kms.katalon.core.main.TestCaseExecutor.accessMainPhase(TestCaseExecutor.java:410)
	at com.kms.katalon.core.main.TestCaseExecutor.execute(TestCaseExecutor.java:285)
	at com.kms.katalon.core.common.CommonExecutor.accessTestCaseMainPhase(CommonExecutor.java:65)
	at com.kms.katalon.core.main.TestSuiteExecutor.accessTestSuiteMainPhase(TestSuiteExecutor.java:151)
	at com.kms.katalon.core.main.TestSuiteExecutor.execute(TestSuiteExecutor.java:106)
	at com.kms.katalon.core.main.TestCaseMain.startTestSuite(TestCaseMain.java:185)
	at com.kms.katalon.core.main.TestCaseMain$startTestSuite$0.call(Unknown Source)
	at TempTestSuite1686631872767.run(TempTestSuite1686631872767.groovy:36)
"/>
         <system-out><![CDATA[2023-06-13 12:00:57 - [TEST_CASE][FAILED] - Test Cases/Production/Create Order/PNP/Take Away/Take Away - Credit Card: Test Cases/Production/Create Order/PNP/Take Away/Take Away - Credit Card FAILED.
Reason:
com.kms.katalon.core.exception.StepFailedException: Object Object Repository/Productions/Create Order/Payment Method/Credit Card not found
	at com.kms.katalon.core.keyword.internal.KeywordMain.stepFailed(KeywordMain.groovy:50)
	at com.kms.katalon.core.mobile.keyword.internal.MobileKeywordMain.stepFailed(MobileKeywordMain.groovy:40)
	at com.kms.katalon.core.mobile.keyword.builtin.TapKeyword$_tap_closure1.doCall(TapKeyword.groovy:79)
	at com.kms.katalon.core.mobile.keyword.builtin.TapKeyword$_tap_closure1.call(TapKeyword.groovy)
	at com.kms.katalon.core.mobile.keyword.internal.MobileKeywordMain.runKeyword(MobileKeywordMain.groovy:21)
	at com.kms.katalon.core.mobile.keyword.builtin.TapKeyword.tap(TapKeyword.groovy:84)
	at com.kms.katalon.core.mobile.keyword.builtin.TapKeyword.execute(TapKeyword.groovy:68)
	at com.kms.katalon.core.keyword.internal.KeywordExecutor.executeKeywordForPlatform(KeywordExecutor.groovy:74)
	at com.kms.katalon.core.mobile.keyword.MobileBuiltInKeywords.tap(MobileBuiltInKeywords.groovy:1490)
	at com.kms.katalon.core.mobile.keyword.MobileBuiltInKeywords$tap$0.call(Unknown Source)
	at Take Away - Credit Card.run(Take Away - Credit Card:89)
	at com.kms.katalon.core.main.ScriptEngine.run(ScriptEngine.java:194)
	at com.kms.katalon.core.main.ScriptEngine.runScriptAsRawText(ScriptEngine.java:119)
	at com.kms.katalon.core.main.TestCaseExecutor.runScript(TestCaseExecutor.java:448)
	at com.kms.katalon.core.main.TestCaseExecutor.doExecute(TestCaseExecutor.java:439)
	at com.kms.katalon.core.main.TestCaseExecutor.processExecutionPhase(TestCaseExecutor.java:418)
	at com.kms.katalon.core.main.TestCaseExecutor.accessMainPhase(TestCaseExecutor.java:410)
	at com.kms.katalon.core.main.TestCaseExecutor.execute(TestCaseExecutor.java:285)
	at com.kms.katalon.core.common.CommonExecutor.accessTestCaseMainPhase(CommonExecutor.java:65)
	at com.kms.katalon.core.main.TestSuiteExecutor.accessTestSuiteMainPhase(TestSuiteExecutor.java:151)
	at com.kms.katalon.core.main.TestSuiteExecutor.execute(TestSuiteExecutor.java:106)
	at com.kms.katalon.core.main.TestCaseMain.startTestSuite(TestCaseMain.java:185)
	at com.kms.katalon.core.main.TestCaseMain$startTestSuite$0.call(Unknown Source)
	at TempTestSuite1686631872767.run(TempTestSuite1686631872767.groovy:36)


2023-06-13 12:00:57 - [TEST_STEP][PASSED] - startExistingApplication("com.kfc.mobile", STOP_ON_FAILURE): Starting app with application ID: 'com.kfc.mobile'

2023-06-13 12:00:57 - [MESSAGE][INFO] - User set preference: ['appPackage', 'com.kfc.mobile']

2023-06-13 12:00:57 - [MESSAGE][INFO] - User set preference: ['appActivity', 'com.kfc.mobile.presentation.splash.SplashActivity']

2023-06-13 12:00:57 - [MESSAGE][INFO] - User set preference: ['noReset', 'true']

2023-06-13 12:00:57 - [MESSAGE][INFO] - User set preference: ['deviceId', 'cefdc881']

2023-06-13 12:01:14 - [MESSAGE][PASSED] - Starting app with application ID: 'com.kfc.mobile'

2023-06-13 12:01:14 - [TEST_STEP][PASSED] - delay(5, STOP_ON_FAILURE): Delayed 5 second(s)

2023-06-13 12:01:19 - [MESSAGE][PASSED] - Delayed 5 second(s)

2023-06-13 12:01:19 - [TEST_STEP][PASSED] - swipe(281, 500, 434, 170): Swiped from 281,500 to 434,170

2023-06-13 12:01:21 - [MESSAGE][PASSED] - Swiped from 281,500 to 434,170

2023-06-13 12:01:21 - [TEST_STEP][PASSED] - tap(findTestObject("Productions/Create Order/PNP/Dine In/Menu - DINE-IN"), 5): Tapped on element 'Object Repository/Productions/Create Order/PNP/Dine In/Menu - DINE-IN'

2023-06-13 12:01:23 - [MESSAGE][PASSED] - Tapped on element 'Object Repository/Productions/Create Order/PNP/Dine In/Menu - DINE-IN'

2023-06-13 12:01:23 - [TEST_STEP][PASSED] - verifyElementVisible(findTestObject("Productions/Create Order/PNP/Dine In/Search KFC Outlet"), 5): Element 'Object Repository/Productions/Create Order/PNP/Dine In/Search KFC Outlet' is visible

2023-06-13 12:01:26 - [MESSAGE][PASSED] - Element 'Object Repository/Productions/Create Order/PNP/Dine In/Search KFC Outlet' is visible

2023-06-13 12:01:26 - [TEST_STEP][PASSED] - tap(findTestObject("Productions/Create Order/PNP/Dine In/Search KFC Outlet"), 0, STOP_ON_FAILURE): Tapped on element 'Object Repository/Productions/Create Order/PNP/Dine In/Search KFC Outlet'

2023-06-13 12:01:26 - [MESSAGE][WARNING] - Timeout '0' is invalid. Using default page load timeout: '30'

2023-06-13 12:01:27 - [MESSAGE][PASSED] - Tapped on element 'Object Repository/Productions/Create Order/PNP/Dine In/Search KFC Outlet'

2023-06-13 12:01:27 - [TEST_STEP][PASSED] - setText(findTestObject("Productions/Create Order/PNP/Dine In/EditText - Search KFC Outlet"), "Kemang", 5): Text 'Kemang' has been set to element 'Object Repository/Productions/Create Order/PNP/Dine In/EditText - Search KFC Outlet'

2023-06-13 12:01:31 - [MESSAGE][PASSED] - Text 'Kemang' has been set to element 'Object Repository/Productions/Create Order/PNP/Dine In/EditText - Search KFC Outlet'

2023-06-13 12:01:31 - [TEST_STEP][PASSED] - hideKeyboard(): Keyboard is hidden

2023-06-13 12:01:35 - [MESSAGE][PASSED] - Keyboard is hidden

2023-06-13 12:01:35 - [TEST_STEP][PASSED] - delay(5, STOP_ON_FAILURE): Delayed 5 second(s)

2023-06-13 12:01:40 - [MESSAGE][PASSED] - Delayed 5 second(s)

2023-06-13 12:01:40 - [TEST_STEP][PASSED] - waitForElementPresent(findTestObject("Productions/Create Order/PNP/Dine In/Button - Select Outlet"), 5): Element 'Object Repository/Productions/Create Order/PNP/Dine In/Button - Select Outlet' is present

2023-06-13 12:01:41 - [MESSAGE][PASSED] - Element 'Object Repository/Productions/Create Order/PNP/Dine In/Button - Select Outlet' is present

2023-06-13 12:01:41 - [TEST_STEP][PASSED] - tap(findTestObject("Productions/Create Order/PNP/Dine In/Button - Select Outlet"), 0): Tapped on element 'Object Repository/Productions/Create Order/PNP/Dine In/Button - Select Outlet'

2023-06-13 12:01:41 - [MESSAGE][WARNING] - Timeout '0' is invalid. Using default page load timeout: '30'

2023-06-13 12:01:41 - [MESSAGE][PASSED] - Tapped on element 'Object Repository/Productions/Create Order/PNP/Dine In/Button - Select Outlet'

2023-06-13 12:01:41 - [TEST_STEP][PASSED] - delay(5, STOP_ON_FAILURE): Delayed 5 second(s)

2023-06-13 12:01:46 - [MESSAGE][PASSED] - Delayed 5 second(s)

2023-06-13 12:01:46 - [TEST_STEP][PASSED] - verifyElementVisible(findTestObject("Productions/Create Order/PNP/Dine In/List Menu Group"), 5): Element 'Object Repository/Productions/Create Order/PNP/Dine In/List Menu Group' is visible

2023-06-13 12:01:47 - [MESSAGE][PASSED] - Element 'Object Repository/Productions/Create Order/PNP/Dine In/List Menu Group' is visible

2023-06-13 12:01:47 - [TEST_STEP][PASSED] - tap(findTestObject("Productions/Create Order/PNP/Dine In/List Menu Group"), 5): Tapped on element 'Object Repository/Productions/Create Order/PNP/Dine In/List Menu Group'

2023-06-13 12:01:48 - [MESSAGE][PASSED] - Tapped on element 'Object Repository/Productions/Create Order/PNP/Dine In/List Menu Group'

2023-06-13 12:01:48 - [TEST_STEP][PASSED] - delay(3, STOP_ON_FAILURE): Delayed 3 second(s)

2023-06-13 12:01:51 - [MESSAGE][PASSED] - Delayed 3 second(s)

2023-06-13 12:01:51 - [TEST_STEP][PASSED] - tap(findTestObject("Productions/Create Order/PNP/Dine In/Breakfast"), 3): Tapped on element 'Object Repository/Productions/Create Order/PNP/Dine In/Breakfast'

2023-06-13 12:01:52 - [MESSAGE][PASSED] - Tapped on element 'Object Repository/Productions/Create Order/PNP/Dine In/Breakfast'

2023-06-13 12:01:52 - [TEST_STEP][PASSED] - tap(findTestObject("Productions/Create Order/PNP/Dine In/List Menu Group"), 3): Tapped on element 'Object Repository/Productions/Create Order/PNP/Dine In/List Menu Group'

2023-06-13 12:01:55 - [MESSAGE][PASSED] - Tapped on element 'Object Repository/Productions/Create Order/PNP/Dine In/List Menu Group'

2023-06-13 12:01:55 - [TEST_STEP][PASSED] - delay(3, STOP_ON_FAILURE): Delayed 3 second(s)

2023-06-13 12:01:58 - [MESSAGE][PASSED] - Delayed 3 second(s)

2023-06-13 12:01:58 - [TEST_STEP][PASSED] - tap(findTestObject("Productions/Create Order/PNP/Dine In/Spesial"), 3): Tapped on element 'Object Repository/Productions/Create Order/PNP/Dine In/Spesial'

2023-06-13 12:01:59 - [MESSAGE][PASSED] - Tapped on element 'Object Repository/Productions/Create Order/PNP/Dine In/Spesial'

2023-06-13 12:01:59 - [TEST_STEP][PASSED] - tap(findTestObject("Productions/Create Order/PNP/Dine In/Button - Add"), 3): Tapped on element 'Object Repository/Productions/Create Order/PNP/Dine In/Button - Add'

2023-06-13 12:02:02 - [MESSAGE][PASSED] - Tapped on element 'Object Repository/Productions/Create Order/PNP/Dine In/Button - Add'

2023-06-13 12:02:02 - [TEST_STEP][PASSED] - delay(3, STOP_ON_FAILURE): Delayed 3 second(s)

2023-06-13 12:02:05 - [MESSAGE][PASSED] - Delayed 3 second(s)

2023-06-13 12:02:05 - [TEST_STEP][PASSED] - verifyElementVisible(findTestObject("Productions/Create Order/PNP/Dine In/List Item Costum"), 5): Element 'Object Repository/Productions/Create Order/PNP/Dine In/List Item Costum' is visible

2023-06-13 12:02:06 - [MESSAGE][PASSED] - Element 'Object Repository/Productions/Create Order/PNP/Dine In/List Item Costum' is visible

2023-06-13 12:02:06 - [TEST_STEP][PASSED] - tap(findTestObject("Productions/Create Order/PNP/Dine In/Button - Continue Custom"), 5): Tapped on element 'Object Repository/Productions/Create Order/PNP/Dine In/Button - Continue Custom'

2023-06-13 12:02:06 - [MESSAGE][PASSED] - Tapped on element 'Object Repository/Productions/Create Order/PNP/Dine In/Button - Continue Custom'

2023-06-13 12:02:06 - [TEST_STEP][PASSED] - tap(findTestObject("Productions/Create Order/PNP/Dine In/Next Button Order"), 5): Tapped on element 'Object Repository/Productions/Create Order/PNP/Dine In/Next Button Order'

2023-06-13 12:02:08 - [MESSAGE][PASSED] - Tapped on element 'Object Repository/Productions/Create Order/PNP/Dine In/Next Button Order'

2023-06-13 12:02:08 - [TEST_STEP][PASSED] - verifyElementVisible(findTestObject("Productions/Create Order/PNP/Dine In/You Got Free GOCENG"), 5): Element 'Object Repository/Productions/Create Order/PNP/Dine In/You Got Free GOCENG' is visible

2023-06-13 12:02:12 - [MESSAGE][PASSED] - Element 'Object Repository/Productions/Create Order/PNP/Dine In/You Got Free GOCENG' is visible

2023-06-13 12:02:12 - [TEST_STEP][PASSED] - verifyElementVisible(findTestObject("Productions/Create Order/PNP/Dine In/Continue Choose Reward"), 5): Element 'Object Repository/Productions/Create Order/PNP/Dine In/Continue Choose Reward' is visible

2023-06-13 12:02:12 - [MESSAGE][PASSED] - Element 'Object Repository/Productions/Create Order/PNP/Dine In/Continue Choose Reward' is visible

2023-06-13 12:02:12 - [TEST_STEP][PASSED] - tap(findTestObject("Productions/Create Order/PNP/Dine In/Continue Choose Reward"), 5): Tapped on element 'Object Repository/Productions/Create Order/PNP/Dine In/Continue Choose Reward'

2023-06-13 12:02:13 - [MESSAGE][PASSED] - Tapped on element 'Object Repository/Productions/Create Order/PNP/Dine In/Continue Choose Reward'

2023-06-13 12:02:13 - [TEST_STEP][PASSED] - delay(5, STOP_ON_FAILURE): Delayed 5 second(s)

2023-06-13 12:02:18 - [MESSAGE][PASSED] - Delayed 5 second(s)

2023-06-13 12:02:18 - [TEST_STEP][PASSED] - tap(findTestObject("Productions/Create Order/PNP/Dine In/Button - Choose Now Reward"), 5): Tapped on element 'Object Repository/Productions/Create Order/PNP/Dine In/Button - Choose Now Reward'

2023-06-13 12:02:19 - [MESSAGE][PASSED] - Tapped on element 'Object Repository/Productions/Create Order/PNP/Dine In/Button - Choose Now Reward'

2023-06-13 12:02:19 - [TEST_STEP][PASSED] - tap(findTestObject("Productions/Create Order/PNP/Dine In/Button - Add Reward"), 5): Tapped on element 'Object Repository/Productions/Create Order/PNP/Dine In/Button - Add Reward'

2023-06-13 12:02:21 - [MESSAGE][PASSED] - Tapped on element 'Object Repository/Productions/Create Order/PNP/Dine In/Button - Add Reward'

2023-06-13 12:02:21 - [TEST_STEP][PASSED] - tap(findTestObject("Productions/Create Order/PNP/Dine In/Button - Confirm Reward"), 5): Tapped on element 'Object Repository/Productions/Create Order/PNP/Dine In/Button - Confirm Reward'

2023-06-13 12:02:22 - [MESSAGE][PASSED] - Tapped on element 'Object Repository/Productions/Create Order/PNP/Dine In/Button - Confirm Reward'

2023-06-13 12:02:22 - [TEST_STEP][PASSED] - swipe(281, 500, 434, 161): Swiped from 281,500 to 434,161

2023-06-13 12:02:23 - [MESSAGE][PASSED] - Swiped from 281,500 to 434,161

2023-06-13 12:02:23 - [TEST_STEP][PASSED] - tap(findTestObject("Productions/Create Order/PNP/Dine In/Select Payment Method"), 5): Tapped on element 'Object Repository/Productions/Create Order/PNP/Dine In/Select Payment Method'

2023-06-13 12:02:24 - [MESSAGE][PASSED] - Tapped on element 'Object Repository/Productions/Create Order/PNP/Dine In/Select Payment Method'

2023-06-13 12:02:24 - [TEST_STEP][PASSED] - verifyElementVisible(findTestObject("Productions/Create Order/PNP/Dine In/Group Payment Method"), 5): Element 'Object Repository/Productions/Create Order/PNP/Dine In/Group Payment Method' is visible

2023-06-13 12:02:26 - [MESSAGE][PASSED] - Element 'Object Repository/Productions/Create Order/PNP/Dine In/Group Payment Method' is visible

2023-06-13 12:02:26 - [TEST_STEP][FAILED] - tap(findTestObject("Productions/Create Order/Payment Method/Credit Card"), 5): Failed to tap on element 'Object Repository/Productions/Create Order/Payment Method/Credit Card' (Root cause: com.kms.katalon.core.exception.StepFailedException: Object Object Repository/Productions/Create Order/Payment Method/Credit Card not found
	at com.kms.katalon.core.keyword.internal.KeywordMain.stepFailed(KeywordMain.groovy:50)
	at com.kms.katalon.core.mobile.keyword.internal.MobileKeywordMain.stepFailed(MobileKeywordMain.groovy:40)
	at com.kms.katalon.core.mobile.keyword.builtin.TapKeyword$_tap_closure1.doCall(TapKeyword.groovy:79)
	at com.kms.katalon.core.mobile.keyword.builtin.TapKeyword$_tap_closure1.call(TapKeyword.groovy)
	at com.kms.katalon.core.mobile.keyword.internal.MobileKeywordMain.runKeyword(MobileKeywordMain.groovy:21)
	at com.kms.katalon.core.mobile.keyword.builtin.TapKeyword.tap(TapKeyword.groovy:84)
	at com.kms.katalon.core.mobile.keyword.builtin.TapKeyword.execute(TapKeyword.groovy:68)
	at com.kms.katalon.core.keyword.internal.KeywordExecutor.executeKeywordForPlatform(KeywordExecutor.groovy:74)
	at com.kms.katalon.core.mobile.keyword.MobileBuiltInKeywords.tap(MobileBuiltInKeywords.groovy:1490)
	at com.kms.katalon.core.mobile.keyword.MobileBuiltInKeywords$tap$0.call(Unknown Source)
	at Take Away - Credit Card.run(Take Away - Credit Card:89)
	at com.kms.katalon.core.main.ScriptEngine.run(ScriptEngine.java:194)
	at com.kms.katalon.core.main.ScriptEngine.runScriptAsRawText(ScriptEngine.java:119)
	at com.kms.katalon.core.main.TestCaseExecutor.runScript(TestCaseExecutor.java:448)
	at com.kms.katalon.core.main.TestCaseExecutor.doExecute(TestCaseExecutor.java:439)
	at com.kms.katalon.core.main.TestCaseExecutor.processExecutionPhase(TestCaseExecutor.java:418)
	at com.kms.katalon.core.main.TestCaseExecutor.accessMainPhase(TestCaseExecutor.java:410)
	at com.kms.katalon.core.main.TestCaseExecutor.execute(TestCaseExecutor.java:285)
	at com.kms.katalon.core.common.CommonExecutor.accessTestCaseMainPhase(CommonExecutor.java:65)
	at com.kms.katalon.core.main.TestSuiteExecutor.accessTestSuiteMainPhase(TestSuiteExecutor.java:151)
	at com.kms.katalon.core.main.TestSuiteExecutor.execute(TestSuiteExecutor.java:106)
	at com.kms.katalon.core.main.TestCaseMain.startTestSuite(TestCaseMain.java:185)
	at com.kms.katalon.core.main.TestCaseMain$startTestSuite$0.call(Unknown Source)
	at TempTestSuite1686631872767.run(TempTestSuite1686631872767.groovy:36)
)

2023-06-13 12:02:31 - [MESSAGE][FAILED] - Object Object Repository/Productions/Create Order/Payment Method/Credit Card not found

2023-06-13 12:02:32 - [MESSAGE][FAILED] - Failed to tap on element 'Object Repository/Productions/Create Order/Payment Method/Credit Card' (Root cause: com.kms.katalon.core.exception.StepFailedException: Object Object Repository/Productions/Create Order/Payment Method/Credit Card not found
	at com.kms.katalon.core.keyword.internal.KeywordMain.stepFailed(KeywordMain.groovy:50)
	at com.kms.katalon.core.mobile.keyword.internal.MobileKeywordMain.stepFailed(MobileKeywordMain.groovy:40)
	at com.kms.katalon.core.mobile.keyword.builtin.TapKeyword$_tap_closure1.doCall(TapKeyword.groovy:79)
	at com.kms.katalon.core.mobile.keyword.builtin.TapKeyword$_tap_closure1.call(TapKeyword.groovy)
	at com.kms.katalon.core.mobile.keyword.internal.MobileKeywordMain.runKeyword(MobileKeywordMain.groovy:21)
	at com.kms.katalon.core.mobile.keyword.builtin.TapKeyword.tap(TapKeyword.groovy:84)
	at com.kms.katalon.core.mobile.keyword.builtin.TapKeyword.execute(TapKeyword.groovy:68)
	at com.kms.katalon.core.keyword.internal.KeywordExecutor.executeKeywordForPlatform(KeywordExecutor.groovy:74)
	at com.kms.katalon.core.mobile.keyword.MobileBuiltInKeywords.tap(MobileBuiltInKeywords.groovy:1490)
	at com.kms.katalon.core.mobile.keyword.MobileBuiltInKeywords$tap$0.call(Unknown Source)
	at Take Away - Credit Card.run(Take Away - Credit Card:89)
	at com.kms.katalon.core.main.ScriptEngine.run(ScriptEngine.java:194)
	at com.kms.katalon.core.main.ScriptEngine.runScriptAsRawText(ScriptEngine.java:119)
	at com.kms.katalon.core.main.TestCaseExecutor.runScript(TestCaseExecutor.java:448)
	at com.kms.katalon.core.main.TestCaseExecutor.doExecute(TestCaseExecutor.java:439)
	at com.kms.katalon.core.main.TestCaseExecutor.processExecutionPhase(TestCaseExecutor.java:418)
	at com.kms.katalon.core.main.TestCaseExecutor.accessMainPhase(TestCaseExecutor.java:410)
	at com.kms.katalon.core.main.TestCaseExecutor.execute(TestCaseExecutor.java:285)
	at com.kms.katalon.core.common.CommonExecutor.accessTestCaseMainPhase(CommonExecutor.java:65)
	at com.kms.katalon.core.main.TestSuiteExecutor.accessTestSuiteMainPhase(TestSuiteExecutor.java:151)
	at com.kms.katalon.core.main.TestSuiteExecutor.execute(TestSuiteExecutor.java:106)
	at com.kms.katalon.core.main.TestCaseMain.startTestSuite(TestCaseMain.java:185)
	at com.kms.katalon.core.main.TestCaseMain$startTestSuite$0.call(Unknown Source)
	at TempTestSuite1686631872767.run(TempTestSuite1686631872767.groovy:36)
)
[[ATTACHMENT|C:\\Users\\Ahadian Rifky\\Downloads\\Katalon_Studio_Windows_64-8.5.5\\Katalon_Studio_Windows_64-8.5.5\\git.github.com\\maycheljecsan\\kfckuapps_katalon.git\\kfcku_android\\Reports\\20230613_115112\\Production\\KFCKU Apps\\20230613_115112\\1686632551189.png]]

2023-06-13 12:02:32 - [TEST_STEP][PASSED] - Start listener action : sampleAfterTestCase: null

2023-06-13 12:02:32 - [TEST_STEP][PASSED] - println(testCaseContext.getTestCaseId()): null

2023-06-13 12:02:32 - [TEST_STEP][PASSED] - println(testCaseContext.getTestCaseStatus()): null]]></system-out>
         <system-err><![CDATA[2023-06-13 12:00:57 - [TEST_CASE][FAILED] - Test Cases/Production/Create Order/PNP/Take Away/Take Away - Credit Card: Test Cases/Production/Create Order/PNP/Take Away/Take Away - Credit Card FAILED.
Reason:
com.kms.katalon.core.exception.StepFailedException: Object Object Repository/Productions/Create Order/Payment Method/Credit Card not found
	at com.kms.katalon.core.keyword.internal.KeywordMain.stepFailed(KeywordMain.groovy:50)
	at com.kms.katalon.core.mobile.keyword.internal.MobileKeywordMain.stepFailed(MobileKeywordMain.groovy:40)
	at com.kms.katalon.core.mobile.keyword.builtin.TapKeyword$_tap_closure1.doCall(TapKeyword.groovy:79)
	at com.kms.katalon.core.mobile.keyword.builtin.TapKeyword$_tap_closure1.call(TapKeyword.groovy)
	at com.kms.katalon.core.mobile.keyword.internal.MobileKeywordMain.runKeyword(MobileKeywordMain.groovy:21)
	at com.kms.katalon.core.mobile.keyword.builtin.TapKeyword.tap(TapKeyword.groovy:84)
	at com.kms.katalon.core.mobile.keyword.builtin.TapKeyword.execute(TapKeyword.groovy:68)
	at com.kms.katalon.core.keyword.internal.KeywordExecutor.executeKeywordForPlatform(KeywordExecutor.groovy:74)
	at com.kms.katalon.core.mobile.keyword.MobileBuiltInKeywords.tap(MobileBuiltInKeywords.groovy:1490)
	at com.kms.katalon.core.mobile.keyword.MobileBuiltInKeywords$tap$0.call(Unknown Source)
	at Take Away - Credit Card.run(Take Away - Credit Card:89)
	at com.kms.katalon.core.main.ScriptEngine.run(ScriptEngine.java:194)
	at com.kms.katalon.core.main.ScriptEngine.runScriptAsRawText(ScriptEngine.java:119)
	at com.kms.katalon.core.main.TestCaseExecutor.runScript(TestCaseExecutor.java:448)
	at com.kms.katalon.core.main.TestCaseExecutor.doExecute(TestCaseExecutor.java:439)
	at com.kms.katalon.core.main.TestCaseExecutor.processExecutionPhase(TestCaseExecutor.java:418)
	at com.kms.katalon.core.main.TestCaseExecutor.accessMainPhase(TestCaseExecutor.java:410)
	at com.kms.katalon.core.main.TestCaseExecutor.execute(TestCaseExecutor.java:285)
	at com.kms.katalon.core.common.CommonExecutor.accessTestCaseMainPhase(CommonExecutor.java:65)
	at com.kms.katalon.core.main.TestSuiteExecutor.accessTestSuiteMainPhase(TestSuiteExecutor.java:151)
	at com.kms.katalon.core.main.TestSuiteExecutor.execute(TestSuiteExecutor.java:106)
	at com.kms.katalon.core.main.TestCaseMain.startTestSuite(TestCaseMain.java:185)
	at com.kms.katalon.core.main.TestCaseMain$startTestSuite$0.call(Unknown Source)
	at TempTestSuite1686631872767.run(TempTestSuite1686631872767.groovy:36)]]></system-err>
      </testcase>
      <testcase name="Test Cases/Production/Create Order/HMD/HMD - QR" time="137.584" classname="Test Cases/Production/Create Order/HMD/HMD - QR" status="PASSED">
         <system-out><![CDATA[2023-06-13 12:02:32 - [TEST_CASE][PASSED] - Test Cases/Production/Create Order/HMD/HMD - QR: Test Cases/Production/Create Order/HMD/HMD - QR

2023-06-13 12:02:32 - [TEST_STEP][PASSED] - startExistingApplication("com.kfc.mobile", STOP_ON_FAILURE): Starting app with application ID: 'com.kfc.mobile'

2023-06-13 12:02:32 - [MESSAGE][INFO] - User set preference: ['appPackage', 'com.kfc.mobile']

2023-06-13 12:02:32 - [MESSAGE][INFO] - User set preference: ['appActivity', 'com.kfc.mobile.presentation.splash.SplashActivity']

2023-06-13 12:02:32 - [MESSAGE][INFO] - User set preference: ['noReset', 'true']

2023-06-13 12:02:32 - [MESSAGE][INFO] - User set preference: ['deviceId', 'cefdc881']

2023-06-13 12:02:50 - [MESSAGE][PASSED] - Starting app with application ID: 'com.kfc.mobile'

2023-06-13 12:02:50 - [TEST_STEP][PASSED] - delay(5, STOP_ON_FAILURE): Delayed 5 second(s)

2023-06-13 12:02:55 - [MESSAGE][PASSED] - Delayed 5 second(s)

2023-06-13 12:02:55 - [TEST_STEP][PASSED] - swipe(281, 500, 434, 170): Swiped from 281,500 to 434,170

2023-06-13 12:02:56 - [MESSAGE][PASSED] - Swiped from 281,500 to 434,170

2023-06-13 12:02:56 - [TEST_STEP][PASSED] - tap(findTestObject("Productions/Create Order/HMD/Menu - DELIVERY"), 5): Tapped on element 'Object Repository/Productions/Create Order/HMD/Menu - DELIVERY'

2023-06-13 12:02:59 - [MESSAGE][PASSED] - Tapped on element 'Object Repository/Productions/Create Order/HMD/Menu - DELIVERY'

2023-06-13 12:02:59 - [TEST_STEP][PASSED] - verifyElementVisible(findTestObject("Productions/Create Order/HMD/Search Location - Search Bar"), 5): Element 'Object Repository/Productions/Create Order/HMD/Search Location - Search Bar' is visible

2023-06-13 12:03:03 - [MESSAGE][PASSED] - Element 'Object Repository/Productions/Create Order/HMD/Search Location - Search Bar' is visible

2023-06-13 12:03:03 - [TEST_STEP][PASSED] - tap(findTestObject("Productions/Create Order/HMD/Search Location - Search Bar"), 0, STOP_ON_FAILURE): Tapped on element 'Object Repository/Productions/Create Order/HMD/Search Location - Search Bar'

2023-06-13 12:03:03 - [MESSAGE][WARNING] - Timeout '0' is invalid. Using default page load timeout: '30'

2023-06-13 12:03:04 - [MESSAGE][PASSED] - Tapped on element 'Object Repository/Productions/Create Order/HMD/Search Location - Search Bar'

2023-06-13 12:03:04 - [TEST_STEP][PASSED] - setText(findTestObject("Productions/Create Order/HMD/Input Location - Search Bar"), "Kemang", 5): Text 'Kemang' has been set to element 'Object Repository/Productions/Create Order/HMD/Input Location - Search Bar'

2023-06-13 12:03:07 - [MESSAGE][PASSED] - Text 'Kemang' has been set to element 'Object Repository/Productions/Create Order/HMD/Input Location - Search Bar'

2023-06-13 12:03:07 - [TEST_STEP][PASSED] - hideKeyboard(): Keyboard is hidden

2023-06-13 12:03:11 - [MESSAGE][PASSED] - Keyboard is hidden

2023-06-13 12:03:11 - [TEST_STEP][PASSED] - delay(5, STOP_ON_FAILURE): Delayed 5 second(s)

2023-06-13 12:03:16 - [MESSAGE][PASSED] - Delayed 5 second(s)

2023-06-13 12:03:16 - [TEST_STEP][PASSED] - waitForElementPresent(findTestObject("Productions/Create Order/HMD/Outlet - Kemang Village"), 5): Element 'Object Repository/Productions/Create Order/HMD/Outlet - Kemang Village' is present

2023-06-13 12:03:17 - [MESSAGE][PASSED] - Element 'Object Repository/Productions/Create Order/HMD/Outlet - Kemang Village' is present

2023-06-13 12:03:17 - [TEST_STEP][PASSED] - tap(findTestObject("Productions/Create Order/HMD/Outlet - Kemang Village"), 0): Tapped on element 'Object Repository/Productions/Create Order/HMD/Outlet - Kemang Village'

2023-06-13 12:03:17 - [MESSAGE][WARNING] - Timeout '0' is invalid. Using default page load timeout: '30'

2023-06-13 12:03:18 - [MESSAGE][PASSED] - Tapped on element 'Object Repository/Productions/Create Order/HMD/Outlet - Kemang Village'

2023-06-13 12:03:18 - [TEST_STEP][PASSED] - delay(3, STOP_ON_FAILURE): Delayed 3 second(s)

2023-06-13 12:03:21 - [MESSAGE][PASSED] - Delayed 3 second(s)

2023-06-13 12:03:21 - [TEST_STEP][PASSED] - tap(findTestObject("Productions/Create Order/HMD/KEMANG"), 0): Tapped on element 'Object Repository/Productions/Create Order/HMD/KEMANG'

2023-06-13 12:03:21 - [MESSAGE][WARNING] - Timeout '0' is invalid. Using default page load timeout: '30'

2023-06-13 12:03:23 - [MESSAGE][PASSED] - Tapped on element 'Object Repository/Productions/Create Order/HMD/KEMANG'

2023-06-13 12:03:23 - [TEST_STEP][PASSED] - delay(5, STOP_ON_FAILURE): Delayed 5 second(s)

2023-06-13 12:03:28 - [MESSAGE][PASSED] - Delayed 5 second(s)

2023-06-13 12:03:28 - [TEST_STEP][PASSED] - verifyElementVisible(findTestObject("Productions/Create Order/PNP/Dine In/List Menu Group"), 5): Element 'Object Repository/Productions/Create Order/PNP/Dine In/List Menu Group' is visible

2023-06-13 12:03:29 - [MESSAGE][PASSED] - Element 'Object Repository/Productions/Create Order/PNP/Dine In/List Menu Group' is visible

2023-06-13 12:03:29 - [TEST_STEP][PASSED] - tap(findTestObject("Productions/Create Order/PNP/Dine In/List Menu Group"), 5): Tapped on element 'Object Repository/Productions/Create Order/PNP/Dine In/List Menu Group'

2023-06-13 12:03:29 - [MESSAGE][PASSED] - Tapped on element 'Object Repository/Productions/Create Order/PNP/Dine In/List Menu Group'

2023-06-13 12:03:29 - [TEST_STEP][PASSED] - delay(3, STOP_ON_FAILURE): Delayed 3 second(s)

2023-06-13 12:03:32 - [MESSAGE][PASSED] - Delayed 3 second(s)

2023-06-13 12:03:33 - [TEST_STEP][PASSED] - tap(findTestObject("Productions/Create Order/PNP/Dine In/Breakfast"), 3): Tapped on element 'Object Repository/Productions/Create Order/PNP/Dine In/Breakfast'

2023-06-13 12:03:33 - [MESSAGE][PASSED] - Tapped on element 'Object Repository/Productions/Create Order/PNP/Dine In/Breakfast'

2023-06-13 12:03:33 - [TEST_STEP][PASSED] - tap(findTestObject("Productions/Create Order/PNP/Dine In/List Menu Group"), 3): Tapped on element 'Object Repository/Productions/Create Order/PNP/Dine In/List Menu Group'

2023-06-13 12:03:37 - [MESSAGE][PASSED] - Tapped on element 'Object Repository/Productions/Create Order/PNP/Dine In/List Menu Group'

2023-06-13 12:03:37 - [TEST_STEP][PASSED] - delay(3, STOP_ON_FAILURE): Delayed 3 second(s)

2023-06-13 12:03:40 - [MESSAGE][PASSED] - Delayed 3 second(s)

2023-06-13 12:03:40 - [TEST_STEP][PASSED] - tap(findTestObject("Productions/Create Order/PNP/Dine In/Spesial"), 3): Tapped on element 'Object Repository/Productions/Create Order/PNP/Dine In/Spesial'

2023-06-13 12:03:40 - [MESSAGE][PASSED] - Tapped on element 'Object Repository/Productions/Create Order/PNP/Dine In/Spesial'

2023-06-13 12:03:40 - [TEST_STEP][PASSED] - tap(findTestObject("Productions/Create Order/PNP/Dine In/Button - Add"), 3): Tapped on element 'Object Repository/Productions/Create Order/PNP/Dine In/Button - Add'

2023-06-13 12:03:43 - [MESSAGE][PASSED] - Tapped on element 'Object Repository/Productions/Create Order/PNP/Dine In/Button - Add'

2023-06-13 12:03:43 - [TEST_STEP][PASSED] - delay(3, STOP_ON_FAILURE): Delayed 3 second(s)

2023-06-13 12:03:46 - [MESSAGE][PASSED] - Delayed 3 second(s)

2023-06-13 12:03:46 - [TEST_STEP][PASSED] - verifyElementVisible(findTestObject("Productions/Create Order/PNP/Dine In/List Item Costum"), 5): Element 'Object Repository/Productions/Create Order/PNP/Dine In/List Item Costum' is visible

2023-06-13 12:03:47 - [MESSAGE][PASSED] - Element 'Object Repository/Productions/Create Order/PNP/Dine In/List Item Costum' is visible

2023-06-13 12:03:47 - [TEST_STEP][PASSED] - tap(findTestObject("Productions/Create Order/PNP/Dine In/Button - Continue Custom"), 5): Tapped on element 'Object Repository/Productions/Create Order/PNP/Dine In/Button - Continue Custom'

2023-06-13 12:03:47 - [MESSAGE][PASSED] - Tapped on element 'Object Repository/Productions/Create Order/PNP/Dine In/Button - Continue Custom'

2023-06-13 12:03:47 - [TEST_STEP][PASSED] - tap(findTestObject("Productions/Create Order/PNP/Dine In/Next Button Order"), 5): Tapped on element 'Object Repository/Productions/Create Order/PNP/Dine In/Next Button Order'

2023-06-13 12:03:49 - [MESSAGE][PASSED] - Tapped on element 'Object Repository/Productions/Create Order/PNP/Dine In/Next Button Order'

2023-06-13 12:03:49 - [TEST_STEP][PASSED] - verifyElementVisible(findTestObject("Productions/Create Order/PNP/Dine In/You Got Free GOCENG"), 5): Element 'Object Repository/Productions/Create Order/PNP/Dine In/You Got Free GOCENG' is visible

2023-06-13 12:03:52 - [MESSAGE][PASSED] - Element 'Object Repository/Productions/Create Order/PNP/Dine In/You Got Free GOCENG' is visible

2023-06-13 12:03:52 - [TEST_STEP][PASSED] - verifyElementVisible(findTestObject("Productions/Create Order/PNP/Dine In/Continue Choose Reward"), 5): Element 'Object Repository/Productions/Create Order/PNP/Dine In/Continue Choose Reward' is visible

2023-06-13 12:03:53 - [MESSAGE][PASSED] - Element 'Object Repository/Productions/Create Order/PNP/Dine In/Continue Choose Reward' is visible

2023-06-13 12:03:53 - [TEST_STEP][PASSED] - tap(findTestObject("Productions/Create Order/PNP/Dine In/Continue Choose Reward"), 5): Tapped on element 'Object Repository/Productions/Create Order/PNP/Dine In/Continue Choose Reward'

2023-06-13 12:03:53 - [MESSAGE][PASSED] - Tapped on element 'Object Repository/Productions/Create Order/PNP/Dine In/Continue Choose Reward'

2023-06-13 12:03:53 - [TEST_STEP][PASSED] - delay(5, STOP_ON_FAILURE): Delayed 5 second(s)

2023-06-13 12:03:58 - [MESSAGE][PASSED] - Delayed 5 second(s)

2023-06-13 12:03:58 - [TEST_STEP][PASSED] - tap(findTestObject("Productions/Create Order/PNP/Dine In/Button - Choose Now Reward"), 5): Tapped on element 'Object Repository/Productions/Create Order/PNP/Dine In/Button - Choose Now Reward'

2023-06-13 12:04:00 - [MESSAGE][PASSED] - Tapped on element 'Object Repository/Productions/Create Order/PNP/Dine In/Button - Choose Now Reward'

2023-06-13 12:04:00 - [TEST_STEP][PASSED] - tap(findTestObject("Productions/Create Order/PNP/Dine In/Button - Add Reward"), 5): Tapped on element 'Object Repository/Productions/Create Order/PNP/Dine In/Button - Add Reward'

2023-06-13 12:04:03 - [MESSAGE][PASSED] - Tapped on element 'Object Repository/Productions/Create Order/PNP/Dine In/Button - Add Reward'

2023-06-13 12:04:03 - [TEST_STEP][PASSED] - tap(findTestObject("Productions/Create Order/PNP/Dine In/Button - Confirm Reward"), 5): Tapped on element 'Object Repository/Productions/Create Order/PNP/Dine In/Button - Confirm Reward'

2023-06-13 12:04:04 - [MESSAGE][PASSED] - Tapped on element 'Object Repository/Productions/Create Order/PNP/Dine In/Button - Confirm Reward'

2023-06-13 12:04:04 - [TEST_STEP][PASSED] - swipe(281, 500, 434, 161): Swiped from 281,500 to 434,161

2023-06-13 12:04:05 - [MESSAGE][PASSED] - Swiped from 281,500 to 434,161

2023-06-13 12:04:05 - [TEST_STEP][PASSED] - scrollToText("TOTAL", STOP_ON_FAILURE): Scrolling to text 'TOTAL' successfully

2023-06-13 12:04:11 - [MESSAGE][PASSED] - Scrolling to text 'TOTAL' successfully

2023-06-13 12:04:11 - [TEST_STEP][PASSED] - setText(findTestObject("Productions/Create Order/HMD/Add notes for your driver"), "Rumah depan POS satpam", 0): Text 'Rumah depan POS satpam' has been set to element 'Object Repository/Productions/Create Order/HMD/Add notes for your driver'

2023-06-13 12:04:11 - [MESSAGE][WARNING] - Timeout '0' is invalid. Using default page load timeout: '30'

2023-06-13 12:04:12 - [MESSAGE][PASSED] - Text 'Rumah depan POS satpam' has been set to element 'Object Repository/Productions/Create Order/HMD/Add notes for your driver'

2023-06-13 12:04:12 - [TEST_STEP][PASSED] - tap(findTestObject("Productions/Create Order/HMD/Select Delivery Method"), 5): Tapped on element 'Object Repository/Productions/Create Order/HMD/Select Delivery Method'

2023-06-13 12:04:13 - [MESSAGE][PASSED] - Tapped on element 'Object Repository/Productions/Create Order/HMD/Select Delivery Method'

2023-06-13 12:04:13 - [TEST_STEP][PASSED] - tap(findTestObject("Productions/Create Order/HMD/GrabExpress"), 5): Tapped on element 'Object Repository/Productions/Create Order/HMD/GrabExpress'

2023-06-13 12:04:18 - [MESSAGE][PASSED] - Tapped on element 'Object Repository/Productions/Create Order/HMD/GrabExpress'

2023-06-13 12:04:18 - [TEST_STEP][PASSED] - tap(findTestObject("Productions/Create Order/HMD/Button - Select"), 5): Tapped on element 'Object Repository/Productions/Create Order/HMD/Button - Select'

2023-06-13 12:04:19 - [MESSAGE][PASSED] - Tapped on element 'Object Repository/Productions/Create Order/HMD/Button - Select'

2023-06-13 12:04:19 - [TEST_STEP][PASSED] - delay(5, STOP_ON_FAILURE): Delayed 5 second(s)

2023-06-13 12:04:24 - [MESSAGE][PASSED] - Delayed 5 second(s)

2023-06-13 12:04:24 - [TEST_STEP][PASSED] - tap(findTestObject("Productions/Create Order/PNP/Dine In/Select Payment Method"), 5): Tapped on element 'Object Repository/Productions/Create Order/PNP/Dine In/Select Payment Method'

2023-06-13 12:04:25 - [MESSAGE][PASSED] - Tapped on element 'Object Repository/Productions/Create Order/PNP/Dine In/Select Payment Method'

2023-06-13 12:04:25 - [TEST_STEP][PASSED] - delay(5, STOP_ON_FAILURE): Delayed 5 second(s)

2023-06-13 12:04:30 - [MESSAGE][PASSED] - Delayed 5 second(s)

2023-06-13 12:04:30 - [TEST_STEP][PASSED] - verifyElementVisible(findTestObject("Productions/Create Order/PNP/Dine In/Group Payment Method"), 5): Element 'Object Repository/Productions/Create Order/PNP/Dine In/Group Payment Method' is visible

2023-06-13 12:04:30 - [MESSAGE][PASSED] - Element 'Object Repository/Productions/Create Order/PNP/Dine In/Group Payment Method' is visible

2023-06-13 12:04:30 - [TEST_STEP][PASSED] - tap(findTestObject("Productions/Create Order/Payment Method/QRIS"), 5): Tapped on element 'Object Repository/Productions/Create Order/Payment Method/QRIS'

2023-06-13 12:04:31 - [MESSAGE][PASSED] - Tapped on element 'Object Repository/Productions/Create Order/Payment Method/QRIS'

2023-06-13 12:04:31 - [TEST_STEP][PASSED] - tap(findTestObject("Productions/Create Order/Payment Method/Button - Save Payment"), 5): Tapped on element 'Object Repository/Productions/Create Order/Payment Method/Button - Save Payment'

2023-06-13 12:04:33 - [MESSAGE][PASSED] - Tapped on element 'Object Repository/Productions/Create Order/Payment Method/Button - Save Payment'

2023-06-13 12:04:33 - [TEST_STEP][PASSED] - delay(5, STOP_ON_FAILURE): Delayed 5 second(s)

2023-06-13 12:04:38 - [MESSAGE][PASSED] - Delayed 5 second(s)

2023-06-13 12:04:38 - [TEST_STEP][PASSED] - swipe(281, 500, 434, 161): Swiped from 281,500 to 434,161

2023-06-13 12:04:39 - [MESSAGE][PASSED] - Swiped from 281,500 to 434,161

2023-06-13 12:04:39 - [TEST_STEP][PASSED] - delay(5, STOP_ON_FAILURE): Delayed 5 second(s)

2023-06-13 12:04:44 - [MESSAGE][PASSED] - Delayed 5 second(s)

2023-06-13 12:04:44 - [TEST_STEP][PASSED] - delay(5, STOP_ON_FAILURE): Delayed 5 second(s)

2023-06-13 12:04:49 - [MESSAGE][PASSED] - Delayed 5 second(s)

2023-06-13 12:04:49 - [TEST_STEP][PASSED] - Start listener action : sampleAfterTestCase: null

2023-06-13 12:04:49 - [TEST_STEP][PASSED] - println(testCaseContext.getTestCaseId()): null

2023-06-13 12:04:49 - [TEST_STEP][PASSED] - println(testCaseContext.getTestCaseStatus()): null]]></system-out>
         <system-err><![CDATA[]]></system-err>
      </testcase>
      <testcase name="Test Cases/Production/Create Order/Drive Thru/Drive Thru - Gopay" time="105.397" classname="Test Cases/Production/Create Order/Drive Thru/Drive Thru - Gopay" status="FAILED">
         <failure type="FAILED" message="Test Cases/Production/Create Order/Drive Thru/Drive Thru - Gopay FAILED.
Reason:
com.kms.katalon.core.exception.StepFailedException: Object Object Repository/Productions/Create Order/Payment Method/Debit Card not found
	at com.kms.katalon.core.keyword.internal.KeywordMain.stepFailed(KeywordMain.groovy:50)
	at com.kms.katalon.core.mobile.keyword.internal.MobileKeywordMain.stepFailed(MobileKeywordMain.groovy:40)
	at com.kms.katalon.core.mobile.keyword.builtin.TapKeyword$_tap_closure1.doCall(TapKeyword.groovy:79)
	at com.kms.katalon.core.mobile.keyword.builtin.TapKeyword$_tap_closure1.call(TapKeyword.groovy)
	at com.kms.katalon.core.mobile.keyword.internal.MobileKeywordMain.runKeyword(MobileKeywordMain.groovy:21)
	at com.kms.katalon.core.mobile.keyword.builtin.TapKeyword.tap(TapKeyword.groovy:84)
	at com.kms.katalon.core.mobile.keyword.builtin.TapKeyword.execute(TapKeyword.groovy:68)
	at com.kms.katalon.core.keyword.internal.KeywordExecutor.executeKeywordForPlatform(KeywordExecutor.groovy:74)
	at com.kms.katalon.core.mobile.keyword.MobileBuiltInKeywords.tap(MobileBuiltInKeywords.groovy:1490)
	at com.kms.katalon.core.mobile.keyword.MobileBuiltInKeywords$tap$0.call(Unknown Source)
	at Drive Thru - Gopay.run(Drive Thru - Gopay:112)
	at com.kms.katalon.core.main.ScriptEngine.run(ScriptEngine.java:194)
	at com.kms.katalon.core.main.ScriptEngine.runScriptAsRawText(ScriptEngine.java:119)
	at com.kms.katalon.core.main.TestCaseExecutor.runScript(TestCaseExecutor.java:448)
	at com.kms.katalon.core.main.TestCaseExecutor.doExecute(TestCaseExecutor.java:439)
	at com.kms.katalon.core.main.TestCaseExecutor.processExecutionPhase(TestCaseExecutor.java:418)
	at com.kms.katalon.core.main.TestCaseExecutor.accessMainPhase(TestCaseExecutor.java:410)
	at com.kms.katalon.core.main.TestCaseExecutor.execute(TestCaseExecutor.java:285)
	at com.kms.katalon.core.common.CommonExecutor.accessTestCaseMainPhase(CommonExecutor.java:65)
	at com.kms.katalon.core.main.TestSuiteExecutor.accessTestSuiteMainPhase(TestSuiteExecutor.java:151)
	at com.kms.katalon.core.main.TestSuiteExecutor.execute(TestSuiteExecutor.java:106)
	at com.kms.katalon.core.main.TestCaseMain.startTestSuite(TestCaseMain.java:185)
	at com.kms.katalon.core.main.TestCaseMain$startTestSuite$0.call(Unknown Source)
	at TempTestSuite1686631872767.run(TempTestSuite1686631872767.groovy:36)
"/>
         <system-out><![CDATA[2023-06-13 12:04:49 - [TEST_CASE][FAILED] - Test Cases/Production/Create Order/Drive Thru/Drive Thru - Gopay: Test Cases/Production/Create Order/Drive Thru/Drive Thru - Gopay FAILED.
Reason:
com.kms.katalon.core.exception.StepFailedException: Object Object Repository/Productions/Create Order/Payment Method/Debit Card not found
	at com.kms.katalon.core.keyword.internal.KeywordMain.stepFailed(KeywordMain.groovy:50)
	at com.kms.katalon.core.mobile.keyword.internal.MobileKeywordMain.stepFailed(MobileKeywordMain.groovy:40)
	at com.kms.katalon.core.mobile.keyword.builtin.TapKeyword$_tap_closure1.doCall(TapKeyword.groovy:79)
	at com.kms.katalon.core.mobile.keyword.builtin.TapKeyword$_tap_closure1.call(TapKeyword.groovy)
	at com.kms.katalon.core.mobile.keyword.internal.MobileKeywordMain.runKeyword(MobileKeywordMain.groovy:21)
	at com.kms.katalon.core.mobile.keyword.builtin.TapKeyword.tap(TapKeyword.groovy:84)
	at com.kms.katalon.core.mobile.keyword.builtin.TapKeyword.execute(TapKeyword.groovy:68)
	at com.kms.katalon.core.keyword.internal.KeywordExecutor.executeKeywordForPlatform(KeywordExecutor.groovy:74)
	at com.kms.katalon.core.mobile.keyword.MobileBuiltInKeywords.tap(MobileBuiltInKeywords.groovy:1490)
	at com.kms.katalon.core.mobile.keyword.MobileBuiltInKeywords$tap$0.call(Unknown Source)
	at Drive Thru - Gopay.run(Drive Thru - Gopay:112)
	at com.kms.katalon.core.main.ScriptEngine.run(ScriptEngine.java:194)
	at com.kms.katalon.core.main.ScriptEngine.runScriptAsRawText(ScriptEngine.java:119)
	at com.kms.katalon.core.main.TestCaseExecutor.runScript(TestCaseExecutor.java:448)
	at com.kms.katalon.core.main.TestCaseExecutor.doExecute(TestCaseExecutor.java:439)
	at com.kms.katalon.core.main.TestCaseExecutor.processExecutionPhase(TestCaseExecutor.java:418)
	at com.kms.katalon.core.main.TestCaseExecutor.accessMainPhase(TestCaseExecutor.java:410)
	at com.kms.katalon.core.main.TestCaseExecutor.execute(TestCaseExecutor.java:285)
	at com.kms.katalon.core.common.CommonExecutor.accessTestCaseMainPhase(CommonExecutor.java:65)
	at com.kms.katalon.core.main.TestSuiteExecutor.accessTestSuiteMainPhase(TestSuiteExecutor.java:151)
	at com.kms.katalon.core.main.TestSuiteExecutor.execute(TestSuiteExecutor.java:106)
	at com.kms.katalon.core.main.TestCaseMain.startTestSuite(TestCaseMain.java:185)
	at com.kms.katalon.core.main.TestCaseMain$startTestSuite$0.call(Unknown Source)
	at TempTestSuite1686631872767.run(TempTestSuite1686631872767.groovy:36)


2023-06-13 12:04:50 - [TEST_STEP][PASSED] - startExistingApplication("com.kfc.mobile", STOP_ON_FAILURE): Starting app with application ID: 'com.kfc.mobile'

2023-06-13 12:04:50 - [MESSAGE][INFO] - User set preference: ['appPackage', 'com.kfc.mobile']

2023-06-13 12:04:50 - [MESSAGE][INFO] - User set preference: ['appActivity', 'com.kfc.mobile.presentation.splash.SplashActivity']

2023-06-13 12:04:50 - [MESSAGE][INFO] - User set preference: ['noReset', 'true']

2023-06-13 12:04:50 - [MESSAGE][INFO] - User set preference: ['deviceId', 'cefdc881']

2023-06-13 12:05:07 - [MESSAGE][PASSED] - Starting app with application ID: 'com.kfc.mobile'

2023-06-13 12:05:07 - [TEST_STEP][PASSED] - delay(5, STOP_ON_FAILURE): Delayed 5 second(s)

2023-06-13 12:05:12 - [MESSAGE][PASSED] - Delayed 5 second(s)

2023-06-13 12:05:12 - [TEST_STEP][PASSED] - swipe(281, 600, 434, 90): Swiped from 281,600 to 434,90

2023-06-13 12:05:13 - [MESSAGE][PASSED] - Swiped from 281,600 to 434,90

2023-06-13 12:05:13 - [TEST_STEP][PASSED] - device_Height = getDeviceHeight(): Current device physical height is 1520

2023-06-13 12:05:14 - [MESSAGE][PASSED] - Current device physical height is 1520

2023-06-13 12:05:14 - [TEST_STEP][PASSED] - device_Width = getDeviceWidth(): Current device physical width is 720

2023-06-13 12:05:14 - [MESSAGE][PASSED] - Current device physical width is 720

2023-06-13 12:05:14 - [TEST_STEP][PASSED] - startY = device_Height / 2: null

2023-06-13 12:05:14 - [TEST_STEP][PASSED] - endY = startY: null

2023-06-13 12:05:14 - [TEST_STEP][PASSED] - startX = device_Width * 0.30: null

2023-06-13 12:05:14 - [TEST_STEP][PASSED] - endX = device_Width * 0.70: null

2023-06-13 12:05:14 - [TEST_STEP][PASSED] - swipe(endX, startY, startX, endY): Swiped from 504,760 to 216,760

2023-06-13 12:05:15 - [MESSAGE][PASSED] - Swiped from 504,760 to 216,760

2023-06-13 12:05:15 - [TEST_STEP][PASSED] - tap(findTestObject("Productions/Create Order/Drive Thru/android.widget.TextView - DRIVE-THRU"), 5): Tapped on element 'Object Repository/Productions/Create Order/Drive Thru/android.widget.TextView - DRIVE-THRU'

2023-06-13 12:05:18 - [MESSAGE][PASSED] - Tapped on element 'Object Repository/Productions/Create Order/Drive Thru/android.widget.TextView - DRIVE-THRU'

2023-06-13 12:05:18 - [TEST_STEP][PASSED] - verifyElementVisible(findTestObject("Productions/Create Order/PNP/Dine In/Search KFC Outlet"), 5): Element 'Object Repository/Productions/Create Order/PNP/Dine In/Search KFC Outlet' is visible

2023-06-13 12:05:21 - [MESSAGE][PASSED] - Element 'Object Repository/Productions/Create Order/PNP/Dine In/Search KFC Outlet' is visible

2023-06-13 12:05:21 - [TEST_STEP][PASSED] - tap(findTestObject("Productions/Create Order/PNP/Dine In/Search KFC Outlet"), 0, STOP_ON_FAILURE): Tapped on element 'Object Repository/Productions/Create Order/PNP/Dine In/Search KFC Outlet'

2023-06-13 12:05:21 - [MESSAGE][WARNING] - Timeout '0' is invalid. Using default page load timeout: '30'

2023-06-13 12:05:22 - [MESSAGE][PASSED] - Tapped on element 'Object Repository/Productions/Create Order/PNP/Dine In/Search KFC Outlet'

2023-06-13 12:05:22 - [TEST_STEP][PASSED] - setText(findTestObject("Productions/Create Order/PNP/Dine In/EditText - Search KFC Outlet"), "Kemang", 5): Text 'Kemang' has been set to element 'Object Repository/Productions/Create Order/PNP/Dine In/EditText - Search KFC Outlet'

2023-06-13 12:05:25 - [MESSAGE][PASSED] - Text 'Kemang' has been set to element 'Object Repository/Productions/Create Order/PNP/Dine In/EditText - Search KFC Outlet'

2023-06-13 12:05:25 - [TEST_STEP][PASSED] - hideKeyboard(): Keyboard is hidden

2023-06-13 12:05:29 - [MESSAGE][PASSED] - Keyboard is hidden

2023-06-13 12:05:29 - [TEST_STEP][PASSED] - delay(5, STOP_ON_FAILURE): Delayed 5 second(s)

2023-06-13 12:05:34 - [MESSAGE][PASSED] - Delayed 5 second(s)

2023-06-13 12:05:34 - [TEST_STEP][PASSED] - waitForElementPresent(findTestObject("Productions/Create Order/PNP/Dine In/Button - Select Outlet"), 5): Element 'Object Repository/Productions/Create Order/PNP/Dine In/Button - Select Outlet' is present

2023-06-13 12:05:35 - [MESSAGE][PASSED] - Element 'Object Repository/Productions/Create Order/PNP/Dine In/Button - Select Outlet' is present

2023-06-13 12:05:35 - [TEST_STEP][PASSED] - tap(findTestObject("Productions/Create Order/PNP/Dine In/Button - Select Outlet"), 0): Tapped on element 'Object Repository/Productions/Create Order/PNP/Dine In/Button - Select Outlet'

2023-06-13 12:05:35 - [MESSAGE][WARNING] - Timeout '0' is invalid. Using default page load timeout: '30'

2023-06-13 12:05:36 - [MESSAGE][PASSED] - Tapped on element 'Object Repository/Productions/Create Order/PNP/Dine In/Button - Select Outlet'

2023-06-13 12:05:36 - [TEST_STEP][PASSED] - delay(5, STOP_ON_FAILURE): Delayed 5 second(s)

2023-06-13 12:05:41 - [MESSAGE][PASSED] - Delayed 5 second(s)

2023-06-13 12:05:41 - [TEST_STEP][PASSED] - verifyElementVisible(findTestObject("Productions/Create Order/PNP/Dine In/List Menu Group"), 5): Element 'Object Repository/Productions/Create Order/PNP/Dine In/List Menu Group' is visible

2023-06-13 12:05:42 - [MESSAGE][PASSED] - Element 'Object Repository/Productions/Create Order/PNP/Dine In/List Menu Group' is visible

2023-06-13 12:05:42 - [TEST_STEP][PASSED] - tap(findTestObject("Productions/Create Order/PNP/Dine In/List Menu Group"), 5): Tapped on element 'Object Repository/Productions/Create Order/PNP/Dine In/List Menu Group'

2023-06-13 12:05:42 - [MESSAGE][PASSED] - Tapped on element 'Object Repository/Productions/Create Order/PNP/Dine In/List Menu Group'

2023-06-13 12:05:42 - [TEST_STEP][PASSED] - delay(3, STOP_ON_FAILURE): Delayed 3 second(s)

2023-06-13 12:05:45 - [MESSAGE][PASSED] - Delayed 3 second(s)

2023-06-13 12:05:46 - [TEST_STEP][PASSED] - tap(findTestObject("Productions/Create Order/PNP/Dine In/Breakfast"), 3): Tapped on element 'Object Repository/Productions/Create Order/PNP/Dine In/Breakfast'

2023-06-13 12:05:46 - [MESSAGE][PASSED] - Tapped on element 'Object Repository/Productions/Create Order/PNP/Dine In/Breakfast'

2023-06-13 12:05:46 - [TEST_STEP][PASSED] - tap(findTestObject("Productions/Create Order/PNP/Dine In/List Menu Group"), 3): Tapped on element 'Object Repository/Productions/Create Order/PNP/Dine In/List Menu Group'

2023-06-13 12:05:50 - [MESSAGE][PASSED] - Tapped on element 'Object Repository/Productions/Create Order/PNP/Dine In/List Menu Group'

2023-06-13 12:05:50 - [TEST_STEP][PASSED] - delay(3, STOP_ON_FAILURE): Delayed 3 second(s)

2023-06-13 12:05:53 - [MESSAGE][PASSED] - Delayed 3 second(s)

2023-06-13 12:05:53 - [TEST_STEP][PASSED] - tap(findTestObject("Productions/Create Order/PNP/Dine In/Spesial"), 3): Tapped on element 'Object Repository/Productions/Create Order/PNP/Dine In/Spesial'

2023-06-13 12:05:53 - [MESSAGE][PASSED] - Tapped on element 'Object Repository/Productions/Create Order/PNP/Dine In/Spesial'

2023-06-13 12:05:53 - [TEST_STEP][PASSED] - tap(findTestObject("Productions/Create Order/PNP/Dine In/Button - Add"), 3): Tapped on element 'Object Repository/Productions/Create Order/PNP/Dine In/Button - Add'

2023-06-13 12:05:57 - [MESSAGE][PASSED] - Tapped on element 'Object Repository/Productions/Create Order/PNP/Dine In/Button - Add'

2023-06-13 12:05:57 - [TEST_STEP][PASSED] - delay(3, STOP_ON_FAILURE): Delayed 3 second(s)

2023-06-13 12:06:00 - [MESSAGE][PASSED] - Delayed 3 second(s)

2023-06-13 12:06:00 - [TEST_STEP][PASSED] - verifyElementVisible(findTestObject("Productions/Create Order/PNP/Dine In/List Item Costum"), 5): Element 'Object Repository/Productions/Create Order/PNP/Dine In/List Item Costum' is visible

2023-06-13 12:06:01 - [MESSAGE][PASSED] - Element 'Object Repository/Productions/Create Order/PNP/Dine In/List Item Costum' is visible

2023-06-13 12:06:01 - [TEST_STEP][PASSED] - tap(findTestObject("Productions/Create Order/PNP/Dine In/Button - Continue Custom"), 5): Tapped on element 'Object Repository/Productions/Create Order/PNP/Dine In/Button - Continue Custom'

2023-06-13 12:06:01 - [MESSAGE][PASSED] - Tapped on element 'Object Repository/Productions/Create Order/PNP/Dine In/Button - Continue Custom'

2023-06-13 12:06:01 - [TEST_STEP][PASSED] - tap(findTestObject("Productions/Create Order/PNP/Dine In/Next Button Order"), 5): Tapped on element 'Object Repository/Productions/Create Order/PNP/Dine In/Next Button Order'

2023-06-13 12:06:04 - [MESSAGE][PASSED] - Tapped on element 'Object Repository/Productions/Create Order/PNP/Dine In/Next Button Order'

2023-06-13 12:06:04 - [TEST_STEP][PASSED] - verifyElementVisible(findTestObject("Productions/Create Order/PNP/Dine In/You Got Free GOCENG"), 5): Element 'Object Repository/Productions/Create Order/PNP/Dine In/You Got Free GOCENG' is visible

2023-06-13 12:06:06 - [MESSAGE][PASSED] - Element 'Object Repository/Productions/Create Order/PNP/Dine In/You Got Free GOCENG' is visible

2023-06-13 12:06:06 - [TEST_STEP][PASSED] - verifyElementVisible(findTestObject("Productions/Create Order/PNP/Dine In/Continue Choose Reward"), 5): Element 'Object Repository/Productions/Create Order/PNP/Dine In/Continue Choose Reward' is visible

2023-06-13 12:06:06 - [MESSAGE][PASSED] - Element 'Object Repository/Productions/Create Order/PNP/Dine In/Continue Choose Reward' is visible

2023-06-13 12:06:06 - [TEST_STEP][PASSED] - tap(findTestObject("Productions/Create Order/PNP/Dine In/Continue Choose Reward"), 5): Tapped on element 'Object Repository/Productions/Create Order/PNP/Dine In/Continue Choose Reward'

2023-06-13 12:06:07 - [MESSAGE][PASSED] - Tapped on element 'Object Repository/Productions/Create Order/PNP/Dine In/Continue Choose Reward'

2023-06-13 12:06:07 - [TEST_STEP][PASSED] - setText(findTestObject("Productions/Create Order/Drive Thru/Plat Number"), "B 4020 VYO", 0): Text 'B 4020 VYO' has been set to element 'Object Repository/Productions/Create Order/Drive Thru/Plat Number'

2023-06-13 12:06:07 - [MESSAGE][WARNING] - Timeout '0' is invalid. Using default page load timeout: '30'

2023-06-13 12:06:15 - [MESSAGE][PASSED] - Text 'B 4020 VYO' has been set to element 'Object Repository/Productions/Create Order/Drive Thru/Plat Number'

2023-06-13 12:06:15 - [TEST_STEP][PASSED] - delay(5, STOP_ON_FAILURE): Delayed 5 second(s)

2023-06-13 12:06:20 - [MESSAGE][PASSED] - Delayed 5 second(s)

2023-06-13 12:06:20 - [TEST_STEP][PASSED] - tap(findTestObject("Productions/Create Order/PNP/Dine In/Button - Choose Now Reward"), 5): Tapped on element 'Object Repository/Productions/Create Order/PNP/Dine In/Button - Choose Now Reward'

2023-06-13 12:06:20 - [MESSAGE][PASSED] - Tapped on element 'Object Repository/Productions/Create Order/PNP/Dine In/Button - Choose Now Reward'

2023-06-13 12:06:20 - [TEST_STEP][PASSED] - tap(findTestObject("Productions/Create Order/PNP/Dine In/Button - Add Reward"), 5): Tapped on element 'Object Repository/Productions/Create Order/PNP/Dine In/Button - Add Reward'

2023-06-13 12:06:24 - [MESSAGE][PASSED] - Tapped on element 'Object Repository/Productions/Create Order/PNP/Dine In/Button - Add Reward'

2023-06-13 12:06:24 - [TEST_STEP][PASSED] - tap(findTestObject("Productions/Create Order/PNP/Dine In/Button - Confirm Reward"), 5): Tapped on element 'Object Repository/Productions/Create Order/PNP/Dine In/Button - Confirm Reward'

2023-06-13 12:06:25 - [MESSAGE][PASSED] - Tapped on element 'Object Repository/Productions/Create Order/PNP/Dine In/Button - Confirm Reward'

2023-06-13 12:06:25 - [TEST_STEP][PASSED] - swipe(281, 500, 434, 161): Swiped from 281,500 to 434,161

2023-06-13 12:06:26 - [MESSAGE][PASSED] - Swiped from 281,500 to 434,161

2023-06-13 12:06:26 - [TEST_STEP][PASSED] - tap(findTestObject("Productions/Create Order/PNP/Dine In/Select Payment Method"), 5): Tapped on element 'Object Repository/Productions/Create Order/PNP/Dine In/Select Payment Method'

2023-06-13 12:06:27 - [MESSAGE][PASSED] - Tapped on element 'Object Repository/Productions/Create Order/PNP/Dine In/Select Payment Method'

2023-06-13 12:06:27 - [TEST_STEP][PASSED] - verifyElementVisible(findTestObject("Productions/Create Order/PNP/Dine In/Group Payment Method"), 5): Element 'Object Repository/Productions/Create Order/PNP/Dine In/Group Payment Method' is visible

2023-06-13 12:06:29 - [MESSAGE][PASSED] - Element 'Object Repository/Productions/Create Order/PNP/Dine In/Group Payment Method' is visible

2023-06-13 12:06:29 - [TEST_STEP][FAILED] - tap(findTestObject("Productions/Create Order/Payment Method/Debit Card"), 5): Failed to tap on element 'Object Repository/Productions/Create Order/Payment Method/Debit Card' (Root cause: com.kms.katalon.core.exception.StepFailedException: Object Object Repository/Productions/Create Order/Payment Method/Debit Card not found
	at com.kms.katalon.core.keyword.internal.KeywordMain.stepFailed(KeywordMain.groovy:50)
	at com.kms.katalon.core.mobile.keyword.internal.MobileKeywordMain.stepFailed(MobileKeywordMain.groovy:40)
	at com.kms.katalon.core.mobile.keyword.builtin.TapKeyword$_tap_closure1.doCall(TapKeyword.groovy:79)
	at com.kms.katalon.core.mobile.keyword.builtin.TapKeyword$_tap_closure1.call(TapKeyword.groovy)
	at com.kms.katalon.core.mobile.keyword.internal.MobileKeywordMain.runKeyword(MobileKeywordMain.groovy:21)
	at com.kms.katalon.core.mobile.keyword.builtin.TapKeyword.tap(TapKeyword.groovy:84)
	at com.kms.katalon.core.mobile.keyword.builtin.TapKeyword.execute(TapKeyword.groovy:68)
	at com.kms.katalon.core.keyword.internal.KeywordExecutor.executeKeywordForPlatform(KeywordExecutor.groovy:74)
	at com.kms.katalon.core.mobile.keyword.MobileBuiltInKeywords.tap(MobileBuiltInKeywords.groovy:1490)
	at com.kms.katalon.core.mobile.keyword.MobileBuiltInKeywords$tap$0.call(Unknown Source)
	at Drive Thru - Gopay.run(Drive Thru - Gopay:112)
	at com.kms.katalon.core.main.ScriptEngine.run(ScriptEngine.java:194)
	at com.kms.katalon.core.main.ScriptEngine.runScriptAsRawText(ScriptEngine.java:119)
	at com.kms.katalon.core.main.TestCaseExecutor.runScript(TestCaseExecutor.java:448)
	at com.kms.katalon.core.main.TestCaseExecutor.doExecute(TestCaseExecutor.java:439)
	at com.kms.katalon.core.main.TestCaseExecutor.processExecutionPhase(TestCaseExecutor.java:418)
	at com.kms.katalon.core.main.TestCaseExecutor.accessMainPhase(TestCaseExecutor.java:410)
	at com.kms.katalon.core.main.TestCaseExecutor.execute(TestCaseExecutor.java:285)
	at com.kms.katalon.core.common.CommonExecutor.accessTestCaseMainPhase(CommonExecutor.java:65)
	at com.kms.katalon.core.main.TestSuiteExecutor.accessTestSuiteMainPhase(TestSuiteExecutor.java:151)
	at com.kms.katalon.core.main.TestSuiteExecutor.execute(TestSuiteExecutor.java:106)
	at com.kms.katalon.core.main.TestCaseMain.startTestSuite(TestCaseMain.java:185)
	at com.kms.katalon.core.main.TestCaseMain$startTestSuite$0.call(Unknown Source)
	at TempTestSuite1686631872767.run(TempTestSuite1686631872767.groovy:36)
)

2023-06-13 12:06:34 - [MESSAGE][FAILED] - Object Object Repository/Productions/Create Order/Payment Method/Debit Card not found

2023-06-13 12:06:35 - [MESSAGE][FAILED] - Failed to tap on element 'Object Repository/Productions/Create Order/Payment Method/Debit Card' (Root cause: com.kms.katalon.core.exception.StepFailedException: Object Object Repository/Productions/Create Order/Payment Method/Debit Card not found
	at com.kms.katalon.core.keyword.internal.KeywordMain.stepFailed(KeywordMain.groovy:50)
	at com.kms.katalon.core.mobile.keyword.internal.MobileKeywordMain.stepFailed(MobileKeywordMain.groovy:40)
	at com.kms.katalon.core.mobile.keyword.builtin.TapKeyword$_tap_closure1.doCall(TapKeyword.groovy:79)
	at com.kms.katalon.core.mobile.keyword.builtin.TapKeyword$_tap_closure1.call(TapKeyword.groovy)
	at com.kms.katalon.core.mobile.keyword.internal.MobileKeywordMain.runKeyword(MobileKeywordMain.groovy:21)
	at com.kms.katalon.core.mobile.keyword.builtin.TapKeyword.tap(TapKeyword.groovy:84)
	at com.kms.katalon.core.mobile.keyword.builtin.TapKeyword.execute(TapKeyword.groovy:68)
	at com.kms.katalon.core.keyword.internal.KeywordExecutor.executeKeywordForPlatform(KeywordExecutor.groovy:74)
	at com.kms.katalon.core.mobile.keyword.MobileBuiltInKeywords.tap(MobileBuiltInKeywords.groovy:1490)
	at com.kms.katalon.core.mobile.keyword.MobileBuiltInKeywords$tap$0.call(Unknown Source)
	at Drive Thru - Gopay.run(Drive Thru - Gopay:112)
	at com.kms.katalon.core.main.ScriptEngine.run(ScriptEngine.java:194)
	at com.kms.katalon.core.main.ScriptEngine.runScriptAsRawText(ScriptEngine.java:119)
	at com.kms.katalon.core.main.TestCaseExecutor.runScript(TestCaseExecutor.java:448)
	at com.kms.katalon.core.main.TestCaseExecutor.doExecute(TestCaseExecutor.java:439)
	at com.kms.katalon.core.main.TestCaseExecutor.processExecutionPhase(TestCaseExecutor.java:418)
	at com.kms.katalon.core.main.TestCaseExecutor.accessMainPhase(TestCaseExecutor.java:410)
	at com.kms.katalon.core.main.TestCaseExecutor.execute(TestCaseExecutor.java:285)
	at com.kms.katalon.core.common.CommonExecutor.accessTestCaseMainPhase(CommonExecutor.java:65)
	at com.kms.katalon.core.main.TestSuiteExecutor.accessTestSuiteMainPhase(TestSuiteExecutor.java:151)
	at com.kms.katalon.core.main.TestSuiteExecutor.execute(TestSuiteExecutor.java:106)
	at com.kms.katalon.core.main.TestCaseMain.startTestSuite(TestCaseMain.java:185)
	at com.kms.katalon.core.main.TestCaseMain$startTestSuite$0.call(Unknown Source)
	at TempTestSuite1686631872767.run(TempTestSuite1686631872767.groovy:36)
)
[[ATTACHMENT|C:\\Users\\Ahadian Rifky\\Downloads\\Katalon_Studio_Windows_64-8.5.5\\Katalon_Studio_Windows_64-8.5.5\\git.github.com\\maycheljecsan\\kfckuapps_katalon.git\\kfcku_android\\Reports\\20230613_115112\\Production\\KFCKU Apps\\20230613_115112\\1686632794216.png]]

2023-06-13 12:06:35 - [TEST_STEP][PASSED] - Start listener action : sampleAfterTestCase: null

2023-06-13 12:06:35 - [TEST_STEP][PASSED] - println(testCaseContext.getTestCaseId()): null

2023-06-13 12:06:35 - [TEST_STEP][PASSED] - println(testCaseContext.getTestCaseStatus()): null]]></system-out>
         <system-err><![CDATA[2023-06-13 12:04:49 - [TEST_CASE][FAILED] - Test Cases/Production/Create Order/Drive Thru/Drive Thru - Gopay: Test Cases/Production/Create Order/Drive Thru/Drive Thru - Gopay FAILED.
Reason:
com.kms.katalon.core.exception.StepFailedException: Object Object Repository/Productions/Create Order/Payment Method/Debit Card not found
	at com.kms.katalon.core.keyword.internal.KeywordMain.stepFailed(KeywordMain.groovy:50)
	at com.kms.katalon.core.mobile.keyword.internal.MobileKeywordMain.stepFailed(MobileKeywordMain.groovy:40)
	at com.kms.katalon.core.mobile.keyword.builtin.TapKeyword$_tap_closure1.doCall(TapKeyword.groovy:79)
	at com.kms.katalon.core.mobile.keyword.builtin.TapKeyword$_tap_closure1.call(TapKeyword.groovy)
	at com.kms.katalon.core.mobile.keyword.internal.MobileKeywordMain.runKeyword(MobileKeywordMain.groovy:21)
	at com.kms.katalon.core.mobile.keyword.builtin.TapKeyword.tap(TapKeyword.groovy:84)
	at com.kms.katalon.core.mobile.keyword.builtin.TapKeyword.execute(TapKeyword.groovy:68)
	at com.kms.katalon.core.keyword.internal.KeywordExecutor.executeKeywordForPlatform(KeywordExecutor.groovy:74)
	at com.kms.katalon.core.mobile.keyword.MobileBuiltInKeywords.tap(MobileBuiltInKeywords.groovy:1490)
	at com.kms.katalon.core.mobile.keyword.MobileBuiltInKeywords$tap$0.call(Unknown Source)
	at Drive Thru - Gopay.run(Drive Thru - Gopay:112)
	at com.kms.katalon.core.main.ScriptEngine.run(ScriptEngine.java:194)
	at com.kms.katalon.core.main.ScriptEngine.runScriptAsRawText(ScriptEngine.java:119)
	at com.kms.katalon.core.main.TestCaseExecutor.runScript(TestCaseExecutor.java:448)
	at com.kms.katalon.core.main.TestCaseExecutor.doExecute(TestCaseExecutor.java:439)
	at com.kms.katalon.core.main.TestCaseExecutor.processExecutionPhase(TestCaseExecutor.java:418)
	at com.kms.katalon.core.main.TestCaseExecutor.accessMainPhase(TestCaseExecutor.java:410)
	at com.kms.katalon.core.main.TestCaseExecutor.execute(TestCaseExecutor.java:285)
	at com.kms.katalon.core.common.CommonExecutor.accessTestCaseMainPhase(CommonExecutor.java:65)
	at com.kms.katalon.core.main.TestSuiteExecutor.accessTestSuiteMainPhase(TestSuiteExecutor.java:151)
	at com.kms.katalon.core.main.TestSuiteExecutor.execute(TestSuiteExecutor.java:106)
	at com.kms.katalon.core.main.TestCaseMain.startTestSuite(TestCaseMain.java:185)
	at com.kms.katalon.core.main.TestCaseMain$startTestSuite$0.call(Unknown Source)
	at TempTestSuite1686631872767.run(TempTestSuite1686631872767.groovy:36)]]></system-err>
      </testcase>
      <testcase name="Test Cases/Production/Re-Buy/Rebuy" time="87.857" classname="Test Cases/Production/Re-Buy/Rebuy" status="PASSED">
         <system-out><![CDATA[2023-06-13 12:06:35 - [TEST_CASE][PASSED] - Test Cases/Production/Re-Buy/Rebuy: Test Cases/Production/Re-Buy/Rebuy

2023-06-13 12:06:35 - [TEST_STEP][PASSED] - startExistingApplication("com.kfc.mobile", STOP_ON_FAILURE): Starting app with application ID: 'com.kfc.mobile'

2023-06-13 12:06:35 - [MESSAGE][INFO] - User set preference: ['appPackage', 'com.kfc.mobile']

2023-06-13 12:06:35 - [MESSAGE][INFO] - User set preference: ['appActivity', 'com.kfc.mobile.presentation.splash.SplashActivity']

2023-06-13 12:06:35 - [MESSAGE][INFO] - User set preference: ['noReset', 'true']

2023-06-13 12:06:35 - [MESSAGE][INFO] - User set preference: ['deviceId', 'cefdc881']

2023-06-13 12:06:53 - [MESSAGE][PASSED] - Starting app with application ID: 'com.kfc.mobile'

2023-06-13 12:06:53 - [TEST_STEP][PASSED] - delay(5, STOP_ON_FAILURE): Delayed 5 second(s)

2023-06-13 12:06:58 - [MESSAGE][PASSED] - Delayed 5 second(s)

2023-06-13 12:06:58 - [TEST_STEP][PASSED] - waitForElementPresent(findTestObject("Productions/Rebuy/Review Order"), 3): Element 'Object Repository/Productions/Rebuy/Review Order' is present

2023-06-13 12:07:00 - [MESSAGE][PASSED] - Element 'Object Repository/Productions/Rebuy/Review Order' is present

2023-06-13 12:07:00 - [TEST_STEP][PASSED] - tap(findTestObject("Productions/Rebuy/Review Order"), 0): Tapped on element 'Object Repository/Productions/Rebuy/Review Order'

2023-06-13 12:07:00 - [MESSAGE][WARNING] - Timeout '0' is invalid. Using default page load timeout: '30'

2023-06-13 12:07:02 - [MESSAGE][PASSED] - Tapped on element 'Object Repository/Productions/Rebuy/Review Order'

2023-06-13 12:07:02 - [TEST_STEP][PASSED] - delay(10, STOP_ON_FAILURE): Delayed 10 second(s)

2023-06-13 12:07:12 - [MESSAGE][PASSED] - Delayed 10 second(s)

2023-06-13 12:07:12 - [TEST_STEP][PASSED] - tap(findTestObject("Productions/Create Order/PNP/Dine In/Button - Choose Now Reward"), 5): Tapped on element 'Object Repository/Productions/Create Order/PNP/Dine In/Button - Choose Now Reward'

2023-06-13 12:07:17 - [MESSAGE][PASSED] - Tapped on element 'Object Repository/Productions/Create Order/PNP/Dine In/Button - Choose Now Reward'

2023-06-13 12:07:17 - [TEST_STEP][PASSED] - tap(findTestObject("Productions/Create Order/PNP/Dine In/Button - Add Reward"), 5): Tapped on element 'Object Repository/Productions/Create Order/PNP/Dine In/Button - Add Reward'

2023-06-13 12:07:20 - [MESSAGE][PASSED] - Tapped on element 'Object Repository/Productions/Create Order/PNP/Dine In/Button - Add Reward'

2023-06-13 12:07:20 - [TEST_STEP][PASSED] - tap(findTestObject("Productions/Create Order/PNP/Dine In/Button - Confirm Reward"), 5): Tapped on element 'Object Repository/Productions/Create Order/PNP/Dine In/Button - Confirm Reward'

2023-06-13 12:07:21 - [MESSAGE][PASSED] - Tapped on element 'Object Repository/Productions/Create Order/PNP/Dine In/Button - Confirm Reward'

2023-06-13 12:07:21 - [TEST_STEP][PASSED] - swipe(281, 500, 434, 161): Swiped from 281,500 to 434,161

2023-06-13 12:07:22 - [MESSAGE][PASSED] - Swiped from 281,500 to 434,161

2023-06-13 12:07:22 - [TEST_STEP][PASSED] - scrollToText("TOTAL", STOP_ON_FAILURE): Scrolling to text 'TOTAL' successfully

2023-06-13 12:07:27 - [MESSAGE][PASSED] - Scrolling to text 'TOTAL' successfully

2023-06-13 12:07:27 - [TEST_STEP][PASSED] - setText(findTestObject("Productions/Create Order/HMD/Add notes for your driver"), "Rumah depan POS satpam", 0): Text 'Rumah depan POS satpam' has been set to element 'Object Repository/Productions/Create Order/HMD/Add notes for your driver'

2023-06-13 12:07:27 - [MESSAGE][WARNING] - Timeout '0' is invalid. Using default page load timeout: '30'

2023-06-13 12:07:30 - [MESSAGE][PASSED] - Text 'Rumah depan POS satpam' has been set to element 'Object Repository/Productions/Create Order/HMD/Add notes for your driver'

2023-06-13 12:07:30 - [TEST_STEP][PASSED] - tap(findTestObject("Productions/Create Order/HMD/Select Delivery Method"), 5): Tapped on element 'Object Repository/Productions/Create Order/HMD/Select Delivery Method'

2023-06-13 12:07:31 - [MESSAGE][PASSED] - Tapped on element 'Object Repository/Productions/Create Order/HMD/Select Delivery Method'

2023-06-13 12:07:31 - [TEST_STEP][PASSED] - tap(findTestObject("Productions/Create Order/HMD/GrabExpress"), 5): Tapped on element 'Object Repository/Productions/Create Order/HMD/GrabExpress'

2023-06-13 12:07:37 - [MESSAGE][PASSED] - Tapped on element 'Object Repository/Productions/Create Order/HMD/GrabExpress'

2023-06-13 12:07:37 - [TEST_STEP][PASSED] - tap(findTestObject("Productions/Create Order/HMD/Button - Select"), 5): Tapped on element 'Object Repository/Productions/Create Order/HMD/Button - Select'

2023-06-13 12:07:38 - [MESSAGE][PASSED] - Tapped on element 'Object Repository/Productions/Create Order/HMD/Button - Select'

2023-06-13 12:07:38 - [TEST_STEP][PASSED] - delay(5, STOP_ON_FAILURE): Delayed 5 second(s)

2023-06-13 12:07:43 - [MESSAGE][PASSED] - Delayed 5 second(s)

2023-06-13 12:07:43 - [TEST_STEP][PASSED] - tap(findTestObject("Productions/Create Order/PNP/Dine In/Select Payment Method"), 5): Tapped on element 'Object Repository/Productions/Create Order/PNP/Dine In/Select Payment Method'

2023-06-13 12:07:43 - [MESSAGE][PASSED] - Tapped on element 'Object Repository/Productions/Create Order/PNP/Dine In/Select Payment Method'

2023-06-13 12:07:43 - [TEST_STEP][PASSED] - delay(5, STOP_ON_FAILURE): Delayed 5 second(s)

2023-06-13 12:07:48 - [MESSAGE][PASSED] - Delayed 5 second(s)

2023-06-13 12:07:48 - [TEST_STEP][PASSED] - verifyElementVisible(findTestObject("Productions/Create Order/PNP/Dine In/Group Payment Method"), 5): Element 'Object Repository/Productions/Create Order/PNP/Dine In/Group Payment Method' is visible

2023-06-13 12:07:49 - [MESSAGE][PASSED] - Element 'Object Repository/Productions/Create Order/PNP/Dine In/Group Payment Method' is visible

2023-06-13 12:07:49 - [TEST_STEP][PASSED] - tap(findTestObject("Productions/Create Order/Payment Method/QRIS"), 5): Tapped on element 'Object Repository/Productions/Create Order/Payment Method/QRIS'

2023-06-13 12:07:50 - [MESSAGE][PASSED] - Tapped on element 'Object Repository/Productions/Create Order/Payment Method/QRIS'

2023-06-13 12:07:50 - [TEST_STEP][PASSED] - tap(findTestObject("Productions/Create Order/Payment Method/Button - Save Payment"), 5): Tapped on element 'Object Repository/Productions/Create Order/Payment Method/Button - Save Payment'

2023-06-13 12:07:51 - [MESSAGE][PASSED] - Tapped on element 'Object Repository/Productions/Create Order/Payment Method/Button - Save Payment'

2023-06-13 12:07:51 - [TEST_STEP][PASSED] - delay(5, STOP_ON_FAILURE): Delayed 5 second(s)

2023-06-13 12:07:56 - [MESSAGE][PASSED] - Delayed 5 second(s)

2023-06-13 12:07:56 - [TEST_STEP][PASSED] - swipe(281, 500, 434, 161): Swiped from 281,500 to 434,161

2023-06-13 12:07:57 - [MESSAGE][PASSED] - Swiped from 281,500 to 434,161

2023-06-13 12:07:57 - [TEST_STEP][PASSED] - delay(5, STOP_ON_FAILURE): Delayed 5 second(s)

2023-06-13 12:08:02 - [MESSAGE][PASSED] - Delayed 5 second(s)

2023-06-13 12:08:02 - [TEST_STEP][PASSED] - closeApplication(): Close app successfully

2023-06-13 12:08:03 - [MESSAGE][PASSED] - Close app successfully

2023-06-13 12:08:03 - [TEST_STEP][PASSED] - Start listener action : sampleAfterTestCase: null

2023-06-13 12:08:03 - [TEST_STEP][PASSED] - println(testCaseContext.getTestCaseId()): null

2023-06-13 12:08:03 - [TEST_STEP][PASSED] - println(testCaseContext.getTestCaseStatus()): null]]></system-out>
         <system-err><![CDATA[]]></system-err>
      </testcase>
      <testcase name="Test Cases/Production/Profile/Personal Info/User Profile" time="31.715" classname="Test Cases/Production/Profile/Personal Info/User Profile" status="FAILED">
         <failure type="FAILED" message="Test Cases/Production/Profile/Personal Info/User Profile FAILED.
Reason:
com.kms.katalon.core.exception.StepFailedException: Element 'Object Repository/Productions/Personal Info/Profile/Username' not found
	at com.kms.katalon.core.keyword.internal.KeywordMain.stepFailed(KeywordMain.groovy:50)
	at com.kms.katalon.core.mobile.keyword.internal.MobileKeywordMain.stepFailed(MobileKeywordMain.groovy:40)
	at com.kms.katalon.core.mobile.keyword.builtin.VerifyElementVisibleKeyword$_verifyElementVisible_closure1.doCall(VerifyElementVisibleKeyword.groovy:82)
	at com.kms.katalon.core.mobile.keyword.builtin.VerifyElementVisibleKeyword$_verifyElementVisible_closure1.call(VerifyElementVisibleKeyword.groovy)
	at com.kms.katalon.core.mobile.keyword.internal.MobileKeywordMain.runKeyword(MobileKeywordMain.groovy:21)
	at com.kms.katalon.core.mobile.keyword.builtin.VerifyElementVisibleKeyword.verifyElementVisible(VerifyElementVisibleKeyword.groovy:85)
	at com.kms.katalon.core.mobile.keyword.builtin.VerifyElementVisibleKeyword.execute(VerifyElementVisibleKeyword.groovy:64)
	at com.kms.katalon.core.keyword.internal.KeywordExecutor.executeKeywordForPlatform(KeywordExecutor.groovy:74)
	at com.kms.katalon.core.mobile.keyword.MobileBuiltInKeywords.verifyElementVisible(MobileBuiltInKeywords.groovy:2031)
	at com.kms.katalon.core.mobile.keyword.MobileBuiltInKeywords$verifyElementVisible$7.call(Unknown Source)
	at User Profile.run(User Profile:28)
	at com.kms.katalon.core.main.ScriptEngine.run(ScriptEngine.java:194)
	at com.kms.katalon.core.main.ScriptEngine.runScriptAsRawText(ScriptEngine.java:119)
	at com.kms.katalon.core.main.TestCaseExecutor.runScript(TestCaseExecutor.java:448)
	at com.kms.katalon.core.main.TestCaseExecutor.doExecute(TestCaseExecutor.java:439)
	at com.kms.katalon.core.main.TestCaseExecutor.processExecutionPhase(TestCaseExecutor.java:418)
	at com.kms.katalon.core.main.TestCaseExecutor.accessMainPhase(TestCaseExecutor.java:410)
	at com.kms.katalon.core.main.TestCaseExecutor.execute(TestCaseExecutor.java:285)
	at com.kms.katalon.core.common.CommonExecutor.accessTestCaseMainPhase(CommonExecutor.java:65)
	at com.kms.katalon.core.main.TestSuiteExecutor.accessTestSuiteMainPhase(TestSuiteExecutor.java:151)
	at com.kms.katalon.core.main.TestSuiteExecutor.execute(TestSuiteExecutor.java:106)
	at com.kms.katalon.core.main.TestCaseMain.startTestSuite(TestCaseMain.java:185)
	at com.kms.katalon.core.main.TestCaseMain$startTestSuite$0.call(Unknown Source)
	at TempTestSuite1686631872767.run(TempTestSuite1686631872767.groovy:36)
"/>
         <system-out><![CDATA[2023-06-13 12:08:03 - [TEST_CASE][FAILED] - Test Cases/Production/Profile/Personal Info/User Profile: Test Cases/Production/Profile/Personal Info/User Profile FAILED.
Reason:
com.kms.katalon.core.exception.StepFailedException: Element 'Object Repository/Productions/Personal Info/Profile/Username' not found
	at com.kms.katalon.core.keyword.internal.KeywordMain.stepFailed(KeywordMain.groovy:50)
	at com.kms.katalon.core.mobile.keyword.internal.MobileKeywordMain.stepFailed(MobileKeywordMain.groovy:40)
	at com.kms.katalon.core.mobile.keyword.builtin.VerifyElementVisibleKeyword$_verifyElementVisible_closure1.doCall(VerifyElementVisibleKeyword.groovy:82)
	at com.kms.katalon.core.mobile.keyword.builtin.VerifyElementVisibleKeyword$_verifyElementVisible_closure1.call(VerifyElementVisibleKeyword.groovy)
	at com.kms.katalon.core.mobile.keyword.internal.MobileKeywordMain.runKeyword(MobileKeywordMain.groovy:21)
	at com.kms.katalon.core.mobile.keyword.builtin.VerifyElementVisibleKeyword.verifyElementVisible(VerifyElementVisibleKeyword.groovy:85)
	at com.kms.katalon.core.mobile.keyword.builtin.VerifyElementVisibleKeyword.execute(VerifyElementVisibleKeyword.groovy:64)
	at com.kms.katalon.core.keyword.internal.KeywordExecutor.executeKeywordForPlatform(KeywordExecutor.groovy:74)
	at com.kms.katalon.core.mobile.keyword.MobileBuiltInKeywords.verifyElementVisible(MobileBuiltInKeywords.groovy:2031)
	at com.kms.katalon.core.mobile.keyword.MobileBuiltInKeywords$verifyElementVisible$7.call(Unknown Source)
	at User Profile.run(User Profile:28)
	at com.kms.katalon.core.main.ScriptEngine.run(ScriptEngine.java:194)
	at com.kms.katalon.core.main.ScriptEngine.runScriptAsRawText(ScriptEngine.java:119)
	at com.kms.katalon.core.main.TestCaseExecutor.runScript(TestCaseExecutor.java:448)
	at com.kms.katalon.core.main.TestCaseExecutor.doExecute(TestCaseExecutor.java:439)
	at com.kms.katalon.core.main.TestCaseExecutor.processExecutionPhase(TestCaseExecutor.java:418)
	at com.kms.katalon.core.main.TestCaseExecutor.accessMainPhase(TestCaseExecutor.java:410)
	at com.kms.katalon.core.main.TestCaseExecutor.execute(TestCaseExecutor.java:285)
	at com.kms.katalon.core.common.CommonExecutor.accessTestCaseMainPhase(CommonExecutor.java:65)
	at com.kms.katalon.core.main.TestSuiteExecutor.accessTestSuiteMainPhase(TestSuiteExecutor.java:151)
	at com.kms.katalon.core.main.TestSuiteExecutor.execute(TestSuiteExecutor.java:106)
	at com.kms.katalon.core.main.TestCaseMain.startTestSuite(TestCaseMain.java:185)
	at com.kms.katalon.core.main.TestCaseMain$startTestSuite$0.call(Unknown Source)
	at TempTestSuite1686631872767.run(TempTestSuite1686631872767.groovy:36)


2023-06-13 12:08:03 - [TEST_STEP][PASSED] - startExistingApplication("com.kfc.mobile", STOP_ON_FAILURE): Starting app with application ID: 'com.kfc.mobile'

2023-06-13 12:08:03 - [MESSAGE][INFO] - User set preference: ['appPackage', 'com.kfc.mobile']

2023-06-13 12:08:03 - [MESSAGE][INFO] - User set preference: ['appActivity', 'com.kfc.mobile.presentation.splash.SplashActivity']

2023-06-13 12:08:03 - [MESSAGE][INFO] - User set preference: ['noReset', 'true']

2023-06-13 12:08:03 - [MESSAGE][INFO] - User set preference: ['deviceId', 'cefdc881']

2023-06-13 12:08:03 - [MESSAGE][INFO] - Detected NodeJS location: "C:\Program Files\nodejs\node.exe"

2023-06-13 12:08:04 - [MESSAGE][INFO] - Appium server started on port 57,942

2023-06-13 12:08:21 - [MESSAGE][PASSED] - Starting app with application ID: 'com.kfc.mobile'

2023-06-13 12:08:21 - [TEST_STEP][PASSED] - delay(5, STOP_ON_FAILURE): Delayed 5 second(s)

2023-06-13 12:08:26 - [MESSAGE][PASSED] - Delayed 5 second(s)

2023-06-13 12:08:26 - [TEST_STEP][PASSED] - tap(findTestObject("Productions/Menu/Profile"), 0): Tapped on element 'Object Repository/Productions/Menu/Profile'

2023-06-13 12:08:26 - [MESSAGE][WARNING] - Timeout '0' is invalid. Using default page load timeout: '30'

2023-06-13 12:08:29 - [MESSAGE][PASSED] - Tapped on element 'Object Repository/Productions/Menu/Profile'

2023-06-13 12:08:29 - [TEST_STEP][PASSED] - verifyElementVisible(findTestObject("Productions/Personal Info/Profile/Photo Profile"), 3): Element 'Object Repository/Productions/Personal Info/Profile/Photo Profile' is visible

2023-06-13 12:08:30 - [MESSAGE][PASSED] - Element 'Object Repository/Productions/Personal Info/Profile/Photo Profile' is visible

2023-06-13 12:08:30 - [TEST_STEP][FAILED] - verifyElementVisible(findTestObject("Productions/Personal Info/Profile/Username"), 3): Failed to check for element 'Object Repository/Productions/Personal Info/Profile/Username' visible (Root cause: com.kms.katalon.core.exception.StepFailedException: Element 'Object Repository/Productions/Personal Info/Profile/Username' not found
	at com.kms.katalon.core.keyword.internal.KeywordMain.stepFailed(KeywordMain.groovy:50)
	at com.kms.katalon.core.mobile.keyword.internal.MobileKeywordMain.stepFailed(MobileKeywordMain.groovy:40)
	at com.kms.katalon.core.mobile.keyword.builtin.VerifyElementVisibleKeyword$_verifyElementVisible_closure1.doCall(VerifyElementVisibleKeyword.groovy:82)
	at com.kms.katalon.core.mobile.keyword.builtin.VerifyElementVisibleKeyword$_verifyElementVisible_closure1.call(VerifyElementVisibleKeyword.groovy)
	at com.kms.katalon.core.mobile.keyword.internal.MobileKeywordMain.runKeyword(MobileKeywordMain.groovy:21)
	at com.kms.katalon.core.mobile.keyword.builtin.VerifyElementVisibleKeyword.verifyElementVisible(VerifyElementVisibleKeyword.groovy:85)
	at com.kms.katalon.core.mobile.keyword.builtin.VerifyElementVisibleKeyword.execute(VerifyElementVisibleKeyword.groovy:64)
	at com.kms.katalon.core.keyword.internal.KeywordExecutor.executeKeywordForPlatform(KeywordExecutor.groovy:74)
	at com.kms.katalon.core.mobile.keyword.MobileBuiltInKeywords.verifyElementVisible(MobileBuiltInKeywords.groovy:2031)
	at com.kms.katalon.core.mobile.keyword.MobileBuiltInKeywords$verifyElementVisible$7.call(Unknown Source)
	at User Profile.run(User Profile:28)
	at com.kms.katalon.core.main.ScriptEngine.run(ScriptEngine.java:194)
	at com.kms.katalon.core.main.ScriptEngine.runScriptAsRawText(ScriptEngine.java:119)
	at com.kms.katalon.core.main.TestCaseExecutor.runScript(TestCaseExecutor.java:448)
	at com.kms.katalon.core.main.TestCaseExecutor.doExecute(TestCaseExecutor.java:439)
	at com.kms.katalon.core.main.TestCaseExecutor.processExecutionPhase(TestCaseExecutor.java:418)
	at com.kms.katalon.core.main.TestCaseExecutor.accessMainPhase(TestCaseExecutor.java:410)
	at com.kms.katalon.core.main.TestCaseExecutor.execute(TestCaseExecutor.java:285)
	at com.kms.katalon.core.common.CommonExecutor.accessTestCaseMainPhase(CommonExecutor.java:65)
	at com.kms.katalon.core.main.TestSuiteExecutor.accessTestSuiteMainPhase(TestSuiteExecutor.java:151)
	at com.kms.katalon.core.main.TestSuiteExecutor.execute(TestSuiteExecutor.java:106)
	at com.kms.katalon.core.main.TestCaseMain.startTestSuite(TestCaseMain.java:185)
	at com.kms.katalon.core.main.TestCaseMain$startTestSuite$0.call(Unknown Source)
	at TempTestSuite1686631872767.run(TempTestSuite1686631872767.groovy:36)
)

2023-06-13 12:08:33 - [MESSAGE][FAILED] - Element 'Object Repository/Productions/Personal Info/Profile/Username' not found

2023-06-13 12:08:34 - [MESSAGE][FAILED] - Failed to check for element 'Object Repository/Productions/Personal Info/Profile/Username' visible (Root cause: com.kms.katalon.core.exception.StepFailedException: Element 'Object Repository/Productions/Personal Info/Profile/Username' not found
	at com.kms.katalon.core.keyword.internal.KeywordMain.stepFailed(KeywordMain.groovy:50)
	at com.kms.katalon.core.mobile.keyword.internal.MobileKeywordMain.stepFailed(MobileKeywordMain.groovy:40)
	at com.kms.katalon.core.mobile.keyword.builtin.VerifyElementVisibleKeyword$_verifyElementVisible_closure1.doCall(VerifyElementVisibleKeyword.groovy:82)
	at com.kms.katalon.core.mobile.keyword.builtin.VerifyElementVisibleKeyword$_verifyElementVisible_closure1.call(VerifyElementVisibleKeyword.groovy)
	at com.kms.katalon.core.mobile.keyword.internal.MobileKeywordMain.runKeyword(MobileKeywordMain.groovy:21)
	at com.kms.katalon.core.mobile.keyword.builtin.VerifyElementVisibleKeyword.verifyElementVisible(VerifyElementVisibleKeyword.groovy:85)
	at com.kms.katalon.core.mobile.keyword.builtin.VerifyElementVisibleKeyword.execute(VerifyElementVisibleKeyword.groovy:64)
	at com.kms.katalon.core.keyword.internal.KeywordExecutor.executeKeywordForPlatform(KeywordExecutor.groovy:74)
	at com.kms.katalon.core.mobile.keyword.MobileBuiltInKeywords.verifyElementVisible(MobileBuiltInKeywords.groovy:2031)
	at com.kms.katalon.core.mobile.keyword.MobileBuiltInKeywords$verifyElementVisible$7.call(Unknown Source)
	at User Profile.run(User Profile:28)
	at com.kms.katalon.core.main.ScriptEngine.run(ScriptEngine.java:194)
	at com.kms.katalon.core.main.ScriptEngine.runScriptAsRawText(ScriptEngine.java:119)
	at com.kms.katalon.core.main.TestCaseExecutor.runScript(TestCaseExecutor.java:448)
	at com.kms.katalon.core.main.TestCaseExecutor.doExecute(TestCaseExecutor.java:439)
	at com.kms.katalon.core.main.TestCaseExecutor.processExecutionPhase(TestCaseExecutor.java:418)
	at com.kms.katalon.core.main.TestCaseExecutor.accessMainPhase(TestCaseExecutor.java:410)
	at com.kms.katalon.core.main.TestCaseExecutor.execute(TestCaseExecutor.java:285)
	at com.kms.katalon.core.common.CommonExecutor.accessTestCaseMainPhase(CommonExecutor.java:65)
	at com.kms.katalon.core.main.TestSuiteExecutor.accessTestSuiteMainPhase(TestSuiteExecutor.java:151)
	at com.kms.katalon.core.main.TestSuiteExecutor.execute(TestSuiteExecutor.java:106)
	at com.kms.katalon.core.main.TestCaseMain.startTestSuite(TestCaseMain.java:185)
	at com.kms.katalon.core.main.TestCaseMain$startTestSuite$0.call(Unknown Source)
	at TempTestSuite1686631872767.run(TempTestSuite1686631872767.groovy:36)
)
[[ATTACHMENT|C:\\Users\\Ahadian Rifky\\Downloads\\Katalon_Studio_Windows_64-8.5.5\\Katalon_Studio_Windows_64-8.5.5\\git.github.com\\maycheljecsan\\kfckuapps_katalon.git\\kfcku_android\\Reports\\20230613_115112\\Production\\KFCKU Apps\\20230613_115112\\1686632913868.png]]

2023-06-13 12:08:34 - [TEST_STEP][PASSED] - Start listener action : sampleAfterTestCase: null

2023-06-13 12:08:34 - [TEST_STEP][PASSED] - println(testCaseContext.getTestCaseId()): null

2023-06-13 12:08:34 - [TEST_STEP][PASSED] - println(testCaseContext.getTestCaseStatus()): null]]></system-out>
         <system-err><![CDATA[2023-06-13 12:08:03 - [TEST_CASE][FAILED] - Test Cases/Production/Profile/Personal Info/User Profile: Test Cases/Production/Profile/Personal Info/User Profile FAILED.
Reason:
com.kms.katalon.core.exception.StepFailedException: Element 'Object Repository/Productions/Personal Info/Profile/Username' not found
	at com.kms.katalon.core.keyword.internal.KeywordMain.stepFailed(KeywordMain.groovy:50)
	at com.kms.katalon.core.mobile.keyword.internal.MobileKeywordMain.stepFailed(MobileKeywordMain.groovy:40)
	at com.kms.katalon.core.mobile.keyword.builtin.VerifyElementVisibleKeyword$_verifyElementVisible_closure1.doCall(VerifyElementVisibleKeyword.groovy:82)
	at com.kms.katalon.core.mobile.keyword.builtin.VerifyElementVisibleKeyword$_verifyElementVisible_closure1.call(VerifyElementVisibleKeyword.groovy)
	at com.kms.katalon.core.mobile.keyword.internal.MobileKeywordMain.runKeyword(MobileKeywordMain.groovy:21)
	at com.kms.katalon.core.mobile.keyword.builtin.VerifyElementVisibleKeyword.verifyElementVisible(VerifyElementVisibleKeyword.groovy:85)
	at com.kms.katalon.core.mobile.keyword.builtin.VerifyElementVisibleKeyword.execute(VerifyElementVisibleKeyword.groovy:64)
	at com.kms.katalon.core.keyword.internal.KeywordExecutor.executeKeywordForPlatform(KeywordExecutor.groovy:74)
	at com.kms.katalon.core.mobile.keyword.MobileBuiltInKeywords.verifyElementVisible(MobileBuiltInKeywords.groovy:2031)
	at com.kms.katalon.core.mobile.keyword.MobileBuiltInKeywords$verifyElementVisible$7.call(Unknown Source)
	at User Profile.run(User Profile:28)
	at com.kms.katalon.core.main.ScriptEngine.run(ScriptEngine.java:194)
	at com.kms.katalon.core.main.ScriptEngine.runScriptAsRawText(ScriptEngine.java:119)
	at com.kms.katalon.core.main.TestCaseExecutor.runScript(TestCaseExecutor.java:448)
	at com.kms.katalon.core.main.TestCaseExecutor.doExecute(TestCaseExecutor.java:439)
	at com.kms.katalon.core.main.TestCaseExecutor.processExecutionPhase(TestCaseExecutor.java:418)
	at com.kms.katalon.core.main.TestCaseExecutor.accessMainPhase(TestCaseExecutor.java:410)
	at com.kms.katalon.core.main.TestCaseExecutor.execute(TestCaseExecutor.java:285)
	at com.kms.katalon.core.common.CommonExecutor.accessTestCaseMainPhase(CommonExecutor.java:65)
	at com.kms.katalon.core.main.TestSuiteExecutor.accessTestSuiteMainPhase(TestSuiteExecutor.java:151)
	at com.kms.katalon.core.main.TestSuiteExecutor.execute(TestSuiteExecutor.java:106)
	at com.kms.katalon.core.main.TestCaseMain.startTestSuite(TestCaseMain.java:185)
	at com.kms.katalon.core.main.TestCaseMain$startTestSuite$0.call(Unknown Source)
	at TempTestSuite1686631872767.run(TempTestSuite1686631872767.groovy:36)]]></system-err>
      </testcase>
      <testcase name="Test Cases/Production/Profile/Personal Info/Setting - Personal Info" time="58.474" classname="Test Cases/Production/Profile/Personal Info/Setting - Personal Info" status="FAILED">
         <failure type="FAILED" message="Test Cases/Production/Profile/Personal Info/Setting - Personal Info FAILED.
Reason:
com.kms.katalon.core.exception.StepFailedException: Object Object Repository/Productions/Personal Info/Edit-Profile/Edit Name not found
	at com.kms.katalon.core.keyword.internal.KeywordMain.stepFailed(KeywordMain.groovy:50)
	at com.kms.katalon.core.mobile.keyword.internal.MobileKeywordMain.stepFailed(MobileKeywordMain.groovy:40)
	at com.kms.katalon.core.mobile.keyword.builtin.SetTextKeyword$_setText_closure1.doCall(SetTextKeyword.groovy:76)
	at com.kms.katalon.core.mobile.keyword.builtin.SetTextKeyword$_setText_closure1.call(SetTextKeyword.groovy)
	at com.kms.katalon.core.mobile.keyword.internal.MobileKeywordMain.runKeyword(MobileKeywordMain.groovy:21)
	at com.kms.katalon.core.mobile.keyword.builtin.SetTextKeyword.setText(SetTextKeyword.groovy:83)
	at com.kms.katalon.core.mobile.keyword.builtin.SetTextKeyword.execute(SetTextKeyword.groovy:66)
	at com.kms.katalon.core.keyword.internal.KeywordExecutor.executeKeywordForPlatform(KeywordExecutor.groovy:74)
	at com.kms.katalon.core.mobile.keyword.MobileBuiltInKeywords.setText(MobileBuiltInKeywords.groovy:1307)
	at com.kms.katalon.core.mobile.keyword.MobileBuiltInKeywords$setText$4.call(Unknown Source)
	at Setting - Personal Info.run(Setting - Personal Info:28)
	at com.kms.katalon.core.main.ScriptEngine.run(ScriptEngine.java:194)
	at com.kms.katalon.core.main.ScriptEngine.runScriptAsRawText(ScriptEngine.java:119)
	at com.kms.katalon.core.main.TestCaseExecutor.runScript(TestCaseExecutor.java:448)
	at com.kms.katalon.core.main.TestCaseExecutor.doExecute(TestCaseExecutor.java:439)
	at com.kms.katalon.core.main.TestCaseExecutor.processExecutionPhase(TestCaseExecutor.java:418)
	at com.kms.katalon.core.main.TestCaseExecutor.accessMainPhase(TestCaseExecutor.java:410)
	at com.kms.katalon.core.main.TestCaseExecutor.execute(TestCaseExecutor.java:285)
	at com.kms.katalon.core.common.CommonExecutor.accessTestCaseMainPhase(CommonExecutor.java:65)
	at com.kms.katalon.core.main.TestSuiteExecutor.accessTestSuiteMainPhase(TestSuiteExecutor.java:151)
	at com.kms.katalon.core.main.TestSuiteExecutor.execute(TestSuiteExecutor.java:106)
	at com.kms.katalon.core.main.TestCaseMain.startTestSuite(TestCaseMain.java:185)
	at com.kms.katalon.core.main.TestCaseMain$startTestSuite$0.call(Unknown Source)
	at TempTestSuite1686631872767.run(TempTestSuite1686631872767.groovy:36)
"/>
         <system-out><![CDATA[2023-06-13 12:08:34 - [TEST_CASE][FAILED] - Test Cases/Production/Profile/Personal Info/Setting - Personal Info: Test Cases/Production/Profile/Personal Info/Setting - Personal Info FAILED.
Reason:
com.kms.katalon.core.exception.StepFailedException: Object Object Repository/Productions/Personal Info/Edit-Profile/Edit Name not found
	at com.kms.katalon.core.keyword.internal.KeywordMain.stepFailed(KeywordMain.groovy:50)
	at com.kms.katalon.core.mobile.keyword.internal.MobileKeywordMain.stepFailed(MobileKeywordMain.groovy:40)
	at com.kms.katalon.core.mobile.keyword.builtin.SetTextKeyword$_setText_closure1.doCall(SetTextKeyword.groovy:76)
	at com.kms.katalon.core.mobile.keyword.builtin.SetTextKeyword$_setText_closure1.call(SetTextKeyword.groovy)
	at com.kms.katalon.core.mobile.keyword.internal.MobileKeywordMain.runKeyword(MobileKeywordMain.groovy:21)
	at com.kms.katalon.core.mobile.keyword.builtin.SetTextKeyword.setText(SetTextKeyword.groovy:83)
	at com.kms.katalon.core.mobile.keyword.builtin.SetTextKeyword.execute(SetTextKeyword.groovy:66)
	at com.kms.katalon.core.keyword.internal.KeywordExecutor.executeKeywordForPlatform(KeywordExecutor.groovy:74)
	at com.kms.katalon.core.mobile.keyword.MobileBuiltInKeywords.setText(MobileBuiltInKeywords.groovy:1307)
	at com.kms.katalon.core.mobile.keyword.MobileBuiltInKeywords$setText$4.call(Unknown Source)
	at Setting - Personal Info.run(Setting - Personal Info:28)
	at com.kms.katalon.core.main.ScriptEngine.run(ScriptEngine.java:194)
	at com.kms.katalon.core.main.ScriptEngine.runScriptAsRawText(ScriptEngine.java:119)
	at com.kms.katalon.core.main.TestCaseExecutor.runScript(TestCaseExecutor.java:448)
	at com.kms.katalon.core.main.TestCaseExecutor.doExecute(TestCaseExecutor.java:439)
	at com.kms.katalon.core.main.TestCaseExecutor.processExecutionPhase(TestCaseExecutor.java:418)
	at com.kms.katalon.core.main.TestCaseExecutor.accessMainPhase(TestCaseExecutor.java:410)
	at com.kms.katalon.core.main.TestCaseExecutor.execute(TestCaseExecutor.java:285)
	at com.kms.katalon.core.common.CommonExecutor.accessTestCaseMainPhase(CommonExecutor.java:65)
	at com.kms.katalon.core.main.TestSuiteExecutor.accessTestSuiteMainPhase(TestSuiteExecutor.java:151)
	at com.kms.katalon.core.main.TestSuiteExecutor.execute(TestSuiteExecutor.java:106)
	at com.kms.katalon.core.main.TestCaseMain.startTestSuite(TestCaseMain.java:185)
	at com.kms.katalon.core.main.TestCaseMain$startTestSuite$0.call(Unknown Source)
	at TempTestSuite1686631872767.run(TempTestSuite1686631872767.groovy:36)


2023-06-13 12:08:35 - [TEST_STEP][PASSED] - startExistingApplication("com.kfc.mobile", STOP_ON_FAILURE): Starting app with application ID: 'com.kfc.mobile'

2023-06-13 12:08:35 - [MESSAGE][INFO] - User set preference: ['appPackage', 'com.kfc.mobile']

2023-06-13 12:08:35 - [MESSAGE][INFO] - User set preference: ['appActivity', 'com.kfc.mobile.presentation.splash.SplashActivity']

2023-06-13 12:08:35 - [MESSAGE][INFO] - User set preference: ['noReset', 'true']

2023-06-13 12:08:35 - [MESSAGE][INFO] - User set preference: ['deviceId', 'cefdc881']

2023-06-13 12:08:51 - [MESSAGE][PASSED] - Starting app with application ID: 'com.kfc.mobile'

2023-06-13 12:08:51 - [TEST_STEP][PASSED] - delay(5, STOP_ON_FAILURE): Delayed 5 second(s)

2023-06-13 12:08:56 - [MESSAGE][PASSED] - Delayed 5 second(s)

2023-06-13 12:08:56 - [TEST_STEP][PASSED] - tap(findTestObject("Productions/Menu/Profile"), 0): Tapped on element 'Object Repository/Productions/Menu/Profile'

2023-06-13 12:08:56 - [MESSAGE][WARNING] - Timeout '0' is invalid. Using default page load timeout: '30'

2023-06-13 12:08:58 - [MESSAGE][PASSED] - Tapped on element 'Object Repository/Productions/Menu/Profile'

2023-06-13 12:08:58 - [TEST_STEP][PASSED] - tap(findTestObject("Productions/Personal Info/Edit Profile"), 0): Tapped on element 'Object Repository/Productions/Personal Info/Edit Profile'

2023-06-13 12:08:58 - [MESSAGE][WARNING] - Timeout '0' is invalid. Using default page load timeout: '30'

2023-06-13 12:09:01 - [MESSAGE][PASSED] - Tapped on element 'Object Repository/Productions/Personal Info/Edit Profile'

2023-06-13 12:09:01 - [TEST_STEP][FAILED] - setText(findTestObject("Productions/Personal Info/Edit-Profile/Edit Name"), "mike", 0): Failed to set text into element (Root cause: com.kms.katalon.core.exception.StepFailedException: Object Object Repository/Productions/Personal Info/Edit-Profile/Edit Name not found
	at com.kms.katalon.core.keyword.internal.KeywordMain.stepFailed(KeywordMain.groovy:50)
	at com.kms.katalon.core.mobile.keyword.internal.MobileKeywordMain.stepFailed(MobileKeywordMain.groovy:40)
	at com.kms.katalon.core.mobile.keyword.builtin.SetTextKeyword$_setText_closure1.doCall(SetTextKeyword.groovy:76)
	at com.kms.katalon.core.mobile.keyword.builtin.SetTextKeyword$_setText_closure1.call(SetTextKeyword.groovy)
	at com.kms.katalon.core.mobile.keyword.internal.MobileKeywordMain.runKeyword(MobileKeywordMain.groovy:21)
	at com.kms.katalon.core.mobile.keyword.builtin.SetTextKeyword.setText(SetTextKeyword.groovy:83)
	at com.kms.katalon.core.mobile.keyword.builtin.SetTextKeyword.execute(SetTextKeyword.groovy:66)
	at com.kms.katalon.core.keyword.internal.KeywordExecutor.executeKeywordForPlatform(KeywordExecutor.groovy:74)
	at com.kms.katalon.core.mobile.keyword.MobileBuiltInKeywords.setText(MobileBuiltInKeywords.groovy:1307)
	at com.kms.katalon.core.mobile.keyword.MobileBuiltInKeywords$setText$4.call(Unknown Source)
	at Setting - Personal Info.run(Setting - Personal Info:28)
	at com.kms.katalon.core.main.ScriptEngine.run(ScriptEngine.java:194)
	at com.kms.katalon.core.main.ScriptEngine.runScriptAsRawText(ScriptEngine.java:119)
	at com.kms.katalon.core.main.TestCaseExecutor.runScript(TestCaseExecutor.java:448)
	at com.kms.katalon.core.main.TestCaseExecutor.doExecute(TestCaseExecutor.java:439)
	at com.kms.katalon.core.main.TestCaseExecutor.processExecutionPhase(TestCaseExecutor.java:418)
	at com.kms.katalon.core.main.TestCaseExecutor.accessMainPhase(TestCaseExecutor.java:410)
	at com.kms.katalon.core.main.TestCaseExecutor.execute(TestCaseExecutor.java:285)
	at com.kms.katalon.core.common.CommonExecutor.accessTestCaseMainPhase(CommonExecutor.java:65)
	at com.kms.katalon.core.main.TestSuiteExecutor.accessTestSuiteMainPhase(TestSuiteExecutor.java:151)
	at com.kms.katalon.core.main.TestSuiteExecutor.execute(TestSuiteExecutor.java:106)
	at com.kms.katalon.core.main.TestCaseMain.startTestSuite(TestCaseMain.java:185)
	at com.kms.katalon.core.main.TestCaseMain$startTestSuite$0.call(Unknown Source)
	at TempTestSuite1686631872767.run(TempTestSuite1686631872767.groovy:36)
)

2023-06-13 12:09:01 - [MESSAGE][WARNING] - Timeout '0' is invalid. Using default page load timeout: '30'

2023-06-13 12:09:32 - [MESSAGE][FAILED] - Object Object Repository/Productions/Personal Info/Edit-Profile/Edit Name not found

2023-06-13 12:09:33 - [MESSAGE][FAILED] - Failed to set text into element (Root cause: com.kms.katalon.core.exception.StepFailedException: Object Object Repository/Productions/Personal Info/Edit-Profile/Edit Name not found
	at com.kms.katalon.core.keyword.internal.KeywordMain.stepFailed(KeywordMain.groovy:50)
	at com.kms.katalon.core.mobile.keyword.internal.MobileKeywordMain.stepFailed(MobileKeywordMain.groovy:40)
	at com.kms.katalon.core.mobile.keyword.builtin.SetTextKeyword$_setText_closure1.doCall(SetTextKeyword.groovy:76)
	at com.kms.katalon.core.mobile.keyword.builtin.SetTextKeyword$_setText_closure1.call(SetTextKeyword.groovy)
	at com.kms.katalon.core.mobile.keyword.internal.MobileKeywordMain.runKeyword(MobileKeywordMain.groovy:21)
	at com.kms.katalon.core.mobile.keyword.builtin.SetTextKeyword.setText(SetTextKeyword.groovy:83)
	at com.kms.katalon.core.mobile.keyword.builtin.SetTextKeyword.execute(SetTextKeyword.groovy:66)
	at com.kms.katalon.core.keyword.internal.KeywordExecutor.executeKeywordForPlatform(KeywordExecutor.groovy:74)
	at com.kms.katalon.core.mobile.keyword.MobileBuiltInKeywords.setText(MobileBuiltInKeywords.groovy:1307)
	at com.kms.katalon.core.mobile.keyword.MobileBuiltInKeywords$setText$4.call(Unknown Source)
	at Setting - Personal Info.run(Setting - Personal Info:28)
	at com.kms.katalon.core.main.ScriptEngine.run(ScriptEngine.java:194)
	at com.kms.katalon.core.main.ScriptEngine.runScriptAsRawText(ScriptEngine.java:119)
	at com.kms.katalon.core.main.TestCaseExecutor.runScript(TestCaseExecutor.java:448)
	at com.kms.katalon.core.main.TestCaseExecutor.doExecute(TestCaseExecutor.java:439)
	at com.kms.katalon.core.main.TestCaseExecutor.processExecutionPhase(TestCaseExecutor.java:418)
	at com.kms.katalon.core.main.TestCaseExecutor.accessMainPhase(TestCaseExecutor.java:410)
	at com.kms.katalon.core.main.TestCaseExecutor.execute(TestCaseExecutor.java:285)
	at com.kms.katalon.core.common.CommonExecutor.accessTestCaseMainPhase(CommonExecutor.java:65)
	at com.kms.katalon.core.main.TestSuiteExecutor.accessTestSuiteMainPhase(TestSuiteExecutor.java:151)
	at com.kms.katalon.core.main.TestSuiteExecutor.execute(TestSuiteExecutor.java:106)
	at com.kms.katalon.core.main.TestCaseMain.startTestSuite(TestCaseMain.java:185)
	at com.kms.katalon.core.main.TestCaseMain$startTestSuite$0.call(Unknown Source)
	at TempTestSuite1686631872767.run(TempTestSuite1686631872767.groovy:36)
)
[[ATTACHMENT|C:\\Users\\Ahadian Rifky\\Downloads\\Katalon_Studio_Windows_64-8.5.5\\Katalon_Studio_Windows_64-8.5.5\\git.github.com\\maycheljecsan\\kfckuapps_katalon.git\\kfcku_android\\Reports\\20230613_115112\\Production\\KFCKU Apps\\20230613_115112\\1686632972383.png]]

2023-06-13 12:09:33 - [TEST_STEP][PASSED] - Start listener action : sampleAfterTestCase: null

2023-06-13 12:09:33 - [TEST_STEP][PASSED] - println(testCaseContext.getTestCaseId()): null

2023-06-13 12:09:33 - [TEST_STEP][PASSED] - println(testCaseContext.getTestCaseStatus()): null]]></system-out>
         <system-err><![CDATA[2023-06-13 12:08:34 - [TEST_CASE][FAILED] - Test Cases/Production/Profile/Personal Info/Setting - Personal Info: Test Cases/Production/Profile/Personal Info/Setting - Personal Info FAILED.
Reason:
com.kms.katalon.core.exception.StepFailedException: Object Object Repository/Productions/Personal Info/Edit-Profile/Edit Name not found
	at com.kms.katalon.core.keyword.internal.KeywordMain.stepFailed(KeywordMain.groovy:50)
	at com.kms.katalon.core.mobile.keyword.internal.MobileKeywordMain.stepFailed(MobileKeywordMain.groovy:40)
	at com.kms.katalon.core.mobile.keyword.builtin.SetTextKeyword$_setText_closure1.doCall(SetTextKeyword.groovy:76)
	at com.kms.katalon.core.mobile.keyword.builtin.SetTextKeyword$_setText_closure1.call(SetTextKeyword.groovy)
	at com.kms.katalon.core.mobile.keyword.internal.MobileKeywordMain.runKeyword(MobileKeywordMain.groovy:21)
	at com.kms.katalon.core.mobile.keyword.builtin.SetTextKeyword.setText(SetTextKeyword.groovy:83)
	at com.kms.katalon.core.mobile.keyword.builtin.SetTextKeyword.execute(SetTextKeyword.groovy:66)
	at com.kms.katalon.core.keyword.internal.KeywordExecutor.executeKeywordForPlatform(KeywordExecutor.groovy:74)
	at com.kms.katalon.core.mobile.keyword.MobileBuiltInKeywords.setText(MobileBuiltInKeywords.groovy:1307)
	at com.kms.katalon.core.mobile.keyword.MobileBuiltInKeywords$setText$4.call(Unknown Source)
	at Setting - Personal Info.run(Setting - Personal Info:28)
	at com.kms.katalon.core.main.ScriptEngine.run(ScriptEngine.java:194)
	at com.kms.katalon.core.main.ScriptEngine.runScriptAsRawText(ScriptEngine.java:119)
	at com.kms.katalon.core.main.TestCaseExecutor.runScript(TestCaseExecutor.java:448)
	at com.kms.katalon.core.main.TestCaseExecutor.doExecute(TestCaseExecutor.java:439)
	at com.kms.katalon.core.main.TestCaseExecutor.processExecutionPhase(TestCaseExecutor.java:418)
	at com.kms.katalon.core.main.TestCaseExecutor.accessMainPhase(TestCaseExecutor.java:410)
	at com.kms.katalon.core.main.TestCaseExecutor.execute(TestCaseExecutor.java:285)
	at com.kms.katalon.core.common.CommonExecutor.accessTestCaseMainPhase(CommonExecutor.java:65)
	at com.kms.katalon.core.main.TestSuiteExecutor.accessTestSuiteMainPhase(TestSuiteExecutor.java:151)
	at com.kms.katalon.core.main.TestSuiteExecutor.execute(TestSuiteExecutor.java:106)
	at com.kms.katalon.core.main.TestCaseMain.startTestSuite(TestCaseMain.java:185)
	at com.kms.katalon.core.main.TestCaseMain$startTestSuite$0.call(Unknown Source)
	at TempTestSuite1686631872767.run(TempTestSuite1686631872767.groovy:36)]]></system-err>
      </testcase>
      <testcase name="Test Cases/Production/Profile/General/Change Language" time="50.453" classname="Test Cases/Production/Profile/General/Change Language" status="PASSED">
         <system-out><![CDATA[2023-06-13 12:09:33 - [TEST_CASE][PASSED] - Test Cases/Production/Profile/General/Change Language: Test Cases/Production/Profile/General/Change Language

2023-06-13 12:09:33 - [TEST_STEP][PASSED] - startExistingApplication("com.kfc.mobile", STOP_ON_FAILURE): Starting app with application ID: 'com.kfc.mobile'

2023-06-13 12:09:33 - [MESSAGE][INFO] - User set preference: ['appPackage', 'com.kfc.mobile']

2023-06-13 12:09:33 - [MESSAGE][INFO] - User set preference: ['appActivity', 'com.kfc.mobile.presentation.splash.SplashActivity']

2023-06-13 12:09:33 - [MESSAGE][INFO] - User set preference: ['noReset', 'true']

2023-06-13 12:09:33 - [MESSAGE][INFO] - User set preference: ['deviceId', 'cefdc881']

2023-06-13 12:09:49 - [MESSAGE][PASSED] - Starting app with application ID: 'com.kfc.mobile'

2023-06-13 12:09:49 - [TEST_STEP][PASSED] - delay(5, STOP_ON_FAILURE): Delayed 5 second(s)

2023-06-13 12:09:54 - [MESSAGE][PASSED] - Delayed 5 second(s)

2023-06-13 12:09:54 - [TEST_STEP][PASSED] - tap(findTestObject("Productions/Menu/Profile"), 0): Tapped on element 'Object Repository/Productions/Menu/Profile'

2023-06-13 12:09:54 - [MESSAGE][WARNING] - Timeout '0' is invalid. Using default page load timeout: '30'

2023-06-13 12:10:01 - [MESSAGE][PASSED] - Tapped on element 'Object Repository/Productions/Menu/Profile'

2023-06-13 12:10:01 - [TEST_STEP][PASSED] - tap(findTestObject("Productions/General/Change Language/Menu - Language"), 3): Tapped on element 'Object Repository/Productions/General/Change Language/Menu - Language'

2023-06-13 12:10:03 - [MESSAGE][PASSED] - Tapped on element 'Object Repository/Productions/General/Change Language/Menu - Language'

2023-06-13 12:10:03 - [TEST_STEP][PASSED] - verifyElementVisible(findTestObject("Productions/General/Change Language/SELECT LANGUAGE"), 3): Element 'Object Repository/Productions/General/Change Language/SELECT LANGUAGE' is visible

2023-06-13 12:10:04 - [MESSAGE][PASSED] - Element 'Object Repository/Productions/General/Change Language/SELECT LANGUAGE' is visible

2023-06-13 12:10:04 - [TEST_STEP][PASSED] - verifyElementVisible(findTestObject("Productions/General/Change Language/Bahasa Indonesia"), 3): Element 'Object Repository/Productions/General/Change Language/Bahasa Indonesia' is visible

2023-06-13 12:10:05 - [MESSAGE][PASSED] - Element 'Object Repository/Productions/General/Change Language/Bahasa Indonesia' is visible

2023-06-13 12:10:05 - [TEST_STEP][PASSED] - verifyElementVisible(findTestObject("Productions/General/Change Language/English (United States)"), 3): Element 'Object Repository/Productions/General/Change Language/English (United States)' is visible

2023-06-13 12:10:06 - [MESSAGE][PASSED] - Element 'Object Repository/Productions/General/Change Language/English (United States)' is visible

2023-06-13 12:10:06 - [TEST_STEP][PASSED] - tap(findTestObject("Productions/General/Change Language/Bahasa Indonesia"), 3): Tapped on element 'Object Repository/Productions/General/Change Language/Bahasa Indonesia'

2023-06-13 12:10:06 - [MESSAGE][PASSED] - Tapped on element 'Object Repository/Productions/General/Change Language/Bahasa Indonesia'

2023-06-13 12:10:06 - [TEST_STEP][PASSED] - tap(findTestObject("Productions/General/Change Language/Save"), 3): Tapped on element 'Object Repository/Productions/General/Change Language/Save'

2023-06-13 12:10:07 - [MESSAGE][PASSED] - Tapped on element 'Object Repository/Productions/General/Change Language/Save'

2023-06-13 12:10:07 - [TEST_STEP][PASSED] - delay(5, STOP_ON_FAILURE): Delayed 5 second(s)

2023-06-13 12:10:12 - [MESSAGE][PASSED] - Delayed 5 second(s)

2023-06-13 12:10:12 - [TEST_STEP][PASSED] - verifyElementText(findTestObject("Productions/General/Change Language/Manu - Bahasa"), "Bahasa"): Actual text and expected text of test object 'Object Repository/Productions/General/Change Language/Manu - Bahasa' are matched.

2023-06-13 12:10:13 - [MESSAGE][PASSED] - Actual text and expected text of test object 'Object Repository/Productions/General/Change Language/Manu - Bahasa' are matched.

2023-06-13 12:10:13 - [TEST_STEP][PASSED] - tap(findTestObject("Productions/General/Change Language/Manu - Bahasa"), 3): Tapped on element 'Object Repository/Productions/General/Change Language/Manu - Bahasa'

2023-06-13 12:10:13 - [MESSAGE][PASSED] - Tapped on element 'Object Repository/Productions/General/Change Language/Manu - Bahasa'

2023-06-13 12:10:13 - [TEST_STEP][PASSED] - verifyElementVisible(findTestObject("Productions/General/Change Language/PILIH BAHASA"), 3): Element 'Object Repository/Productions/General/Change Language/PILIH BAHASA' is visible

2023-06-13 12:10:15 - [MESSAGE][PASSED] - Element 'Object Repository/Productions/General/Change Language/PILIH BAHASA' is visible

2023-06-13 12:10:15 - [TEST_STEP][PASSED] - verifyElementVisible(findTestObject("Productions/General/Change Language/Bahasa Indonesia"), 3): Element 'Object Repository/Productions/General/Change Language/Bahasa Indonesia' is visible

2023-06-13 12:10:15 - [MESSAGE][PASSED] - Element 'Object Repository/Productions/General/Change Language/Bahasa Indonesia' is visible

2023-06-13 12:10:15 - [TEST_STEP][PASSED] - verifyElementVisible(findTestObject("Productions/General/Change Language/English (United States)"), 3): Element 'Object Repository/Productions/General/Change Language/English (United States)' is visible

2023-06-13 12:10:16 - [MESSAGE][PASSED] - Element 'Object Repository/Productions/General/Change Language/English (United States)' is visible

2023-06-13 12:10:16 - [TEST_STEP][PASSED] - tap(findTestObject("Productions/General/Change Language/English (United States)"), 3): Tapped on element 'Object Repository/Productions/General/Change Language/English (United States)'

2023-06-13 12:10:17 - [MESSAGE][PASSED] - Tapped on element 'Object Repository/Productions/General/Change Language/English (United States)'

2023-06-13 12:10:17 - [TEST_STEP][PASSED] - tap(findTestObject("Productions/General/Change Language/Simpan"), 3): Tapped on element 'Object Repository/Productions/General/Change Language/Simpan'

2023-06-13 12:10:17 - [MESSAGE][PASSED] - Tapped on element 'Object Repository/Productions/General/Change Language/Simpan'

2023-06-13 12:10:17 - [TEST_STEP][PASSED] - delay(5, STOP_ON_FAILURE): Delayed 5 second(s)

2023-06-13 12:10:22 - [MESSAGE][PASSED] - Delayed 5 second(s)

2023-06-13 12:10:22 - [TEST_STEP][PASSED] - verifyElementText(findTestObject("Productions/General/Change Language/Menu - Language"), "Language"): Actual text and expected text of test object 'Object Repository/Productions/General/Change Language/Menu - Language' are matched.

2023-06-13 12:10:23 - [MESSAGE][PASSED] - Actual text and expected text of test object 'Object Repository/Productions/General/Change Language/Menu - Language' are matched.

2023-06-13 12:10:23 - [TEST_STEP][PASSED] - closeApplication(): Close app successfully

2023-06-13 12:10:23 - [MESSAGE][PASSED] - Close app successfully

2023-06-13 12:10:23 - [TEST_STEP][PASSED] - Start listener action : sampleAfterTestCase: null

2023-06-13 12:10:23 - [TEST_STEP][PASSED] - println(testCaseContext.getTestCaseId()): null

2023-06-13 12:10:23 - [TEST_STEP][PASSED] - println(testCaseContext.getTestCaseStatus()): null]]></system-out>
         <system-err><![CDATA[]]></system-err>
      </testcase>
      <testcase name="Test Cases/Production/Profile/General/Customer Service" time="37.844" classname="Test Cases/Production/Profile/General/Customer Service" status="PASSED">
         <system-out><![CDATA[2023-06-13 12:10:23 - [TEST_CASE][PASSED] - Test Cases/Production/Profile/General/Customer Service: Test Cases/Production/Profile/General/Customer Service

2023-06-13 12:10:24 - [TEST_STEP][PASSED] - startExistingApplication("com.kfc.mobile", STOP_ON_FAILURE): Starting app with application ID: 'com.kfc.mobile'

2023-06-13 12:10:24 - [MESSAGE][INFO] - User set preference: ['appPackage', 'com.kfc.mobile']

2023-06-13 12:10:24 - [MESSAGE][INFO] - User set preference: ['appActivity', 'com.kfc.mobile.presentation.splash.SplashActivity']

2023-06-13 12:10:24 - [MESSAGE][INFO] - User set preference: ['noReset', 'true']

2023-06-13 12:10:24 - [MESSAGE][INFO] - User set preference: ['deviceId', 'cefdc881']

2023-06-13 12:10:24 - [MESSAGE][INFO] - Detected NodeJS location: "C:\Program Files\nodejs\node.exe"

2023-06-13 12:10:26 - [MESSAGE][INFO] - Appium server started on port 57,729

2023-06-13 12:10:42 - [MESSAGE][PASSED] - Starting app with application ID: 'com.kfc.mobile'

2023-06-13 12:10:42 - [TEST_STEP][PASSED] - delay(5, STOP_ON_FAILURE): Delayed 5 second(s)

2023-06-13 12:10:47 - [MESSAGE][PASSED] - Delayed 5 second(s)

2023-06-13 12:10:47 - [TEST_STEP][PASSED] - tap(findTestObject("Productions/Menu/Profile"), 0): Tapped on element 'Object Repository/Productions/Menu/Profile'

2023-06-13 12:10:47 - [MESSAGE][WARNING] - Timeout '0' is invalid. Using default page load timeout: '30'

2023-06-13 12:10:50 - [MESSAGE][PASSED] - Tapped on element 'Object Repository/Productions/Menu/Profile'

2023-06-13 12:10:50 - [TEST_STEP][PASSED] - tap(findTestObject("Productions/General/Customer-Service/Menu-Customer Service"), 3): Tapped on element 'Object Repository/Productions/General/Customer-Service/Menu-Customer Service'

2023-06-13 12:10:51 - [MESSAGE][PASSED] - Tapped on element 'Object Repository/Productions/General/Customer-Service/Menu-Customer Service'

2023-06-13 12:10:51 - [TEST_STEP][PASSED] - verifyElementVisible(findTestObject("Productions/General/Customer-Service/CUSTOMER SERVICE"), 3): Element 'Object Repository/Productions/General/Customer-Service/CUSTOMER SERVICE' is visible

2023-06-13 12:10:53 - [MESSAGE][PASSED] - Element 'Object Repository/Productions/General/Customer-Service/CUSTOMER SERVICE' is visible

2023-06-13 12:10:53 - [TEST_STEP][PASSED] - verifyElementVisible(findTestObject("Productions/General/Customer-Service/Call"), 3): Element 'Object Repository/Productions/General/Customer-Service/Call' is visible

2023-06-13 12:10:54 - [MESSAGE][PASSED] - Element 'Object Repository/Productions/General/Customer-Service/Call' is visible

2023-06-13 12:10:54 - [TEST_STEP][PASSED] - verifyElementVisible(findTestObject("Productions/General/Customer-Service/Whatsapp"), 3): Element 'Object Repository/Productions/General/Customer-Service/Whatsapp' is visible

2023-06-13 12:10:54 - [MESSAGE][PASSED] - Element 'Object Repository/Productions/General/Customer-Service/Whatsapp' is visible

2023-06-13 12:10:54 - [TEST_STEP][PASSED] - verifyElementVisible(findTestObject("Productions/General/Customer-Service/Email"), 3): Element 'Object Repository/Productions/General/Customer-Service/Email' is visible

2023-06-13 12:10:55 - [MESSAGE][PASSED] - Element 'Object Repository/Productions/General/Customer-Service/Email' is visible

2023-06-13 12:10:55 - [TEST_STEP][PASSED] - verifyElementVisible(findTestObject("Productions/General/Customer-Service/Image CS KFC"), 3): Element 'Object Repository/Productions/General/Customer-Service/Image CS KFC' is visible

2023-06-13 12:10:55 - [MESSAGE][PASSED] - Element 'Object Repository/Productions/General/Customer-Service/Image CS KFC' is visible

2023-06-13 12:10:55 - [TEST_STEP][PASSED] - tap(findTestObject("Productions/General/Customer-Service/Close Button"), 3): Tapped on element 'Object Repository/Productions/General/Customer-Service/Close Button'

2023-06-13 12:10:56 - [MESSAGE][PASSED] - Tapped on element 'Object Repository/Productions/General/Customer-Service/Close Button'

2023-06-13 12:10:56 - [TEST_STEP][PASSED] - delay(5, STOP_ON_FAILURE): Delayed 5 second(s)

2023-06-13 12:11:01 - [MESSAGE][PASSED] - Delayed 5 second(s)

2023-06-13 12:11:01 - [TEST_STEP][PASSED] - closeApplication(): Close app successfully

2023-06-13 12:11:01 - [MESSAGE][PASSED] - Close app successfully

2023-06-13 12:11:01 - [TEST_STEP][PASSED] - Start listener action : sampleAfterTestCase: null

2023-06-13 12:11:01 - [TEST_STEP][PASSED] - println(testCaseContext.getTestCaseId()): null

2023-06-13 12:11:01 - [TEST_STEP][PASSED] - println(testCaseContext.getTestCaseStatus()): null]]></system-out>
         <system-err><![CDATA[]]></system-err>
      </testcase>
      <testcase name="Test Cases/Production/Profile/General/Privacy Policy" time="37.678" classname="Test Cases/Production/Profile/General/Privacy Policy" status="PASSED">
         <system-out><![CDATA[2023-06-13 12:11:01 - [TEST_CASE][PASSED] - Test Cases/Production/Profile/General/Privacy Policy: Test Cases/Production/Profile/General/Privacy Policy

2023-06-13 12:11:02 - [TEST_STEP][PASSED] - startExistingApplication("com.kfc.mobile", STOP_ON_FAILURE): Starting app with application ID: 'com.kfc.mobile'

2023-06-13 12:11:02 - [MESSAGE][INFO] - User set preference: ['appPackage', 'com.kfc.mobile']

2023-06-13 12:11:02 - [MESSAGE][INFO] - User set preference: ['appActivity', 'com.kfc.mobile.presentation.splash.SplashActivity']

2023-06-13 12:11:02 - [MESSAGE][INFO] - User set preference: ['noReset', 'true']

2023-06-13 12:11:02 - [MESSAGE][INFO] - User set preference: ['deviceId', 'cefdc881']

2023-06-13 12:11:02 - [MESSAGE][INFO] - Detected NodeJS location: "C:\Program Files\nodejs\node.exe"

2023-06-13 12:11:03 - [MESSAGE][INFO] - Appium server started on port 57,937

2023-06-13 12:11:19 - [MESSAGE][PASSED] - Starting app with application ID: 'com.kfc.mobile'

2023-06-13 12:11:19 - [TEST_STEP][PASSED] - delay(5, STOP_ON_FAILURE): Delayed 5 second(s)

2023-06-13 12:11:24 - [MESSAGE][PASSED] - Delayed 5 second(s)

2023-06-13 12:11:24 - [TEST_STEP][PASSED] - tap(findTestObject("Productions/Menu/Profile"), 0): Tapped on element 'Object Repository/Productions/Menu/Profile'

2023-06-13 12:11:24 - [MESSAGE][WARNING] - Timeout '0' is invalid. Using default page load timeout: '30'

2023-06-13 12:11:28 - [MESSAGE][PASSED] - Tapped on element 'Object Repository/Productions/Menu/Profile'

2023-06-13 12:11:28 - [TEST_STEP][PASSED] - tap(findTestObject("Productions/General/Privacy-Policy/Menu - Privacy Policy"), 3): Tapped on element 'Object Repository/Productions/General/Privacy-Policy/Menu - Privacy Policy'

2023-06-13 12:11:30 - [MESSAGE][PASSED] - Tapped on element 'Object Repository/Productions/General/Privacy-Policy/Menu - Privacy Policy'

2023-06-13 12:11:30 - [TEST_STEP][PASSED] - verifyElementVisible(findTestObject("Productions/General/Privacy-Policy/Title - PRIVACY POLICY"), 3): Element 'Object Repository/Productions/General/Privacy-Policy/Title - PRIVACY POLICY' is visible

2023-06-13 12:11:32 - [MESSAGE][PASSED] - Element 'Object Repository/Productions/General/Privacy-Policy/Title - PRIVACY POLICY' is visible

2023-06-13 12:11:32 - [TEST_STEP][PASSED] - verifyElementVisible(findTestObject("Productions/General/Privacy-Policy/Privacy Policy"), 3): Element 'Object Repository/Productions/General/Privacy-Policy/Privacy Policy' is visible

2023-06-13 12:11:33 - [MESSAGE][PASSED] - Element 'Object Repository/Productions/General/Privacy-Policy/Privacy Policy' is visible

2023-06-13 12:11:33 - [TEST_STEP][PASSED] - tap(findTestObject("Productions/General/Privacy-Policy/Close"), 3): Tapped on element 'Object Repository/Productions/General/Privacy-Policy/Close'

2023-06-13 12:11:34 - [MESSAGE][PASSED] - Tapped on element 'Object Repository/Productions/General/Privacy-Policy/Close'

2023-06-13 12:11:34 - [TEST_STEP][PASSED] - delay(5, STOP_ON_FAILURE): Delayed 5 second(s)

2023-06-13 12:11:39 - [MESSAGE][PASSED] - Delayed 5 second(s)

2023-06-13 12:11:39 - [TEST_STEP][PASSED] - closeApplication(): Close app successfully

2023-06-13 12:11:39 - [MESSAGE][PASSED] - Close app successfully

2023-06-13 12:11:39 - [TEST_STEP][PASSED] - Start listener action : sampleAfterTestCase: null

2023-06-13 12:11:39 - [TEST_STEP][PASSED] - println(testCaseContext.getTestCaseId()): null

2023-06-13 12:11:39 - [TEST_STEP][PASSED] - println(testCaseContext.getTestCaseStatus()): null]]></system-out>
         <system-err><![CDATA[]]></system-err>
      </testcase>
      <testcase name="Test Cases/Production/Profile/General/Term and Condition" time="37.375" classname="Test Cases/Production/Profile/General/Term and Condition" status="PASSED">
         <system-out><![CDATA[2023-06-13 12:11:39 - [TEST_CASE][PASSED] - Test Cases/Production/Profile/General/Term and Condition: Test Cases/Production/Profile/General/Term and Condition

2023-06-13 12:11:39 - [TEST_STEP][PASSED] - startExistingApplication("com.kfc.mobile", STOP_ON_FAILURE): Starting app with application ID: 'com.kfc.mobile'

2023-06-13 12:11:39 - [MESSAGE][INFO] - User set preference: ['appPackage', 'com.kfc.mobile']

2023-06-13 12:11:39 - [MESSAGE][INFO] - User set preference: ['appActivity', 'com.kfc.mobile.presentation.splash.SplashActivity']

2023-06-13 12:11:39 - [MESSAGE][INFO] - User set preference: ['noReset', 'true']

2023-06-13 12:11:39 - [MESSAGE][INFO] - User set preference: ['deviceId', 'cefdc881']

2023-06-13 12:11:39 - [MESSAGE][INFO] - Detected NodeJS location: "C:\Program Files\nodejs\node.exe"

2023-06-13 12:11:41 - [MESSAGE][INFO] - Appium server started on port 58,135

2023-06-13 12:11:57 - [MESSAGE][PASSED] - Starting app with application ID: 'com.kfc.mobile'

2023-06-13 12:11:57 - [TEST_STEP][PASSED] - delay(5, STOP_ON_FAILURE): Delayed 5 second(s)

2023-06-13 12:12:02 - [MESSAGE][PASSED] - Delayed 5 second(s)

2023-06-13 12:12:02 - [TEST_STEP][PASSED] - tap(findTestObject("Productions/Menu/Profile"), 0): Tapped on element 'Object Repository/Productions/Menu/Profile'

2023-06-13 12:12:02 - [MESSAGE][WARNING] - Timeout '0' is invalid. Using default page load timeout: '30'

2023-06-13 12:12:05 - [MESSAGE][PASSED] - Tapped on element 'Object Repository/Productions/Menu/Profile'

2023-06-13 12:12:05 - [TEST_STEP][PASSED] - tap(findTestObject("Productions/General/Term and Condition/Menu - TnC"), 3): Tapped on element 'Object Repository/Productions/General/Term and Condition/Menu - TnC'

2023-06-13 12:12:06 - [MESSAGE][PASSED] - Tapped on element 'Object Repository/Productions/General/Term and Condition/Menu - TnC'

2023-06-13 12:12:06 - [TEST_STEP][PASSED] - verifyElementVisible(findTestObject("Productions/General/Term and Condition/Title - TERMS AND CONDITIONS"), 3): Element 'Object Repository/Productions/General/Term and Condition/Title - TERMS AND CONDITIONS' is visible

2023-06-13 12:12:09 - [MESSAGE][PASSED] - Element 'Object Repository/Productions/General/Term and Condition/Title - TERMS AND CONDITIONS' is visible

2023-06-13 12:12:09 - [TEST_STEP][PASSED] - verifyElementVisible(findTestObject("Productions/General/Term and Condition/Term Of Use"), 3): Element 'Object Repository/Productions/General/Term and Condition/Term Of Use' is visible

2023-06-13 12:12:10 - [MESSAGE][PASSED] - Element 'Object Repository/Productions/General/Term and Condition/Term Of Use' is visible

2023-06-13 12:12:10 - [TEST_STEP][PASSED] - tap(findTestObject("Productions/General/Term and Condition/Close"), 3): Tapped on element 'Object Repository/Productions/General/Term and Condition/Close'

2023-06-13 12:12:11 - [MESSAGE][PASSED] - Tapped on element 'Object Repository/Productions/General/Term and Condition/Close'

2023-06-13 12:12:11 - [TEST_STEP][PASSED] - delay(5, STOP_ON_FAILURE): Delayed 5 second(s)

2023-06-13 12:12:16 - [MESSAGE][PASSED] - Delayed 5 second(s)

2023-06-13 12:12:16 - [TEST_STEP][PASSED] - closeApplication(): Close app successfully

2023-06-13 12:12:16 - [MESSAGE][PASSED] - Close app successfully

2023-06-13 12:12:16 - [TEST_STEP][PASSED] - Start listener action : sampleAfterTestCase: null

2023-06-13 12:12:16 - [TEST_STEP][PASSED] - println(testCaseContext.getTestCaseId()): null

2023-06-13 12:12:16 - [TEST_STEP][PASSED] - println(testCaseContext.getTestCaseStatus()): null]]></system-out>
         <system-err><![CDATA[]]></system-err>
      </testcase>
      <testcase name="Test Cases/Production/Profile/Device/Linked Account" time="31.572" classname="Test Cases/Production/Profile/Device/Linked Account" status="FAILED">
         <failure type="FAILED" message="Test Cases/Production/Profile/Device/Linked Account FAILED.
Reason:
com.kms.katalon.core.exception.StepFailedException: Element 'Object Repository/Productions/General/Linked Account/Payment Account' not found
	at com.kms.katalon.core.keyword.internal.KeywordMain.stepFailed(KeywordMain.groovy:50)
	at com.kms.katalon.core.mobile.keyword.internal.MobileKeywordMain.stepFailed(MobileKeywordMain.groovy:40)
	at com.kms.katalon.core.mobile.keyword.builtin.VerifyElementVisibleKeyword$_verifyElementVisible_closure1.doCall(VerifyElementVisibleKeyword.groovy:82)
	at com.kms.katalon.core.mobile.keyword.builtin.VerifyElementVisibleKeyword$_verifyElementVisible_closure1.call(VerifyElementVisibleKeyword.groovy)
	at com.kms.katalon.core.mobile.keyword.internal.MobileKeywordMain.runKeyword(MobileKeywordMain.groovy:21)
	at com.kms.katalon.core.mobile.keyword.builtin.VerifyElementVisibleKeyword.verifyElementVisible(VerifyElementVisibleKeyword.groovy:85)
	at com.kms.katalon.core.mobile.keyword.builtin.VerifyElementVisibleKeyword.execute(VerifyElementVisibleKeyword.groovy:64)
	at com.kms.katalon.core.keyword.internal.KeywordExecutor.executeKeywordForPlatform(KeywordExecutor.groovy:74)
	at com.kms.katalon.core.mobile.keyword.MobileBuiltInKeywords.verifyElementVisible(MobileBuiltInKeywords.groovy:2031)
	at com.kms.katalon.core.mobile.keyword.MobileBuiltInKeywords$verifyElementVisible$7.call(Unknown Source)
	at Linked Account.run(Linked Account:28)
	at com.kms.katalon.core.main.ScriptEngine.run(ScriptEngine.java:194)
	at com.kms.katalon.core.main.ScriptEngine.runScriptAsRawText(ScriptEngine.java:119)
	at com.kms.katalon.core.main.TestCaseExecutor.runScript(TestCaseExecutor.java:448)
	at com.kms.katalon.core.main.TestCaseExecutor.doExecute(TestCaseExecutor.java:439)
	at com.kms.katalon.core.main.TestCaseExecutor.processExecutionPhase(TestCaseExecutor.java:418)
	at com.kms.katalon.core.main.TestCaseExecutor.accessMainPhase(TestCaseExecutor.java:410)
	at com.kms.katalon.core.main.TestCaseExecutor.execute(TestCaseExecutor.java:285)
	at com.kms.katalon.core.common.CommonExecutor.accessTestCaseMainPhase(CommonExecutor.java:65)
	at com.kms.katalon.core.main.TestSuiteExecutor.accessTestSuiteMainPhase(TestSuiteExecutor.java:151)
	at com.kms.katalon.core.main.TestSuiteExecutor.execute(TestSuiteExecutor.java:106)
	at com.kms.katalon.core.main.TestCaseMain.startTestSuite(TestCaseMain.java:185)
	at com.kms.katalon.core.main.TestCaseMain$startTestSuite$0.call(Unknown Source)
	at TempTestSuite1686631872767.run(TempTestSuite1686631872767.groovy:36)
"/>
         <system-out><![CDATA[2023-06-13 12:12:16 - [TEST_CASE][FAILED] - Test Cases/Production/Profile/Device/Linked Account: Test Cases/Production/Profile/Device/Linked Account FAILED.
Reason:
com.kms.katalon.core.exception.StepFailedException: Element 'Object Repository/Productions/General/Linked Account/Payment Account' not found
	at com.kms.katalon.core.keyword.internal.KeywordMain.stepFailed(KeywordMain.groovy:50)
	at com.kms.katalon.core.mobile.keyword.internal.MobileKeywordMain.stepFailed(MobileKeywordMain.groovy:40)
	at com.kms.katalon.core.mobile.keyword.builtin.VerifyElementVisibleKeyword$_verifyElementVisible_closure1.doCall(VerifyElementVisibleKeyword.groovy:82)
	at com.kms.katalon.core.mobile.keyword.builtin.VerifyElementVisibleKeyword$_verifyElementVisible_closure1.call(VerifyElementVisibleKeyword.groovy)
	at com.kms.katalon.core.mobile.keyword.internal.MobileKeywordMain.runKeyword(MobileKeywordMain.groovy:21)
	at com.kms.katalon.core.mobile.keyword.builtin.VerifyElementVisibleKeyword.verifyElementVisible(VerifyElementVisibleKeyword.groovy:85)
	at com.kms.katalon.core.mobile.keyword.builtin.VerifyElementVisibleKeyword.execute(VerifyElementVisibleKeyword.groovy:64)
	at com.kms.katalon.core.keyword.internal.KeywordExecutor.executeKeywordForPlatform(KeywordExecutor.groovy:74)
	at com.kms.katalon.core.mobile.keyword.MobileBuiltInKeywords.verifyElementVisible(MobileBuiltInKeywords.groovy:2031)
	at com.kms.katalon.core.mobile.keyword.MobileBuiltInKeywords$verifyElementVisible$7.call(Unknown Source)
	at Linked Account.run(Linked Account:28)
	at com.kms.katalon.core.main.ScriptEngine.run(ScriptEngine.java:194)
	at com.kms.katalon.core.main.ScriptEngine.runScriptAsRawText(ScriptEngine.java:119)
	at com.kms.katalon.core.main.TestCaseExecutor.runScript(TestCaseExecutor.java:448)
	at com.kms.katalon.core.main.TestCaseExecutor.doExecute(TestCaseExecutor.java:439)
	at com.kms.katalon.core.main.TestCaseExecutor.processExecutionPhase(TestCaseExecutor.java:418)
	at com.kms.katalon.core.main.TestCaseExecutor.accessMainPhase(TestCaseExecutor.java:410)
	at com.kms.katalon.core.main.TestCaseExecutor.execute(TestCaseExecutor.java:285)
	at com.kms.katalon.core.common.CommonExecutor.accessTestCaseMainPhase(CommonExecutor.java:65)
	at com.kms.katalon.core.main.TestSuiteExecutor.accessTestSuiteMainPhase(TestSuiteExecutor.java:151)
	at com.kms.katalon.core.main.TestSuiteExecutor.execute(TestSuiteExecutor.java:106)
	at com.kms.katalon.core.main.TestCaseMain.startTestSuite(TestCaseMain.java:185)
	at com.kms.katalon.core.main.TestCaseMain$startTestSuite$0.call(Unknown Source)
	at TempTestSuite1686631872767.run(TempTestSuite1686631872767.groovy:36)


2023-06-13 12:12:17 - [TEST_STEP][PASSED] - startExistingApplication("com.kfc.mobile", STOP_ON_FAILURE): Starting app with application ID: 'com.kfc.mobile'

2023-06-13 12:12:17 - [MESSAGE][INFO] - User set preference: ['appPackage', 'com.kfc.mobile']

2023-06-13 12:12:17 - [MESSAGE][INFO] - User set preference: ['appActivity', 'com.kfc.mobile.presentation.splash.SplashActivity']

2023-06-13 12:12:17 - [MESSAGE][INFO] - User set preference: ['noReset', 'true']

2023-06-13 12:12:17 - [MESSAGE][INFO] - User set preference: ['deviceId', 'cefdc881']

2023-06-13 12:12:17 - [MESSAGE][INFO] - Detected NodeJS location: "C:\Program Files\nodejs\node.exe"

2023-06-13 12:12:18 - [MESSAGE][INFO] - Appium server started on port 58,323

2023-06-13 12:12:34 - [MESSAGE][PASSED] - Starting app with application ID: 'com.kfc.mobile'

2023-06-13 12:12:34 - [TEST_STEP][PASSED] - delay(5, STOP_ON_FAILURE): Delayed 5 second(s)

2023-06-13 12:12:39 - [MESSAGE][PASSED] - Delayed 5 second(s)

2023-06-13 12:12:39 - [TEST_STEP][PASSED] - tap(findTestObject("Productions/Menu/Profile"), 0): Tapped on element 'Object Repository/Productions/Menu/Profile'

2023-06-13 12:12:39 - [MESSAGE][WARNING] - Timeout '0' is invalid. Using default page load timeout: '30'

2023-06-13 12:12:42 - [MESSAGE][PASSED] - Tapped on element 'Object Repository/Productions/Menu/Profile'

2023-06-13 12:12:42 - [TEST_STEP][PASSED] - tap(findTestObject("Productions/General/Linked Account/Menu - Linked Account"), 3): Tapped on element 'Object Repository/Productions/General/Linked Account/Menu - Linked Account'

2023-06-13 12:12:44 - [MESSAGE][PASSED] - Tapped on element 'Object Repository/Productions/General/Linked Account/Menu - Linked Account'

2023-06-13 12:12:44 - [TEST_STEP][FAILED] - verifyElementVisible(findTestObject("Productions/General/Linked Account/Payment Account"), 3): Failed to check for element 'Object Repository/Productions/General/Linked Account/Payment Account' visible (Root cause: com.kms.katalon.core.exception.StepFailedException: Element 'Object Repository/Productions/General/Linked Account/Payment Account' not found
	at com.kms.katalon.core.keyword.internal.KeywordMain.stepFailed(KeywordMain.groovy:50)
	at com.kms.katalon.core.mobile.keyword.internal.MobileKeywordMain.stepFailed(MobileKeywordMain.groovy:40)
	at com.kms.katalon.core.mobile.keyword.builtin.VerifyElementVisibleKeyword$_verifyElementVisible_closure1.doCall(VerifyElementVisibleKeyword.groovy:82)
	at com.kms.katalon.core.mobile.keyword.builtin.VerifyElementVisibleKeyword$_verifyElementVisible_closure1.call(VerifyElementVisibleKeyword.groovy)
	at com.kms.katalon.core.mobile.keyword.internal.MobileKeywordMain.runKeyword(MobileKeywordMain.groovy:21)
	at com.kms.katalon.core.mobile.keyword.builtin.VerifyElementVisibleKeyword.verifyElementVisible(VerifyElementVisibleKeyword.groovy:85)
	at com.kms.katalon.core.mobile.keyword.builtin.VerifyElementVisibleKeyword.execute(VerifyElementVisibleKeyword.groovy:64)
	at com.kms.katalon.core.keyword.internal.KeywordExecutor.executeKeywordForPlatform(KeywordExecutor.groovy:74)
	at com.kms.katalon.core.mobile.keyword.MobileBuiltInKeywords.verifyElementVisible(MobileBuiltInKeywords.groovy:2031)
	at com.kms.katalon.core.mobile.keyword.MobileBuiltInKeywords$verifyElementVisible$7.call(Unknown Source)
	at Linked Account.run(Linked Account:28)
	at com.kms.katalon.core.main.ScriptEngine.run(ScriptEngine.java:194)
	at com.kms.katalon.core.main.ScriptEngine.runScriptAsRawText(ScriptEngine.java:119)
	at com.kms.katalon.core.main.TestCaseExecutor.runScript(TestCaseExecutor.java:448)
	at com.kms.katalon.core.main.TestCaseExecutor.doExecute(TestCaseExecutor.java:439)
	at com.kms.katalon.core.main.TestCaseExecutor.processExecutionPhase(TestCaseExecutor.java:418)
	at com.kms.katalon.core.main.TestCaseExecutor.accessMainPhase(TestCaseExecutor.java:410)
	at com.kms.katalon.core.main.TestCaseExecutor.execute(TestCaseExecutor.java:285)
	at com.kms.katalon.core.common.CommonExecutor.accessTestCaseMainPhase(CommonExecutor.java:65)
	at com.kms.katalon.core.main.TestSuiteExecutor.accessTestSuiteMainPhase(TestSuiteExecutor.java:151)
	at com.kms.katalon.core.main.TestSuiteExecutor.execute(TestSuiteExecutor.java:106)
	at com.kms.katalon.core.main.TestCaseMain.startTestSuite(TestCaseMain.java:185)
	at com.kms.katalon.core.main.TestCaseMain$startTestSuite$0.call(Unknown Source)
	at TempTestSuite1686631872767.run(TempTestSuite1686631872767.groovy:36)
)

2023-06-13 12:12:47 - [MESSAGE][FAILED] - Element 'Object Repository/Productions/General/Linked Account/Payment Account' not found

2023-06-13 12:12:48 - [MESSAGE][FAILED] - Failed to check for element 'Object Repository/Productions/General/Linked Account/Payment Account' visible (Root cause: com.kms.katalon.core.exception.StepFailedException: Element 'Object Repository/Productions/General/Linked Account/Payment Account' not found
	at com.kms.katalon.core.keyword.internal.KeywordMain.stepFailed(KeywordMain.groovy:50)
	at com.kms.katalon.core.mobile.keyword.internal.MobileKeywordMain.stepFailed(MobileKeywordMain.groovy:40)
	at com.kms.katalon.core.mobile.keyword.builtin.VerifyElementVisibleKeyword$_verifyElementVisible_closure1.doCall(VerifyElementVisibleKeyword.groovy:82)
	at com.kms.katalon.core.mobile.keyword.builtin.VerifyElementVisibleKeyword$_verifyElementVisible_closure1.call(VerifyElementVisibleKeyword.groovy)
	at com.kms.katalon.core.mobile.keyword.internal.MobileKeywordMain.runKeyword(MobileKeywordMain.groovy:21)
	at com.kms.katalon.core.mobile.keyword.builtin.VerifyElementVisibleKeyword.verifyElementVisible(VerifyElementVisibleKeyword.groovy:85)
	at com.kms.katalon.core.mobile.keyword.builtin.VerifyElementVisibleKeyword.execute(VerifyElementVisibleKeyword.groovy:64)
	at com.kms.katalon.core.keyword.internal.KeywordExecutor.executeKeywordForPlatform(KeywordExecutor.groovy:74)
	at com.kms.katalon.core.mobile.keyword.MobileBuiltInKeywords.verifyElementVisible(MobileBuiltInKeywords.groovy:2031)
	at com.kms.katalon.core.mobile.keyword.MobileBuiltInKeywords$verifyElementVisible$7.call(Unknown Source)
	at Linked Account.run(Linked Account:28)
	at com.kms.katalon.core.main.ScriptEngine.run(ScriptEngine.java:194)
	at com.kms.katalon.core.main.ScriptEngine.runScriptAsRawText(ScriptEngine.java:119)
	at com.kms.katalon.core.main.TestCaseExecutor.runScript(TestCaseExecutor.java:448)
	at com.kms.katalon.core.main.TestCaseExecutor.doExecute(TestCaseExecutor.java:439)
	at com.kms.katalon.core.main.TestCaseExecutor.processExecutionPhase(TestCaseExecutor.java:418)
	at com.kms.katalon.core.main.TestCaseExecutor.accessMainPhase(TestCaseExecutor.java:410)
	at com.kms.katalon.core.main.TestCaseExecutor.execute(TestCaseExecutor.java:285)
	at com.kms.katalon.core.common.CommonExecutor.accessTestCaseMainPhase(CommonExecutor.java:65)
	at com.kms.katalon.core.main.TestSuiteExecutor.accessTestSuiteMainPhase(TestSuiteExecutor.java:151)
	at com.kms.katalon.core.main.TestSuiteExecutor.execute(TestSuiteExecutor.java:106)
	at com.kms.katalon.core.main.TestCaseMain.startTestSuite(TestCaseMain.java:185)
	at com.kms.katalon.core.main.TestCaseMain$startTestSuite$0.call(Unknown Source)
	at TempTestSuite1686631872767.run(TempTestSuite1686631872767.groovy:36)
)
[[ATTACHMENT|C:\\Users\\Ahadian Rifky\\Downloads\\Katalon_Studio_Windows_64-8.5.5\\Katalon_Studio_Windows_64-8.5.5\\git.github.com\\maycheljecsan\\kfckuapps_katalon.git\\kfcku_android\\Reports\\20230613_115112\\Production\\KFCKU Apps\\20230613_115112\\1686633167435.png]]

2023-06-13 12:12:48 - [TEST_STEP][PASSED] - Start listener action : sampleAfterTestCase: null

2023-06-13 12:12:48 - [TEST_STEP][PASSED] - println(testCaseContext.getTestCaseId()): null

2023-06-13 12:12:48 - [TEST_STEP][PASSED] - println(testCaseContext.getTestCaseStatus()): null]]></system-out>
         <system-err><![CDATA[2023-06-13 12:12:16 - [TEST_CASE][FAILED] - Test Cases/Production/Profile/Device/Linked Account: Test Cases/Production/Profile/Device/Linked Account FAILED.
Reason:
com.kms.katalon.core.exception.StepFailedException: Element 'Object Repository/Productions/General/Linked Account/Payment Account' not found
	at com.kms.katalon.core.keyword.internal.KeywordMain.stepFailed(KeywordMain.groovy:50)
	at com.kms.katalon.core.mobile.keyword.internal.MobileKeywordMain.stepFailed(MobileKeywordMain.groovy:40)
	at com.kms.katalon.core.mobile.keyword.builtin.VerifyElementVisibleKeyword$_verifyElementVisible_closure1.doCall(VerifyElementVisibleKeyword.groovy:82)
	at com.kms.katalon.core.mobile.keyword.builtin.VerifyElementVisibleKeyword$_verifyElementVisible_closure1.call(VerifyElementVisibleKeyword.groovy)
	at com.kms.katalon.core.mobile.keyword.internal.MobileKeywordMain.runKeyword(MobileKeywordMain.groovy:21)
	at com.kms.katalon.core.mobile.keyword.builtin.VerifyElementVisibleKeyword.verifyElementVisible(VerifyElementVisibleKeyword.groovy:85)
	at com.kms.katalon.core.mobile.keyword.builtin.VerifyElementVisibleKeyword.execute(VerifyElementVisibleKeyword.groovy:64)
	at com.kms.katalon.core.keyword.internal.KeywordExecutor.executeKeywordForPlatform(KeywordExecutor.groovy:74)
	at com.kms.katalon.core.mobile.keyword.MobileBuiltInKeywords.verifyElementVisible(MobileBuiltInKeywords.groovy:2031)
	at com.kms.katalon.core.mobile.keyword.MobileBuiltInKeywords$verifyElementVisible$7.call(Unknown Source)
	at Linked Account.run(Linked Account:28)
	at com.kms.katalon.core.main.ScriptEngine.run(ScriptEngine.java:194)
	at com.kms.katalon.core.main.ScriptEngine.runScriptAsRawText(ScriptEngine.java:119)
	at com.kms.katalon.core.main.TestCaseExecutor.runScript(TestCaseExecutor.java:448)
	at com.kms.katalon.core.main.TestCaseExecutor.doExecute(TestCaseExecutor.java:439)
	at com.kms.katalon.core.main.TestCaseExecutor.processExecutionPhase(TestCaseExecutor.java:418)
	at com.kms.katalon.core.main.TestCaseExecutor.accessMainPhase(TestCaseExecutor.java:410)
	at com.kms.katalon.core.main.TestCaseExecutor.execute(TestCaseExecutor.java:285)
	at com.kms.katalon.core.common.CommonExecutor.accessTestCaseMainPhase(CommonExecutor.java:65)
	at com.kms.katalon.core.main.TestSuiteExecutor.accessTestSuiteMainPhase(TestSuiteExecutor.java:151)
	at com.kms.katalon.core.main.TestSuiteExecutor.execute(TestSuiteExecutor.java:106)
	at com.kms.katalon.core.main.TestCaseMain.startTestSuite(TestCaseMain.java:185)
	at com.kms.katalon.core.main.TestCaseMain$startTestSuite$0.call(Unknown Source)
	at TempTestSuite1686631872767.run(TempTestSuite1686631872767.groovy:36)]]></system-err>
      </testcase>
      <testcase name="Test Cases/Production/Profile/Device/App Version" time="31.352" classname="Test Cases/Production/Profile/Device/App Version" status="PASSED">
         <system-out><![CDATA[2023-06-13 12:12:48 - [TEST_CASE][PASSED] - Test Cases/Production/Profile/Device/App Version: Test Cases/Production/Profile/Device/App Version

2023-06-13 12:12:48 - [TEST_STEP][PASSED] - startExistingApplication("com.kfc.mobile", STOP_ON_FAILURE): Starting app with application ID: 'com.kfc.mobile'

2023-06-13 12:12:48 - [MESSAGE][INFO] - User set preference: ['appPackage', 'com.kfc.mobile']

2023-06-13 12:12:48 - [MESSAGE][INFO] - User set preference: ['appActivity', 'com.kfc.mobile.presentation.splash.SplashActivity']

2023-06-13 12:12:48 - [MESSAGE][INFO] - User set preference: ['noReset', 'true']

2023-06-13 12:12:48 - [MESSAGE][INFO] - User set preference: ['deviceId', 'cefdc881']

2023-06-13 12:13:04 - [MESSAGE][PASSED] - Starting app with application ID: 'com.kfc.mobile'

2023-06-13 12:13:04 - [TEST_STEP][PASSED] - delay(5, STOP_ON_FAILURE): Delayed 5 second(s)

2023-06-13 12:13:09 - [MESSAGE][PASSED] - Delayed 5 second(s)

2023-06-13 12:13:09 - [TEST_STEP][PASSED] - tap(findTestObject("Productions/Menu/Profile"), 0): Tapped on element 'Object Repository/Productions/Menu/Profile'

2023-06-13 12:13:09 - [MESSAGE][WARNING] - Timeout '0' is invalid. Using default page load timeout: '30'

2023-06-13 12:13:12 - [MESSAGE][PASSED] - Tapped on element 'Object Repository/Productions/Menu/Profile'

2023-06-13 12:13:12 - [TEST_STEP][PASSED] - verifyElementVisible(findTestObject("Productions/Device/Version Apps"), 3): Element 'Object Repository/Productions/Device/Version Apps' is visible

2023-06-13 12:13:14 - [MESSAGE][PASSED] - Element 'Object Repository/Productions/Device/Version Apps' is visible

2023-06-13 12:13:14 - [TEST_STEP][PASSED] - delay(5, STOP_ON_FAILURE): Delayed 5 second(s)

2023-06-13 12:13:19 - [MESSAGE][PASSED] - Delayed 5 second(s)

2023-06-13 12:13:19 - [TEST_STEP][PASSED] - closeApplication(): Close app successfully

2023-06-13 12:13:19 - [MESSAGE][PASSED] - Close app successfully

2023-06-13 12:13:19 - [TEST_STEP][PASSED] - Start listener action : sampleAfterTestCase: null

2023-06-13 12:13:19 - [TEST_STEP][PASSED] - println(testCaseContext.getTestCaseId()): null

2023-06-13 12:13:19 - [TEST_STEP][PASSED] - println(testCaseContext.getTestCaseStatus()): null]]></system-out>
         <system-err><![CDATA[]]></system-err>
      </testcase>
      <testcase name="Test Cases/Production/Profile/Device/Logout" time="34.938" classname="Test Cases/Production/Profile/Device/Logout" status="PASSED">
         <system-out><![CDATA[2023-06-13 12:13:19 - [TEST_CASE][PASSED] - Test Cases/Production/Profile/Device/Logout: Test Cases/Production/Profile/Device/Logout

2023-06-13 12:13:20 - [TEST_STEP][PASSED] - startExistingApplication("com.kfc.mobile", STOP_ON_FAILURE): Starting app with application ID: 'com.kfc.mobile'

2023-06-13 12:13:20 - [MESSAGE][INFO] - User set preference: ['appPackage', 'com.kfc.mobile']

2023-06-13 12:13:20 - [MESSAGE][INFO] - User set preference: ['appActivity', 'com.kfc.mobile.presentation.splash.SplashActivity']

2023-06-13 12:13:20 - [MESSAGE][INFO] - User set preference: ['noReset', 'true']

2023-06-13 12:13:20 - [MESSAGE][INFO] - User set preference: ['deviceId', 'cefdc881']

2023-06-13 12:13:20 - [MESSAGE][INFO] - Detected NodeJS location: "C:\Program Files\nodejs\node.exe"

2023-06-13 12:13:21 - [MESSAGE][INFO] - Appium server started on port 58,688

2023-06-13 12:13:37 - [MESSAGE][PASSED] - Starting app with application ID: 'com.kfc.mobile'

2023-06-13 12:13:37 - [TEST_STEP][PASSED] - delay(5, STOP_ON_FAILURE): Delayed 5 second(s)

2023-06-13 12:13:42 - [MESSAGE][PASSED] - Delayed 5 second(s)

2023-06-13 12:13:42 - [TEST_STEP][PASSED] - tap(findTestObject("Productions/Menu/Profile"), 0): Tapped on element 'Object Repository/Productions/Menu/Profile'

2023-06-13 12:13:42 - [MESSAGE][WARNING] - Timeout '0' is invalid. Using default page load timeout: '30'

2023-06-13 12:13:45 - [MESSAGE][PASSED] - Tapped on element 'Object Repository/Productions/Menu/Profile'

2023-06-13 12:13:45 - [TEST_STEP][PASSED] - tap(findTestObject("Productions/Device/Log Out"), 3): Tapped on element 'Object Repository/Productions/Device/Log Out'

2023-06-13 12:13:47 - [MESSAGE][PASSED] - Tapped on element 'Object Repository/Productions/Device/Log Out'

2023-06-13 12:13:47 - [TEST_STEP][PASSED] - verifyElementVisible(findTestObject("Productions/Login/Logout - Yes"), 3): Element 'Object Repository/Productions/Login/Logout - Yes' is visible

2023-06-13 12:13:48 - [MESSAGE][PASSED] - Element 'Object Repository/Productions/Login/Logout - Yes' is visible

2023-06-13 12:13:48 - [TEST_STEP][PASSED] - verifyElementVisible(findTestObject("Productions/Login/Logout - Cancel"), 3): Element 'Object Repository/Productions/Login/Logout - Cancel' is visible

2023-06-13 12:13:48 - [MESSAGE][PASSED] - Element 'Object Repository/Productions/Login/Logout - Cancel' is visible

2023-06-13 12:13:48 - [TEST_STEP][PASSED] - tap(findTestObject("Productions/Login/Logout - Yes"), 3): Tapped on element 'Object Repository/Productions/Login/Logout - Yes'

2023-06-13 12:13:49 - [MESSAGE][PASSED] - Tapped on element 'Object Repository/Productions/Login/Logout - Yes'

2023-06-13 12:13:49 - [TEST_STEP][PASSED] - delay(5, STOP_ON_FAILURE): Delayed 5 second(s)

2023-06-13 12:13:54 - [MESSAGE][PASSED] - Delayed 5 second(s)

2023-06-13 12:13:54 - [TEST_STEP][PASSED] - closeApplication(): Close app successfully

2023-06-13 12:13:54 - [MESSAGE][PASSED] - Close app successfully

2023-06-13 12:13:54 - [TEST_STEP][PASSED] - Start listener action : sampleAfterTestCase: null

2023-06-13 12:13:54 - [TEST_STEP][PASSED] - println(testCaseContext.getTestCaseId()): null

2023-06-13 12:13:54 - [TEST_STEP][PASSED] - println(testCaseContext.getTestCaseStatus()): null]]></system-out>
         <system-err><![CDATA[]]></system-err>
      </testcase>
      <system-out><![CDATA[2023-06-13 11:51:27 - [TEST_SUITE][FAILED] - KFCKU Apps: Test Cases/Production/My Order/Order Detail HMD - My Order FAILED.
Reason:
com.kms.katalon.core.exception.StepFailedException: Element 'Object Repository/Productions/My Order/Order Detail - HMD/Delivery Detail' not found
	at com.kms.katalon.core.keyword.internal.KeywordMain.stepFailed(KeywordMain.groovy:50)
	at com.kms.katalon.core.mobile.keyword.internal.MobileKeywordMain.stepFailed(MobileKeywordMain.groovy:40)
	at com.kms.katalon.core.mobile.keyword.builtin.VerifyElementVisibleKeyword$_verifyElementVisible_closure1.doCall(VerifyElementVisibleKeyword.groovy:82)
	at com.kms.katalon.core.mobile.keyword.builtin.VerifyElementVisibleKeyword$_verifyElementVisible_closure1.call(VerifyElementVisibleKeyword.groovy)
	at com.kms.katalon.core.mobile.keyword.internal.MobileKeywordMain.runKeyword(MobileKeywordMain.groovy:21)
	at com.kms.katalon.core.mobile.keyword.builtin.VerifyElementVisibleKeyword.verifyElementVisible(VerifyElementVisibleKeyword.groovy:85)
	at com.kms.katalon.core.mobile.keyword.builtin.VerifyElementVisibleKeyword.execute(VerifyElementVisibleKeyword.groovy:64)
	at com.kms.katalon.core.keyword.internal.KeywordExecutor.executeKeywordForPlatform(KeywordExecutor.groovy:74)
	at com.kms.katalon.core.mobile.keyword.MobileBuiltInKeywords.verifyElementVisible(MobileBuiltInKeywords.groovy:2031)
	at com.kms.katalon.core.mobile.keyword.MobileBuiltInKeywords$verifyElementVisible$7.call(Unknown Source)
	at Order Detail HMD - My Order.run(Order Detail HMD - My Order:36)
	at com.kms.katalon.core.main.ScriptEngine.run(ScriptEngine.java:194)
	at com.kms.katalon.core.main.ScriptEngine.runScriptAsRawText(ScriptEngine.java:119)
	at com.kms.katalon.core.main.TestCaseExecutor.runScript(TestCaseExecutor.java:448)
	at com.kms.katalon.core.main.TestCaseExecutor.doExecute(TestCaseExecutor.java:439)
	at com.kms.katalon.core.main.TestCaseExecutor.processExecutionPhase(TestCaseExecutor.java:418)
	at com.kms.katalon.core.main.TestCaseExecutor.accessMainPhase(TestCaseExecutor.java:410)
	at com.kms.katalon.core.main.TestCaseExecutor.execute(TestCaseExecutor.java:285)
	at com.kms.katalon.core.common.CommonExecutor.accessTestCaseMainPhase(CommonExecutor.java:65)
	at com.kms.katalon.core.main.TestSuiteExecutor.accessTestSuiteMainPhase(TestSuiteExecutor.java:151)
	at com.kms.katalon.core.main.TestSuiteExecutor.execute(TestSuiteExecutor.java:106)
	at com.kms.katalon.core.main.TestCaseMain.startTestSuite(TestCaseMain.java:185)
	at com.kms.katalon.core.main.TestCaseMain$startTestSuite$0.call(Unknown Source)
	at TempTestSuite1686631872767.run(TempTestSuite1686631872767.groovy:36)]]></system-out>
      <system-err><![CDATA[2023-06-13 11:51:27 - [TEST_SUITE][FAILED] - KFCKU Apps: Test Cases/Production/My Order/Order Detail HMD - My Order FAILED.
Reason:
com.kms.katalon.core.exception.StepFailedException: Element 'Object Repository/Productions/My Order/Order Detail - HMD/Delivery Detail' not found
	at com.kms.katalon.core.keyword.internal.KeywordMain.stepFailed(KeywordMain.groovy:50)
	at com.kms.katalon.core.mobile.keyword.internal.MobileKeywordMain.stepFailed(MobileKeywordMain.groovy:40)
	at com.kms.katalon.core.mobile.keyword.builtin.VerifyElementVisibleKeyword$_verifyElementVisible_closure1.doCall(VerifyElementVisibleKeyword.groovy:82)
	at com.kms.katalon.core.mobile.keyword.builtin.VerifyElementVisibleKeyword$_verifyElementVisible_closure1.call(VerifyElementVisibleKeyword.groovy)
	at com.kms.katalon.core.mobile.keyword.internal.MobileKeywordMain.runKeyword(MobileKeywordMain.groovy:21)
	at com.kms.katalon.core.mobile.keyword.builtin.VerifyElementVisibleKeyword.verifyElementVisible(VerifyElementVisibleKeyword.groovy:85)
	at com.kms.katalon.core.mobile.keyword.builtin.VerifyElementVisibleKeyword.execute(VerifyElementVisibleKeyword.groovy:64)
	at com.kms.katalon.core.keyword.internal.KeywordExecutor.executeKeywordForPlatform(KeywordExecutor.groovy:74)
	at com.kms.katalon.core.mobile.keyword.MobileBuiltInKeywords.verifyElementVisible(MobileBuiltInKeywords.groovy:2031)
	at com.kms.katalon.core.mobile.keyword.MobileBuiltInKeywords$verifyElementVisible$7.call(Unknown Source)
	at Order Detail HMD - My Order.run(Order Detail HMD - My Order:36)
	at com.kms.katalon.core.main.ScriptEngine.run(ScriptEngine.java:194)
	at com.kms.katalon.core.main.ScriptEngine.runScriptAsRawText(ScriptEngine.java:119)
	at com.kms.katalon.core.main.TestCaseExecutor.runScript(TestCaseExecutor.java:448)
	at com.kms.katalon.core.main.TestCaseExecutor.doExecute(TestCaseExecutor.java:439)
	at com.kms.katalon.core.main.TestCaseExecutor.processExecutionPhase(TestCaseExecutor.java:418)
	at com.kms.katalon.core.main.TestCaseExecutor.accessMainPhase(TestCaseExecutor.java:410)
	at com.kms.katalon.core.main.TestCaseExecutor.execute(TestCaseExecutor.java:285)
	at com.kms.katalon.core.common.CommonExecutor.accessTestCaseMainPhase(CommonExecutor.java:65)
	at com.kms.katalon.core.main.TestSuiteExecutor.accessTestSuiteMainPhase(TestSuiteExecutor.java:151)
	at com.kms.katalon.core.main.TestSuiteExecutor.execute(TestSuiteExecutor.java:106)
	at com.kms.katalon.core.main.TestCaseMain.startTestSuite(TestCaseMain.java:185)
	at com.kms.katalon.core.main.TestCaseMain$startTestSuite$0.call(Unknown Source)
	at TempTestSuite1686631872767.run(TempTestSuite1686631872767.groovy:36)]]></system-err>
   </testsuite>
</testsuites>
