<?xml version="1.0" encoding="UTF-8"?>
<testsuites name="Login" time="144.113" tests="2" failures="0" errors="0">
   <testsuite name="Login" tests="2" failures="0" errors="0" time="144.113" skipped="0" timestamp="2023-01-10 14:15:37" hostname="Ahadian Rifky - NKC-23" id="Test Suites/Login">
      <properties>
         <property name="deviceName" value="OPPO CPH1801 (Android 7.1.1)"/>
         <property name="devicePlatform" value=""/>
         <property name="logFolder" value="C:\\Users\\Ahadian Rifky\\Downloads\\Katalon_Studio_Windows_64-8.5.5\\Katalon_Studio_Windows_64-8.5.5\\git.github.com\\maycheljecsan\\kfckuapps_katalon.git\\kfcku_android\\Reports\\20230110_141534\\Login\\20230110_141534"/>
         <property name="logFiles" value="C:\\Users\\Ahadian Rifky\\Downloads\\Katalon_Studio_Windows_64-8.5.5\\Katalon_Studio_Windows_64-8.5.5\\git.github.com\\maycheljecsan\\kfckuapps_katalon.git\\kfcku_android\\Reports\\20230110_141534\\Login\\20230110_141534\\appium.log, C:\\Users\\Ahadian Rifky\\Downloads\\Katalon_Studio_Windows_64-8.5.5\\Katalon_Studio_Windows_64-8.5.5\\git.github.com\\maycheljecsan\\kfckuapps_katalon.git\\kfcku_android\\Reports\\20230110_141534\\Login\\20230110_141534\\execution0.log"/>
         <property name="attachments" value=""/>
         <property name="hostName" value="Ahadian Rifky - NKC-23"/>
         <property name="os" value="Windows 10 64bit"/>
         <property name="appiumServerStatus" value="{&quot;value&quot;:{&quot;build&quot;:{&quot;version&quot;:&quot;1.22.3&quot;}},&quot;sessionId&quot;:null,&quot;status&quot;:0}"/>
         <property name="katalonVersion" value="8.5.5.208"/>
         <property name="deviceOS" value="Android"/>
         <property name="appiumVersion" value="1.22.3"/>
         <property name="deviceModel" value="CPH1801"/>
         <property name="hostAddress" value="172.10.9.81"/>
         <property name="deviceManufacturer" value="OPPO"/>
         <property name="deviceId" value="aa14e06a"/>
         <property name="deviceName" value="OPPO CPH1801 (Android 7.1.1)"/>
         <property name="deviceOSVersion" value="7.1.1"/>
      </properties>
      <testcase name="Test Cases/Login Phone Number" time="73.854" classname="Test Cases/Login Phone Number" status="PASSED">
         <system-out><![CDATA[2023-01-10 14:15:37 - [TEST_CASE][PASSED] - Test Cases/Login Phone Number: Test Cases/Login Phone Number

2023-01-10 14:15:37 - [TEST_STEP][PASSED] - startApplication("C:\Users\Ahadian Rifky\Downloads\KFC-3064_app-hkStaging-debug.apk", true): Started app at: 'C:\Users\Ahadian Rifky\Downloads\KFC-3064_app-hkStaging-debug.apk'

2023-01-10 14:15:38 - [MESSAGE][INFO] - Detected NodeJS location: "C:\Program Files\nodejs\node.exe"

2023-01-10 14:15:39 - [MESSAGE][INFO] - Appium server started on port 59,522

2023-01-10 14:16:24 - [MESSAGE][INFO] - Failed to get OS statusbar's information using default method.

2023-01-10 14:16:24 - [MESSAGE][PASSED] - Started app at: 'C:\Users\Ahadian Rifky\Downloads\KFC-3064_app-hkStaging-debug.apk'

2023-01-10 14:16:24 - [TEST_STEP][PASSED] - tap(findTestObject("Login/android.widget.Button - Izinkan"), 0): Tapped on element 'Object Repository/Login/android.widget.Button - Izinkan'

2023-01-10 14:16:24 - [MESSAGE][WARNING] - Timeout '0' is invalid. Using default page load timeout: '30'

2023-01-10 14:16:27 - [MESSAGE][PASSED] - Tapped on element 'Object Repository/Login/android.widget.Button - Izinkan'

2023-01-10 14:16:27 - [TEST_STEP][PASSED] - tap(findTestObject("Login/android.widget.Button - Izinkan"), 0): Tapped on element 'Object Repository/Login/android.widget.Button - Izinkan'

2023-01-10 14:16:27 - [MESSAGE][WARNING] - Timeout '0' is invalid. Using default page load timeout: '30'

2023-01-10 14:16:33 - [MESSAGE][PASSED] - Tapped on element 'Object Repository/Login/android.widget.Button - Izinkan'

2023-01-10 14:16:33 - [TEST_STEP][PASSED] - tap(findTestObject("Login/android.widget.TextView - Lewati"), 0): Tapped on element 'Object Repository/Login/android.widget.TextView - Lewati'

2023-01-10 14:16:33 - [MESSAGE][WARNING] - Timeout '0' is invalid. Using default page load timeout: '30'

2023-01-10 14:16:34 - [MESSAGE][PASSED] - Tapped on element 'Object Repository/Login/android.widget.TextView - Lewati'

2023-01-10 14:16:34 - [TEST_STEP][PASSED] - tap(findTestObject("Login/android.widget.TextView - Profil"), 0): Tapped on element 'Object Repository/Login/android.widget.TextView - Profil'

2023-01-10 14:16:34 - [MESSAGE][WARNING] - Timeout '0' is invalid. Using default page load timeout: '30'

2023-01-10 14:16:37 - [MESSAGE][PASSED] - Tapped on element 'Object Repository/Login/android.widget.TextView - Profil'

2023-01-10 14:16:37 - [TEST_STEP][PASSED] - tap(findTestObject("Login/android.widget.EditText - Masukkan nomor handphone Anda"), 0): Tapped on element 'Object Repository/Login/android.widget.EditText - Masukkan nomor handphone Anda'

2023-01-10 14:16:37 - [MESSAGE][WARNING] - Timeout '0' is invalid. Using default page load timeout: '30'

2023-01-10 14:16:39 - [MESSAGE][PASSED] - Tapped on element 'Object Repository/Login/android.widget.EditText - Masukkan nomor handphone Anda'

2023-01-10 14:16:39 - [TEST_STEP][PASSED] - setText(findTestObject("Login/android.widget.EditText - Masukkan nomor handphone Anda"), "081211287377", 0): Text '081211287377' has been set to element 'Object Repository/Login/android.widget.EditText - Masukkan nomor handphone Anda'

2023-01-10 14:16:39 - [MESSAGE][WARNING] - Timeout '0' is invalid. Using default page load timeout: '30'

2023-01-10 14:16:42 - [MESSAGE][PASSED] - Text '081211287377' has been set to element 'Object Repository/Login/android.widget.EditText - Masukkan nomor handphone Anda'

2023-01-10 14:16:42 - [TEST_STEP][PASSED] - tap(findTestObject("Login/android.widget.EditText - Ketik kata sandi Anda"), 0): Tapped on element 'Object Repository/Login/android.widget.EditText - Ketik kata sandi Anda'

2023-01-10 14:16:43 - [MESSAGE][WARNING] - Timeout '0' is invalid. Using default page load timeout: '30'

2023-01-10 14:16:43 - [MESSAGE][PASSED] - Tapped on element 'Object Repository/Login/android.widget.EditText - Ketik kata sandi Anda'

2023-01-10 14:16:43 - [TEST_STEP][PASSED] - setText(findTestObject("Login/android.widget.EditText - Ketik kata sandi Anda"), "pass111", 0): Text 'pass111' has been set to element 'Object Repository/Login/android.widget.EditText - Ketik kata sandi Anda'

2023-01-10 14:16:43 - [MESSAGE][WARNING] - Timeout '0' is invalid. Using default page load timeout: '30'

2023-01-10 14:16:46 - [MESSAGE][PASSED] - Text 'pass111' has been set to element 'Object Repository/Login/android.widget.EditText - Ketik kata sandi Anda'

2023-01-10 14:16:46 - [TEST_STEP][PASSED] - pressBack(): Press back button successfully

2023-01-10 14:16:46 - [MESSAGE][PASSED] - Press back button successfully

2023-01-10 14:16:46 - [TEST_STEP][PASSED] - tap(findTestObject("Login/android.widget.Button - Masuk"), 0): Tapped on element 'Object Repository/Login/android.widget.Button - Masuk'

2023-01-10 14:16:46 - [MESSAGE][WARNING] - Timeout '0' is invalid. Using default page load timeout: '30'

2023-01-10 14:16:47 - [MESSAGE][PASSED] - Tapped on element 'Object Repository/Login/android.widget.Button - Masuk'

2023-01-10 14:16:47 - [TEST_STEP][PASSED] - closeApplication(): Close app successfully

2023-01-10 14:16:51 - [MESSAGE][PASSED] - Close app successfully]]></system-out>
         <system-err><![CDATA[]]></system-err>
      </testcase>
      <testcase name="Test Cases/Login Social Media" time="69.989" classname="Test Cases/Login Social Media" status="PASSED">
         <system-out><![CDATA[2023-01-10 14:16:51 - [TEST_CASE][PASSED] - Test Cases/Login Social Media: Test Cases/Login Social Media

2023-01-10 14:16:51 - [TEST_STEP][PASSED] - startApplication("C:\Users\Ahadian Rifky\Downloads\KFC-3064_app-hkStaging-debug.apk", true): Started app at: 'C:\Users\Ahadian Rifky\Downloads\KFC-3064_app-hkStaging-debug.apk'

2023-01-10 14:16:51 - [MESSAGE][INFO] - Detected NodeJS location: "C:\Program Files\nodejs\node.exe"

2023-01-10 14:16:53 - [MESSAGE][INFO] - Appium server started on port 59,767

2023-01-10 14:17:34 - [MESSAGE][INFO] - Failed to get OS statusbar's information using default method.

2023-01-10 14:17:34 - [MESSAGE][PASSED] - Started app at: 'C:\Users\Ahadian Rifky\Downloads\KFC-3064_app-hkStaging-debug.apk'

2023-01-10 14:17:34 - [TEST_STEP][PASSED] - tap(findTestObject("Login/android.widget.Button - Izinkan"), 0): Tapped on element 'Object Repository/Login/android.widget.Button - Izinkan'

2023-01-10 14:17:34 - [MESSAGE][WARNING] - Timeout '0' is invalid. Using default page load timeout: '30'

2023-01-10 14:17:36 - [MESSAGE][PASSED] - Tapped on element 'Object Repository/Login/android.widget.Button - Izinkan'

2023-01-10 14:17:36 - [TEST_STEP][PASSED] - tap(findTestObject("Login/android.widget.Button - Izinkan"), 0): Tapped on element 'Object Repository/Login/android.widget.Button - Izinkan'

2023-01-10 14:17:36 - [MESSAGE][WARNING] - Timeout '0' is invalid. Using default page load timeout: '30'

2023-01-10 14:17:39 - [MESSAGE][PASSED] - Tapped on element 'Object Repository/Login/android.widget.Button - Izinkan'

2023-01-10 14:17:39 - [TEST_STEP][PASSED] - tap(findTestObject("Login/android.widget.TextView - Lewati"), 0): Tapped on element 'Object Repository/Login/android.widget.TextView - Lewati'

2023-01-10 14:17:39 - [MESSAGE][WARNING] - Timeout '0' is invalid. Using default page load timeout: '30'

2023-01-10 14:17:41 - [MESSAGE][PASSED] - Tapped on element 'Object Repository/Login/android.widget.TextView - Lewati'

2023-01-10 14:17:41 - [TEST_STEP][PASSED] - delay(3): Delayed 3 second(s)

2023-01-10 14:17:44 - [MESSAGE][PASSED] - Delayed 3 second(s)

2023-01-10 14:17:44 - [TEST_STEP][PASSED] - tap(findTestObject("Login/android.widget.TextView - Profil"), 0): Tapped on element 'Object Repository/Login/android.widget.TextView - Profil'

2023-01-10 14:17:44 - [MESSAGE][WARNING] - Timeout '0' is invalid. Using default page load timeout: '30'

2023-01-10 14:17:45 - [MESSAGE][PASSED] - Tapped on element 'Object Repository/Login/android.widget.TextView - Profil'

2023-01-10 14:17:45 - [TEST_STEP][PASSED] - tap(findTestObject("Login Social Media/android.widget.Button - Masuk dengan Google"), 0): Tapped on element 'Object Repository/Login Social Media/android.widget.Button - Masuk dengan Google'

2023-01-10 14:17:45 - [MESSAGE][WARNING] - Timeout '0' is invalid. Using default page load timeout: '30'

2023-01-10 14:17:48 - [MESSAGE][PASSED] - Tapped on element 'Object Repository/Login Social Media/android.widget.Button - Masuk dengan Google'

2023-01-10 14:17:48 - [TEST_STEP][PASSED] - tap(findTestObject("Login Social Media/android.widget.TextView - jecsanmaychelgmail.com"), 0): Tapped on element 'Object Repository/Login Social Media/android.widget.TextView - jecsanmaychelgmail.com'

2023-01-10 14:17:48 - [MESSAGE][WARNING] - Timeout '0' is invalid. Using default page load timeout: '30'

2023-01-10 14:17:53 - [MESSAGE][PASSED] - Tapped on element 'Object Repository/Login Social Media/android.widget.TextView - jecsanmaychelgmail.com'

2023-01-10 14:17:53 - [TEST_STEP][PASSED] - delay(3, STOP_ON_FAILURE): Delayed 3 second(s)

2023-01-10 14:17:56 - [MESSAGE][PASSED] - Delayed 3 second(s)

2023-01-10 14:17:56 - [TEST_STEP][PASSED] - pressBack(): Press back button successfully

2023-01-10 14:17:57 - [MESSAGE][PASSED] - Press back button successfully

2023-01-10 14:17:57 - [TEST_STEP][PASSED] - closeApplication(): Close app successfully

2023-01-10 14:18:01 - [MESSAGE][PASSED] - Close app successfully]]></system-out>
         <system-err><![CDATA[]]></system-err>
      </testcase>
      <system-out><![CDATA[2023-01-10 14:15:37 - [TEST_SUITE][PASSED] - Login: Test Cases/Login Social Media]]></system-out>
      <system-err><![CDATA[]]></system-err>
   </testsuite>
</testsuites>
