<?xml version="1.0" encoding="UTF-8"?>
<testsuites name="Login" time="232.661" tests="5" failures="0" errors="0">
   <testsuite name="Login" tests="5" failures="0" errors="0" time="232.661" skipped="0" timestamp="2023-02-08 13:19:35" hostname="Ahadian Rifky - NKC-23" id="Test Suites/Auth/Login">
      <properties>
         <property name="deviceName" value="OPPO CPH1801 (Android 7.1.1)"/>
         <property name="devicePlatform" value=""/>
         <property name="logFolder" value="C:\\Users\\Ahadian Rifky\\Downloads\\Katalon_Studio_Windows_64-8.5.5\\Katalon_Studio_Windows_64-8.5.5\\git.github.com\\maycheljecsan\\kfckuapps_katalon.git\\kfcku_android\\Reports\\20230208_131924\\Auth\\Login\\20230208_131924"/>
         <property name="logFiles" value="C:\\Users\\Ahadian Rifky\\Downloads\\Katalon_Studio_Windows_64-8.5.5\\Katalon_Studio_Windows_64-8.5.5\\git.github.com\\maycheljecsan\\kfckuapps_katalon.git\\kfcku_android\\Reports\\20230208_131924\\Auth\\Login\\20230208_131924\\appium.log, C:\\Users\\Ahadian Rifky\\Downloads\\Katalon_Studio_Windows_64-8.5.5\\Katalon_Studio_Windows_64-8.5.5\\git.github.com\\maycheljecsan\\kfckuapps_katalon.git\\kfcku_android\\Reports\\20230208_131924\\Auth\\Login\\20230208_131924\\execution0.log"/>
         <property name="attachments" value=""/>
         <property name="hostName" value="Ahadian Rifky - NKC-23"/>
         <property name="os" value="Windows 10 64bit"/>
         <property name="appiumServerStatus" value="{&quot;value&quot;:{&quot;build&quot;:{&quot;version&quot;:&quot;1.22.3&quot;}},&quot;sessionId&quot;:null,&quot;status&quot;:0}"/>
         <property name="katalonVersion" value="8.5.5.208"/>
         <property name="deviceOS" value="Android"/>
         <property name="appiumVersion" value="1.22.3"/>
         <property name="deviceModel" value="CPH1801"/>
         <property name="hostAddress" value="172.10.9.156"/>
         <property name="deviceManufacturer" value="OPPO"/>
         <property name="deviceId" value="aa14e06a"/>
         <property name="deviceName" value="OPPO CPH1801 (Android 7.1.1)"/>
         <property name="deviceOSVersion" value="7.1.1"/>
      </properties>
      <testcase name="Test Cases/Login KFCKU Apps/Login Failed - Empty Phone Number and Password" time="50.739" classname="Test Cases/Login KFCKU Apps/Login Failed - Empty Phone Number and Password" status="PASSED">
         <system-out><![CDATA[2023-02-08 13:19:35 - [TEST_CASE][PASSED] - Test Cases/Login KFCKU Apps/Login Failed - Empty Phone Number and Password: Test Cases/Login KFCKU Apps/Login Failed - Empty Phone Number and Password

2023-02-08 13:19:35 - [TEST_STEP][PASSED] - startExistingApplication("com.kfc.mobile.hkStaging", STOP_ON_FAILURE): Starting app with application ID: 'com.kfc.mobile.hkStaging'

2023-02-08 13:19:35 - [MESSAGE][INFO] - User set preference: ['appPackage', 'com.kfc.mobile.hkStaging']

2023-02-08 13:19:35 - [MESSAGE][INFO] - User set preference: ['appActivity', 'com.kfc.mobile.presentation.home.HomeActivity']

2023-02-08 13:19:35 - [MESSAGE][INFO] - User set preference: ['noReset', 'true']

2023-02-08 13:19:35 - [MESSAGE][INFO] - User set preference: ['deviceId', '']

2023-02-08 13:19:36 - [MESSAGE][INFO] - Detected NodeJS location: "C:\Program Files\nodejs\node.exe"

2023-02-08 13:19:37 - [MESSAGE][INFO] - Appium server started on port 53,953

2023-02-08 13:19:57 - [MESSAGE][INFO] - Failed to get OS statusbar's information using default method.

2023-02-08 13:19:58 - [MESSAGE][PASSED] - Starting app with application ID: 'com.kfc.mobile.hkStaging'

2023-02-08 13:19:58 - [TEST_STEP][PASSED] - delay(5, STOP_ON_FAILURE): Delayed 5 second(s)

2023-02-08 13:20:03 - [MESSAGE][PASSED] - Delayed 5 second(s)

2023-02-08 13:20:03 - [TEST_STEP][PASSED] - tap(findTestObject("Profile/android.widget.TextView - Profil"), 5): Tapped on element 'Object Repository/Profile/android.widget.TextView - Profil'

2023-02-08 13:20:05 - [MESSAGE][PASSED] - Tapped on element 'Object Repository/Profile/android.widget.TextView - Profil'

2023-02-08 13:20:05 - [TEST_STEP][PASSED] - setText(findTestObject("Login/android.widget.EditText - Masukkan nomor handphone Anda"), "", 0): Text '' has been set to element 'Object Repository/Login/android.widget.EditText - Masukkan nomor handphone Anda'

2023-02-08 13:20:05 - [MESSAGE][WARNING] - Timeout '0' is invalid. Using default page load timeout: '30'

2023-02-08 13:20:09 - [MESSAGE][PASSED] - Text '' has been set to element 'Object Repository/Login/android.widget.EditText - Masukkan nomor handphone Anda'

2023-02-08 13:20:09 - [TEST_STEP][PASSED] - hideKeyboard(): Keyboard is hidden

2023-02-08 13:20:11 - [MESSAGE][PASSED] - Keyboard is hidden

2023-02-08 13:20:11 - [TEST_STEP][PASSED] - setText(findTestObject("Login/android.widget.EditText - Ketik kata sandi Anda"), "", 0): Text '' has been set to element 'Object Repository/Login/android.widget.EditText - Ketik kata sandi Anda'

2023-02-08 13:20:11 - [MESSAGE][WARNING] - Timeout '0' is invalid. Using default page load timeout: '30'

2023-02-08 13:20:12 - [MESSAGE][PASSED] - Text '' has been set to element 'Object Repository/Login/android.widget.EditText - Ketik kata sandi Anda'

2023-02-08 13:20:12 - [TEST_STEP][PASSED] - hideKeyboard(): Keyboard is hidden

2023-02-08 13:20:13 - [MESSAGE][PASSED] - Keyboard is hidden

2023-02-08 13:20:13 - [TEST_STEP][PASSED] - tap(findTestObject("Login/android.widget.Button - Masuk"), 0): Tapped on element 'Object Repository/Login/android.widget.Button - Masuk'

2023-02-08 13:20:13 - [MESSAGE][WARNING] - Timeout '0' is invalid. Using default page load timeout: '30'

2023-02-08 13:20:14 - [MESSAGE][PASSED] - Tapped on element 'Object Repository/Login/android.widget.Button - Masuk'

2023-02-08 13:20:14 - [TEST_STEP][PASSED] - delay(5, STOP_ON_FAILURE): Delayed 5 second(s)

2023-02-08 13:20:19 - [MESSAGE][PASSED] - Delayed 5 second(s)

2023-02-08 13:20:19 - [TEST_STEP][PASSED] - verifyElementVisible(findTestObject("Login/Login Failed/android.widget.TextView - nullPhone"), 3): Element 'Object Repository/Login/Login Failed/android.widget.TextView - nullPhone' is visible

2023-02-08 13:20:20 - [MESSAGE][PASSED] - Element 'Object Repository/Login/Login Failed/android.widget.TextView - nullPhone' is visible

2023-02-08 13:20:20 - [TEST_STEP][PASSED] - verifyElementText(findTestObject("Login/Login Failed/android.widget.TextView - nullPhone"), "Mohon masukkan nomor handphone Anda"): Actual text and expected text of test object 'Object Repository/Login/Login Failed/android.widget.TextView - nullPhone' are matched.

2023-02-08 13:20:20 - [MESSAGE][PASSED] - Actual text and expected text of test object 'Object Repository/Login/Login Failed/android.widget.TextView - nullPhone' are matched.

2023-02-08 13:20:20 - [TEST_STEP][PASSED] - verifyElementVisible(findTestObject("Login/Login Failed/android.widget.TextView - nullPass"), 3): Element 'Object Repository/Login/Login Failed/android.widget.TextView - nullPass' is visible

2023-02-08 13:20:21 - [MESSAGE][PASSED] - Element 'Object Repository/Login/Login Failed/android.widget.TextView - nullPass' is visible

2023-02-08 13:20:21 - [TEST_STEP][PASSED] - verifyElementText(findTestObject("Login/Login Failed/android.widget.TextView - nullPass"), "Masukkan kata sandi Anda yang benar"): Actual text and expected text of test object 'Object Repository/Login/Login Failed/android.widget.TextView - nullPass' are matched.

2023-02-08 13:20:21 - [MESSAGE][PASSED] - Actual text and expected text of test object 'Object Repository/Login/Login Failed/android.widget.TextView - nullPass' are matched.

2023-02-08 13:20:21 - [TEST_STEP][PASSED] - delay(3, STOP_ON_FAILURE): Delayed 3 second(s)

2023-02-08 13:20:24 - [MESSAGE][PASSED] - Delayed 3 second(s)

2023-02-08 13:20:24 - [TEST_STEP][PASSED] - closeApplication(): Close app successfully

2023-02-08 13:20:26 - [MESSAGE][PASSED] - Close app successfully]]></system-out>
         <system-err><![CDATA[]]></system-err>
      </testcase>
      <testcase name="Test Cases/Login KFCKU Apps/Login Failed - Phone Number Not Registered" time="38.36" classname="Test Cases/Login KFCKU Apps/Login Failed - Phone Number Not Registered" status="PASSED">
         <system-out><![CDATA[2023-02-08 13:20:26 - [TEST_CASE][PASSED] - Test Cases/Login KFCKU Apps/Login Failed - Phone Number Not Registered: Test Cases/Login KFCKU Apps/Login Failed - Phone Number Not Registered

2023-02-08 13:20:26 - [TEST_STEP][PASSED] - startExistingApplication("com.kfc.mobile.hkStaging", STOP_ON_FAILURE): Starting app with application ID: 'com.kfc.mobile.hkStaging'

2023-02-08 13:20:26 - [MESSAGE][INFO] - User set preference: ['appPackage', 'com.kfc.mobile.hkStaging']

2023-02-08 13:20:26 - [MESSAGE][INFO] - User set preference: ['appActivity', 'com.kfc.mobile.presentation.home.HomeActivity']

2023-02-08 13:20:26 - [MESSAGE][INFO] - User set preference: ['noReset', 'true']

2023-02-08 13:20:26 - [MESSAGE][INFO] - User set preference: ['deviceId', '']

2023-02-08 13:20:26 - [MESSAGE][INFO] - Detected NodeJS location: "C:\Program Files\nodejs\node.exe"

2023-02-08 13:20:27 - [MESSAGE][INFO] - Appium server started on port 54,206

2023-02-08 13:20:41 - [MESSAGE][INFO] - Failed to get OS statusbar's information using default method.

2023-02-08 13:20:42 - [MESSAGE][PASSED] - Starting app with application ID: 'com.kfc.mobile.hkStaging'

2023-02-08 13:20:42 - [TEST_STEP][PASSED] - delay(5, STOP_ON_FAILURE): Delayed 5 second(s)

2023-02-08 13:20:47 - [MESSAGE][PASSED] - Delayed 5 second(s)

2023-02-08 13:20:47 - [TEST_STEP][PASSED] - tap(findTestObject("Profile/android.widget.TextView - Profil"), 5): Tapped on element 'Object Repository/Profile/android.widget.TextView - Profil'

2023-02-08 13:20:48 - [MESSAGE][PASSED] - Tapped on element 'Object Repository/Profile/android.widget.TextView - Profil'

2023-02-08 13:20:48 - [TEST_STEP][PASSED] - setText(findTestObject("Login/android.widget.EditText - Masukkan nomor handphone Anda"), "081211287388", 0): Text '081211287388' has been set to element 'Object Repository/Login/android.widget.EditText - Masukkan nomor handphone Anda'

2023-02-08 13:20:49 - [MESSAGE][WARNING] - Timeout '0' is invalid. Using default page load timeout: '30'

2023-02-08 13:20:52 - [MESSAGE][PASSED] - Text '081211287388' has been set to element 'Object Repository/Login/android.widget.EditText - Masukkan nomor handphone Anda'

2023-02-08 13:20:52 - [TEST_STEP][PASSED] - hideKeyboard(): Keyboard is hidden

2023-02-08 13:20:53 - [MESSAGE][PASSED] - Keyboard is hidden

2023-02-08 13:20:53 - [TEST_STEP][PASSED] - setText(findTestObject("Login/android.widget.EditText - Ketik kata sandi Anda"), "pass123", 0): Text 'pass123' has been set to element 'Object Repository/Login/android.widget.EditText - Ketik kata sandi Anda'

2023-02-08 13:20:53 - [MESSAGE][WARNING] - Timeout '0' is invalid. Using default page load timeout: '30'

2023-02-08 13:20:55 - [MESSAGE][PASSED] - Text 'pass123' has been set to element 'Object Repository/Login/android.widget.EditText - Ketik kata sandi Anda'

2023-02-08 13:20:55 - [TEST_STEP][PASSED] - hideKeyboard(): Keyboard is hidden

2023-02-08 13:20:56 - [MESSAGE][PASSED] - Keyboard is hidden

2023-02-08 13:20:56 - [TEST_STEP][PASSED] - tap(findTestObject("Login/android.widget.Button - Masuk"), 0): Tapped on element 'Object Repository/Login/android.widget.Button - Masuk'

2023-02-08 13:20:56 - [MESSAGE][WARNING] - Timeout '0' is invalid. Using default page load timeout: '30'

2023-02-08 13:20:57 - [MESSAGE][PASSED] - Tapped on element 'Object Repository/Login/android.widget.Button - Masuk'

2023-02-08 13:20:57 - [TEST_STEP][PASSED] - delay(5, STOP_ON_FAILURE): Delayed 5 second(s)

2023-02-08 13:21:02 - [MESSAGE][PASSED] - Delayed 5 second(s)

2023-02-08 13:21:02 - [TEST_STEP][PASSED] - verifyElementVisible(findTestObject("Login/android.widget.TextView - Nomor handphone Anda belum terdaftar"), 3): Element 'Object Repository/Login/android.widget.TextView - Nomor handphone Anda belum terdaftar' is visible

2023-02-08 13:21:03 - [MESSAGE][PASSED] - Element 'Object Repository/Login/android.widget.TextView - Nomor handphone Anda belum terdaftar' is visible

2023-02-08 13:21:03 - [TEST_STEP][PASSED] - closeApplication(): Close app successfully

2023-02-08 13:21:04 - [MESSAGE][PASSED] - Close app successfully]]></system-out>
         <system-err><![CDATA[]]></system-err>
      </testcase>
      <testcase name="Test Cases/Login KFCKU Apps/Login Failed - Wrong Password" time="40.685" classname="Test Cases/Login KFCKU Apps/Login Failed - Wrong Password" status="PASSED">
         <system-out><![CDATA[2023-02-08 13:21:04 - [TEST_CASE][PASSED] - Test Cases/Login KFCKU Apps/Login Failed - Wrong Password: Test Cases/Login KFCKU Apps/Login Failed - Wrong Password

2023-02-08 13:21:04 - [TEST_STEP][PASSED] - startExistingApplication("com.kfc.mobile.hkStaging", STOP_ON_FAILURE): Starting app with application ID: 'com.kfc.mobile.hkStaging'

2023-02-08 13:21:04 - [MESSAGE][INFO] - User set preference: ['appPackage', 'com.kfc.mobile.hkStaging']

2023-02-08 13:21:04 - [MESSAGE][INFO] - User set preference: ['appActivity', 'com.kfc.mobile.presentation.home.HomeActivity']

2023-02-08 13:21:04 - [MESSAGE][INFO] - User set preference: ['noReset', 'true']

2023-02-08 13:21:04 - [MESSAGE][INFO] - User set preference: ['deviceId', '']

2023-02-08 13:21:05 - [MESSAGE][INFO] - Detected NodeJS location: "C:\Program Files\nodejs\node.exe"

2023-02-08 13:21:06 - [MESSAGE][INFO] - Appium server started on port 54,428

2023-02-08 13:21:20 - [MESSAGE][INFO] - Failed to get OS statusbar's information using default method.

2023-02-08 13:21:21 - [MESSAGE][PASSED] - Starting app with application ID: 'com.kfc.mobile.hkStaging'

2023-02-08 13:21:21 - [TEST_STEP][PASSED] - delay(5, STOP_ON_FAILURE): Delayed 5 second(s)

2023-02-08 13:21:26 - [MESSAGE][PASSED] - Delayed 5 second(s)

2023-02-08 13:21:26 - [TEST_STEP][PASSED] - tap(findTestObject("Profile/android.widget.TextView - Profil"), 5): Tapped on element 'Object Repository/Profile/android.widget.TextView - Profil'

2023-02-08 13:21:28 - [MESSAGE][PASSED] - Tapped on element 'Object Repository/Profile/android.widget.TextView - Profil'

2023-02-08 13:21:28 - [TEST_STEP][PASSED] - setText(findTestObject("Login/android.widget.EditText - Masukkan nomor handphone Anda"), "081211287377", 0): Text '081211287377' has been set to element 'Object Repository/Login/android.widget.EditText - Masukkan nomor handphone Anda'

2023-02-08 13:21:28 - [MESSAGE][WARNING] - Timeout '0' is invalid. Using default page load timeout: '30'

2023-02-08 13:21:32 - [MESSAGE][PASSED] - Text '081211287377' has been set to element 'Object Repository/Login/android.widget.EditText - Masukkan nomor handphone Anda'

2023-02-08 13:21:32 - [TEST_STEP][PASSED] - hideKeyboard(): Keyboard is hidden

2023-02-08 13:21:33 - [MESSAGE][PASSED] - Keyboard is hidden

2023-02-08 13:21:33 - [TEST_STEP][PASSED] - setText(findTestObject("Login/android.widget.EditText - Ketik kata sandi Anda"), "qwerty123", 0): Text 'qwerty123' has been set to element 'Object Repository/Login/android.widget.EditText - Ketik kata sandi Anda'

2023-02-08 13:21:33 - [MESSAGE][WARNING] - Timeout '0' is invalid. Using default page load timeout: '30'

2023-02-08 13:21:34 - [MESSAGE][PASSED] - Text 'qwerty123' has been set to element 'Object Repository/Login/android.widget.EditText - Ketik kata sandi Anda'

2023-02-08 13:21:34 - [TEST_STEP][PASSED] - hideKeyboard(): Keyboard is hidden

2023-02-08 13:21:35 - [MESSAGE][PASSED] - Keyboard is hidden

2023-02-08 13:21:35 - [TEST_STEP][PASSED] - tap(findTestObject("Login/android.widget.Button - Masuk"), 0): Tapped on element 'Object Repository/Login/android.widget.Button - Masuk'

2023-02-08 13:21:36 - [MESSAGE][WARNING] - Timeout '0' is invalid. Using default page load timeout: '30'

2023-02-08 13:21:36 - [MESSAGE][PASSED] - Tapped on element 'Object Repository/Login/android.widget.Button - Masuk'

2023-02-08 13:21:36 - [TEST_STEP][PASSED] - delay(3, STOP_ON_FAILURE): Delayed 3 second(s)

2023-02-08 13:21:39 - [MESSAGE][PASSED] - Delayed 3 second(s)

2023-02-08 13:21:39 - [TEST_STEP][PASSED] - verifyElementVisible(findTestObject("Login/android.widget.TextView - Kata sandi yang Anda masukkan salah"), 3): Element 'Object Repository/Login/android.widget.TextView - Kata sandi yang Anda masukkan salah' is visible

2023-02-08 13:21:40 - [MESSAGE][PASSED] - Element 'Object Repository/Login/android.widget.TextView - Kata sandi yang Anda masukkan salah' is visible

2023-02-08 13:21:40 - [TEST_STEP][PASSED] - verifyElementText(findTestObject("Login/android.widget.TextView - Kata sandi yang Anda masukkan salah"), "Kata sandi yang Anda masukkan salah"): Actual text and expected text of test object 'Object Repository/Login/android.widget.TextView - Kata sandi yang Anda masukkan salah' are matched.

2023-02-08 13:21:41 - [MESSAGE][PASSED] - Actual text and expected text of test object 'Object Repository/Login/android.widget.TextView - Kata sandi yang Anda masukkan salah' are matched.

2023-02-08 13:21:41 - [TEST_STEP][PASSED] - delay(3, STOP_ON_FAILURE): Delayed 3 second(s)

2023-02-08 13:21:44 - [MESSAGE][PASSED] - Delayed 3 second(s)

2023-02-08 13:21:44 - [TEST_STEP][PASSED] - closeApplication(): Close app successfully

2023-02-08 13:21:45 - [MESSAGE][PASSED] - Close app successfully]]></system-out>
         <system-err><![CDATA[]]></system-err>
      </testcase>
      <testcase name="Test Cases/Login KFCKU Apps/Login Social Media" time="60.238" classname="Test Cases/Login KFCKU Apps/Login Social Media" status="PASSED">
         <system-out><![CDATA[2023-02-08 13:21:45 - [TEST_CASE][PASSED] - Test Cases/Login KFCKU Apps/Login Social Media: Test Cases/Login KFCKU Apps/Login Social Media

2023-02-08 13:21:45 - [TEST_STEP][PASSED] - startExistingApplication("com.kfc.mobile.hkStaging", STOP_ON_FAILURE): Starting app with application ID: 'com.kfc.mobile.hkStaging'

2023-02-08 13:21:45 - [MESSAGE][INFO] - User set preference: ['appPackage', 'com.kfc.mobile.hkStaging']

2023-02-08 13:21:45 - [MESSAGE][INFO] - User set preference: ['appActivity', 'com.kfc.mobile.presentation.home.HomeActivity']

2023-02-08 13:21:45 - [MESSAGE][INFO] - User set preference: ['noReset', 'true']

2023-02-08 13:21:45 - [MESSAGE][INFO] - User set preference: ['deviceId', '']

2023-02-08 13:21:45 - [MESSAGE][INFO] - Detected NodeJS location: "C:\Program Files\nodejs\node.exe"

2023-02-08 13:21:46 - [MESSAGE][INFO] - Appium server started on port 54,648

2023-02-08 13:22:00 - [MESSAGE][INFO] - Failed to get OS statusbar's information using default method.

2023-02-08 13:22:01 - [MESSAGE][PASSED] - Starting app with application ID: 'com.kfc.mobile.hkStaging'

2023-02-08 13:22:01 - [TEST_STEP][PASSED] - delay(10): Delayed 10 second(s)

2023-02-08 13:22:11 - [MESSAGE][PASSED] - Delayed 10 second(s)

2023-02-08 13:22:11 - [TEST_STEP][PASSED] - tap(findTestObject("Login/android.widget.TextView - Profil"), 0): Tapped on element 'Object Repository/Login/android.widget.TextView - Profil'

2023-02-08 13:22:11 - [MESSAGE][WARNING] - Timeout '0' is invalid. Using default page load timeout: '30'

2023-02-08 13:22:13 - [MESSAGE][PASSED] - Tapped on element 'Object Repository/Login/android.widget.TextView - Profil'

2023-02-08 13:22:13 - [TEST_STEP][PASSED] - tap(findTestObject("Login Social Media/android.widget.Button - Masuk dengan Google"), 0): Tapped on element 'Object Repository/Login Social Media/android.widget.Button - Masuk dengan Google'

2023-02-08 13:22:13 - [MESSAGE][WARNING] - Timeout '0' is invalid. Using default page load timeout: '30'

2023-02-08 13:22:16 - [MESSAGE][PASSED] - Tapped on element 'Object Repository/Login Social Media/android.widget.Button - Masuk dengan Google'

2023-02-08 13:22:16 - [TEST_STEP][PASSED] - delay(3, STOP_ON_FAILURE): Delayed 3 second(s)

2023-02-08 13:22:19 - [MESSAGE][PASSED] - Delayed 3 second(s)

2023-02-08 13:22:19 - [TEST_STEP][PASSED] - tap(findTestObject("Login Social Media/android.widget.TextView - jecsanmaychelgmail.com"), 0): Tapped on element 'Object Repository/Login Social Media/android.widget.TextView - jecsanmaychelgmail.com'

2023-02-08 13:22:19 - [MESSAGE][WARNING] - Timeout '0' is invalid. Using default page load timeout: '30'

2023-02-08 13:22:21 - [MESSAGE][PASSED] - Tapped on element 'Object Repository/Login Social Media/android.widget.TextView - jecsanmaychelgmail.com'

2023-02-08 13:22:21 - [TEST_STEP][PASSED] - delay(5, STOP_ON_FAILURE): Delayed 5 second(s)

2023-02-08 13:22:26 - [MESSAGE][PASSED] - Delayed 5 second(s)

2023-02-08 13:22:26 - [TEST_STEP][PASSED] - delay(5, STOP_ON_FAILURE): Delayed 5 second(s)

2023-02-08 13:22:31 - [MESSAGE][PASSED] - Delayed 5 second(s)

2023-02-08 13:22:31 - [TEST_STEP][PASSED] - tap(findTestObject("Profile/android.widget.TextView - Profil"), 5): Tapped on element 'Object Repository/Profile/android.widget.TextView - Profil'

2023-02-08 13:22:32 - [MESSAGE][PASSED] - Tapped on element 'Object Repository/Profile/android.widget.TextView - Profil'

2023-02-08 13:22:32 - [TEST_STEP][PASSED] - delay(3, STOP_ON_FAILURE): Delayed 3 second(s)

2023-02-08 13:22:35 - [MESSAGE][PASSED] - Delayed 3 second(s)

2023-02-08 13:22:35 - [TEST_STEP][PASSED] - swipe(281, 500, 434, 161): Swiped from 281,500 to 434,161

2023-02-08 13:22:36 - [MESSAGE][PASSED] - Swiped from 281,500 to 434,161

2023-02-08 13:22:36 - [TEST_STEP][PASSED] - delay(3, STOP_ON_FAILURE): Delayed 3 second(s)

2023-02-08 13:22:39 - [MESSAGE][PASSED] - Delayed 3 second(s)

2023-02-08 13:22:39 - [TEST_STEP][PASSED] - tap(findTestObject("Profile/Perangkat/android.widget.TextView - Keluar"), 5): Tapped on element 'Object Repository/Profile/Perangkat/android.widget.TextView - Keluar'

2023-02-08 13:22:40 - [MESSAGE][PASSED] - Tapped on element 'Object Repository/Profile/Perangkat/android.widget.TextView - Keluar'

2023-02-08 13:22:40 - [TEST_STEP][PASSED] - delay(3, STOP_ON_FAILURE): Delayed 3 second(s)

2023-02-08 13:22:43 - [MESSAGE][PASSED] - Delayed 3 second(s)

2023-02-08 13:22:43 - [TEST_STEP][PASSED] - tap(findTestObject("Profile/Perangkat/android.widget.TextView - Ya"), 5): Tapped on element 'Object Repository/Profile/Perangkat/android.widget.TextView - Ya'

2023-02-08 13:22:43 - [MESSAGE][PASSED] - Tapped on element 'Object Repository/Profile/Perangkat/android.widget.TextView - Ya'

2023-02-08 13:22:43 - [TEST_STEP][PASSED] - closeApplication(): Close app successfully

2023-02-08 13:22:45 - [MESSAGE][PASSED] - Close app successfully]]></system-out>
         <system-err><![CDATA[]]></system-err>
      </testcase>
      <testcase name="Test Cases/Login KFCKU Apps/Login Phone Number" time="42.353" classname="Test Cases/Login KFCKU Apps/Login Phone Number" status="PASSED">
         <system-out><![CDATA[2023-02-08 13:22:45 - [TEST_CASE][PASSED] - Test Cases/Login KFCKU Apps/Login Phone Number: Test Cases/Login KFCKU Apps/Login Phone Number

2023-02-08 13:22:45 - [TEST_STEP][PASSED] - startExistingApplication("com.kfc.mobile.hkStaging", STOP_ON_FAILURE): Starting app with application ID: 'com.kfc.mobile.hkStaging'

2023-02-08 13:22:45 - [MESSAGE][INFO] - User set preference: ['appPackage', 'com.kfc.mobile.hkStaging']

2023-02-08 13:22:45 - [MESSAGE][INFO] - User set preference: ['appActivity', 'com.kfc.mobile.presentation.home.HomeActivity']

2023-02-08 13:22:45 - [MESSAGE][INFO] - User set preference: ['noReset', 'true']

2023-02-08 13:22:45 - [MESSAGE][INFO] - User set preference: ['deviceId', '']

2023-02-08 13:22:45 - [MESSAGE][INFO] - Detected NodeJS location: "C:\Program Files\nodejs\node.exe"

2023-02-08 13:22:47 - [MESSAGE][INFO] - Appium server started on port 54,967

2023-02-08 13:23:01 - [MESSAGE][INFO] - Failed to get OS statusbar's information using default method.

2023-02-08 13:23:02 - [MESSAGE][PASSED] - Starting app with application ID: 'com.kfc.mobile.hkStaging'

2023-02-08 13:23:02 - [TEST_STEP][PASSED] - delay(5, STOP_ON_FAILURE): Delayed 5 second(s)

2023-02-08 13:23:07 - [MESSAGE][PASSED] - Delayed 5 second(s)

2023-02-08 13:23:07 - [TEST_STEP][PASSED] - tap(findTestObject("Profile/android.widget.TextView - Profil"), 5): Tapped on element 'Object Repository/Profile/android.widget.TextView - Profil'

2023-02-08 13:23:08 - [MESSAGE][PASSED] - Tapped on element 'Object Repository/Profile/android.widget.TextView - Profil'

2023-02-08 13:23:08 - [TEST_STEP][PASSED] - setText(findTestObject("Login/android.widget.EditText - Masukkan nomor handphone Anda"), "081211287377", 0): Text '081211287377' has been set to element 'Object Repository/Login/android.widget.EditText - Masukkan nomor handphone Anda'

2023-02-08 13:23:08 - [MESSAGE][WARNING] - Timeout '0' is invalid. Using default page load timeout: '30'

2023-02-08 13:23:12 - [MESSAGE][PASSED] - Text '081211287377' has been set to element 'Object Repository/Login/android.widget.EditText - Masukkan nomor handphone Anda'

2023-02-08 13:23:12 - [TEST_STEP][PASSED] - hideKeyboard(): Keyboard is hidden

2023-02-08 13:23:14 - [MESSAGE][PASSED] - Keyboard is hidden

2023-02-08 13:23:14 - [TEST_STEP][PASSED] - setText(findTestObject("Login/android.widget.EditText - Ketik kata sandi Anda"), "pass111", 0): Text 'pass111' has been set to element 'Object Repository/Login/android.widget.EditText - Ketik kata sandi Anda'

2023-02-08 13:23:14 - [MESSAGE][WARNING] - Timeout '0' is invalid. Using default page load timeout: '30'

2023-02-08 13:23:15 - [MESSAGE][PASSED] - Text 'pass111' has been set to element 'Object Repository/Login/android.widget.EditText - Ketik kata sandi Anda'

2023-02-08 13:23:15 - [TEST_STEP][PASSED] - hideKeyboard(): Keyboard is hidden

2023-02-08 13:23:16 - [MESSAGE][PASSED] - Keyboard is hidden

2023-02-08 13:23:16 - [TEST_STEP][PASSED] - tap(findTestObject("Login/android.widget.Button - Masuk"), 0): Tapped on element 'Object Repository/Login/android.widget.Button - Masuk'

2023-02-08 13:23:16 - [MESSAGE][WARNING] - Timeout '0' is invalid. Using default page load timeout: '30'

2023-02-08 13:23:17 - [MESSAGE][PASSED] - Tapped on element 'Object Repository/Login/android.widget.Button - Masuk'

2023-02-08 13:23:17 - [TEST_STEP][PASSED] - delay(5, STOP_ON_FAILURE): Delayed 5 second(s)

2023-02-08 13:23:22 - [MESSAGE][PASSED] - Delayed 5 second(s)

2023-02-08 13:23:22 - [TEST_STEP][PASSED] - tap(findTestObject("Profile/android.widget.TextView - Profil"), 5): Tapped on element 'Object Repository/Profile/android.widget.TextView - Profil'

2023-02-08 13:23:23 - [MESSAGE][PASSED] - Tapped on element 'Object Repository/Profile/android.widget.TextView - Profil'

2023-02-08 13:23:23 - [TEST_STEP][PASSED] - delay(3, STOP_ON_FAILURE): Delayed 3 second(s)

2023-02-08 13:23:26 - [MESSAGE][PASSED] - Delayed 3 second(s)

2023-02-08 13:23:26 - [TEST_STEP][PASSED] - closeApplication(): Close app successfully

2023-02-08 13:23:27 - [MESSAGE][PASSED] - Close app successfully]]></system-out>
         <system-err><![CDATA[]]></system-err>
      </testcase>
      <system-out><![CDATA[2023-02-08 13:19:35 - [TEST_SUITE][PASSED] - Login: Test Cases/Login KFCKU Apps/Login Phone Number]]></system-out>
      <system-err><![CDATA[]]></system-err>
   </testsuite>
</testsuites>
