<?xml version="1.0" encoding="UTF-8"?>
<testsuites name="Login" time="234.273" tests="5" failures="0" errors="0">
   <testsuite name="Login" tests="5" failures="0" errors="0" time="234.273" skipped="0" timestamp="2023-02-01 17:30:38" hostname="Ahadian Rifky - NKC-23" id="Test Suites/Auth/Login">
      <properties>
         <property name="deviceName" value="OPPO CPH1801 (Android 7.1.1)"/>
         <property name="devicePlatform" value=""/>
         <property name="logFolder" value="C:\\Users\\Ahadian Rifky\\Downloads\\Katalon_Studio_Windows_64-8.5.5\\Katalon_Studio_Windows_64-8.5.5\\git.github.com\\maycheljecsan\\kfckuapps_katalon.git\\kfcku_android\\Reports\\20230201_173034\\Auth\\Login\\20230201_173034"/>
         <property name="logFiles" value="C:\\Users\\Ahadian Rifky\\Downloads\\Katalon_Studio_Windows_64-8.5.5\\Katalon_Studio_Windows_64-8.5.5\\git.github.com\\maycheljecsan\\kfckuapps_katalon.git\\kfcku_android\\Reports\\20230201_173034\\Auth\\Login\\20230201_173034\\appium.log, C:\\Users\\Ahadian Rifky\\Downloads\\Katalon_Studio_Windows_64-8.5.5\\Katalon_Studio_Windows_64-8.5.5\\git.github.com\\maycheljecsan\\kfckuapps_katalon.git\\kfcku_android\\Reports\\20230201_173034\\Auth\\Login\\20230201_173034\\execution0.log"/>
         <property name="attachments" value=""/>
         <property name="hostName" value="Ahadian Rifky - NKC-23"/>
         <property name="os" value="Windows 10 64bit"/>
         <property name="appiumServerStatus" value="{&quot;value&quot;:{&quot;build&quot;:{&quot;version&quot;:&quot;1.22.3&quot;}},&quot;sessionId&quot;:null,&quot;status&quot;:0}"/>
         <property name="katalonVersion" value="8.5.5.208"/>
         <property name="deviceOS" value="Android"/>
         <property name="appiumVersion" value="1.22.3"/>
         <property name="deviceModel" value="CPH1801"/>
         <property name="hostAddress" value="172.10.9.59"/>
         <property name="deviceManufacturer" value="OPPO"/>
         <property name="deviceId" value="aa14e06a"/>
         <property name="deviceName" value="OPPO CPH1801 (Android 7.1.1)"/>
         <property name="deviceOSVersion" value="7.1.1"/>
      </properties>
      <testcase name="Test Cases/Login KFCKU Apps/Login Failed - Empty Phone Number and Password" time="50.707" classname="Test Cases/Login KFCKU Apps/Login Failed - Empty Phone Number and Password" status="PASSED">
         <system-out><![CDATA[2023-02-01 17:30:38 - [TEST_CASE][PASSED] - Test Cases/Login KFCKU Apps/Login Failed - Empty Phone Number and Password: Test Cases/Login KFCKU Apps/Login Failed - Empty Phone Number and Password

2023-02-01 17:30:39 - [TEST_STEP][PASSED] - startExistingApplication("com.kfc.mobile.hkStaging", STOP_ON_FAILURE): Starting app with application ID: 'com.kfc.mobile.hkStaging'

2023-02-01 17:30:39 - [MESSAGE][INFO] - User set preference: ['appPackage', 'com.kfc.mobile.hkStaging']

2023-02-01 17:30:39 - [MESSAGE][INFO] - User set preference: ['appActivity', 'com.kfc.mobile.presentation.home.HomeActivity']

2023-02-01 17:30:39 - [MESSAGE][INFO] - User set preference: ['noReset', 'true']

2023-02-01 17:30:39 - [MESSAGE][INFO] - User set preference: ['deviceId', '']

2023-02-01 17:30:40 - [MESSAGE][INFO] - Detected NodeJS location: "C:\Program Files\nodejs\node.exe"

2023-02-01 17:30:41 - [MESSAGE][INFO] - Appium server started on port 53,973

2023-02-01 17:31:00 - [MESSAGE][INFO] - Failed to get OS statusbar's information using default method.

2023-02-01 17:31:01 - [MESSAGE][PASSED] - Starting app with application ID: 'com.kfc.mobile.hkStaging'

2023-02-01 17:31:01 - [TEST_STEP][PASSED] - delay(5, STOP_ON_FAILURE): Delayed 5 second(s)

2023-02-01 17:31:06 - [MESSAGE][PASSED] - Delayed 5 second(s)

2023-02-01 17:31:06 - [TEST_STEP][PASSED] - tap(findTestObject("Profile/android.widget.TextView - Profil"), 5): Tapped on element 'Object Repository/Profile/android.widget.TextView - Profil'

2023-02-01 17:31:07 - [MESSAGE][PASSED] - Tapped on element 'Object Repository/Profile/android.widget.TextView - Profil'

2023-02-01 17:31:07 - [TEST_STEP][PASSED] - setText(findTestObject("Login/android.widget.EditText - Masukkan nomor handphone Anda"), "", 0): Text '' has been set to element 'Object Repository/Login/android.widget.EditText - Masukkan nomor handphone Anda'

2023-02-01 17:31:08 - [MESSAGE][WARNING] - Timeout '0' is invalid. Using default page load timeout: '30'

2023-02-01 17:31:12 - [MESSAGE][PASSED] - Text '' has been set to element 'Object Repository/Login/android.widget.EditText - Masukkan nomor handphone Anda'

2023-02-01 17:31:12 - [TEST_STEP][PASSED] - hideKeyboard(): Keyboard is hidden

2023-02-01 17:31:13 - [MESSAGE][PASSED] - Keyboard is hidden

2023-02-01 17:31:14 - [TEST_STEP][PASSED] - setText(findTestObject("Login/android.widget.EditText - Ketik kata sandi Anda"), "", 0): Text '' has been set to element 'Object Repository/Login/android.widget.EditText - Ketik kata sandi Anda'

2023-02-01 17:31:14 - [MESSAGE][WARNING] - Timeout '0' is invalid. Using default page load timeout: '30'

2023-02-01 17:31:16 - [MESSAGE][PASSED] - Text '' has been set to element 'Object Repository/Login/android.widget.EditText - Ketik kata sandi Anda'

2023-02-01 17:31:16 - [TEST_STEP][PASSED] - hideKeyboard(): Keyboard is hidden

2023-02-01 17:31:17 - [MESSAGE][PASSED] - Keyboard is hidden

2023-02-01 17:31:17 - [TEST_STEP][PASSED] - tap(findTestObject("Login/android.widget.Button - Masuk"), 0): Tapped on element 'Object Repository/Login/android.widget.Button - Masuk'

2023-02-01 17:31:17 - [MESSAGE][WARNING] - Timeout '0' is invalid. Using default page load timeout: '30'

2023-02-01 17:31:17 - [MESSAGE][PASSED] - Tapped on element 'Object Repository/Login/android.widget.Button - Masuk'

2023-02-01 17:31:17 - [TEST_STEP][PASSED] - delay(5, STOP_ON_FAILURE): Delayed 5 second(s)

2023-02-01 17:31:22 - [MESSAGE][PASSED] - Delayed 5 second(s)

2023-02-01 17:31:22 - [TEST_STEP][PASSED] - verifyElementVisible(findTestObject("Login/Login Failed/android.widget.TextView - nullPhone"), 3): Element 'Object Repository/Login/Login Failed/android.widget.TextView - nullPhone' is visible

2023-02-01 17:31:23 - [MESSAGE][PASSED] - Element 'Object Repository/Login/Login Failed/android.widget.TextView - nullPhone' is visible

2023-02-01 17:31:23 - [TEST_STEP][PASSED] - verifyElementText(findTestObject("Login/Login Failed/android.widget.TextView - nullPhone"), "Mohon masukkan nomor handphone Anda"): Actual text and expected text of test object 'Object Repository/Login/Login Failed/android.widget.TextView - nullPhone' are matched.

2023-02-01 17:31:23 - [MESSAGE][PASSED] - Actual text and expected text of test object 'Object Repository/Login/Login Failed/android.widget.TextView - nullPhone' are matched.

2023-02-01 17:31:23 - [TEST_STEP][PASSED] - verifyElementVisible(findTestObject("Login/Login Failed/android.widget.TextView - nullPass"), 3): Element 'Object Repository/Login/Login Failed/android.widget.TextView - nullPass' is visible

2023-02-01 17:31:23 - [MESSAGE][PASSED] - Element 'Object Repository/Login/Login Failed/android.widget.TextView - nullPass' is visible

2023-02-01 17:31:23 - [TEST_STEP][PASSED] - verifyElementText(findTestObject("Login/Login Failed/android.widget.TextView - nullPass"), "Masukkan kata sandi Anda yang benar"): Actual text and expected text of test object 'Object Repository/Login/Login Failed/android.widget.TextView - nullPass' are matched.

2023-02-01 17:31:25 - [MESSAGE][PASSED] - Actual text and expected text of test object 'Object Repository/Login/Login Failed/android.widget.TextView - nullPass' are matched.

2023-02-01 17:31:25 - [TEST_STEP][PASSED] - delay(3, STOP_ON_FAILURE): Delayed 3 second(s)

2023-02-01 17:31:28 - [MESSAGE][PASSED] - Delayed 3 second(s)

2023-02-01 17:31:28 - [TEST_STEP][PASSED] - closeApplication(): Close app successfully

2023-02-01 17:31:29 - [MESSAGE][PASSED] - Close app successfully]]></system-out>
         <system-err><![CDATA[]]></system-err>
      </testcase>
      <testcase name="Test Cases/Login KFCKU Apps/Login Failed - Phone Number Not Registered" time="39.748" classname="Test Cases/Login KFCKU Apps/Login Failed - Phone Number Not Registered" status="PASSED">
         <system-out><![CDATA[2023-02-01 17:31:29 - [TEST_CASE][PASSED] - Test Cases/Login KFCKU Apps/Login Failed - Phone Number Not Registered: Test Cases/Login KFCKU Apps/Login Failed - Phone Number Not Registered

2023-02-01 17:31:29 - [TEST_STEP][PASSED] - startExistingApplication("com.kfc.mobile.hkStaging", STOP_ON_FAILURE): Starting app with application ID: 'com.kfc.mobile.hkStaging'

2023-02-01 17:31:29 - [MESSAGE][INFO] - User set preference: ['appPackage', 'com.kfc.mobile.hkStaging']

2023-02-01 17:31:29 - [MESSAGE][INFO] - User set preference: ['appActivity', 'com.kfc.mobile.presentation.home.HomeActivity']

2023-02-01 17:31:29 - [MESSAGE][INFO] - User set preference: ['noReset', 'true']

2023-02-01 17:31:29 - [MESSAGE][INFO] - User set preference: ['deviceId', '']

2023-02-01 17:31:30 - [MESSAGE][INFO] - Detected NodeJS location: "C:\Program Files\nodejs\node.exe"

2023-02-01 17:31:31 - [MESSAGE][INFO] - Appium server started on port 54,143

2023-02-01 17:31:45 - [MESSAGE][INFO] - Failed to get OS statusbar's information using default method.

2023-02-01 17:31:46 - [MESSAGE][PASSED] - Starting app with application ID: 'com.kfc.mobile.hkStaging'

2023-02-01 17:31:46 - [TEST_STEP][PASSED] - delay(5, STOP_ON_FAILURE): Delayed 5 second(s)

2023-02-01 17:31:51 - [MESSAGE][PASSED] - Delayed 5 second(s)

2023-02-01 17:31:51 - [TEST_STEP][PASSED] - tap(findTestObject("Profile/android.widget.TextView - Profil"), 5): Tapped on element 'Object Repository/Profile/android.widget.TextView - Profil'

2023-02-01 17:31:53 - [MESSAGE][PASSED] - Tapped on element 'Object Repository/Profile/android.widget.TextView - Profil'

2023-02-01 17:31:53 - [TEST_STEP][PASSED] - setText(findTestObject("Login/android.widget.EditText - Masukkan nomor handphone Anda"), "081211287388", 0): Text '081211287388' has been set to element 'Object Repository/Login/android.widget.EditText - Masukkan nomor handphone Anda'

2023-02-01 17:31:53 - [MESSAGE][WARNING] - Timeout '0' is invalid. Using default page load timeout: '30'

2023-02-01 17:31:57 - [MESSAGE][PASSED] - Text '081211287388' has been set to element 'Object Repository/Login/android.widget.EditText - Masukkan nomor handphone Anda'

2023-02-01 17:31:57 - [TEST_STEP][PASSED] - hideKeyboard(): Keyboard is hidden

2023-02-01 17:31:58 - [MESSAGE][PASSED] - Keyboard is hidden

2023-02-01 17:31:58 - [TEST_STEP][PASSED] - setText(findTestObject("Login/android.widget.EditText - Ketik kata sandi Anda"), "pass123", 0): Text 'pass123' has been set to element 'Object Repository/Login/android.widget.EditText - Ketik kata sandi Anda'

2023-02-01 17:31:58 - [MESSAGE][WARNING] - Timeout '0' is invalid. Using default page load timeout: '30'

2023-02-01 17:31:59 - [MESSAGE][PASSED] - Text 'pass123' has been set to element 'Object Repository/Login/android.widget.EditText - Ketik kata sandi Anda'

2023-02-01 17:31:59 - [TEST_STEP][PASSED] - hideKeyboard(): Keyboard is hidden

2023-02-01 17:32:00 - [MESSAGE][PASSED] - Keyboard is hidden

2023-02-01 17:32:01 - [TEST_STEP][PASSED] - tap(findTestObject("Login/android.widget.Button - Masuk"), 0): Tapped on element 'Object Repository/Login/android.widget.Button - Masuk'

2023-02-01 17:32:01 - [MESSAGE][WARNING] - Timeout '0' is invalid. Using default page load timeout: '30'

2023-02-01 17:32:01 - [MESSAGE][PASSED] - Tapped on element 'Object Repository/Login/android.widget.Button - Masuk'

2023-02-01 17:32:01 - [TEST_STEP][PASSED] - delay(5, STOP_ON_FAILURE): Delayed 5 second(s)

2023-02-01 17:32:06 - [MESSAGE][PASSED] - Delayed 5 second(s)

2023-02-01 17:32:06 - [TEST_STEP][PASSED] - verifyElementVisible(findTestObject("Login/android.widget.TextView - Nomor handphone Anda belum terdaftar"), 3): Element 'Object Repository/Login/android.widget.TextView - Nomor handphone Anda belum terdaftar' is visible

2023-02-01 17:32:08 - [MESSAGE][PASSED] - Element 'Object Repository/Login/android.widget.TextView - Nomor handphone Anda belum terdaftar' is visible

2023-02-01 17:32:08 - [TEST_STEP][PASSED] - closeApplication(): Close app successfully

2023-02-01 17:32:09 - [MESSAGE][PASSED] - Close app successfully]]></system-out>
         <system-err><![CDATA[]]></system-err>
      </testcase>
      <testcase name="Test Cases/Login KFCKU Apps/Login Failed - Wrong Password" time="40.447" classname="Test Cases/Login KFCKU Apps/Login Failed - Wrong Password" status="PASSED">
         <system-out><![CDATA[2023-02-01 17:32:09 - [TEST_CASE][PASSED] - Test Cases/Login KFCKU Apps/Login Failed - Wrong Password: Test Cases/Login KFCKU Apps/Login Failed - Wrong Password

2023-02-01 17:32:09 - [TEST_STEP][PASSED] - startExistingApplication("com.kfc.mobile.hkStaging", STOP_ON_FAILURE): Starting app with application ID: 'com.kfc.mobile.hkStaging'

2023-02-01 17:32:09 - [MESSAGE][INFO] - User set preference: ['appPackage', 'com.kfc.mobile.hkStaging']

2023-02-01 17:32:09 - [MESSAGE][INFO] - User set preference: ['appActivity', 'com.kfc.mobile.presentation.home.HomeActivity']

2023-02-01 17:32:09 - [MESSAGE][INFO] - User set preference: ['noReset', 'true']

2023-02-01 17:32:09 - [MESSAGE][INFO] - User set preference: ['deviceId', '']

2023-02-01 17:32:09 - [MESSAGE][INFO] - Detected NodeJS location: "C:\Program Files\nodejs\node.exe"

2023-02-01 17:32:11 - [MESSAGE][INFO] - Appium server started on port 54,324

2023-02-01 17:32:24 - [MESSAGE][INFO] - Failed to get OS statusbar's information using default method.

2023-02-01 17:32:26 - [MESSAGE][PASSED] - Starting app with application ID: 'com.kfc.mobile.hkStaging'

2023-02-01 17:32:26 - [TEST_STEP][PASSED] - delay(5, STOP_ON_FAILURE): Delayed 5 second(s)

2023-02-01 17:32:31 - [MESSAGE][PASSED] - Delayed 5 second(s)

2023-02-01 17:32:31 - [TEST_STEP][PASSED] - tap(findTestObject("Profile/android.widget.TextView - Profil"), 5): Tapped on element 'Object Repository/Profile/android.widget.TextView - Profil'

2023-02-01 17:32:32 - [MESSAGE][PASSED] - Tapped on element 'Object Repository/Profile/android.widget.TextView - Profil'

2023-02-01 17:32:32 - [TEST_STEP][PASSED] - setText(findTestObject("Login/android.widget.EditText - Masukkan nomor handphone Anda"), "081211287377", 0): Text '081211287377' has been set to element 'Object Repository/Login/android.widget.EditText - Masukkan nomor handphone Anda'

2023-02-01 17:32:32 - [MESSAGE][WARNING] - Timeout '0' is invalid. Using default page load timeout: '30'

2023-02-01 17:32:36 - [MESSAGE][PASSED] - Text '081211287377' has been set to element 'Object Repository/Login/android.widget.EditText - Masukkan nomor handphone Anda'

2023-02-01 17:32:36 - [TEST_STEP][PASSED] - hideKeyboard(): Keyboard is hidden

2023-02-01 17:32:37 - [MESSAGE][PASSED] - Keyboard is hidden

2023-02-01 17:32:37 - [TEST_STEP][PASSED] - setText(findTestObject("Login/android.widget.EditText - Ketik kata sandi Anda"), "qwerty123", 0): Text 'qwerty123' has been set to element 'Object Repository/Login/android.widget.EditText - Ketik kata sandi Anda'

2023-02-01 17:32:37 - [MESSAGE][WARNING] - Timeout '0' is invalid. Using default page load timeout: '30'

2023-02-01 17:32:39 - [MESSAGE][PASSED] - Text 'qwerty123' has been set to element 'Object Repository/Login/android.widget.EditText - Ketik kata sandi Anda'

2023-02-01 17:32:39 - [TEST_STEP][PASSED] - hideKeyboard(): Keyboard is hidden

2023-02-01 17:32:40 - [MESSAGE][PASSED] - Keyboard is hidden

2023-02-01 17:32:40 - [TEST_STEP][PASSED] - tap(findTestObject("Login/android.widget.Button - Masuk"), 0): Tapped on element 'Object Repository/Login/android.widget.Button - Masuk'

2023-02-01 17:32:40 - [MESSAGE][WARNING] - Timeout '0' is invalid. Using default page load timeout: '30'

2023-02-01 17:32:41 - [MESSAGE][PASSED] - Tapped on element 'Object Repository/Login/android.widget.Button - Masuk'

2023-02-01 17:32:41 - [TEST_STEP][PASSED] - delay(3, STOP_ON_FAILURE): Delayed 3 second(s)

2023-02-01 17:32:44 - [MESSAGE][PASSED] - Delayed 3 second(s)

2023-02-01 17:32:44 - [TEST_STEP][PASSED] - verifyElementVisible(findTestObject("Login/android.widget.TextView - Kata sandi yang Anda masukkan salah"), 3): Element 'Object Repository/Login/android.widget.TextView - Kata sandi yang Anda masukkan salah' is visible

2023-02-01 17:32:45 - [MESSAGE][PASSED] - Element 'Object Repository/Login/android.widget.TextView - Kata sandi yang Anda masukkan salah' is visible

2023-02-01 17:32:45 - [TEST_STEP][PASSED] - verifyElementText(findTestObject("Login/android.widget.TextView - Kata sandi yang Anda masukkan salah"), "Kata sandi yang Anda masukkan salah"): Actual text and expected text of test object 'Object Repository/Login/android.widget.TextView - Kata sandi yang Anda masukkan salah' are matched.

2023-02-01 17:32:45 - [MESSAGE][PASSED] - Actual text and expected text of test object 'Object Repository/Login/android.widget.TextView - Kata sandi yang Anda masukkan salah' are matched.

2023-02-01 17:32:45 - [TEST_STEP][PASSED] - delay(3, STOP_ON_FAILURE): Delayed 3 second(s)

2023-02-01 17:32:48 - [MESSAGE][PASSED] - Delayed 3 second(s)

2023-02-01 17:32:48 - [TEST_STEP][PASSED] - closeApplication(): Close app successfully

2023-02-01 17:32:49 - [MESSAGE][PASSED] - Close app successfully]]></system-out>
         <system-err><![CDATA[]]></system-err>
      </testcase>
      <testcase name="Test Cases/Login KFCKU Apps/Login Social Media" time="60.031" classname="Test Cases/Login KFCKU Apps/Login Social Media" status="PASSED">
         <system-out><![CDATA[2023-02-01 17:32:49 - [TEST_CASE][PASSED] - Test Cases/Login KFCKU Apps/Login Social Media: Test Cases/Login KFCKU Apps/Login Social Media

2023-02-01 17:32:49 - [TEST_STEP][PASSED] - startExistingApplication("com.kfc.mobile.hkStaging", STOP_ON_FAILURE): Starting app with application ID: 'com.kfc.mobile.hkStaging'

2023-02-01 17:32:49 - [MESSAGE][INFO] - User set preference: ['appPackage', 'com.kfc.mobile.hkStaging']

2023-02-01 17:32:49 - [MESSAGE][INFO] - User set preference: ['appActivity', 'com.kfc.mobile.presentation.home.HomeActivity']

2023-02-01 17:32:49 - [MESSAGE][INFO] - User set preference: ['noReset', 'true']

2023-02-01 17:32:49 - [MESSAGE][INFO] - User set preference: ['deviceId', '']

2023-02-01 17:32:50 - [MESSAGE][INFO] - Detected NodeJS location: "C:\Program Files\nodejs\node.exe"

2023-02-01 17:32:51 - [MESSAGE][INFO] - Appium server started on port 54,495

2023-02-01 17:33:05 - [MESSAGE][INFO] - Failed to get OS statusbar's information using default method.

2023-02-01 17:33:06 - [MESSAGE][PASSED] - Starting app with application ID: 'com.kfc.mobile.hkStaging'

2023-02-01 17:33:06 - [TEST_STEP][PASSED] - delay(10): Delayed 10 second(s)

2023-02-01 17:33:16 - [MESSAGE][PASSED] - Delayed 10 second(s)

2023-02-01 17:33:16 - [TEST_STEP][PASSED] - tap(findTestObject("Login/android.widget.TextView - Profil"), 0): Tapped on element 'Object Repository/Login/android.widget.TextView - Profil'

2023-02-01 17:33:16 - [MESSAGE][WARNING] - Timeout '0' is invalid. Using default page load timeout: '30'

2023-02-01 17:33:18 - [MESSAGE][PASSED] - Tapped on element 'Object Repository/Login/android.widget.TextView - Profil'

2023-02-01 17:33:18 - [TEST_STEP][PASSED] - tap(findTestObject("Login Social Media/android.widget.Button - Masuk dengan Google"), 0): Tapped on element 'Object Repository/Login Social Media/android.widget.Button - Masuk dengan Google'

2023-02-01 17:33:18 - [MESSAGE][WARNING] - Timeout '0' is invalid. Using default page load timeout: '30'

2023-02-01 17:33:21 - [MESSAGE][PASSED] - Tapped on element 'Object Repository/Login Social Media/android.widget.Button - Masuk dengan Google'

2023-02-01 17:33:21 - [TEST_STEP][PASSED] - delay(3, STOP_ON_FAILURE): Delayed 3 second(s)

2023-02-01 17:33:24 - [MESSAGE][PASSED] - Delayed 3 second(s)

2023-02-01 17:33:24 - [TEST_STEP][PASSED] - tap(findTestObject("Login Social Media/android.widget.TextView - jecsanmaychelgmail.com"), 0): Tapped on element 'Object Repository/Login Social Media/android.widget.TextView - jecsanmaychelgmail.com'

2023-02-01 17:33:24 - [MESSAGE][WARNING] - Timeout '0' is invalid. Using default page load timeout: '30'

2023-02-01 17:33:24 - [MESSAGE][PASSED] - Tapped on element 'Object Repository/Login Social Media/android.widget.TextView - jecsanmaychelgmail.com'

2023-02-01 17:33:24 - [TEST_STEP][PASSED] - delay(5, STOP_ON_FAILURE): Delayed 5 second(s)

2023-02-01 17:33:29 - [MESSAGE][PASSED] - Delayed 5 second(s)

2023-02-01 17:33:29 - [TEST_STEP][PASSED] - delay(5, STOP_ON_FAILURE): Delayed 5 second(s)

2023-02-01 17:33:34 - [MESSAGE][PASSED] - Delayed 5 second(s)

2023-02-01 17:33:34 - [TEST_STEP][PASSED] - tap(findTestObject("Profile/android.widget.TextView - Profil"), 5): Tapped on element 'Object Repository/Profile/android.widget.TextView - Profil'

2023-02-01 17:33:36 - [MESSAGE][PASSED] - Tapped on element 'Object Repository/Profile/android.widget.TextView - Profil'

2023-02-01 17:33:36 - [TEST_STEP][PASSED] - delay(3, STOP_ON_FAILURE): Delayed 3 second(s)

2023-02-01 17:33:39 - [MESSAGE][PASSED] - Delayed 3 second(s)

2023-02-01 17:33:39 - [TEST_STEP][PASSED] - swipe(281, 500, 434, 161): Swiped from 281,500 to 434,161

2023-02-01 17:33:40 - [MESSAGE][PASSED] - Swiped from 281,500 to 434,161

2023-02-01 17:33:40 - [TEST_STEP][PASSED] - delay(3, STOP_ON_FAILURE): Delayed 3 second(s)

2023-02-01 17:33:43 - [MESSAGE][PASSED] - Delayed 3 second(s)

2023-02-01 17:33:43 - [TEST_STEP][PASSED] - tap(findTestObject("Profile/Perangkat/android.widget.TextView - Keluar"), 5): Tapped on element 'Object Repository/Profile/Perangkat/android.widget.TextView - Keluar'

2023-02-01 17:33:43 - [MESSAGE][PASSED] - Tapped on element 'Object Repository/Profile/Perangkat/android.widget.TextView - Keluar'

2023-02-01 17:33:44 - [TEST_STEP][PASSED] - delay(3, STOP_ON_FAILURE): Delayed 3 second(s)

2023-02-01 17:33:47 - [MESSAGE][PASSED] - Delayed 3 second(s)

2023-02-01 17:33:47 - [TEST_STEP][PASSED] - tap(findTestObject("Profile/Perangkat/android.widget.TextView - Ya"), 5): Tapped on element 'Object Repository/Profile/Perangkat/android.widget.TextView - Ya'

2023-02-01 17:33:48 - [MESSAGE][PASSED] - Tapped on element 'Object Repository/Profile/Perangkat/android.widget.TextView - Ya'

2023-02-01 17:33:48 - [TEST_STEP][PASSED] - closeApplication(): Close app successfully

2023-02-01 17:33:49 - [MESSAGE][PASSED] - Close app successfully]]></system-out>
         <system-err><![CDATA[]]></system-err>
      </testcase>
      <testcase name="Test Cases/Login KFCKU Apps/Login Phone Number" time="42.958" classname="Test Cases/Login KFCKU Apps/Login Phone Number" status="PASSED">
         <system-out><![CDATA[2023-02-01 17:33:49 - [TEST_CASE][PASSED] - Test Cases/Login KFCKU Apps/Login Phone Number: Test Cases/Login KFCKU Apps/Login Phone Number

2023-02-01 17:33:49 - [TEST_STEP][PASSED] - startExistingApplication("com.kfc.mobile.hkStaging", STOP_ON_FAILURE): Starting app with application ID: 'com.kfc.mobile.hkStaging'

2023-02-01 17:33:50 - [MESSAGE][INFO] - User set preference: ['appPackage', 'com.kfc.mobile.hkStaging']

2023-02-01 17:33:50 - [MESSAGE][INFO] - User set preference: ['appActivity', 'com.kfc.mobile.presentation.home.HomeActivity']

2023-02-01 17:33:50 - [MESSAGE][INFO] - User set preference: ['noReset', 'true']

2023-02-01 17:33:50 - [MESSAGE][INFO] - User set preference: ['deviceId', '']

2023-02-01 17:33:50 - [MESSAGE][INFO] - Detected NodeJS location: "C:\Program Files\nodejs\node.exe"

2023-02-01 17:33:52 - [MESSAGE][INFO] - Appium server started on port 54,664

2023-02-01 17:34:05 - [MESSAGE][INFO] - Failed to get OS statusbar's information using default method.

2023-02-01 17:34:06 - [MESSAGE][PASSED] - Starting app with application ID: 'com.kfc.mobile.hkStaging'

2023-02-01 17:34:06 - [TEST_STEP][PASSED] - delay(5, STOP_ON_FAILURE): Delayed 5 second(s)

2023-02-01 17:34:11 - [MESSAGE][PASSED] - Delayed 5 second(s)

2023-02-01 17:34:11 - [TEST_STEP][PASSED] - tap(findTestObject("Profile/android.widget.TextView - Profil"), 5): Tapped on element 'Object Repository/Profile/android.widget.TextView - Profil'

2023-02-01 17:34:13 - [MESSAGE][PASSED] - Tapped on element 'Object Repository/Profile/android.widget.TextView - Profil'

2023-02-01 17:34:13 - [TEST_STEP][PASSED] - setText(findTestObject("Login/android.widget.EditText - Masukkan nomor handphone Anda"), "081211287377", 0): Text '081211287377' has been set to element 'Object Repository/Login/android.widget.EditText - Masukkan nomor handphone Anda'

2023-02-01 17:34:13 - [MESSAGE][WARNING] - Timeout '0' is invalid. Using default page load timeout: '30'

2023-02-01 17:34:17 - [MESSAGE][PASSED] - Text '081211287377' has been set to element 'Object Repository/Login/android.widget.EditText - Masukkan nomor handphone Anda'

2023-02-01 17:34:17 - [TEST_STEP][PASSED] - hideKeyboard(): Keyboard is hidden

2023-02-01 17:34:18 - [MESSAGE][PASSED] - Keyboard is hidden

2023-02-01 17:34:18 - [TEST_STEP][PASSED] - setText(findTestObject("Login/android.widget.EditText - Ketik kata sandi Anda"), "pass123", 0): Text 'pass123' has been set to element 'Object Repository/Login/android.widget.EditText - Ketik kata sandi Anda'

2023-02-01 17:34:18 - [MESSAGE][WARNING] - Timeout '0' is invalid. Using default page load timeout: '30'

2023-02-01 17:34:20 - [MESSAGE][PASSED] - Text 'pass123' has been set to element 'Object Repository/Login/android.widget.EditText - Ketik kata sandi Anda'

2023-02-01 17:34:20 - [TEST_STEP][PASSED] - hideKeyboard(): Keyboard is hidden

2023-02-01 17:34:21 - [MESSAGE][PASSED] - Keyboard is hidden

2023-02-01 17:34:21 - [TEST_STEP][PASSED] - tap(findTestObject("Login/android.widget.Button - Masuk"), 0): Tapped on element 'Object Repository/Login/android.widget.Button - Masuk'

2023-02-01 17:34:21 - [MESSAGE][WARNING] - Timeout '0' is invalid. Using default page load timeout: '30'

2023-02-01 17:34:21 - [MESSAGE][PASSED] - Tapped on element 'Object Repository/Login/android.widget.Button - Masuk'

2023-02-01 17:34:21 - [TEST_STEP][PASSED] - delay(5, STOP_ON_FAILURE): Delayed 5 second(s)

2023-02-01 17:34:26 - [MESSAGE][PASSED] - Delayed 5 second(s)

2023-02-01 17:34:26 - [TEST_STEP][PASSED] - tap(findTestObject("Profile/android.widget.TextView - Profil"), 5): Tapped on element 'Object Repository/Profile/android.widget.TextView - Profil'

2023-02-01 17:34:28 - [MESSAGE][PASSED] - Tapped on element 'Object Repository/Profile/android.widget.TextView - Profil'

2023-02-01 17:34:28 - [TEST_STEP][PASSED] - delay(3, STOP_ON_FAILURE): Delayed 3 second(s)

2023-02-01 17:34:31 - [MESSAGE][PASSED] - Delayed 3 second(s)

2023-02-01 17:34:31 - [TEST_STEP][PASSED] - closeApplication(): Close app successfully

2023-02-01 17:34:32 - [MESSAGE][PASSED] - Close app successfully]]></system-out>
         <system-err><![CDATA[]]></system-err>
      </testcase>
      <system-out><![CDATA[2023-02-01 17:30:38 - [TEST_SUITE][PASSED] - Login: Test Cases/Login KFCKU Apps/Login Phone Number]]></system-out>
      <system-err><![CDATA[]]></system-err>
   </testsuite>
</testsuites>
