<?xml version="1.0" encoding="UTF-8"?>
<testsuites name="Login Production" time="99.241" tests="2" failures="0" errors="0">
   <testsuite name="Login Production" tests="2" failures="0" errors="0" time="99.241" skipped="0" timestamp="2023-03-13 15:32:05" hostname="Ahadian Rifky - NKC-23" id="Test Suites/Production/Login Production">
      <properties>
         <property name="deviceName" value="OPPO CPH1801 (Android 7.1.1)"/>
         <property name="devicePlatform" value=""/>
         <property name="logFolder" value="C:\\Users\\Ahadian Rifky\\Downloads\\Katalon_Studio_Windows_64-8.5.5\\Katalon_Studio_Windows_64-8.5.5\\git.github.com\\maycheljecsan\\kfckuapps_katalon.git\\kfcku_android\\Reports\\20230313_153154\\Production\\Login Production\\20230313_153154"/>
         <property name="logFiles" value="C:\\Users\\Ahadian Rifky\\Downloads\\Katalon_Studio_Windows_64-8.5.5\\Katalon_Studio_Windows_64-8.5.5\\git.github.com\\maycheljecsan\\kfckuapps_katalon.git\\kfcku_android\\Reports\\20230313_153154\\Production\\Login Production\\20230313_153154\\appium.log, C:\\Users\\Ahadian Rifky\\Downloads\\Katalon_Studio_Windows_64-8.5.5\\Katalon_Studio_Windows_64-8.5.5\\git.github.com\\maycheljecsan\\kfckuapps_katalon.git\\kfcku_android\\Reports\\20230313_153154\\Production\\Login Production\\20230313_153154\\execution0.log"/>
         <property name="attachments" value=""/>
         <property name="hostName" value="Ahadian Rifky - NKC-23"/>
         <property name="os" value="Windows 10 64bit"/>
         <property name="appiumServerStatus" value="{&quot;value&quot;:{&quot;build&quot;:{&quot;version&quot;:&quot;1.22.3&quot;}},&quot;sessionId&quot;:null,&quot;status&quot;:0}"/>
         <property name="katalonVersion" value="8.5.5.208"/>
         <property name="deviceOS" value="Android"/>
         <property name="appiumVersion" value="1.22.3"/>
         <property name="deviceModel" value="CPH1801"/>
         <property name="hostAddress" value="172.10.13.174"/>
         <property name="deviceManufacturer" value="OPPO"/>
         <property name="deviceId" value="aa14e06a"/>
         <property name="deviceName" value="OPPO CPH1801 (Android 7.1.1)"/>
         <property name="deviceOSVersion" value="7.1.1"/>
      </properties>
      <testcase name="Test Cases/Production/Login KFCKU Apps/Login Failed - Empty Phone Number and Password" time="54.214" classname="Test Cases/Production/Login KFCKU Apps/Login Failed - Empty Phone Number and Password" status="PASSED">
         <system-out><![CDATA[2023-03-13 15:32:05 - [TEST_CASE][PASSED] - Test Cases/Production/Login KFCKU Apps/Login Failed - Empty Phone Number and Password: Test Cases/Production/Login KFCKU Apps/Login Failed - Empty Phone Number and Password

2023-03-13 15:32:05 - [TEST_STEP][PASSED] - startExistingApplication("com.kfc.mobile", STOP_ON_FAILURE): Starting app with application ID: 'com.kfc.mobile'

2023-03-13 15:32:06 - [MESSAGE][INFO] - User set preference: ['appPackage', 'com.kfc.mobile.hkStaging']

2023-03-13 15:32:06 - [MESSAGE][INFO] - User set preference: ['appActivity', 'com.kfc.mobile.presentation.splash.SplashActivity']

2023-03-13 15:32:06 - [MESSAGE][INFO] - User set preference: ['noReset', 'true']

2023-03-13 15:32:06 - [MESSAGE][INFO] - User set preference: ['deviceId', '']

2023-03-13 15:32:06 - [MESSAGE][INFO] - Detected NodeJS location: "C:\Program Files\nodejs\node.exe"

2023-03-13 15:32:08 - [MESSAGE][INFO] - Appium server started on port 51,209

2023-03-13 15:32:30 - [MESSAGE][INFO] - Failed to get OS statusbar's information using default method.

2023-03-13 15:32:32 - [MESSAGE][PASSED] - Starting app with application ID: 'com.kfc.mobile'

2023-03-13 15:32:32 - [TEST_STEP][PASSED] - delay(5, STOP_ON_FAILURE): Delayed 5 second(s)

2023-03-13 15:32:37 - [MESSAGE][PASSED] - Delayed 5 second(s)

2023-03-13 15:32:37 - [TEST_STEP][PASSED] - pressBack(): Press back button successfully

2023-03-13 15:32:37 - [MESSAGE][PASSED] - Press back button successfully

2023-03-13 15:32:37 - [TEST_STEP][PASSED] - tap(findTestObject("Production/Home - Login/Profil"), 5): Tapped on element 'Object Repository/Production/Home - Login/Profil'

2023-03-13 15:32:41 - [MESSAGE][PASSED] - Tapped on element 'Object Repository/Production/Home - Login/Profil'

2023-03-13 15:32:41 - [TEST_STEP][PASSED] - setText(findTestObject("Production/Home - Login/Masukkan nomor handphone Anda"), "", 0): Text '' has been set to element 'Object Repository/Production/Home - Login/Masukkan nomor handphone Anda'

2023-03-13 15:32:41 - [MESSAGE][WARNING] - Timeout '0' is invalid. Using default page load timeout: '30'

2023-03-13 15:32:44 - [MESSAGE][PASSED] - Text '' has been set to element 'Object Repository/Production/Home - Login/Masukkan nomor handphone Anda'

2023-03-13 15:32:44 - [TEST_STEP][PASSED] - hideKeyboard(): Keyboard is hidden

2023-03-13 15:32:46 - [MESSAGE][PASSED] - Keyboard is hidden

2023-03-13 15:32:46 - [TEST_STEP][PASSED] - setText(findTestObject("Production/Home - Login/Ketik kata sandi Anda"), "", 0): Text '' has been set to element 'Object Repository/Production/Home - Login/Ketik kata sandi Anda'

2023-03-13 15:32:46 - [MESSAGE][WARNING] - Timeout '0' is invalid. Using default page load timeout: '30'

2023-03-13 15:32:48 - [MESSAGE][PASSED] - Text '' has been set to element 'Object Repository/Production/Home - Login/Ketik kata sandi Anda'

2023-03-13 15:32:48 - [TEST_STEP][PASSED] - hideKeyboard(): Keyboard is hidden

2023-03-13 15:32:50 - [MESSAGE][PASSED] - Keyboard is hidden

2023-03-13 15:32:50 - [TEST_STEP][PASSED] - tap(findTestObject("Production/Home - Login/Button - Masuk"), 0): Tapped on element 'Object Repository/Production/Home - Login/Button - Masuk'

2023-03-13 15:32:50 - [MESSAGE][WARNING] - Timeout '0' is invalid. Using default page load timeout: '30'

2023-03-13 15:32:50 - [MESSAGE][PASSED] - Tapped on element 'Object Repository/Production/Home - Login/Button - Masuk'

2023-03-13 15:32:50 - [TEST_STEP][PASSED] - delay(5, STOP_ON_FAILURE): Delayed 5 second(s)

2023-03-13 15:32:55 - [MESSAGE][PASSED] - Delayed 5 second(s)

2023-03-13 15:32:55 - [TEST_STEP][PASSED] - waitForElementPresent(findTestObject("Production/Home - Login/Mohon masukkan nomor handphone Anda"), 0, STOP_ON_FAILURE): Element 'Object Repository/Production/Home - Login/Mohon masukkan nomor handphone Anda' is present

2023-03-13 15:32:55 - [MESSAGE][WARNING] - Timeout '0' is invalid. Using default page load timeout: '30'

2023-03-13 15:32:56 - [MESSAGE][PASSED] - Element 'Object Repository/Production/Home - Login/Mohon masukkan nomor handphone Anda' is present

2023-03-13 15:32:56 - [TEST_STEP][PASSED] - waitForElementPresent(findTestObject("Production/Home - Login/Masukkan kata sandi Anda yang benar"), 0): Element 'Object Repository/Production/Home - Login/Masukkan kata sandi Anda yang benar' is present

2023-03-13 15:32:56 - [MESSAGE][WARNING] - Timeout '0' is invalid. Using default page load timeout: '30'

2023-03-13 15:32:56 - [MESSAGE][PASSED] - Element 'Object Repository/Production/Home - Login/Masukkan kata sandi Anda yang benar' is present

2023-03-13 15:32:56 - [TEST_STEP][PASSED] - delay(3, STOP_ON_FAILURE): Delayed 3 second(s)

2023-03-13 15:32:59 - [MESSAGE][PASSED] - Delayed 3 second(s)

2023-03-13 15:32:59 - [TEST_STEP][PASSED] - Start listener action : sampleAfterTestCase: null

2023-03-13 15:32:59 - [TEST_STEP][PASSED] - println(testCaseContext.getTestCaseId()): null

2023-03-13 15:32:59 - [TEST_STEP][PASSED] - println(testCaseContext.getTestCaseStatus()): null]]></system-out>
         <system-err><![CDATA[]]></system-err>
      </testcase>
      <testcase name="Test Cases/Production/Login KFCKU Apps/Login Failed - Phone Number Not Registered" time="44.771" classname="Test Cases/Production/Login KFCKU Apps/Login Failed - Phone Number Not Registered" status="PASSED">
         <system-out><![CDATA[2023-03-13 15:32:59 - [TEST_CASE][PASSED] - Test Cases/Production/Login KFCKU Apps/Login Failed - Phone Number Not Registered: Test Cases/Production/Login KFCKU Apps/Login Failed - Phone Number Not Registered

2023-03-13 15:32:59 - [TEST_STEP][PASSED] - startExistingApplication("com.kfc.mobile", STOP_ON_FAILURE): Starting app with application ID: 'com.kfc.mobile'

2023-03-13 15:32:59 - [MESSAGE][INFO] - User set preference: ['appPackage', 'com.kfc.mobile.hkStaging']

2023-03-13 15:32:59 - [MESSAGE][INFO] - User set preference: ['appActivity', 'com.kfc.mobile.presentation.splash.SplashActivity']

2023-03-13 15:32:59 - [MESSAGE][INFO] - User set preference: ['noReset', 'true']

2023-03-13 15:32:59 - [MESSAGE][INFO] - User set preference: ['deviceId', '']

2023-03-13 15:33:14 - [MESSAGE][INFO] - Failed to get OS statusbar's information using default method.

2023-03-13 15:33:16 - [MESSAGE][PASSED] - Starting app with application ID: 'com.kfc.mobile'

2023-03-13 15:33:16 - [TEST_STEP][PASSED] - delay(5, STOP_ON_FAILURE): Delayed 5 second(s)

2023-03-13 15:33:21 - [MESSAGE][PASSED] - Delayed 5 second(s)

2023-03-13 15:33:21 - [TEST_STEP][PASSED] - pressBack(): Press back button successfully

2023-03-13 15:33:21 - [MESSAGE][PASSED] - Press back button successfully

2023-03-13 15:33:21 - [TEST_STEP][PASSED] - tap(findTestObject("Production/Home - Login/Profil"), 5): Tapped on element 'Object Repository/Production/Home - Login/Profil'

2023-03-13 15:33:23 - [MESSAGE][PASSED] - Tapped on element 'Object Repository/Production/Home - Login/Profil'

2023-03-13 15:33:23 - [TEST_STEP][PASSED] - setText(findTestObject("Production/Home - Login/Masukkan nomor handphone Anda"), "081211287388", 0): Text '081211287388' has been set to element 'Object Repository/Production/Home - Login/Masukkan nomor handphone Anda'

2023-03-13 15:33:23 - [MESSAGE][WARNING] - Timeout '0' is invalid. Using default page load timeout: '30'

2023-03-13 15:33:27 - [MESSAGE][PASSED] - Text '081211287388' has been set to element 'Object Repository/Production/Home - Login/Masukkan nomor handphone Anda'

2023-03-13 15:33:27 - [TEST_STEP][PASSED] - hideKeyboard(): Keyboard is hidden

2023-03-13 15:33:28 - [MESSAGE][PASSED] - Keyboard is hidden

2023-03-13 15:33:28 - [TEST_STEP][PASSED] - setText(findTestObject("Production/Home - Login/Ketik kata sandi Anda"), "pass123", 0): Text 'pass123' has been set to element 'Object Repository/Production/Home - Login/Ketik kata sandi Anda'

2023-03-13 15:33:28 - [MESSAGE][WARNING] - Timeout '0' is invalid. Using default page load timeout: '30'

2023-03-13 15:33:30 - [MESSAGE][PASSED] - Text 'pass123' has been set to element 'Object Repository/Production/Home - Login/Ketik kata sandi Anda'

2023-03-13 15:33:30 - [TEST_STEP][PASSED] - hideKeyboard(): Keyboard is hidden

2023-03-13 15:33:31 - [MESSAGE][PASSED] - Keyboard is hidden

2023-03-13 15:33:31 - [TEST_STEP][PASSED] - tap(findTestObject("Production/Home - Login/Button - Masuk"), 0): Tapped on element 'Object Repository/Production/Home - Login/Button - Masuk'

2023-03-13 15:33:31 - [MESSAGE][WARNING] - Timeout '0' is invalid. Using default page load timeout: '30'

2023-03-13 15:33:32 - [MESSAGE][PASSED] - Tapped on element 'Object Repository/Production/Home - Login/Button - Masuk'

2023-03-13 15:33:32 - [TEST_STEP][PASSED] - delay(5, STOP_ON_FAILURE): Delayed 5 second(s)

2023-03-13 15:33:37 - [MESSAGE][PASSED] - Delayed 5 second(s)

2023-03-13 15:33:37 - [TEST_STEP][PASSED] - waitForElementPresent(findTestObject("Production/Home - Login/Error - Nomor handphone Anda belum terdaftar"), 3): Element 'Object Repository/Production/Home - Login/Error - Nomor handphone Anda belum terdaftar' is present

2023-03-13 15:33:38 - [MESSAGE][PASSED] - Element 'Object Repository/Production/Home - Login/Error - Nomor handphone Anda belum terdaftar' is present

2023-03-13 15:33:38 - [TEST_STEP][PASSED] - delay(5, STOP_ON_FAILURE): Delayed 5 second(s)

2023-03-13 15:33:43 - [MESSAGE][PASSED] - Delayed 5 second(s)

2023-03-13 15:33:43 - [TEST_STEP][PASSED] - closeApplication(): Close app successfully

2023-03-13 15:33:44 - [MESSAGE][PASSED] - Close app successfully

2023-03-13 15:33:44 - [TEST_STEP][PASSED] - Start listener action : sampleAfterTestCase: null

2023-03-13 15:33:44 - [TEST_STEP][PASSED] - println(testCaseContext.getTestCaseId()): null

2023-03-13 15:33:44 - [TEST_STEP][PASSED] - println(testCaseContext.getTestCaseStatus()): null]]></system-out>
         <system-err><![CDATA[]]></system-err>
      </testcase>
      <system-out><![CDATA[2023-03-13 15:32:05 - [TEST_SUITE][PASSED] - Login Production: Test Cases/Production/Login KFCKU Apps/Login Failed - Phone Number Not Registered]]></system-out>
      <system-err><![CDATA[]]></system-err>
   </testsuite>
</testsuites>
